14:56 bilby INFO    : Waveform generator initiated with
  frequency_domain_source_model: bilby.gw.source.lal_binary_black_hole_individual_modes
  time_domain_source_model: None
  parameter_conversion: bilby.gw.conversion.convert_to_lal_binary_black_hole_parameters
/scratch2/ligo.org/pratyusava.baral/dispersion/dispersion_env/src/bilby-x-g/bilby/gw/detector/interferometer.py:483: RuntimeWarning: divide by zero encountered in scalar power
  lambda_A = h * np.abs(A) ** (1/(a-2))
14:56 bilby INFO    : No prior given, using default BNS priors in /scratch2/ligo.org/pratyusava.baral/dispersion/dispersion_env/src/bilby-x-g/bilby/gw/prior_files/aligned_spins_bns_tides_on.prior.
14:56 bilby INFO    : Waveform generator initiated with
  frequency_domain_source_model: bilby.gw.source.lal_binary_black_hole_relative_binning_individual_modes
  time_domain_source_model: None
  parameter_conversion: bilby.gw.conversion.convert_to_lal_binary_neutron_star_parameters
14:56 bilby INFO    : Initial fiducial waveforms set up
14:56 bilby INFO    : Summary Data Obtained
14:56 bilby INFO    : Fiducial likelihood: 269316.37
14:56 bilby INFO    : Running for label 'None', output will be saved to 'results/12'
14:56 bilby INFO    : Performing redundancy check using BBHPriorDict(self).test_redundancy
14:56 bilby INFO    : Performing redundancy check using BBHPriorDict(self).test_redundancy
14:56 bilby INFO    : Performing redundancy check using BBHPriorDict(self).test_redundancy
14:56 bilby INFO    : Performing redundancy check using BBHPriorDict(self).test_redundancy
14:56 bilby INFO    : Performing redundancy check using BBHPriorDict(self).test_redundancy
14:56 bilby INFO    : Performing redundancy check using BBHPriorDict(self).test_redundancy
14:56 bilby INFO    : Performing redundancy check using BBHPriorDict(self).test_redundancy
14:56 bilby INFO    : Performing redundancy check using BBHPriorDict(self).test_redundancy
14:56 bilby INFO    : Performing redundancy check using BBHPriorDict(self).test_redundancy
14:56 bilby INFO    : Performing redundancy check using BBHPriorDict(self).test_redundancy
14:56 bilby INFO    : Performing redundancy check using BBHPriorDict(self).test_redundancy
14:56 bilby INFO    : Performing redundancy check using BBHPriorDict(self).test_redundancy
14:56 bilby INFO    : Performing redundancy check using BBHPriorDict(self).test_redundancy
14:56 bilby INFO    : Performing redundancy check using BBHPriorDict(self).test_redundancy
14:56 bilby INFO    : Using lal version 7.7.0
14:56 bilby INFO    : Using lal git version Branch: None;Tag: lalsuite-v7.26.1;Id: c90e1175f5e238741185744a4e516e58d42a9aec;;Builder: Unknown User <>;Repository status: CLEAN: All modifications committed
14:56 bilby INFO    : Using lalsimulation version 6.2.0
14:56 bilby INFO    : Using lalsimulation git version Branch: None;Tag: lalsuite-v7.26.1;Id: c90e1175f5e238741185744a4e516e58d42a9aec;;Builder: Unknown User <>;Repository status: CLEAN: All modifications committed
14:56 bilby INFO    : Analysis priors:
14:56 bilby INFO    : mass_ratio=Uniform(minimum=0.600474257249509, maximum=1, name='mass_ratio', latex_label='$q$', unit=None, boundary=None)
14:56 bilby INFO    : chirp_mass=Uniform(minimum=36.1997371015456, maximum=36.2597371015456, name='chirp_mass', latex_label='$\\mathcal{M}$', unit=None, boundary=None)
14:56 bilby INFO    : luminosity_distance=Uniform(minimum=1183.8520756884839, maximum=1273.8520756884839, name='luminosity_distance', latex_label='$d_L$', unit=None, boundary=None)
14:56 bilby INFO    : dec=Cosine(minimum=-1.5707963267948966, maximum=1.5707963267948966, name='dec', latex_label='$\\mathrm{DEC}$', unit=None, boundary=None)
14:56 bilby INFO    : ra=Uniform(minimum=0, maximum=6.283185307179586, name='ra', latex_label='$\\mathrm{RA}$', unit=None, boundary='periodic')
14:56 bilby INFO    : theta_jn=Sine(minimum=0, maximum=3.141592653589793, name='theta_jn', latex_label='$\\theta_{JN}$', unit=None, boundary=None)
14:56 bilby INFO    : psi=Uniform(minimum=0, maximum=3.141592653589793, name='psi', latex_label='$\\psi$', unit=None, boundary='periodic')
14:56 bilby INFO    : phase=Uniform(minimum=0, maximum=6.283185307179586, name='phase', latex_label='$\\phi$', unit=None, boundary='periodic')
14:56 bilby INFO    : chi_1=bilby.gw.prior.AlignedSpin(a_prior=Uniform(minimum=0, maximum=0.99, name=None, latex_label=None, unit=None, boundary=None), z_prior=Uniform(minimum=-1, maximum=1, name=None, latex_label=None, unit=None, boundary=None), name='chi_1', latex_label='$\\chi_1$', unit=None, boundary=None, minimum=-0.99, maximum=0.99)
14:56 bilby INFO    : chi_2=bilby.gw.prior.AlignedSpin(a_prior=Uniform(minimum=0, maximum=0.99, name=None, latex_label=None, unit=None, boundary=None), z_prior=Uniform(minimum=-1, maximum=1, name=None, latex_label=None, unit=None, boundary=None), name='chi_2', latex_label='$\\chi_2$', unit=None, boundary=None, minimum=-0.99, maximum=0.99)
14:56 bilby INFO    : A=Uniform(minimum=-1, maximum=1, name='A', latex_label='A', unit=None, boundary=None)
14:56 bilby INFO    : CE_time=Uniform(minimum=1935474321.671838, maximum=1935474321.691838, name='CE_time', latex_label='$t_{CE}$', unit='$s$', boundary=None)
14:56 bilby INFO    : a=0
14:56 bilby INFO    : fiducial=0
14:56 bilby INFO    : Analysis likelihood class: <class 'bilby.gw.likelihood.relative.RelativeBinningGravitationalWaveTransientNextGenerationModebyMode'>
14:56 bilby INFO    : Analysis likelihood noise evidence: -269316.3727554389
14:56 bilby INFO    : Single likelihood evaluation took 6.864e-02 s
14:56 bilby INFO    : Using sampler Dynesty with kwargs {'nlive': 500, 'bound': 'live', 'sample': 'acceptance-walk', 'periodic': None, 'reflective': None, 'update_interval': 600, 'first_update': None, 'npdim': None, 'rstate': None, 'queue_size': 16, 'pool': None, 'use_pool': None, 'live_points': None, 'logl_args': None, 'logl_kwargs': None, 'ptform_args': None, 'ptform_kwargs': None, 'gradient': None, 'grad_args': None, 'grad_kwargs': None, 'compute_jac': False, 'enlarge': None, 'bootstrap': None, 'walks': 100, 'facc': 0.2, 'slices': None, 'fmove': 0.9, 'max_move': 100, 'update_func': None, 'ncdim': None, 'blob': False, 'save_history': False, 'history_filename': None, 'maxiter': None, 'maxcall': None, 'dlogz': 0.01, 'logl_max': inf, 'n_effective': None, 'add_live': True, 'print_progress': True, 'print_func': <bound method Dynesty._print_func of <bilby.core.sampler.dynesty.Dynesty object at 0x1493ef175690>>, 'save_bounds': False, 'checkpoint_file': None, 'checkpoint_every': 60, 'resume': False, 'seed': None}
14:56 bilby INFO    : Checkpoint every check_point_delta_t = 600s
14:56 bilby INFO    : Using dynesty version 2.1.5
14:56 bilby INFO    : Using the bilby-implemented acceptance-walk sampling with an average of 16.0 accepted steps per MCMC and maximum length 5000
14:56 bilby INFO    : Setting up multiproccesing pool with 16 processes
14:56 bilby INFO    : Resume file results/12/None_resume.pickle does not exist.
14:56 bilby INFO    : Generating initial points from the prior
15:07 bilby INFO    : Written checkpoint file results/12/None_resume.pickle
/ligo/home/ligo.org/pratyusava.baral/dispersion/dispersion_env/lib64/python3.11/site-packages/dynesty/plotting.py:786: UserWarning: Attempting to set identical low and high ylims makes transformation singular; automatically expanding.
  ax.set_ylim([0., max(y0) * 1.05])
15:07 bilby WARNING : Too many bins for data range. Cannot create 500 finite-sized bins.
15:07 bilby WARNING : Failed to create dynesty state plot at checkpoint
/ligo/home/ligo.org/pratyusava.baral/dispersion/dispersion_env/lib64/python3.11/site-packages/dynesty/plotting.py:786: UserWarning: Attempting to set identical low and high ylims makes transformation singular; automatically expanding.
  ax.set_ylim([0., max(y0) * 1.05])
/ligo/home/ligo.org/pratyusava.baral/dispersion/dispersion_env/lib64/python3.11/site-packages/dynesty/plotting.py:252: RuntimeWarning: overflow encountered in exp
  np.exp(logwt), logz if logplot else np.exp(logz)
/ligo/home/ligo.org/pratyusava.baral/dispersion/dispersion_env/lib64/python3.11/site-packages/dynesty/plotting.py:282: RuntimeWarning: overflow encountered in exp
  zspan = (0., 1.05 * np.exp(logz[-1] + 3. * logzerr[-1]))
15:07 bilby WARNING : Axis limits cannot be NaN or Inf
15:07 bilby WARNING : Failed to create dynesty run plot at checkpoint
15:17 bilby INFO    : Written checkpoint file results/12/None_resume.pickle
/ligo/home/ligo.org/pratyusava.baral/dispersion/dispersion_env/lib64/python3.11/site-packages/dynesty/plotting.py:786: UserWarning: Attempting to set identical low and high ylims makes transformation singular; automatically expanding.
  ax.set_ylim([0., max(y0) * 1.05])
15:17 bilby WARNING : Too many bins for data range. Cannot create 500 finite-sized bins.
15:17 bilby WARNING : Failed to create dynesty state plot at checkpoint
/ligo/home/ligo.org/pratyusava.baral/dispersion/dispersion_env/lib64/python3.11/site-packages/dynesty/plotting.py:786: UserWarning: Attempting to set identical low and high ylims makes transformation singular; automatically expanding.
  ax.set_ylim([0., max(y0) * 1.05])
/ligo/home/ligo.org/pratyusava.baral/dispersion/dispersion_env/lib64/python3.11/site-packages/dynesty/plotting.py:252: RuntimeWarning: overflow encountered in exp
  np.exp(logwt), logz if logplot else np.exp(logz)
/ligo/home/ligo.org/pratyusava.baral/dispersion/dispersion_env/lib64/python3.11/site-packages/dynesty/plotting.py:282: RuntimeWarning: overflow encountered in exp
  zspan = (0., 1.05 * np.exp(logz[-1] + 3. * logzerr[-1]))
15:17 bilby WARNING : Axis limits cannot be NaN or Inf
15:17 bilby WARNING : Failed to create dynesty run plot at checkpoint
15:27 bilby INFO    : Written checkpoint file results/12/None_resume.pickle
15:27 bilby WARNING : The data appears to lie in a lower-dimensional subspace of the space in which it is expressed. This has resulted in a singular data covariance matrix, which cannot be treated using the algorithms implemented in `gaussian_kde`. Consider performing principle component analysis / dimensionality reduction and using `gaussian_kde` with the transformed data.
15:27 bilby WARNING : Failed to create dynesty state plot at checkpoint
15:27 bilby WARNING : The data appears to lie in a lower-dimensional subspace of the space in which it is expressed. This has resulted in a singular data covariance matrix, which cannot be treated using the algorithms implemented in `gaussian_kde`. Consider performing principle component analysis / dimensionality reduction and using `gaussian_kde` with the transformed data.
15:27 bilby WARNING : Failed to create dynesty unit state plot at checkpoint
/ligo/home/ligo.org/pratyusava.baral/dispersion/dispersion_env/lib64/python3.11/site-packages/dynesty/plotting.py:252: RuntimeWarning: overflow encountered in exp
  np.exp(logwt), logz if logplot else np.exp(logz)
15:27 bilby WARNING : The data appears to lie in a lower-dimensional subspace of the space in which it is expressed. This has resulted in a singular data covariance matrix, which cannot be treated using the algorithms implemented in `gaussian_kde`. Consider performing principle component analysis / dimensionality reduction and using `gaussian_kde` with the transformed data.
15:27 bilby WARNING : Failed to create dynesty run plot at checkpoint
15:38 bilby INFO    : Written checkpoint file results/12/None_resume.pickle
/ligo/home/ligo.org/pratyusava.baral/dispersion/dispersion_env/lib64/python3.11/site-packages/dynesty/plotting.py:786: UserWarning: Attempting to set identical low and high ylims makes transformation singular; automatically expanding.
  ax.set_ylim([0., max(y0) * 1.05])
15:38 bilby WARNING : Too many bins for data range. Cannot create 500 finite-sized bins.
15:38 bilby WARNING : Failed to create dynesty state plot at checkpoint
/ligo/home/ligo.org/pratyusava.baral/dispersion/dispersion_env/lib64/python3.11/site-packages/dynesty/plotting.py:786: UserWarning: Attempting to set identical low and high ylims makes transformation singular; automatically expanding.
  ax.set_ylim([0., max(y0) * 1.05])
/ligo/home/ligo.org/pratyusava.baral/dispersion/dispersion_env/lib64/python3.11/site-packages/dynesty/plotting.py:252: RuntimeWarning: overflow encountered in exp
  np.exp(logwt), logz if logplot else np.exp(logz)
/ligo/home/ligo.org/pratyusava.baral/dispersion/dispersion_env/lib64/python3.11/site-packages/dynesty/plotting.py:282: RuntimeWarning: overflow encountered in exp
  zspan = (0., 1.05 * np.exp(logz[-1] + 3. * logzerr[-1]))
15:38 bilby WARNING : Axis limits cannot be NaN or Inf
15:38 bilby WARNING : Failed to create dynesty run plot at checkpoint
15:48 bilby INFO    : Written checkpoint file results/12/None_resume.pickle
/ligo/home/ligo.org/pratyusava.baral/dispersion/dispersion_env/lib64/python3.11/site-packages/dynesty/plotting.py:786: UserWarning: Attempting to set identical low and high ylims makes transformation singular; automatically expanding.
  ax.set_ylim([0., max(y0) * 1.05])
/ligo/home/ligo.org/pratyusava.baral/dispersion/dispersion_env/lib64/python3.11/site-packages/dynesty/plotting.py:749: UserWarning: Attempting to set identical low and high xlims makes transformation singular; automatically expanding.
  ax.set_xlim(span[i])
/ligo/home/ligo.org/pratyusava.baral/dispersion/dispersion_env/lib64/python3.11/site-packages/dynesty/plotting.py:786: UserWarning: Attempting to set identical low and high ylims makes transformation singular; automatically expanding.
  ax.set_ylim([0., max(y0) * 1.05])
/ligo/home/ligo.org/pratyusava.baral/dispersion/dispersion_env/lib64/python3.11/site-packages/dynesty/plotting.py:252: RuntimeWarning: overflow encountered in exp
  np.exp(logwt), logz if logplot else np.exp(logz)
/ligo/home/ligo.org/pratyusava.baral/dispersion/dispersion_env/lib64/python3.11/site-packages/dynesty/plotting.py:282: RuntimeWarning: overflow encountered in exp
  zspan = (0., 1.05 * np.exp(logz[-1] + 3. * logzerr[-1]))
15:48 bilby WARNING : Axis limits cannot be NaN or Inf
15:48 bilby WARNING : Failed to create dynesty run plot at checkpoint
15:58 bilby INFO    : Written checkpoint file results/12/None_resume.pickle
/ligo/home/ligo.org/pratyusava.baral/dispersion/dispersion_env/lib64/python3.11/site-packages/dynesty/plotting.py:786: UserWarning: Attempting to set identical low and high ylims makes transformation singular; automatically expanding.
  ax.set_ylim([0., max(y0) * 1.05])
15:58 bilby WARNING : Too many bins for data range. Cannot create 500 finite-sized bins.
15:58 bilby WARNING : Failed to create dynesty state plot at checkpoint
/ligo/home/ligo.org/pratyusava.baral/dispersion/dispersion_env/lib64/python3.11/site-packages/dynesty/plotting.py:786: UserWarning: Attempting to set identical low and high ylims makes transformation singular; automatically expanding.
  ax.set_ylim([0., max(y0) * 1.05])
/ligo/home/ligo.org/pratyusava.baral/dispersion/dispersion_env/lib64/python3.11/site-packages/dynesty/plotting.py:252: RuntimeWarning: overflow encountered in exp
  np.exp(logwt), logz if logplot else np.exp(logz)
/ligo/home/ligo.org/pratyusava.baral/dispersion/dispersion_env/lib64/python3.11/site-packages/dynesty/plotting.py:282: RuntimeWarning: overflow encountered in exp
  zspan = (0., 1.05 * np.exp(logz[-1] + 3. * logzerr[-1]))
15:58 bilby WARNING : Axis limits cannot be NaN or Inf
15:58 bilby WARNING : Failed to create dynesty run plot at checkpoint
16:08 bilby INFO    : Written checkpoint file results/12/None_resume.pickle
16:08 bilby WARNING : The data appears to lie in a lower-dimensional subspace of the space in which it is expressed. This has resulted in a singular data covariance matrix, which cannot be treated using the algorithms implemented in `gaussian_kde`. Consider performing principle component analysis / dimensionality reduction and using `gaussian_kde` with the transformed data.
16:08 bilby WARNING : Failed to create dynesty state plot at checkpoint
16:08 bilby WARNING : The data appears to lie in a lower-dimensional subspace of the space in which it is expressed. This has resulted in a singular data covariance matrix, which cannot be treated using the algorithms implemented in `gaussian_kde`. Consider performing principle component analysis / dimensionality reduction and using `gaussian_kde` with the transformed data.
16:08 bilby WARNING : Failed to create dynesty unit state plot at checkpoint
/ligo/home/ligo.org/pratyusava.baral/dispersion/dispersion_env/lib64/python3.11/site-packages/dynesty/plotting.py:252: RuntimeWarning: overflow encountered in exp
  np.exp(logwt), logz if logplot else np.exp(logz)
16:08 bilby WARNING : The data appears to lie in a lower-dimensional subspace of the space in which it is expressed. This has resulted in a singular data covariance matrix, which cannot be treated using the algorithms implemented in `gaussian_kde`. Consider performing principle component analysis / dimensionality reduction and using `gaussian_kde` with the transformed data.
16:08 bilby WARNING : Failed to create dynesty run plot at checkpoint
16:19 bilby INFO    : Written checkpoint file results/12/None_resume.pickle
/ligo/home/ligo.org/pratyusava.baral/dispersion/dispersion_env/lib64/python3.11/site-packages/dynesty/plotting.py:786: UserWarning: Attempting to set identical low and high ylims makes transformation singular; automatically expanding.
  ax.set_ylim([0., max(y0) * 1.05])
16:19 bilby WARNING : Too many bins for data range. Cannot create 500 finite-sized bins.
16:19 bilby WARNING : Failed to create dynesty state plot at checkpoint
/ligo/home/ligo.org/pratyusava.baral/dispersion/dispersion_env/lib64/python3.11/site-packages/dynesty/plotting.py:786: UserWarning: Attempting to set identical low and high ylims makes transformation singular; automatically expanding.
  ax.set_ylim([0., max(y0) * 1.05])
/ligo/home/ligo.org/pratyusava.baral/dispersion/dispersion_env/lib64/python3.11/site-packages/dynesty/plotting.py:252: RuntimeWarning: overflow encountered in exp
  np.exp(logwt), logz if logplot else np.exp(logz)
/ligo/home/ligo.org/pratyusava.baral/dispersion/dispersion_env/lib64/python3.11/site-packages/dynesty/plotting.py:282: RuntimeWarning: overflow encountered in exp
  zspan = (0., 1.05 * np.exp(logz[-1] + 3. * logzerr[-1]))
16:19 bilby WARNING : Axis limits cannot be NaN or Inf
16:19 bilby WARNING : Failed to create dynesty run plot at checkpoint
16:29 bilby INFO    : Written checkpoint file results/12/None_resume.pickle
/ligo/home/ligo.org/pratyusava.baral/dispersion/dispersion_env/lib64/python3.11/site-packages/dynesty/plotting.py:786: UserWarning: Attempting to set identical low and high ylims makes transformation singular; automatically expanding.
  ax.set_ylim([0., max(y0) * 1.05])
16:29 bilby WARNING : Too many bins for data range. Cannot create 500 finite-sized bins.
16:29 bilby WARNING : Failed to create dynesty state plot at checkpoint
/ligo/home/ligo.org/pratyusava.baral/dispersion/dispersion_env/lib64/python3.11/site-packages/dynesty/plotting.py:786: UserWarning: Attempting to set identical low and high ylims makes transformation singular; automatically expanding.
  ax.set_ylim([0., max(y0) * 1.05])
/ligo/home/ligo.org/pratyusava.baral/dispersion/dispersion_env/lib64/python3.11/site-packages/dynesty/plotting.py:252: RuntimeWarning: overflow encountered in exp
  np.exp(logwt), logz if logplot else np.exp(logz)
/ligo/home/ligo.org/pratyusava.baral/dispersion/dispersion_env/lib64/python3.11/site-packages/dynesty/plotting.py:282: RuntimeWarning: overflow encountered in exp
  zspan = (0., 1.05 * np.exp(logz[-1] + 3. * logzerr[-1]))
16:29 bilby WARNING : Axis limits cannot be NaN or Inf
16:29 bilby WARNING : Failed to create dynesty run plot at checkpoint
16:39 bilby INFO    : Written checkpoint file results/12/None_resume.pickle
16:39 bilby WARNING : The data appears to lie in a lower-dimensional subspace of the space in which it is expressed. This has resulted in a singular data covariance matrix, which cannot be treated using the algorithms implemented in `gaussian_kde`. Consider performing principle component analysis / dimensionality reduction and using `gaussian_kde` with the transformed data.
16:39 bilby WARNING : Failed to create dynesty state plot at checkpoint
16:39 bilby WARNING : The data appears to lie in a lower-dimensional subspace of the space in which it is expressed. This has resulted in a singular data covariance matrix, which cannot be treated using the algorithms implemented in `gaussian_kde`. Consider performing principle component analysis / dimensionality reduction and using `gaussian_kde` with the transformed data.
16:39 bilby WARNING : Failed to create dynesty unit state plot at checkpoint
/ligo/home/ligo.org/pratyusava.baral/dispersion/dispersion_env/lib64/python3.11/site-packages/dynesty/plotting.py:252: RuntimeWarning: overflow encountered in exp
  np.exp(logwt), logz if logplot else np.exp(logz)
16:39 bilby WARNING : The data appears to lie in a lower-dimensional subspace of the space in which it is expressed. This has resulted in a singular data covariance matrix, which cannot be treated using the algorithms implemented in `gaussian_kde`. Consider performing principle component analysis / dimensionality reduction and using `gaussian_kde` with the transformed data.
16:39 bilby WARNING : Failed to create dynesty run plot at checkpoint
16:49 bilby INFO    : Written checkpoint file results/12/None_resume.pickle
/ligo/home/ligo.org/pratyusava.baral/dispersion/dispersion_env/lib64/python3.11/site-packages/dynesty/plotting.py:786: UserWarning: Attempting to set identical low and high ylims makes transformation singular; automatically expanding.
  ax.set_ylim([0., max(y0) * 1.05])
16:49 bilby WARNING : Too many bins for data range. Cannot create 500 finite-sized bins.
16:49 bilby WARNING : Failed to create dynesty state plot at checkpoint
/ligo/home/ligo.org/pratyusava.baral/dispersion/dispersion_env/lib64/python3.11/site-packages/dynesty/plotting.py:786: UserWarning: Attempting to set identical low and high ylims makes transformation singular; automatically expanding.
  ax.set_ylim([0., max(y0) * 1.05])
/ligo/home/ligo.org/pratyusava.baral/dispersion/dispersion_env/lib64/python3.11/site-packages/dynesty/plotting.py:252: RuntimeWarning: overflow encountered in exp
  np.exp(logwt), logz if logplot else np.exp(logz)
/ligo/home/ligo.org/pratyusava.baral/dispersion/dispersion_env/lib64/python3.11/site-packages/dynesty/plotting.py:282: RuntimeWarning: overflow encountered in exp
  zspan = (0., 1.05 * np.exp(logz[-1] + 3. * logzerr[-1]))
16:49 bilby WARNING : Axis limits cannot be NaN or Inf
16:49 bilby WARNING : Failed to create dynesty run plot at checkpoint
16:59 bilby INFO    : Written checkpoint file results/12/None_resume.pickle
/ligo/home/ligo.org/pratyusava.baral/dispersion/dispersion_env/lib64/python3.11/site-packages/dynesty/plotting.py:786: UserWarning: Attempting to set identical low and high ylims makes transformation singular; automatically expanding.
  ax.set_ylim([0., max(y0) * 1.05])
16:59 bilby WARNING : Too many bins for data range. Cannot create 500 finite-sized bins.
16:59 bilby WARNING : Failed to create dynesty state plot at checkpoint
/ligo/home/ligo.org/pratyusava.baral/dispersion/dispersion_env/lib64/python3.11/site-packages/dynesty/plotting.py:786: UserWarning: Attempting to set identical low and high ylims makes transformation singular; automatically expanding.
  ax.set_ylim([0., max(y0) * 1.05])
/ligo/home/ligo.org/pratyusava.baral/dispersion/dispersion_env/lib64/python3.11/site-packages/dynesty/plotting.py:252: RuntimeWarning: overflow encountered in exp
  np.exp(logwt), logz if logplot else np.exp(logz)
/ligo/home/ligo.org/pratyusava.baral/dispersion/dispersion_env/lib64/python3.11/site-packages/dynesty/plotting.py:282: RuntimeWarning: overflow encountered in exp
  zspan = (0., 1.05 * np.exp(logz[-1] + 3. * logzerr[-1]))
16:59 bilby WARNING : Axis limits cannot be NaN or Inf
16:59 bilby WARNING : Failed to create dynesty run plot at checkpoint
17:10 bilby INFO    : Written checkpoint file results/12/None_resume.pickle
/ligo/home/ligo.org/pratyusava.baral/dispersion/dispersion_env/lib64/python3.11/site-packages/dynesty/plotting.py:786: UserWarning: Attempting to set identical low and high ylims makes transformation singular; automatically expanding.
  ax.set_ylim([0., max(y0) * 1.05])
17:10 bilby WARNING : Too many bins for data range. Cannot create 500 finite-sized bins.
17:10 bilby WARNING : Failed to create dynesty state plot at checkpoint
/ligo/home/ligo.org/pratyusava.baral/dispersion/dispersion_env/lib64/python3.11/site-packages/dynesty/plotting.py:786: UserWarning: Attempting to set identical low and high ylims makes transformation singular; automatically expanding.
  ax.set_ylim([0., max(y0) * 1.05])
/ligo/home/ligo.org/pratyusava.baral/dispersion/dispersion_env/lib64/python3.11/site-packages/dynesty/plotting.py:252: RuntimeWarning: overflow encountered in exp
  np.exp(logwt), logz if logplot else np.exp(logz)
/ligo/home/ligo.org/pratyusava.baral/dispersion/dispersion_env/lib64/python3.11/site-packages/dynesty/plotting.py:282: RuntimeWarning: overflow encountered in exp
  zspan = (0., 1.05 * np.exp(logz[-1] + 3. * logzerr[-1]))
17:10 bilby WARNING : Axis limits cannot be NaN or Inf
17:10 bilby WARNING : Failed to create dynesty run plot at checkpoint
17:20 bilby INFO    : Written checkpoint file results/12/None_resume.pickle
/ligo/home/ligo.org/pratyusava.baral/dispersion/dispersion_env/lib64/python3.11/site-packages/dynesty/plotting.py:786: UserWarning: Attempting to set identical low and high ylims makes transformation singular; automatically expanding.
  ax.set_ylim([0., max(y0) * 1.05])
/ligo/home/ligo.org/pratyusava.baral/dispersion/dispersion_env/lib64/python3.11/site-packages/dynesty/plotting.py:749: UserWarning: Attempting to set identical low and high xlims makes transformation singular; automatically expanding.
  ax.set_xlim(span[i])
/ligo/home/ligo.org/pratyusava.baral/dispersion/dispersion_env/lib64/python3.11/site-packages/dynesty/plotting.py:786: UserWarning: Attempting to set identical low and high ylims makes transformation singular; automatically expanding.
  ax.set_ylim([0., max(y0) * 1.05])
/ligo/home/ligo.org/pratyusava.baral/dispersion/dispersion_env/lib64/python3.11/site-packages/dynesty/plotting.py:252: RuntimeWarning: overflow encountered in exp
  np.exp(logwt), logz if logplot else np.exp(logz)
/ligo/home/ligo.org/pratyusava.baral/dispersion/dispersion_env/lib64/python3.11/site-packages/dynesty/plotting.py:282: RuntimeWarning: overflow encountered in exp
  zspan = (0., 1.05 * np.exp(logz[-1] + 3. * logzerr[-1]))
17:20 bilby WARNING : Axis limits cannot be NaN or Inf
17:20 bilby WARNING : Failed to create dynesty run plot at checkpoint
17:30 bilby INFO    : Written checkpoint file results/12/None_resume.pickle
/ligo/home/ligo.org/pratyusava.baral/dispersion/dispersion_env/lib64/python3.11/site-packages/dynesty/plotting.py:786: UserWarning: Attempting to set identical low and high ylims makes transformation singular; automatically expanding.
  ax.set_ylim([0., max(y0) * 1.05])
17:30 bilby WARNING : Too many bins for data range. Cannot create 500 finite-sized bins.
17:30 bilby WARNING : Failed to create dynesty state plot at checkpoint
/ligo/home/ligo.org/pratyusava.baral/dispersion/dispersion_env/lib64/python3.11/site-packages/dynesty/plotting.py:786: UserWarning: Attempting to set identical low and high ylims makes transformation singular; automatically expanding.
  ax.set_ylim([0., max(y0) * 1.05])
/ligo/home/ligo.org/pratyusava.baral/dispersion/dispersion_env/lib64/python3.11/site-packages/dynesty/plotting.py:252: RuntimeWarning: overflow encountered in exp
  np.exp(logwt), logz if logplot else np.exp(logz)
/ligo/home/ligo.org/pratyusava.baral/dispersion/dispersion_env/lib64/python3.11/site-packages/dynesty/plotting.py:282: RuntimeWarning: overflow encountered in exp
  zspan = (0., 1.05 * np.exp(logz[-1] + 3. * logzerr[-1]))
17:30 bilby WARNING : Axis limits cannot be NaN or Inf
17:30 bilby WARNING : Failed to create dynesty run plot at checkpoint
17:40 bilby INFO    : Written checkpoint file results/12/None_resume.pickle
/ligo/home/ligo.org/pratyusava.baral/dispersion/dispersion_env/lib64/python3.11/site-packages/dynesty/plotting.py:786: UserWarning: Attempting to set identical low and high ylims makes transformation singular; automatically expanding.
  ax.set_ylim([0., max(y0) * 1.05])
17:40 bilby WARNING : Too many bins for data range. Cannot create 500 finite-sized bins.
17:40 bilby WARNING : Failed to create dynesty state plot at checkpoint
/ligo/home/ligo.org/pratyusava.baral/dispersion/dispersion_env/lib64/python3.11/site-packages/dynesty/plotting.py:786: UserWarning: Attempting to set identical low and high ylims makes transformation singular; automatically expanding.
  ax.set_ylim([0., max(y0) * 1.05])
/ligo/home/ligo.org/pratyusava.baral/dispersion/dispersion_env/lib64/python3.11/site-packages/dynesty/plotting.py:252: RuntimeWarning: overflow encountered in exp
  np.exp(logwt), logz if logplot else np.exp(logz)
/ligo/home/ligo.org/pratyusava.baral/dispersion/dispersion_env/lib64/python3.11/site-packages/dynesty/plotting.py:282: RuntimeWarning: overflow encountered in exp
  zspan = (0., 1.05 * np.exp(logz[-1] + 3. * logzerr[-1]))
17:40 bilby WARNING : Axis limits cannot be NaN or Inf
17:40 bilby WARNING : Failed to create dynesty run plot at checkpoint
17:50 bilby INFO    : Written checkpoint file results/12/None_resume.pickle
/ligo/home/ligo.org/pratyusava.baral/dispersion/dispersion_env/lib64/python3.11/site-packages/dynesty/plotting.py:786: UserWarning: Attempting to set identical low and high ylims makes transformation singular; automatically expanding.
  ax.set_ylim([0., max(y0) * 1.05])
17:50 bilby WARNING : Too many bins for data range. Cannot create 500 finite-sized bins.
17:50 bilby WARNING : Failed to create dynesty state plot at checkpoint
/ligo/home/ligo.org/pratyusava.baral/dispersion/dispersion_env/lib64/python3.11/site-packages/dynesty/plotting.py:786: UserWarning: Attempting to set identical low and high ylims makes transformation singular; automatically expanding.
  ax.set_ylim([0., max(y0) * 1.05])
/ligo/home/ligo.org/pratyusava.baral/dispersion/dispersion_env/lib64/python3.11/site-packages/dynesty/plotting.py:252: RuntimeWarning: overflow encountered in exp
  np.exp(logwt), logz if logplot else np.exp(logz)
/ligo/home/ligo.org/pratyusava.baral/dispersion/dispersion_env/lib64/python3.11/site-packages/dynesty/plotting.py:282: RuntimeWarning: overflow encountered in exp
  zspan = (0., 1.05 * np.exp(logz[-1] + 3. * logzerr[-1]))
17:50 bilby WARNING : Axis limits cannot be NaN or Inf
17:50 bilby WARNING : Failed to create dynesty run plot at checkpoint
18:01 bilby INFO    : Written checkpoint file results/12/None_resume.pickle
/ligo/home/ligo.org/pratyusava.baral/dispersion/dispersion_env/lib64/python3.11/site-packages/dynesty/plotting.py:786: UserWarning: Attempting to set identical low and high ylims makes transformation singular; automatically expanding.
  ax.set_ylim([0., max(y0) * 1.05])
18:01 bilby WARNING : Too many bins for data range. Cannot create 500 finite-sized bins.
18:01 bilby WARNING : Failed to create dynesty state plot at checkpoint
/ligo/home/ligo.org/pratyusava.baral/dispersion/dispersion_env/lib64/python3.11/site-packages/dynesty/plotting.py:786: UserWarning: Attempting to set identical low and high ylims makes transformation singular; automatically expanding.
  ax.set_ylim([0., max(y0) * 1.05])
/ligo/home/ligo.org/pratyusava.baral/dispersion/dispersion_env/lib64/python3.11/site-packages/dynesty/plotting.py:252: RuntimeWarning: overflow encountered in exp
  np.exp(logwt), logz if logplot else np.exp(logz)
/ligo/home/ligo.org/pratyusava.baral/dispersion/dispersion_env/lib64/python3.11/site-packages/dynesty/plotting.py:282: RuntimeWarning: overflow encountered in exp
  zspan = (0., 1.05 * np.exp(logz[-1] + 3. * logzerr[-1]))
18:01 bilby WARNING : Axis limits cannot be NaN or Inf
18:01 bilby WARNING : Failed to create dynesty run plot at checkpoint
18:11 bilby INFO    : Written checkpoint file results/12/None_resume.pickle
18:11 bilby WARNING : The data appears to lie in a lower-dimensional subspace of the space in which it is expressed. This has resulted in a singular data covariance matrix, which cannot be treated using the algorithms implemented in `gaussian_kde`. Consider performing principle component analysis / dimensionality reduction and using `gaussian_kde` with the transformed data.
18:11 bilby WARNING : Failed to create dynesty state plot at checkpoint
18:11 bilby WARNING : The data appears to lie in a lower-dimensional subspace of the space in which it is expressed. This has resulted in a singular data covariance matrix, which cannot be treated using the algorithms implemented in `gaussian_kde`. Consider performing principle component analysis / dimensionality reduction and using `gaussian_kde` with the transformed data.
18:11 bilby WARNING : Failed to create dynesty unit state plot at checkpoint
/ligo/home/ligo.org/pratyusava.baral/dispersion/dispersion_env/lib64/python3.11/site-packages/dynesty/plotting.py:252: RuntimeWarning: overflow encountered in exp
  np.exp(logwt), logz if logplot else np.exp(logz)
18:11 bilby WARNING : The data appears to lie in a lower-dimensional subspace of the space in which it is expressed. This has resulted in a singular data covariance matrix, which cannot be treated using the algorithms implemented in `gaussian_kde`. Consider performing principle component analysis / dimensionality reduction and using `gaussian_kde` with the transformed data.
18:11 bilby WARNING : Failed to create dynesty run plot at checkpoint
18:21 bilby INFO    : Written checkpoint file results/12/None_resume.pickle
/ligo/home/ligo.org/pratyusava.baral/dispersion/dispersion_env/lib64/python3.11/site-packages/dynesty/plotting.py:786: UserWarning: Attempting to set identical low and high ylims makes transformation singular; automatically expanding.
  ax.set_ylim([0., max(y0) * 1.05])
/ligo/home/ligo.org/pratyusava.baral/dispersion/dispersion_env/lib64/python3.11/site-packages/dynesty/plotting.py:749: UserWarning: Attempting to set identical low and high xlims makes transformation singular; automatically expanding.
  ax.set_xlim(span[i])
/ligo/home/ligo.org/pratyusava.baral/dispersion/dispersion_env/lib64/python3.11/site-packages/dynesty/plotting.py:786: UserWarning: Attempting to set identical low and high ylims makes transformation singular; automatically expanding.
  ax.set_ylim([0., max(y0) * 1.05])
/ligo/home/ligo.org/pratyusava.baral/dispersion/dispersion_env/lib64/python3.11/site-packages/dynesty/plotting.py:252: RuntimeWarning: overflow encountered in exp
  np.exp(logwt), logz if logplot else np.exp(logz)
/ligo/home/ligo.org/pratyusava.baral/dispersion/dispersion_env/lib64/python3.11/site-packages/dynesty/plotting.py:282: RuntimeWarning: overflow encountered in exp
  zspan = (0., 1.05 * np.exp(logz[-1] + 3. * logzerr[-1]))
18:21 bilby WARNING : Axis limits cannot be NaN or Inf
18:21 bilby WARNING : Failed to create dynesty run plot at checkpoint
18:31 bilby INFO    : Written checkpoint file results/12/None_resume.pickle
/ligo/home/ligo.org/pratyusava.baral/dispersion/dispersion_env/lib64/python3.11/site-packages/dynesty/plotting.py:786: UserWarning: Attempting to set identical low and high ylims makes transformation singular; automatically expanding.
  ax.set_ylim([0., max(y0) * 1.05])
/ligo/home/ligo.org/pratyusava.baral/dispersion/dispersion_env/lib64/python3.11/site-packages/dynesty/plotting.py:749: UserWarning: Attempting to set identical low and high xlims makes transformation singular; automatically expanding.
  ax.set_xlim(span[i])
/ligo/home/ligo.org/pratyusava.baral/dispersion/dispersion_env/lib64/python3.11/site-packages/dynesty/plotting.py:786: UserWarning: Attempting to set identical low and high ylims makes transformation singular; automatically expanding.
  ax.set_ylim([0., max(y0) * 1.05])
/ligo/home/ligo.org/pratyusava.baral/dispersion/dispersion_env/lib64/python3.11/site-packages/dynesty/plotting.py:252: RuntimeWarning: overflow encountered in exp
  np.exp(logwt), logz if logplot else np.exp(logz)
/ligo/home/ligo.org/pratyusava.baral/dispersion/dispersion_env/lib64/python3.11/site-packages/dynesty/plotting.py:282: RuntimeWarning: overflow encountered in exp
  zspan = (0., 1.05 * np.exp(logz[-1] + 3. * logzerr[-1]))
18:32 bilby WARNING : Axis limits cannot be NaN or Inf
18:32 bilby WARNING : Failed to create dynesty run plot at checkpoint
18:42 bilby INFO    : Written checkpoint file results/12/None_resume.pickle
/ligo/home/ligo.org/pratyusava.baral/dispersion/dispersion_env/lib64/python3.11/site-packages/dynesty/plotting.py:786: UserWarning: Attempting to set identical low and high ylims makes transformation singular; automatically expanding.
  ax.set_ylim([0., max(y0) * 1.05])
18:42 bilby WARNING : Too many bins for data range. Cannot create 500 finite-sized bins.
18:42 bilby WARNING : Failed to create dynesty state plot at checkpoint
/ligo/home/ligo.org/pratyusava.baral/dispersion/dispersion_env/lib64/python3.11/site-packages/dynesty/plotting.py:786: UserWarning: Attempting to set identical low and high ylims makes transformation singular; automatically expanding.
  ax.set_ylim([0., max(y0) * 1.05])
/ligo/home/ligo.org/pratyusava.baral/dispersion/dispersion_env/lib64/python3.11/site-packages/dynesty/plotting.py:252: RuntimeWarning: overflow encountered in exp
  np.exp(logwt), logz if logplot else np.exp(logz)
/ligo/home/ligo.org/pratyusava.baral/dispersion/dispersion_env/lib64/python3.11/site-packages/dynesty/plotting.py:282: RuntimeWarning: overflow encountered in exp
  zspan = (0., 1.05 * np.exp(logz[-1] + 3. * logzerr[-1]))
18:42 bilby WARNING : Axis limits cannot be NaN or Inf
18:42 bilby WARNING : Failed to create dynesty run plot at checkpoint
18:52 bilby INFO    : Written checkpoint file results/12/None_resume.pickle
/ligo/home/ligo.org/pratyusava.baral/dispersion/dispersion_env/lib64/python3.11/site-packages/dynesty/plotting.py:786: UserWarning: Attempting to set identical low and high ylims makes transformation singular; automatically expanding.
  ax.set_ylim([0., max(y0) * 1.05])
18:52 bilby WARNING : Too many bins for data range. Cannot create 500 finite-sized bins.
18:52 bilby WARNING : Failed to create dynesty state plot at checkpoint
/ligo/home/ligo.org/pratyusava.baral/dispersion/dispersion_env/lib64/python3.11/site-packages/dynesty/plotting.py:786: UserWarning: Attempting to set identical low and high ylims makes transformation singular; automatically expanding.
  ax.set_ylim([0., max(y0) * 1.05])
/ligo/home/ligo.org/pratyusava.baral/dispersion/dispersion_env/lib64/python3.11/site-packages/dynesty/plotting.py:252: RuntimeWarning: overflow encountered in exp
  np.exp(logwt), logz if logplot else np.exp(logz)
/ligo/home/ligo.org/pratyusava.baral/dispersion/dispersion_env/lib64/python3.11/site-packages/dynesty/plotting.py:282: RuntimeWarning: overflow encountered in exp
  zspan = (0., 1.05 * np.exp(logz[-1] + 3. * logzerr[-1]))
18:52 bilby WARNING : Axis limits cannot be NaN or Inf
18:52 bilby WARNING : Failed to create dynesty run plot at checkpoint
19:02 bilby INFO    : Written checkpoint file results/12/None_resume.pickle
/ligo/home/ligo.org/pratyusava.baral/dispersion/dispersion_env/lib64/python3.11/site-packages/dynesty/plotting.py:252: RuntimeWarning: overflow encountered in exp
  np.exp(logwt), logz if logplot else np.exp(logz)
/ligo/home/ligo.org/pratyusava.baral/dispersion/dispersion_env/lib64/python3.11/site-packages/dynesty/plotting.py:282: RuntimeWarning: overflow encountered in exp
  zspan = (0., 1.05 * np.exp(logz[-1] + 3. * logzerr[-1]))
19:02 bilby WARNING : Axis limits cannot be NaN or Inf
19:02 bilby WARNING : Failed to create dynesty run plot at checkpoint
19:13 bilby INFO    : Written checkpoint file results/12/None_resume.pickle
/ligo/home/ligo.org/pratyusava.baral/dispersion/dispersion_env/lib64/python3.11/site-packages/dynesty/plotting.py:786: UserWarning: Attempting to set identical low and high ylims makes transformation singular; automatically expanding.
  ax.set_ylim([0., max(y0) * 1.05])
/ligo/home/ligo.org/pratyusava.baral/dispersion/dispersion_env/lib64/python3.11/site-packages/dynesty/plotting.py:749: UserWarning: Attempting to set identical low and high xlims makes transformation singular; automatically expanding.
  ax.set_xlim(span[i])
/ligo/home/ligo.org/pratyusava.baral/dispersion/dispersion_env/lib64/python3.11/site-packages/dynesty/plotting.py:786: UserWarning: Attempting to set identical low and high ylims makes transformation singular; automatically expanding.
  ax.set_ylim([0., max(y0) * 1.05])
/ligo/home/ligo.org/pratyusava.baral/dispersion/dispersion_env/lib64/python3.11/site-packages/dynesty/plotting.py:252: RuntimeWarning: overflow encountered in exp
  np.exp(logwt), logz if logplot else np.exp(logz)
/ligo/home/ligo.org/pratyusava.baral/dispersion/dispersion_env/lib64/python3.11/site-packages/dynesty/plotting.py:282: RuntimeWarning: overflow encountered in exp
  zspan = (0., 1.05 * np.exp(logz[-1] + 3. * logzerr[-1]))
19:13 bilby WARNING : Axis limits cannot be NaN or Inf
19:13 bilby WARNING : Failed to create dynesty run plot at checkpoint
19:23 bilby INFO    : Written checkpoint file results/12/None_resume.pickle
/ligo/home/ligo.org/pratyusava.baral/dispersion/dispersion_env/lib64/python3.11/site-packages/dynesty/plotting.py:786: UserWarning: Attempting to set identical low and high ylims makes transformation singular; automatically expanding.
  ax.set_ylim([0., max(y0) * 1.05])
/ligo/home/ligo.org/pratyusava.baral/dispersion/dispersion_env/lib64/python3.11/site-packages/dynesty/plotting.py:749: UserWarning: Attempting to set identical low and high xlims makes transformation singular; automatically expanding.
  ax.set_xlim(span[i])
/ligo/home/ligo.org/pratyusava.baral/dispersion/dispersion_env/lib64/python3.11/site-packages/dynesty/plotting.py:786: UserWarning: Attempting to set identical low and high ylims makes transformation singular; automatically expanding.
  ax.set_ylim([0., max(y0) * 1.05])
/ligo/home/ligo.org/pratyusava.baral/dispersion/dispersion_env/lib64/python3.11/site-packages/dynesty/plotting.py:252: RuntimeWarning: overflow encountered in exp
  np.exp(logwt), logz if logplot else np.exp(logz)
/ligo/home/ligo.org/pratyusava.baral/dispersion/dispersion_env/lib64/python3.11/site-packages/dynesty/plotting.py:282: RuntimeWarning: overflow encountered in exp
  zspan = (0., 1.05 * np.exp(logz[-1] + 3. * logzerr[-1]))
19:23 bilby WARNING : Axis limits cannot be NaN or Inf
19:23 bilby WARNING : Failed to create dynesty run plot at checkpoint
19:34 bilby INFO    : Written checkpoint file results/12/None_resume.pickle
/ligo/home/ligo.org/pratyusava.baral/dispersion/dispersion_env/lib64/python3.11/site-packages/dynesty/plotting.py:786: UserWarning: Attempting to set identical low and high ylims makes transformation singular; automatically expanding.
  ax.set_ylim([0., max(y0) * 1.05])
/ligo/home/ligo.org/pratyusava.baral/dispersion/dispersion_env/lib64/python3.11/site-packages/dynesty/plotting.py:749: UserWarning: Attempting to set identical low and high xlims makes transformation singular; automatically expanding.
  ax.set_xlim(span[i])
/ligo/home/ligo.org/pratyusava.baral/dispersion/dispersion_env/lib64/python3.11/site-packages/dynesty/plotting.py:786: UserWarning: Attempting to set identical low and high ylims makes transformation singular; automatically expanding.
  ax.set_ylim([0., max(y0) * 1.05])
/ligo/home/ligo.org/pratyusava.baral/dispersion/dispersion_env/lib64/python3.11/site-packages/dynesty/plotting.py:252: RuntimeWarning: overflow encountered in exp
  np.exp(logwt), logz if logplot else np.exp(logz)
/ligo/home/ligo.org/pratyusava.baral/dispersion/dispersion_env/lib64/python3.11/site-packages/dynesty/plotting.py:282: RuntimeWarning: overflow encountered in exp
  zspan = (0., 1.05 * np.exp(logz[-1] + 3. * logzerr[-1]))
19:34 bilby WARNING : Axis limits cannot be NaN or Inf
19:34 bilby WARNING : Failed to create dynesty run plot at checkpoint
19:44 bilby INFO    : Written checkpoint file results/12/None_resume.pickle
/ligo/home/ligo.org/pratyusava.baral/dispersion/dispersion_env/lib64/python3.11/site-packages/dynesty/plotting.py:786: UserWarning: Attempting to set identical low and high ylims makes transformation singular; automatically expanding.
  ax.set_ylim([0., max(y0) * 1.05])
/ligo/home/ligo.org/pratyusava.baral/dispersion/dispersion_env/lib64/python3.11/site-packages/dynesty/plotting.py:749: UserWarning: Attempting to set identical low and high xlims makes transformation singular; automatically expanding.
  ax.set_xlim(span[i])
/ligo/home/ligo.org/pratyusava.baral/dispersion/dispersion_env/lib64/python3.11/site-packages/dynesty/plotting.py:786: UserWarning: Attempting to set identical low and high ylims makes transformation singular; automatically expanding.
  ax.set_ylim([0., max(y0) * 1.05])
/ligo/home/ligo.org/pratyusava.baral/dispersion/dispersion_env/lib64/python3.11/site-packages/dynesty/plotting.py:252: RuntimeWarning: overflow encountered in exp
  np.exp(logwt), logz if logplot else np.exp(logz)
/ligo/home/ligo.org/pratyusava.baral/dispersion/dispersion_env/lib64/python3.11/site-packages/dynesty/plotting.py:282: RuntimeWarning: overflow encountered in exp
  zspan = (0., 1.05 * np.exp(logz[-1] + 3. * logzerr[-1]))
19:44 bilby WARNING : Axis limits cannot be NaN or Inf
19:44 bilby WARNING : Failed to create dynesty run plot at checkpoint
19:54 bilby INFO    : Written checkpoint file results/12/None_resume.pickle
/ligo/home/ligo.org/pratyusava.baral/dispersion/dispersion_env/lib64/python3.11/site-packages/dynesty/plotting.py:786: UserWarning: Attempting to set identical low and high ylims makes transformation singular; automatically expanding.
  ax.set_ylim([0., max(y0) * 1.05])
19:54 bilby WARNING : Too many bins for data range. Cannot create 500 finite-sized bins.
19:54 bilby WARNING : Failed to create dynesty state plot at checkpoint
/ligo/home/ligo.org/pratyusava.baral/dispersion/dispersion_env/lib64/python3.11/site-packages/dynesty/plotting.py:786: UserWarning: Attempting to set identical low and high ylims makes transformation singular; automatically expanding.
  ax.set_ylim([0., max(y0) * 1.05])
/ligo/home/ligo.org/pratyusava.baral/dispersion/dispersion_env/lib64/python3.11/site-packages/dynesty/plotting.py:252: RuntimeWarning: overflow encountered in exp
  np.exp(logwt), logz if logplot else np.exp(logz)
/ligo/home/ligo.org/pratyusava.baral/dispersion/dispersion_env/lib64/python3.11/site-packages/dynesty/plotting.py:282: RuntimeWarning: overflow encountered in exp
  zspan = (0., 1.05 * np.exp(logz[-1] + 3. * logzerr[-1]))
19:54 bilby WARNING : Axis limits cannot be NaN or Inf
19:54 bilby WARNING : Failed to create dynesty run plot at checkpoint
20:05 bilby INFO    : Written checkpoint file results/12/None_resume.pickle
20:05 bilby WARNING : Too many bins for data range. Cannot create 500 finite-sized bins.
20:05 bilby WARNING : Failed to create dynesty state plot at checkpoint
/ligo/home/ligo.org/pratyusava.baral/dispersion/dispersion_env/lib64/python3.11/site-packages/dynesty/plotting.py:252: RuntimeWarning: overflow encountered in exp
  np.exp(logwt), logz if logplot else np.exp(logz)
/ligo/home/ligo.org/pratyusava.baral/dispersion/dispersion_env/lib64/python3.11/site-packages/dynesty/plotting.py:282: RuntimeWarning: overflow encountered in exp
  zspan = (0., 1.05 * np.exp(logz[-1] + 3. * logzerr[-1]))
20:05 bilby WARNING : Axis limits cannot be NaN or Inf
20:05 bilby WARNING : Failed to create dynesty run plot at checkpoint
20:15 bilby INFO    : Written checkpoint file results/12/None_resume.pickle
/ligo/home/ligo.org/pratyusava.baral/dispersion/dispersion_env/lib64/python3.11/site-packages/dynesty/plotting.py:786: UserWarning: Attempting to set identical low and high ylims makes transformation singular; automatically expanding.
  ax.set_ylim([0., max(y0) * 1.05])
20:15 bilby WARNING : Too many bins for data range. Cannot create 500 finite-sized bins.
20:15 bilby WARNING : Failed to create dynesty state plot at checkpoint
/ligo/home/ligo.org/pratyusava.baral/dispersion/dispersion_env/lib64/python3.11/site-packages/dynesty/plotting.py:786: UserWarning: Attempting to set identical low and high ylims makes transformation singular; automatically expanding.
  ax.set_ylim([0., max(y0) * 1.05])
/ligo/home/ligo.org/pratyusava.baral/dispersion/dispersion_env/lib64/python3.11/site-packages/dynesty/plotting.py:252: RuntimeWarning: overflow encountered in exp
  np.exp(logwt), logz if logplot else np.exp(logz)
/ligo/home/ligo.org/pratyusava.baral/dispersion/dispersion_env/lib64/python3.11/site-packages/dynesty/plotting.py:282: RuntimeWarning: overflow encountered in exp
  zspan = (0., 1.05 * np.exp(logz[-1] + 3. * logzerr[-1]))
20:15 bilby WARNING : Axis limits cannot be NaN or Inf
20:15 bilby WARNING : Failed to create dynesty run plot at checkpoint
20:25 bilby INFO    : Written checkpoint file results/12/None_resume.pickle
20:25 bilby WARNING : The data appears to lie in a lower-dimensional subspace of the space in which it is expressed. This has resulted in a singular data covariance matrix, which cannot be treated using the algorithms implemented in `gaussian_kde`. Consider performing principle component analysis / dimensionality reduction and using `gaussian_kde` with the transformed data.
20:25 bilby WARNING : Failed to create dynesty state plot at checkpoint
20:25 bilby WARNING : The data appears to lie in a lower-dimensional subspace of the space in which it is expressed. This has resulted in a singular data covariance matrix, which cannot be treated using the algorithms implemented in `gaussian_kde`. Consider performing principle component analysis / dimensionality reduction and using `gaussian_kde` with the transformed data.
20:25 bilby WARNING : Failed to create dynesty unit state plot at checkpoint
/ligo/home/ligo.org/pratyusava.baral/dispersion/dispersion_env/lib64/python3.11/site-packages/dynesty/plotting.py:252: RuntimeWarning: overflow encountered in exp
  np.exp(logwt), logz if logplot else np.exp(logz)
20:25 bilby WARNING : The data appears to lie in a lower-dimensional subspace of the space in which it is expressed. This has resulted in a singular data covariance matrix, which cannot be treated using the algorithms implemented in `gaussian_kde`. Consider performing principle component analysis / dimensionality reduction and using `gaussian_kde` with the transformed data.
20:25 bilby WARNING : Failed to create dynesty run plot at checkpoint
20:36 bilby INFO    : Written checkpoint file results/12/None_resume.pickle
/ligo/home/ligo.org/pratyusava.baral/dispersion/dispersion_env/lib64/python3.11/site-packages/dynesty/plotting.py:786: UserWarning: Attempting to set identical low and high ylims makes transformation singular; automatically expanding.
  ax.set_ylim([0., max(y0) * 1.05])
/ligo/home/ligo.org/pratyusava.baral/dispersion/dispersion_env/lib64/python3.11/site-packages/dynesty/plotting.py:749: UserWarning: Attempting to set identical low and high xlims makes transformation singular; automatically expanding.
  ax.set_xlim(span[i])
/ligo/home/ligo.org/pratyusava.baral/dispersion/dispersion_env/lib64/python3.11/site-packages/dynesty/plotting.py:786: UserWarning: Attempting to set identical low and high ylims makes transformation singular; automatically expanding.
  ax.set_ylim([0., max(y0) * 1.05])
/ligo/home/ligo.org/pratyusava.baral/dispersion/dispersion_env/lib64/python3.11/site-packages/dynesty/plotting.py:252: RuntimeWarning: overflow encountered in exp
  np.exp(logwt), logz if logplot else np.exp(logz)
/ligo/home/ligo.org/pratyusava.baral/dispersion/dispersion_env/lib64/python3.11/site-packages/dynesty/plotting.py:282: RuntimeWarning: overflow encountered in exp
  zspan = (0., 1.05 * np.exp(logz[-1] + 3. * logzerr[-1]))
20:36 bilby WARNING : Axis limits cannot be NaN or Inf
20:36 bilby WARNING : Failed to create dynesty run plot at checkpoint
20:46 bilby INFO    : Written checkpoint file results/12/None_resume.pickle
/ligo/home/ligo.org/pratyusava.baral/dispersion/dispersion_env/lib64/python3.11/site-packages/dynesty/plotting.py:786: UserWarning: Attempting to set identical low and high ylims makes transformation singular; automatically expanding.
  ax.set_ylim([0., max(y0) * 1.05])
/ligo/home/ligo.org/pratyusava.baral/dispersion/dispersion_env/lib64/python3.11/site-packages/dynesty/plotting.py:749: UserWarning: Attempting to set identical low and high xlims makes transformation singular; automatically expanding.
  ax.set_xlim(span[i])
/ligo/home/ligo.org/pratyusava.baral/dispersion/dispersion_env/lib64/python3.11/site-packages/dynesty/plotting.py:786: UserWarning: Attempting to set identical low and high ylims makes transformation singular; automatically expanding.
  ax.set_ylim([0., max(y0) * 1.05])
/ligo/home/ligo.org/pratyusava.baral/dispersion/dispersion_env/lib64/python3.11/site-packages/dynesty/plotting.py:252: RuntimeWarning: overflow encountered in exp
  np.exp(logwt), logz if logplot else np.exp(logz)
/ligo/home/ligo.org/pratyusava.baral/dispersion/dispersion_env/lib64/python3.11/site-packages/dynesty/plotting.py:282: RuntimeWarning: overflow encountered in exp
  zspan = (0., 1.05 * np.exp(logz[-1] + 3. * logzerr[-1]))
20:46 bilby WARNING : Axis limits cannot be NaN or Inf
20:46 bilby WARNING : Failed to create dynesty run plot at checkpoint
20:56 bilby INFO    : Written checkpoint file results/12/None_resume.pickle
20:56 bilby WARNING : The data appears to lie in a lower-dimensional subspace of the space in which it is expressed. This has resulted in a singular data covariance matrix, which cannot be treated using the algorithms implemented in `gaussian_kde`. Consider performing principle component analysis / dimensionality reduction and using `gaussian_kde` with the transformed data.
20:56 bilby WARNING : Failed to create dynesty state plot at checkpoint
20:56 bilby WARNING : The data appears to lie in a lower-dimensional subspace of the space in which it is expressed. This has resulted in a singular data covariance matrix, which cannot be treated using the algorithms implemented in `gaussian_kde`. Consider performing principle component analysis / dimensionality reduction and using `gaussian_kde` with the transformed data.
20:56 bilby WARNING : Failed to create dynesty unit state plot at checkpoint
/ligo/home/ligo.org/pratyusava.baral/dispersion/dispersion_env/lib64/python3.11/site-packages/dynesty/plotting.py:252: RuntimeWarning: overflow encountered in exp
  np.exp(logwt), logz if logplot else np.exp(logz)
20:56 bilby WARNING : The data appears to lie in a lower-dimensional subspace of the space in which it is expressed. This has resulted in a singular data covariance matrix, which cannot be treated using the algorithms implemented in `gaussian_kde`. Consider performing principle component analysis / dimensionality reduction and using `gaussian_kde` with the transformed data.
20:56 bilby WARNING : Failed to create dynesty run plot at checkpoint
21:07 bilby INFO    : Written checkpoint file results/12/None_resume.pickle
/ligo/home/ligo.org/pratyusava.baral/dispersion/dispersion_env/lib64/python3.11/site-packages/dynesty/plotting.py:786: UserWarning: Attempting to set identical low and high ylims makes transformation singular; automatically expanding.
  ax.set_ylim([0., max(y0) * 1.05])
/ligo/home/ligo.org/pratyusava.baral/dispersion/dispersion_env/lib64/python3.11/site-packages/dynesty/plotting.py:749: UserWarning: Attempting to set identical low and high xlims makes transformation singular; automatically expanding.
  ax.set_xlim(span[i])
/ligo/home/ligo.org/pratyusava.baral/dispersion/dispersion_env/lib64/python3.11/site-packages/dynesty/plotting.py:786: UserWarning: Attempting to set identical low and high ylims makes transformation singular; automatically expanding.
  ax.set_ylim([0., max(y0) * 1.05])
/ligo/home/ligo.org/pratyusava.baral/dispersion/dispersion_env/lib64/python3.11/site-packages/dynesty/plotting.py:252: RuntimeWarning: overflow encountered in exp
  np.exp(logwt), logz if logplot else np.exp(logz)
/ligo/home/ligo.org/pratyusava.baral/dispersion/dispersion_env/lib64/python3.11/site-packages/dynesty/plotting.py:282: RuntimeWarning: overflow encountered in exp
  zspan = (0., 1.05 * np.exp(logz[-1] + 3. * logzerr[-1]))
21:07 bilby WARNING : Axis limits cannot be NaN or Inf
21:07 bilby WARNING : Failed to create dynesty run plot at checkpoint
21:17 bilby INFO    : Written checkpoint file results/12/None_resume.pickle
21:17 bilby WARNING : The data appears to lie in a lower-dimensional subspace of the space in which it is expressed. This has resulted in a singular data covariance matrix, which cannot be treated using the algorithms implemented in `gaussian_kde`. Consider performing principle component analysis / dimensionality reduction and using `gaussian_kde` with the transformed data.
21:17 bilby WARNING : Failed to create dynesty state plot at checkpoint
21:17 bilby WARNING : The data appears to lie in a lower-dimensional subspace of the space in which it is expressed. This has resulted in a singular data covariance matrix, which cannot be treated using the algorithms implemented in `gaussian_kde`. Consider performing principle component analysis / dimensionality reduction and using `gaussian_kde` with the transformed data.
21:17 bilby WARNING : Failed to create dynesty unit state plot at checkpoint
/ligo/home/ligo.org/pratyusava.baral/dispersion/dispersion_env/lib64/python3.11/site-packages/dynesty/plotting.py:252: RuntimeWarning: overflow encountered in exp
  np.exp(logwt), logz if logplot else np.exp(logz)
21:17 bilby WARNING : The data appears to lie in a lower-dimensional subspace of the space in which it is expressed. This has resulted in a singular data covariance matrix, which cannot be treated using the algorithms implemented in `gaussian_kde`. Consider performing principle component analysis / dimensionality reduction and using `gaussian_kde` with the transformed data.
21:17 bilby WARNING : Failed to create dynesty run plot at checkpoint
21:28 bilby INFO    : Written checkpoint file results/12/None_resume.pickle
/ligo/home/ligo.org/pratyusava.baral/dispersion/dispersion_env/lib64/python3.11/site-packages/dynesty/plotting.py:252: RuntimeWarning: overflow encountered in exp
  np.exp(logwt), logz if logplot else np.exp(logz)
/ligo/home/ligo.org/pratyusava.baral/dispersion/dispersion_env/lib64/python3.11/site-packages/dynesty/plotting.py:282: RuntimeWarning: overflow encountered in exp
  zspan = (0., 1.05 * np.exp(logz[-1] + 3. * logzerr[-1]))
21:28 bilby WARNING : Axis limits cannot be NaN or Inf
21:28 bilby WARNING : Failed to create dynesty run plot at checkpoint
21:38 bilby INFO    : Written checkpoint file results/12/None_resume.pickle
21:38 bilby WARNING : The data appears to lie in a lower-dimensional subspace of the space in which it is expressed. This has resulted in a singular data covariance matrix, which cannot be treated using the algorithms implemented in `gaussian_kde`. Consider performing principle component analysis / dimensionality reduction and using `gaussian_kde` with the transformed data.
21:38 bilby WARNING : Failed to create dynesty state plot at checkpoint
21:38 bilby WARNING : The data appears to lie in a lower-dimensional subspace of the space in which it is expressed. This has resulted in a singular data covariance matrix, which cannot be treated using the algorithms implemented in `gaussian_kde`. Consider performing principle component analysis / dimensionality reduction and using `gaussian_kde` with the transformed data.
21:38 bilby WARNING : Failed to create dynesty unit state plot at checkpoint
/ligo/home/ligo.org/pratyusava.baral/dispersion/dispersion_env/lib64/python3.11/site-packages/dynesty/plotting.py:252: RuntimeWarning: overflow encountered in exp
  np.exp(logwt), logz if logplot else np.exp(logz)
21:38 bilby WARNING : The data appears to lie in a lower-dimensional subspace of the space in which it is expressed. This has resulted in a singular data covariance matrix, which cannot be treated using the algorithms implemented in `gaussian_kde`. Consider performing principle component analysis / dimensionality reduction and using `gaussian_kde` with the transformed data.
21:38 bilby WARNING : Failed to create dynesty run plot at checkpoint
21:48 bilby INFO    : Written checkpoint file results/12/None_resume.pickle
/ligo/home/ligo.org/pratyusava.baral/dispersion/dispersion_env/lib64/python3.11/site-packages/dynesty/plotting.py:252: RuntimeWarning: overflow encountered in exp
  np.exp(logwt), logz if logplot else np.exp(logz)
/ligo/home/ligo.org/pratyusava.baral/dispersion/dispersion_env/lib64/python3.11/site-packages/dynesty/plotting.py:282: RuntimeWarning: overflow encountered in exp
  zspan = (0., 1.05 * np.exp(logz[-1] + 3. * logzerr[-1]))
21:48 bilby WARNING : Axis limits cannot be NaN or Inf
21:48 bilby WARNING : Failed to create dynesty run plot at checkpoint
21:58 bilby INFO    : Written checkpoint file results/12/None_resume.pickle
/ligo/home/ligo.org/pratyusava.baral/dispersion/dispersion_env/lib64/python3.11/site-packages/dynesty/plotting.py:786: UserWarning: Attempting to set identical low and high ylims makes transformation singular; automatically expanding.
  ax.set_ylim([0., max(y0) * 1.05])
21:58 bilby WARNING : Too many bins for data range. Cannot create 500 finite-sized bins.
21:58 bilby WARNING : Failed to create dynesty state plot at checkpoint
/ligo/home/ligo.org/pratyusava.baral/dispersion/dispersion_env/lib64/python3.11/site-packages/dynesty/plotting.py:786: UserWarning: Attempting to set identical low and high ylims makes transformation singular; automatically expanding.
  ax.set_ylim([0., max(y0) * 1.05])
/ligo/home/ligo.org/pratyusava.baral/dispersion/dispersion_env/lib64/python3.11/site-packages/dynesty/plotting.py:252: RuntimeWarning: overflow encountered in exp
  np.exp(logwt), logz if logplot else np.exp(logz)
/ligo/home/ligo.org/pratyusava.baral/dispersion/dispersion_env/lib64/python3.11/site-packages/dynesty/plotting.py:282: RuntimeWarning: overflow encountered in exp
  zspan = (0., 1.05 * np.exp(logz[-1] + 3. * logzerr[-1]))
21:58 bilby WARNING : Axis limits cannot be NaN or Inf
21:58 bilby WARNING : Failed to create dynesty run plot at checkpoint
22:09 bilby INFO    : Written checkpoint file results/12/None_resume.pickle
22:09 bilby WARNING : Too many bins for data range. Cannot create 500 finite-sized bins.
22:09 bilby WARNING : Failed to create dynesty state plot at checkpoint
/ligo/home/ligo.org/pratyusava.baral/dispersion/dispersion_env/lib64/python3.11/site-packages/dynesty/plotting.py:252: RuntimeWarning: overflow encountered in exp
  np.exp(logwt), logz if logplot else np.exp(logz)
/ligo/home/ligo.org/pratyusava.baral/dispersion/dispersion_env/lib64/python3.11/site-packages/dynesty/plotting.py:282: RuntimeWarning: overflow encountered in exp
  zspan = (0., 1.05 * np.exp(logz[-1] + 3. * logzerr[-1]))
22:09 bilby WARNING : Axis limits cannot be NaN or Inf
22:09 bilby WARNING : Failed to create dynesty run plot at checkpoint
22:19 bilby INFO    : Written checkpoint file results/12/None_resume.pickle
22:19 bilby WARNING : Too many bins for data range. Cannot create 500 finite-sized bins.
22:19 bilby WARNING : Failed to create dynesty state plot at checkpoint
/ligo/home/ligo.org/pratyusava.baral/dispersion/dispersion_env/lib64/python3.11/site-packages/dynesty/plotting.py:252: RuntimeWarning: overflow encountered in exp
  np.exp(logwt), logz if logplot else np.exp(logz)
/ligo/home/ligo.org/pratyusava.baral/dispersion/dispersion_env/lib64/python3.11/site-packages/dynesty/plotting.py:282: RuntimeWarning: overflow encountered in exp
  zspan = (0., 1.05 * np.exp(logz[-1] + 3. * logzerr[-1]))
22:19 bilby WARNING : Axis limits cannot be NaN or Inf
22:19 bilby WARNING : Failed to create dynesty run plot at checkpoint
22:29 bilby INFO    : Written checkpoint file results/12/None_resume.pickle
22:29 bilby WARNING : Too many bins for data range. Cannot create 500 finite-sized bins.
22:29 bilby WARNING : Failed to create dynesty state plot at checkpoint
/ligo/home/ligo.org/pratyusava.baral/dispersion/dispersion_env/lib64/python3.11/site-packages/dynesty/plotting.py:252: RuntimeWarning: overflow encountered in exp
  np.exp(logwt), logz if logplot else np.exp(logz)
/ligo/home/ligo.org/pratyusava.baral/dispersion/dispersion_env/lib64/python3.11/site-packages/dynesty/plotting.py:282: RuntimeWarning: overflow encountered in exp
  zspan = (0., 1.05 * np.exp(logz[-1] + 3. * logzerr[-1]))
22:29 bilby WARNING : Axis limits cannot be NaN or Inf
22:29 bilby WARNING : Failed to create dynesty run plot at checkpoint
22:39 bilby INFO    : Written checkpoint file results/12/None_resume.pickle
22:40 bilby WARNING : Too many bins for data range. Cannot create 500 finite-sized bins.
22:40 bilby WARNING : Failed to create dynesty state plot at checkpoint
/ligo/home/ligo.org/pratyusava.baral/dispersion/dispersion_env/lib64/python3.11/site-packages/dynesty/plotting.py:252: RuntimeWarning: overflow encountered in exp
  np.exp(logwt), logz if logplot else np.exp(logz)
/ligo/home/ligo.org/pratyusava.baral/dispersion/dispersion_env/lib64/python3.11/site-packages/dynesty/plotting.py:282: RuntimeWarning: overflow encountered in exp
  zspan = (0., 1.05 * np.exp(logz[-1] + 3. * logzerr[-1]))
22:40 bilby WARNING : Axis limits cannot be NaN or Inf
22:40 bilby WARNING : Failed to create dynesty run plot at checkpoint
22:50 bilby INFO    : Written checkpoint file results/12/None_resume.pickle
22:50 bilby WARNING : The data appears to lie in a lower-dimensional subspace of the space in which it is expressed. This has resulted in a singular data covariance matrix, which cannot be treated using the algorithms implemented in `gaussian_kde`. Consider performing principle component analysis / dimensionality reduction and using `gaussian_kde` with the transformed data.
22:50 bilby WARNING : Failed to create dynesty state plot at checkpoint
22:50 bilby WARNING : The data appears to lie in a lower-dimensional subspace of the space in which it is expressed. This has resulted in a singular data covariance matrix, which cannot be treated using the algorithms implemented in `gaussian_kde`. Consider performing principle component analysis / dimensionality reduction and using `gaussian_kde` with the transformed data.
22:50 bilby WARNING : Failed to create dynesty unit state plot at checkpoint
/ligo/home/ligo.org/pratyusava.baral/dispersion/dispersion_env/lib64/python3.11/site-packages/dynesty/plotting.py:252: RuntimeWarning: overflow encountered in exp
  np.exp(logwt), logz if logplot else np.exp(logz)
22:50 bilby WARNING : The data appears to lie in a lower-dimensional subspace of the space in which it is expressed. This has resulted in a singular data covariance matrix, which cannot be treated using the algorithms implemented in `gaussian_kde`. Consider performing principle component analysis / dimensionality reduction and using `gaussian_kde` with the transformed data.
22:50 bilby WARNING : Failed to create dynesty run plot at checkpoint
23:00 bilby INFO    : Written checkpoint file results/12/None_resume.pickle
23:00 bilby WARNING : Too many bins for data range. Cannot create 500 finite-sized bins.
23:00 bilby WARNING : Failed to create dynesty state plot at checkpoint
/ligo/home/ligo.org/pratyusava.baral/dispersion/dispersion_env/lib64/python3.11/site-packages/dynesty/plotting.py:252: RuntimeWarning: overflow encountered in exp
  np.exp(logwt), logz if logplot else np.exp(logz)
/ligo/home/ligo.org/pratyusava.baral/dispersion/dispersion_env/lib64/python3.11/site-packages/dynesty/plotting.py:282: RuntimeWarning: overflow encountered in exp
  zspan = (0., 1.05 * np.exp(logz[-1] + 3. * logzerr[-1]))
23:00 bilby WARNING : Axis limits cannot be NaN or Inf
23:00 bilby WARNING : Failed to create dynesty run plot at checkpoint
23:10 bilby INFO    : Written checkpoint file results/12/None_resume.pickle
23:10 bilby WARNING : Too many bins for data range. Cannot create 500 finite-sized bins.
23:10 bilby WARNING : Failed to create dynesty state plot at checkpoint
/ligo/home/ligo.org/pratyusava.baral/dispersion/dispersion_env/lib64/python3.11/site-packages/dynesty/plotting.py:252: RuntimeWarning: overflow encountered in exp
  np.exp(logwt), logz if logplot else np.exp(logz)
/ligo/home/ligo.org/pratyusava.baral/dispersion/dispersion_env/lib64/python3.11/site-packages/dynesty/plotting.py:282: RuntimeWarning: overflow encountered in exp
  zspan = (0., 1.05 * np.exp(logz[-1] + 3. * logzerr[-1]))
23:10 bilby WARNING : Axis limits cannot be NaN or Inf
23:10 bilby WARNING : Failed to create dynesty run plot at checkpoint
23:21 bilby INFO    : Written checkpoint file results/12/None_resume.pickle
23:21 bilby WARNING : Too many bins for data range. Cannot create 500 finite-sized bins.
23:21 bilby WARNING : Failed to create dynesty state plot at checkpoint
/ligo/home/ligo.org/pratyusava.baral/dispersion/dispersion_env/lib64/python3.11/site-packages/dynesty/plotting.py:252: RuntimeWarning: overflow encountered in exp
  np.exp(logwt), logz if logplot else np.exp(logz)
/ligo/home/ligo.org/pratyusava.baral/dispersion/dispersion_env/lib64/python3.11/site-packages/dynesty/plotting.py:282: RuntimeWarning: overflow encountered in exp
  zspan = (0., 1.05 * np.exp(logz[-1] + 3. * logzerr[-1]))
23:21 bilby WARNING : Axis limits cannot be NaN or Inf
23:21 bilby WARNING : Failed to create dynesty run plot at checkpoint
23:31 bilby INFO    : Written checkpoint file results/12/None_resume.pickle
23:31 bilby WARNING : Too many bins for data range. Cannot create 500 finite-sized bins.
23:31 bilby WARNING : Failed to create dynesty state plot at checkpoint
/ligo/home/ligo.org/pratyusava.baral/dispersion/dispersion_env/lib64/python3.11/site-packages/dynesty/plotting.py:252: RuntimeWarning: overflow encountered in exp
  np.exp(logwt), logz if logplot else np.exp(logz)
/ligo/home/ligo.org/pratyusava.baral/dispersion/dispersion_env/lib64/python3.11/site-packages/dynesty/plotting.py:282: RuntimeWarning: overflow encountered in exp
  zspan = (0., 1.05 * np.exp(logz[-1] + 3. * logzerr[-1]))
23:31 bilby WARNING : Axis limits cannot be NaN or Inf
23:31 bilby WARNING : Failed to create dynesty run plot at checkpoint
23:41 bilby INFO    : Written checkpoint file results/12/None_resume.pickle
23:41 bilby WARNING : Too many bins for data range. Cannot create 500 finite-sized bins.
23:41 bilby WARNING : Failed to create dynesty state plot at checkpoint
/ligo/home/ligo.org/pratyusava.baral/dispersion/dispersion_env/lib64/python3.11/site-packages/dynesty/plotting.py:252: RuntimeWarning: overflow encountered in exp
  np.exp(logwt), logz if logplot else np.exp(logz)
/ligo/home/ligo.org/pratyusava.baral/dispersion/dispersion_env/lib64/python3.11/site-packages/dynesty/plotting.py:282: RuntimeWarning: overflow encountered in exp
  zspan = (0., 1.05 * np.exp(logz[-1] + 3. * logzerr[-1]))
23:41 bilby WARNING : Axis limits cannot be NaN or Inf
23:41 bilby WARNING : Failed to create dynesty run plot at checkpoint
23:51 bilby INFO    : Written checkpoint file results/12/None_resume.pickle
23:51 bilby WARNING : Too many bins for data range. Cannot create 500 finite-sized bins.
23:51 bilby WARNING : Failed to create dynesty state plot at checkpoint
/ligo/home/ligo.org/pratyusava.baral/dispersion/dispersion_env/lib64/python3.11/site-packages/dynesty/plotting.py:252: RuntimeWarning: overflow encountered in exp
  np.exp(logwt), logz if logplot else np.exp(logz)
/ligo/home/ligo.org/pratyusava.baral/dispersion/dispersion_env/lib64/python3.11/site-packages/dynesty/plotting.py:282: RuntimeWarning: overflow encountered in exp
  zspan = (0., 1.05 * np.exp(logz[-1] + 3. * logzerr[-1]))
23:51 bilby WARNING : Axis limits cannot be NaN or Inf
23:51 bilby WARNING : Failed to create dynesty run plot at checkpoint
00:02 bilby INFO    : Written checkpoint file results/12/None_resume.pickle
00:02 bilby WARNING : Too many bins for data range. Cannot create 500 finite-sized bins.
00:02 bilby WARNING : Failed to create dynesty state plot at checkpoint
/ligo/home/ligo.org/pratyusava.baral/dispersion/dispersion_env/lib64/python3.11/site-packages/dynesty/plotting.py:252: RuntimeWarning: overflow encountered in exp
  np.exp(logwt), logz if logplot else np.exp(logz)
/ligo/home/ligo.org/pratyusava.baral/dispersion/dispersion_env/lib64/python3.11/site-packages/dynesty/plotting.py:282: RuntimeWarning: overflow encountered in exp
  zspan = (0., 1.05 * np.exp(logz[-1] + 3. * logzerr[-1]))
00:02 bilby WARNING : Axis limits cannot be NaN or Inf
00:02 bilby WARNING : Failed to create dynesty run plot at checkpoint
00:12 bilby INFO    : Written checkpoint file results/12/None_resume.pickle
00:12 bilby WARNING : Too many bins for data range. Cannot create 500 finite-sized bins.
00:12 bilby WARNING : Failed to create dynesty state plot at checkpoint
/ligo/home/ligo.org/pratyusava.baral/dispersion/dispersion_env/lib64/python3.11/site-packages/dynesty/plotting.py:252: RuntimeWarning: overflow encountered in exp
  np.exp(logwt), logz if logplot else np.exp(logz)
/ligo/home/ligo.org/pratyusava.baral/dispersion/dispersion_env/lib64/python3.11/site-packages/dynesty/plotting.py:282: RuntimeWarning: overflow encountered in exp
  zspan = (0., 1.05 * np.exp(logz[-1] + 3. * logzerr[-1]))
00:12 bilby WARNING : Axis limits cannot be NaN or Inf
00:12 bilby WARNING : Failed to create dynesty run plot at checkpoint
00:22 bilby INFO    : Written checkpoint file results/12/None_resume.pickle
00:22 bilby WARNING : Too many bins for data range. Cannot create 500 finite-sized bins.
00:22 bilby WARNING : Failed to create dynesty state plot at checkpoint
/ligo/home/ligo.org/pratyusava.baral/dispersion/dispersion_env/lib64/python3.11/site-packages/dynesty/plotting.py:252: RuntimeWarning: overflow encountered in exp
  np.exp(logwt), logz if logplot else np.exp(logz)
/ligo/home/ligo.org/pratyusava.baral/dispersion/dispersion_env/lib64/python3.11/site-packages/dynesty/plotting.py:282: RuntimeWarning: overflow encountered in exp
  zspan = (0., 1.05 * np.exp(logz[-1] + 3. * logzerr[-1]))
00:22 bilby WARNING : Axis limits cannot be NaN or Inf
00:22 bilby WARNING : Failed to create dynesty run plot at checkpoint
00:32 bilby INFO    : Written checkpoint file results/12/None_resume.pickle
00:32 bilby WARNING : Too many bins for data range. Cannot create 500 finite-sized bins.
00:32 bilby WARNING : Failed to create dynesty state plot at checkpoint
/ligo/home/ligo.org/pratyusava.baral/dispersion/dispersion_env/lib64/python3.11/site-packages/dynesty/plotting.py:252: RuntimeWarning: overflow encountered in exp
  np.exp(logwt), logz if logplot else np.exp(logz)
/ligo/home/ligo.org/pratyusava.baral/dispersion/dispersion_env/lib64/python3.11/site-packages/dynesty/plotting.py:282: RuntimeWarning: overflow encountered in exp
  zspan = (0., 1.05 * np.exp(logz[-1] + 3. * logzerr[-1]))
00:33 bilby WARNING : Axis limits cannot be NaN or Inf
00:33 bilby WARNING : Failed to create dynesty run plot at checkpoint
00:43 bilby INFO    : Written checkpoint file results/12/None_resume.pickle
00:43 bilby WARNING : Too many bins for data range. Cannot create 500 finite-sized bins.
00:43 bilby WARNING : Failed to create dynesty state plot at checkpoint
/ligo/home/ligo.org/pratyusava.baral/dispersion/dispersion_env/lib64/python3.11/site-packages/dynesty/plotting.py:252: RuntimeWarning: overflow encountered in exp
  np.exp(logwt), logz if logplot else np.exp(logz)
/ligo/home/ligo.org/pratyusava.baral/dispersion/dispersion_env/lib64/python3.11/site-packages/dynesty/plotting.py:282: RuntimeWarning: overflow encountered in exp
  zspan = (0., 1.05 * np.exp(logz[-1] + 3. * logzerr[-1]))
00:43 bilby WARNING : Axis limits cannot be NaN or Inf
00:43 bilby WARNING : Failed to create dynesty run plot at checkpoint
00:53 bilby INFO    : Written checkpoint file results/12/None_resume.pickle
00:53 bilby WARNING : Too many bins for data range. Cannot create 500 finite-sized bins.
00:53 bilby WARNING : Failed to create dynesty state plot at checkpoint
/ligo/home/ligo.org/pratyusava.baral/dispersion/dispersion_env/lib64/python3.11/site-packages/dynesty/plotting.py:252: RuntimeWarning: overflow encountered in exp
  np.exp(logwt), logz if logplot else np.exp(logz)
/ligo/home/ligo.org/pratyusava.baral/dispersion/dispersion_env/lib64/python3.11/site-packages/dynesty/plotting.py:282: RuntimeWarning: overflow encountered in exp
  zspan = (0., 1.05 * np.exp(logz[-1] + 3. * logzerr[-1]))
00:53 bilby WARNING : Axis limits cannot be NaN or Inf
00:53 bilby WARNING : Failed to create dynesty run plot at checkpoint
01:04 bilby INFO    : Written checkpoint file results/12/None_resume.pickle
01:04 bilby WARNING : Too many bins for data range. Cannot create 500 finite-sized bins.
01:04 bilby WARNING : Failed to create dynesty state plot at checkpoint
/ligo/home/ligo.org/pratyusava.baral/dispersion/dispersion_env/lib64/python3.11/site-packages/dynesty/plotting.py:252: RuntimeWarning: overflow encountered in exp
  np.exp(logwt), logz if logplot else np.exp(logz)
/ligo/home/ligo.org/pratyusava.baral/dispersion/dispersion_env/lib64/python3.11/site-packages/dynesty/plotting.py:282: RuntimeWarning: overflow encountered in exp
  zspan = (0., 1.05 * np.exp(logz[-1] + 3. * logzerr[-1]))
01:04 bilby WARNING : Axis limits cannot be NaN or Inf
01:04 bilby WARNING : Failed to create dynesty run plot at checkpoint
01:14 bilby INFO    : Written checkpoint file results/12/None_resume.pickle
01:14 bilby WARNING : Too many bins for data range. Cannot create 500 finite-sized bins.
01:14 bilby WARNING : Failed to create dynesty state plot at checkpoint
/ligo/home/ligo.org/pratyusava.baral/dispersion/dispersion_env/lib64/python3.11/site-packages/dynesty/plotting.py:252: RuntimeWarning: overflow encountered in exp
  np.exp(logwt), logz if logplot else np.exp(logz)
/ligo/home/ligo.org/pratyusava.baral/dispersion/dispersion_env/lib64/python3.11/site-packages/dynesty/plotting.py:282: RuntimeWarning: overflow encountered in exp
  zspan = (0., 1.05 * np.exp(logz[-1] + 3. * logzerr[-1]))
01:14 bilby WARNING : Axis limits cannot be NaN or Inf
01:14 bilby WARNING : Failed to create dynesty run plot at checkpoint
01:25 bilby INFO    : Written checkpoint file results/12/None_resume.pickle
01:25 bilby WARNING : Too many bins for data range. Cannot create 500 finite-sized bins.
01:25 bilby WARNING : Failed to create dynesty state plot at checkpoint
/ligo/home/ligo.org/pratyusava.baral/dispersion/dispersion_env/lib64/python3.11/site-packages/dynesty/plotting.py:252: RuntimeWarning: overflow encountered in exp
  np.exp(logwt), logz if logplot else np.exp(logz)
/ligo/home/ligo.org/pratyusava.baral/dispersion/dispersion_env/lib64/python3.11/site-packages/dynesty/plotting.py:282: RuntimeWarning: overflow encountered in exp
  zspan = (0., 1.05 * np.exp(logz[-1] + 3. * logzerr[-1]))
01:25 bilby WARNING : Axis limits cannot be NaN or Inf
01:25 bilby WARNING : Failed to create dynesty run plot at checkpoint
01:36 bilby INFO    : Written checkpoint file results/12/None_resume.pickle
01:36 bilby WARNING : Too many bins for data range. Cannot create 500 finite-sized bins.
01:36 bilby WARNING : Failed to create dynesty state plot at checkpoint
/ligo/home/ligo.org/pratyusava.baral/dispersion/dispersion_env/lib64/python3.11/site-packages/dynesty/plotting.py:252: RuntimeWarning: overflow encountered in exp
  np.exp(logwt), logz if logplot else np.exp(logz)
/ligo/home/ligo.org/pratyusava.baral/dispersion/dispersion_env/lib64/python3.11/site-packages/dynesty/plotting.py:282: RuntimeWarning: overflow encountered in exp
  zspan = (0., 1.05 * np.exp(logz[-1] + 3. * logzerr[-1]))
01:36 bilby WARNING : Axis limits cannot be NaN or Inf
01:36 bilby WARNING : Failed to create dynesty run plot at checkpoint
01:46 bilby INFO    : Written checkpoint file results/12/None_resume.pickle
01:46 bilby WARNING : Too many bins for data range. Cannot create 500 finite-sized bins.
01:46 bilby WARNING : Failed to create dynesty state plot at checkpoint
/ligo/home/ligo.org/pratyusava.baral/dispersion/dispersion_env/lib64/python3.11/site-packages/dynesty/plotting.py:252: RuntimeWarning: overflow encountered in exp
  np.exp(logwt), logz if logplot else np.exp(logz)
/ligo/home/ligo.org/pratyusava.baral/dispersion/dispersion_env/lib64/python3.11/site-packages/dynesty/plotting.py:282: RuntimeWarning: overflow encountered in exp
  zspan = (0., 1.05 * np.exp(logz[-1] + 3. * logzerr[-1]))
01:46 bilby WARNING : Axis limits cannot be NaN or Inf
01:46 bilby WARNING : Failed to create dynesty run plot at checkpoint
01:57 bilby INFO    : Written checkpoint file results/12/None_resume.pickle
01:57 bilby WARNING : Too many bins for data range. Cannot create 500 finite-sized bins.
01:57 bilby WARNING : Failed to create dynesty state plot at checkpoint
/ligo/home/ligo.org/pratyusava.baral/dispersion/dispersion_env/lib64/python3.11/site-packages/dynesty/plotting.py:252: RuntimeWarning: overflow encountered in exp
  np.exp(logwt), logz if logplot else np.exp(logz)
/ligo/home/ligo.org/pratyusava.baral/dispersion/dispersion_env/lib64/python3.11/site-packages/dynesty/plotting.py:282: RuntimeWarning: overflow encountered in exp
  zspan = (0., 1.05 * np.exp(logz[-1] + 3. * logzerr[-1]))
01:57 bilby WARNING : Axis limits cannot be NaN or Inf
01:57 bilby WARNING : Failed to create dynesty run plot at checkpoint
02:07 bilby INFO    : Written checkpoint file results/12/None_resume.pickle
02:07 bilby WARNING : Too many bins for data range. Cannot create 500 finite-sized bins.
02:07 bilby WARNING : Failed to create dynesty state plot at checkpoint
/ligo/home/ligo.org/pratyusava.baral/dispersion/dispersion_env/lib64/python3.11/site-packages/dynesty/plotting.py:252: RuntimeWarning: overflow encountered in exp
  np.exp(logwt), logz if logplot else np.exp(logz)
/ligo/home/ligo.org/pratyusava.baral/dispersion/dispersion_env/lib64/python3.11/site-packages/dynesty/plotting.py:282: RuntimeWarning: overflow encountered in exp
  zspan = (0., 1.05 * np.exp(logz[-1] + 3. * logzerr[-1]))
02:07 bilby WARNING : Axis limits cannot be NaN or Inf
02:07 bilby WARNING : Failed to create dynesty run plot at checkpoint
02:17 bilby INFO    : Written checkpoint file results/12/None_resume.pickle
02:17 bilby WARNING : Too many bins for data range. Cannot create 500 finite-sized bins.
02:17 bilby WARNING : Failed to create dynesty state plot at checkpoint
/ligo/home/ligo.org/pratyusava.baral/dispersion/dispersion_env/lib64/python3.11/site-packages/dynesty/plotting.py:252: RuntimeWarning: overflow encountered in exp
  np.exp(logwt), logz if logplot else np.exp(logz)
/ligo/home/ligo.org/pratyusava.baral/dispersion/dispersion_env/lib64/python3.11/site-packages/dynesty/plotting.py:282: RuntimeWarning: overflow encountered in exp
  zspan = (0., 1.05 * np.exp(logz[-1] + 3. * logzerr[-1]))
02:17 bilby WARNING : Axis limits cannot be NaN or Inf
02:17 bilby WARNING : Failed to create dynesty run plot at checkpoint
02:28 bilby INFO    : Written checkpoint file results/12/None_resume.pickle
02:28 bilby WARNING : Too many bins for data range. Cannot create 500 finite-sized bins.
02:28 bilby WARNING : Failed to create dynesty state plot at checkpoint
/ligo/home/ligo.org/pratyusava.baral/dispersion/dispersion_env/lib64/python3.11/site-packages/dynesty/plotting.py:252: RuntimeWarning: overflow encountered in exp
  np.exp(logwt), logz if logplot else np.exp(logz)
/ligo/home/ligo.org/pratyusava.baral/dispersion/dispersion_env/lib64/python3.11/site-packages/dynesty/plotting.py:282: RuntimeWarning: overflow encountered in exp
  zspan = (0., 1.05 * np.exp(logz[-1] + 3. * logzerr[-1]))
02:28 bilby WARNING : Axis limits cannot be NaN or Inf
02:28 bilby WARNING : Failed to create dynesty run plot at checkpoint
02:38 bilby INFO    : Written checkpoint file results/12/None_resume.pickle
02:38 bilby WARNING : Too many bins for data range. Cannot create 500 finite-sized bins.
02:38 bilby WARNING : Failed to create dynesty state plot at checkpoint
/ligo/home/ligo.org/pratyusava.baral/dispersion/dispersion_env/lib64/python3.11/site-packages/dynesty/plotting.py:252: RuntimeWarning: overflow encountered in exp
  np.exp(logwt), logz if logplot else np.exp(logz)
/ligo/home/ligo.org/pratyusava.baral/dispersion/dispersion_env/lib64/python3.11/site-packages/dynesty/plotting.py:282: RuntimeWarning: overflow encountered in exp
  zspan = (0., 1.05 * np.exp(logz[-1] + 3. * logzerr[-1]))
02:38 bilby WARNING : Axis limits cannot be NaN or Inf
02:38 bilby WARNING : Failed to create dynesty run plot at checkpoint
02:49 bilby INFO    : Written checkpoint file results/12/None_resume.pickle
02:49 bilby WARNING : Too many bins for data range. Cannot create 500 finite-sized bins.
02:49 bilby WARNING : Failed to create dynesty state plot at checkpoint
/ligo/home/ligo.org/pratyusava.baral/dispersion/dispersion_env/lib64/python3.11/site-packages/dynesty/plotting.py:252: RuntimeWarning: overflow encountered in exp
  np.exp(logwt), logz if logplot else np.exp(logz)
/ligo/home/ligo.org/pratyusava.baral/dispersion/dispersion_env/lib64/python3.11/site-packages/dynesty/plotting.py:282: RuntimeWarning: overflow encountered in exp
  zspan = (0., 1.05 * np.exp(logz[-1] + 3. * logzerr[-1]))
02:49 bilby WARNING : Axis limits cannot be NaN or Inf
02:49 bilby WARNING : Failed to create dynesty run plot at checkpoint
02:59 bilby INFO    : Written checkpoint file results/12/None_resume.pickle
02:59 bilby WARNING : Too many bins for data range. Cannot create 500 finite-sized bins.
02:59 bilby WARNING : Failed to create dynesty state plot at checkpoint
/ligo/home/ligo.org/pratyusava.baral/dispersion/dispersion_env/lib64/python3.11/site-packages/dynesty/plotting.py:252: RuntimeWarning: overflow encountered in exp
  np.exp(logwt), logz if logplot else np.exp(logz)
/ligo/home/ligo.org/pratyusava.baral/dispersion/dispersion_env/lib64/python3.11/site-packages/dynesty/plotting.py:282: RuntimeWarning: overflow encountered in exp
  zspan = (0., 1.05 * np.exp(logz[-1] + 3. * logzerr[-1]))
02:59 bilby WARNING : Axis limits cannot be NaN or Inf
02:59 bilby WARNING : Failed to create dynesty run plot at checkpoint
03:09 bilby INFO    : Written checkpoint file results/12/None_resume.pickle
03:09 bilby WARNING : Too many bins for data range. Cannot create 500 finite-sized bins.
03:09 bilby WARNING : Failed to create dynesty state plot at checkpoint
/ligo/home/ligo.org/pratyusava.baral/dispersion/dispersion_env/lib64/python3.11/site-packages/dynesty/plotting.py:252: RuntimeWarning: overflow encountered in exp
  np.exp(logwt), logz if logplot else np.exp(logz)
/ligo/home/ligo.org/pratyusava.baral/dispersion/dispersion_env/lib64/python3.11/site-packages/dynesty/plotting.py:282: RuntimeWarning: overflow encountered in exp
  zspan = (0., 1.05 * np.exp(logz[-1] + 3. * logzerr[-1]))
03:09 bilby WARNING : Axis limits cannot be NaN or Inf
03:09 bilby WARNING : Failed to create dynesty run plot at checkpoint
03:20 bilby INFO    : Written checkpoint file results/12/None_resume.pickle
03:20 bilby WARNING : Too many bins for data range. Cannot create 500 finite-sized bins.
03:20 bilby WARNING : Failed to create dynesty state plot at checkpoint
/ligo/home/ligo.org/pratyusava.baral/dispersion/dispersion_env/lib64/python3.11/site-packages/dynesty/plotting.py:252: RuntimeWarning: overflow encountered in exp
  np.exp(logwt), logz if logplot else np.exp(logz)
/ligo/home/ligo.org/pratyusava.baral/dispersion/dispersion_env/lib64/python3.11/site-packages/dynesty/plotting.py:282: RuntimeWarning: overflow encountered in exp
  zspan = (0., 1.05 * np.exp(logz[-1] + 3. * logzerr[-1]))
03:20 bilby WARNING : Axis limits cannot be NaN or Inf
03:20 bilby WARNING : Failed to create dynesty run plot at checkpoint
03:30 bilby INFO    : Written checkpoint file results/12/None_resume.pickle
03:30 bilby WARNING : Too many bins for data range. Cannot create 500 finite-sized bins.
03:30 bilby WARNING : Failed to create dynesty state plot at checkpoint
/ligo/home/ligo.org/pratyusava.baral/dispersion/dispersion_env/lib64/python3.11/site-packages/dynesty/plotting.py:252: RuntimeWarning: overflow encountered in exp
  np.exp(logwt), logz if logplot else np.exp(logz)
/ligo/home/ligo.org/pratyusava.baral/dispersion/dispersion_env/lib64/python3.11/site-packages/dynesty/plotting.py:282: RuntimeWarning: overflow encountered in exp
  zspan = (0., 1.05 * np.exp(logz[-1] + 3. * logzerr[-1]))
03:30 bilby WARNING : Axis limits cannot be NaN or Inf
03:30 bilby WARNING : Failed to create dynesty run plot at checkpoint
03:41 bilby INFO    : Written checkpoint file results/12/None_resume.pickle
03:41 bilby WARNING : Too many bins for data range. Cannot create 500 finite-sized bins.
03:41 bilby WARNING : Failed to create dynesty state plot at checkpoint
/ligo/home/ligo.org/pratyusava.baral/dispersion/dispersion_env/lib64/python3.11/site-packages/dynesty/plotting.py:252: RuntimeWarning: overflow encountered in exp
  np.exp(logwt), logz if logplot else np.exp(logz)
/ligo/home/ligo.org/pratyusava.baral/dispersion/dispersion_env/lib64/python3.11/site-packages/dynesty/plotting.py:282: RuntimeWarning: overflow encountered in exp
  zspan = (0., 1.05 * np.exp(logz[-1] + 3. * logzerr[-1]))
03:41 bilby WARNING : Axis limits cannot be NaN or Inf
03:41 bilby WARNING : Failed to create dynesty run plot at checkpoint
03:51 bilby INFO    : Written checkpoint file results/12/None_resume.pickle
03:51 bilby WARNING : Too many bins for data range. Cannot create 500 finite-sized bins.
03:51 bilby WARNING : Failed to create dynesty state plot at checkpoint
/ligo/home/ligo.org/pratyusava.baral/dispersion/dispersion_env/lib64/python3.11/site-packages/dynesty/plotting.py:252: RuntimeWarning: overflow encountered in exp
  np.exp(logwt), logz if logplot else np.exp(logz)
/ligo/home/ligo.org/pratyusava.baral/dispersion/dispersion_env/lib64/python3.11/site-packages/dynesty/plotting.py:282: RuntimeWarning: overflow encountered in exp
  zspan = (0., 1.05 * np.exp(logz[-1] + 3. * logzerr[-1]))
03:51 bilby WARNING : Axis limits cannot be NaN or Inf
03:51 bilby WARNING : Failed to create dynesty run plot at checkpoint
04:01 bilby INFO    : Written checkpoint file results/12/None_resume.pickle
04:01 bilby WARNING : Too many bins for data range. Cannot create 500 finite-sized bins.
04:01 bilby WARNING : Failed to create dynesty state plot at checkpoint
/ligo/home/ligo.org/pratyusava.baral/dispersion/dispersion_env/lib64/python3.11/site-packages/dynesty/plotting.py:252: RuntimeWarning: overflow encountered in exp
  np.exp(logwt), logz if logplot else np.exp(logz)
/ligo/home/ligo.org/pratyusava.baral/dispersion/dispersion_env/lib64/python3.11/site-packages/dynesty/plotting.py:282: RuntimeWarning: overflow encountered in exp
  zspan = (0., 1.05 * np.exp(logz[-1] + 3. * logzerr[-1]))
04:02 bilby WARNING : Axis limits cannot be NaN or Inf
04:02 bilby WARNING : Failed to create dynesty run plot at checkpoint
04:12 bilby INFO    : Written checkpoint file results/12/None_resume.pickle
04:12 bilby WARNING : Too many bins for data range. Cannot create 500 finite-sized bins.
04:12 bilby WARNING : Failed to create dynesty state plot at checkpoint
/ligo/home/ligo.org/pratyusava.baral/dispersion/dispersion_env/lib64/python3.11/site-packages/dynesty/plotting.py:252: RuntimeWarning: overflow encountered in exp
  np.exp(logwt), logz if logplot else np.exp(logz)
/ligo/home/ligo.org/pratyusava.baral/dispersion/dispersion_env/lib64/python3.11/site-packages/dynesty/plotting.py:282: RuntimeWarning: overflow encountered in exp
  zspan = (0., 1.05 * np.exp(logz[-1] + 3. * logzerr[-1]))
04:12 bilby WARNING : Axis limits cannot be NaN or Inf
04:12 bilby WARNING : Failed to create dynesty run plot at checkpoint
04:23 bilby INFO    : Written checkpoint file results/12/None_resume.pickle
04:23 bilby WARNING : Too many bins for data range. Cannot create 500 finite-sized bins.
04:23 bilby WARNING : Failed to create dynesty state plot at checkpoint
/ligo/home/ligo.org/pratyusava.baral/dispersion/dispersion_env/lib64/python3.11/site-packages/dynesty/plotting.py:252: RuntimeWarning: overflow encountered in exp
  np.exp(logwt), logz if logplot else np.exp(logz)
/ligo/home/ligo.org/pratyusava.baral/dispersion/dispersion_env/lib64/python3.11/site-packages/dynesty/plotting.py:282: RuntimeWarning: overflow encountered in exp
  zspan = (0., 1.05 * np.exp(logz[-1] + 3. * logzerr[-1]))
04:23 bilby WARNING : Axis limits cannot be NaN or Inf
04:23 bilby WARNING : Failed to create dynesty run plot at checkpoint
04:33 bilby INFO    : Written checkpoint file results/12/None_resume.pickle
04:33 bilby WARNING : Too many bins for data range. Cannot create 500 finite-sized bins.
04:33 bilby WARNING : Failed to create dynesty state plot at checkpoint
/ligo/home/ligo.org/pratyusava.baral/dispersion/dispersion_env/lib64/python3.11/site-packages/dynesty/plotting.py:252: RuntimeWarning: overflow encountered in exp
  np.exp(logwt), logz if logplot else np.exp(logz)
/ligo/home/ligo.org/pratyusava.baral/dispersion/dispersion_env/lib64/python3.11/site-packages/dynesty/plotting.py:282: RuntimeWarning: overflow encountered in exp
  zspan = (0., 1.05 * np.exp(logz[-1] + 3. * logzerr[-1]))
04:33 bilby WARNING : Axis limits cannot be NaN or Inf
04:33 bilby WARNING : Failed to create dynesty run plot at checkpoint
04:44 bilby INFO    : Written checkpoint file results/12/None_resume.pickle
04:44 bilby WARNING : Too many bins for data range. Cannot create 500 finite-sized bins.
04:44 bilby WARNING : Failed to create dynesty state plot at checkpoint
/ligo/home/ligo.org/pratyusava.baral/dispersion/dispersion_env/lib64/python3.11/site-packages/dynesty/plotting.py:252: RuntimeWarning: overflow encountered in exp
  np.exp(logwt), logz if logplot else np.exp(logz)
/ligo/home/ligo.org/pratyusava.baral/dispersion/dispersion_env/lib64/python3.11/site-packages/dynesty/plotting.py:282: RuntimeWarning: overflow encountered in exp
  zspan = (0., 1.05 * np.exp(logz[-1] + 3. * logzerr[-1]))
04:44 bilby WARNING : Axis limits cannot be NaN or Inf
04:44 bilby WARNING : Failed to create dynesty run plot at checkpoint
04:54 bilby INFO    : Written checkpoint file results/12/None_resume.pickle
04:54 bilby WARNING : Too many bins for data range. Cannot create 500 finite-sized bins.
04:54 bilby WARNING : Failed to create dynesty state plot at checkpoint
/ligo/home/ligo.org/pratyusava.baral/dispersion/dispersion_env/lib64/python3.11/site-packages/dynesty/plotting.py:252: RuntimeWarning: overflow encountered in exp
  np.exp(logwt), logz if logplot else np.exp(logz)
/ligo/home/ligo.org/pratyusava.baral/dispersion/dispersion_env/lib64/python3.11/site-packages/dynesty/plotting.py:282: RuntimeWarning: overflow encountered in exp
  zspan = (0., 1.05 * np.exp(logz[-1] + 3. * logzerr[-1]))
04:54 bilby WARNING : Axis limits cannot be NaN or Inf
04:54 bilby WARNING : Failed to create dynesty run plot at checkpoint
05:04 bilby INFO    : Written checkpoint file results/12/None_resume.pickle
05:04 bilby WARNING : Too many bins for data range. Cannot create 500 finite-sized bins.
05:04 bilby WARNING : Failed to create dynesty state plot at checkpoint
/ligo/home/ligo.org/pratyusava.baral/dispersion/dispersion_env/lib64/python3.11/site-packages/dynesty/plotting.py:252: RuntimeWarning: overflow encountered in exp
  np.exp(logwt), logz if logplot else np.exp(logz)
/ligo/home/ligo.org/pratyusava.baral/dispersion/dispersion_env/lib64/python3.11/site-packages/dynesty/plotting.py:282: RuntimeWarning: overflow encountered in exp
  zspan = (0., 1.05 * np.exp(logz[-1] + 3. * logzerr[-1]))
05:04 bilby WARNING : Axis limits cannot be NaN or Inf
05:04 bilby WARNING : Failed to create dynesty run plot at checkpoint
05:06 bilby INFO    : Written checkpoint file results/12/None_resume.pickle
05:06 bilby WARNING : Too many bins for data range. Cannot create 500 finite-sized bins.
05:06 bilby WARNING : Failed to create dynesty state plot at checkpoint
/ligo/home/ligo.org/pratyusava.baral/dispersion/dispersion_env/lib64/python3.11/site-packages/dynesty/plotting.py:252: RuntimeWarning: overflow encountered in exp
  np.exp(logwt), logz if logplot else np.exp(logz)
/ligo/home/ligo.org/pratyusava.baral/dispersion/dispersion_env/lib64/python3.11/site-packages/dynesty/plotting.py:282: RuntimeWarning: overflow encountered in exp
  zspan = (0., 1.05 * np.exp(logz[-1] + 3. * logzerr[-1]))
05:06 bilby WARNING : Axis limits cannot be NaN or Inf
05:06 bilby WARNING : Failed to create dynesty run plot at checkpoint
05:06 bilby INFO    : Starting to close worker pool.
05:06 bilby INFO    : Finished closing worker pool.
05:06 bilby INFO    : Rejection sampling nested samples to obtain 2816 posterior samples
05:06 bilby INFO    : Sampling time: 14:09:17.976048
05:06 bilby INFO    : Summary of results:
nsamples: 2816
ln_noise_evidence: -269316.373
ln_evidence: -52.347 +/-  0.314
ln_bayes_factor: 269264.026 +/-  0.314

