14:58 bilby INFO    : Waveform generator initiated with
  frequency_domain_source_model: bilby.gw.source.lal_binary_black_hole_individual_modes
  time_domain_source_model: None
  parameter_conversion: bilby.gw.conversion.convert_to_lal_binary_black_hole_parameters
/scratch2/ligo.org/pratyusava.baral/dispersion/dispersion_env/src/bilby-x-g/bilby/gw/detector/interferometer.py:483: RuntimeWarning: divide by zero encountered in scalar power
  lambda_A = h * np.abs(A) ** (1/(a-2))
14:58 bilby INFO    : No prior given, using default BNS priors in /scratch2/ligo.org/pratyusava.baral/dispersion/dispersion_env/src/bilby-x-g/bilby/gw/prior_files/aligned_spins_bns_tides_on.prior.
14:58 bilby INFO    : Waveform generator initiated with
  frequency_domain_source_model: bilby.gw.source.lal_binary_black_hole_relative_binning_individual_modes
  time_domain_source_model: None
  parameter_conversion: bilby.gw.conversion.convert_to_lal_binary_neutron_star_parameters
14:58 bilby INFO    : Initial fiducial waveforms set up
14:58 bilby INFO    : Summary Data Obtained
14:58 bilby INFO    : Fiducial likelihood: 300727.03
14:58 bilby INFO    : Running for label 'None', output will be saved to 'results/13'
14:58 bilby INFO    : Performing redundancy check using BBHPriorDict(self).test_redundancy
14:58 bilby INFO    : Performing redundancy check using BBHPriorDict(self).test_redundancy
14:58 bilby INFO    : Performing redundancy check using BBHPriorDict(self).test_redundancy
14:58 bilby INFO    : Performing redundancy check using BBHPriorDict(self).test_redundancy
14:58 bilby INFO    : Performing redundancy check using BBHPriorDict(self).test_redundancy
14:58 bilby INFO    : Performing redundancy check using BBHPriorDict(self).test_redundancy
14:58 bilby INFO    : Performing redundancy check using BBHPriorDict(self).test_redundancy
14:58 bilby INFO    : Performing redundancy check using BBHPriorDict(self).test_redundancy
14:58 bilby INFO    : Performing redundancy check using BBHPriorDict(self).test_redundancy
14:58 bilby INFO    : Performing redundancy check using BBHPriorDict(self).test_redundancy
14:58 bilby INFO    : Performing redundancy check using BBHPriorDict(self).test_redundancy
14:58 bilby INFO    : Performing redundancy check using BBHPriorDict(self).test_redundancy
14:58 bilby INFO    : Performing redundancy check using BBHPriorDict(self).test_redundancy
14:58 bilby INFO    : Performing redundancy check using BBHPriorDict(self).test_redundancy
14:58 bilby INFO    : Using lal version 7.7.0
14:58 bilby INFO    : Using lal git version Branch: None;Tag: lalsuite-v7.26.1;Id: c90e1175f5e238741185744a4e516e58d42a9aec;;Builder: Unknown User <>;Repository status: CLEAN: All modifications committed
14:58 bilby INFO    : Using lalsimulation version 6.2.0
14:58 bilby INFO    : Using lalsimulation git version Branch: None;Tag: lalsuite-v7.26.1;Id: c90e1175f5e238741185744a4e516e58d42a9aec;;Builder: Unknown User <>;Repository status: CLEAN: All modifications committed
14:58 bilby INFO    : Analysis priors:
14:58 bilby INFO    : mass_ratio=Uniform(minimum=0.6736769516070182, maximum=1, name='mass_ratio', latex_label='$q$', unit=None, boundary=None)
14:58 bilby INFO    : chirp_mass=Uniform(minimum=48.40696069679587, maximum=48.46696069679587, name='chirp_mass', latex_label='$\\mathcal{M}$', unit=None, boundary=None)
14:58 bilby INFO    : luminosity_distance=Uniform(minimum=1840.6292767624122, maximum=1930.6292767624122, name='luminosity_distance', latex_label='$d_L$', unit=None, boundary=None)
14:58 bilby INFO    : dec=Cosine(minimum=-1.5707963267948966, maximum=1.5707963267948966, name='dec', latex_label='$\\mathrm{DEC}$', unit=None, boundary=None)
14:58 bilby INFO    : ra=Uniform(minimum=0, maximum=6.283185307179586, name='ra', latex_label='$\\mathrm{RA}$', unit=None, boundary='periodic')
14:58 bilby INFO    : theta_jn=Sine(minimum=0, maximum=3.141592653589793, name='theta_jn', latex_label='$\\theta_{JN}$', unit=None, boundary=None)
14:58 bilby INFO    : psi=Uniform(minimum=0, maximum=3.141592653589793, name='psi', latex_label='$\\psi$', unit=None, boundary='periodic')
14:58 bilby INFO    : phase=Uniform(minimum=0, maximum=6.283185307179586, name='phase', latex_label='$\\phi$', unit=None, boundary='periodic')
14:58 bilby INFO    : chi_1=bilby.gw.prior.AlignedSpin(a_prior=Uniform(minimum=0, maximum=0.99, name=None, latex_label=None, unit=None, boundary=None), z_prior=Uniform(minimum=-1, maximum=1, name=None, latex_label=None, unit=None, boundary=None), name='chi_1', latex_label='$\\chi_1$', unit=None, boundary=None, minimum=-0.99, maximum=0.99)
14:58 bilby INFO    : chi_2=bilby.gw.prior.AlignedSpin(a_prior=Uniform(minimum=0, maximum=0.99, name=None, latex_label=None, unit=None, boundary=None), z_prior=Uniform(minimum=-1, maximum=1, name=None, latex_label=None, unit=None, boundary=None), name='chi_2', latex_label='$\\chi_2$', unit=None, boundary=None, minimum=-0.99, maximum=0.99)
14:58 bilby INFO    : A=Uniform(minimum=-1, maximum=1, name='A', latex_label='A', unit=None, boundary=None)
14:58 bilby INFO    : CE_time=Uniform(minimum=1932465987.895824, maximum=1932465987.915824, name='CE_time', latex_label='$t_{CE}$', unit='$s$', boundary=None)
14:58 bilby INFO    : a=0
14:58 bilby INFO    : fiducial=0
14:58 bilby INFO    : Analysis likelihood class: <class 'bilby.gw.likelihood.relative.RelativeBinningGravitationalWaveTransientNextGenerationModebyMode'>
14:58 bilby INFO    : Analysis likelihood noise evidence: -300727.0253852754
14:58 bilby INFO    : Single likelihood evaluation took 6.123e-02 s
14:58 bilby INFO    : Using sampler Dynesty with kwargs {'nlive': 500, 'bound': 'live', 'sample': 'acceptance-walk', 'periodic': None, 'reflective': None, 'update_interval': 600, 'first_update': None, 'npdim': None, 'rstate': None, 'queue_size': 16, 'pool': None, 'use_pool': None, 'live_points': None, 'logl_args': None, 'logl_kwargs': None, 'ptform_args': None, 'ptform_kwargs': None, 'gradient': None, 'grad_args': None, 'grad_kwargs': None, 'compute_jac': False, 'enlarge': None, 'bootstrap': None, 'walks': 100, 'facc': 0.2, 'slices': None, 'fmove': 0.9, 'max_move': 100, 'update_func': None, 'ncdim': None, 'blob': False, 'save_history': False, 'history_filename': None, 'maxiter': None, 'maxcall': None, 'dlogz': 0.01, 'logl_max': inf, 'n_effective': None, 'add_live': True, 'print_progress': True, 'print_func': <bound method Dynesty._print_func of <bilby.core.sampler.dynesty.Dynesty object at 0x14ff8ba5fd50>>, 'save_bounds': False, 'checkpoint_file': None, 'checkpoint_every': 60, 'resume': False, 'seed': None}
14:58 bilby INFO    : Checkpoint every check_point_delta_t = 600s
14:58 bilby INFO    : Using dynesty version 2.1.5
14:58 bilby INFO    : Using the bilby-implemented acceptance-walk sampling with an average of 16.0 accepted steps per MCMC and maximum length 5000
14:58 bilby INFO    : Setting up multiproccesing pool with 16 processes
14:58 bilby INFO    : Resume file results/13/None_resume.pickle does not exist.
14:58 bilby INFO    : Generating initial points from the prior
15:09 bilby INFO    : Written checkpoint file results/13/None_resume.pickle
/ligo/home/ligo.org/pratyusava.baral/dispersion/dispersion_env/lib64/python3.11/site-packages/dynesty/plotting.py:786: UserWarning: Attempting to set identical low and high ylims makes transformation singular; automatically expanding.
  ax.set_ylim([0., max(y0) * 1.05])
15:09 bilby WARNING : Too many bins for data range. Cannot create 500 finite-sized bins.
15:09 bilby WARNING : Failed to create dynesty state plot at checkpoint
/ligo/home/ligo.org/pratyusava.baral/dispersion/dispersion_env/lib64/python3.11/site-packages/dynesty/plotting.py:786: UserWarning: Attempting to set identical low and high ylims makes transformation singular; automatically expanding.
  ax.set_ylim([0., max(y0) * 1.05])
/ligo/home/ligo.org/pratyusava.baral/dispersion/dispersion_env/lib64/python3.11/site-packages/dynesty/plotting.py:252: RuntimeWarning: overflow encountered in exp
  np.exp(logwt), logz if logplot else np.exp(logz)
/ligo/home/ligo.org/pratyusava.baral/dispersion/dispersion_env/lib64/python3.11/site-packages/dynesty/plotting.py:282: RuntimeWarning: overflow encountered in exp
  zspan = (0., 1.05 * np.exp(logz[-1] + 3. * logzerr[-1]))
15:09 bilby WARNING : Axis limits cannot be NaN or Inf
15:09 bilby WARNING : Failed to create dynesty run plot at checkpoint
15:19 bilby INFO    : Written checkpoint file results/13/None_resume.pickle
/ligo/home/ligo.org/pratyusava.baral/dispersion/dispersion_env/lib64/python3.11/site-packages/dynesty/plotting.py:786: UserWarning: Attempting to set identical low and high ylims makes transformation singular; automatically expanding.
  ax.set_ylim([0., max(y0) * 1.05])
15:19 bilby WARNING : Too many bins for data range. Cannot create 500 finite-sized bins.
15:19 bilby WARNING : Failed to create dynesty state plot at checkpoint
/ligo/home/ligo.org/pratyusava.baral/dispersion/dispersion_env/lib64/python3.11/site-packages/dynesty/plotting.py:786: UserWarning: Attempting to set identical low and high ylims makes transformation singular; automatically expanding.
  ax.set_ylim([0., max(y0) * 1.05])
/ligo/home/ligo.org/pratyusava.baral/dispersion/dispersion_env/lib64/python3.11/site-packages/dynesty/plotting.py:252: RuntimeWarning: overflow encountered in exp
  np.exp(logwt), logz if logplot else np.exp(logz)
/ligo/home/ligo.org/pratyusava.baral/dispersion/dispersion_env/lib64/python3.11/site-packages/dynesty/plotting.py:282: RuntimeWarning: overflow encountered in exp
  zspan = (0., 1.05 * np.exp(logz[-1] + 3. * logzerr[-1]))
15:19 bilby WARNING : Axis limits cannot be NaN or Inf
15:19 bilby WARNING : Failed to create dynesty run plot at checkpoint
15:29 bilby INFO    : Written checkpoint file results/13/None_resume.pickle
/ligo/home/ligo.org/pratyusava.baral/dispersion/dispersion_env/lib64/python3.11/site-packages/dynesty/plotting.py:786: UserWarning: Attempting to set identical low and high ylims makes transformation singular; automatically expanding.
  ax.set_ylim([0., max(y0) * 1.05])
15:29 bilby WARNING : Too many bins for data range. Cannot create 500 finite-sized bins.
15:29 bilby WARNING : Failed to create dynesty state plot at checkpoint
/ligo/home/ligo.org/pratyusava.baral/dispersion/dispersion_env/lib64/python3.11/site-packages/dynesty/plotting.py:786: UserWarning: Attempting to set identical low and high ylims makes transformation singular; automatically expanding.
  ax.set_ylim([0., max(y0) * 1.05])
/ligo/home/ligo.org/pratyusava.baral/dispersion/dispersion_env/lib64/python3.11/site-packages/dynesty/plotting.py:252: RuntimeWarning: overflow encountered in exp
  np.exp(logwt), logz if logplot else np.exp(logz)
/ligo/home/ligo.org/pratyusava.baral/dispersion/dispersion_env/lib64/python3.11/site-packages/dynesty/plotting.py:282: RuntimeWarning: overflow encountered in exp
  zspan = (0., 1.05 * np.exp(logz[-1] + 3. * logzerr[-1]))
15:30 bilby WARNING : Axis limits cannot be NaN or Inf
15:30 bilby WARNING : Failed to create dynesty run plot at checkpoint
15:39 bilby INFO    : Written checkpoint file results/13/None_resume.pickle
/ligo/home/ligo.org/pratyusava.baral/dispersion/dispersion_env/lib64/python3.11/site-packages/dynesty/plotting.py:786: UserWarning: Attempting to set identical low and high ylims makes transformation singular; automatically expanding.
  ax.set_ylim([0., max(y0) * 1.05])
15:40 bilby WARNING : Too many bins for data range. Cannot create 500 finite-sized bins.
15:40 bilby WARNING : Failed to create dynesty state plot at checkpoint
/ligo/home/ligo.org/pratyusava.baral/dispersion/dispersion_env/lib64/python3.11/site-packages/dynesty/plotting.py:786: UserWarning: Attempting to set identical low and high ylims makes transformation singular; automatically expanding.
  ax.set_ylim([0., max(y0) * 1.05])
/ligo/home/ligo.org/pratyusava.baral/dispersion/dispersion_env/lib64/python3.11/site-packages/dynesty/plotting.py:252: RuntimeWarning: overflow encountered in exp
  np.exp(logwt), logz if logplot else np.exp(logz)
/ligo/home/ligo.org/pratyusava.baral/dispersion/dispersion_env/lib64/python3.11/site-packages/dynesty/plotting.py:282: RuntimeWarning: overflow encountered in exp
  zspan = (0., 1.05 * np.exp(logz[-1] + 3. * logzerr[-1]))
15:40 bilby WARNING : Axis limits cannot be NaN or Inf
15:40 bilby WARNING : Failed to create dynesty run plot at checkpoint
15:50 bilby INFO    : Written checkpoint file results/13/None_resume.pickle
/ligo/home/ligo.org/pratyusava.baral/dispersion/dispersion_env/lib64/python3.11/site-packages/dynesty/plotting.py:786: UserWarning: Attempting to set identical low and high ylims makes transformation singular; automatically expanding.
  ax.set_ylim([0., max(y0) * 1.05])
15:50 bilby WARNING : Too many bins for data range. Cannot create 500 finite-sized bins.
15:50 bilby WARNING : Failed to create dynesty state plot at checkpoint
/ligo/home/ligo.org/pratyusava.baral/dispersion/dispersion_env/lib64/python3.11/site-packages/dynesty/plotting.py:786: UserWarning: Attempting to set identical low and high ylims makes transformation singular; automatically expanding.
  ax.set_ylim([0., max(y0) * 1.05])
/ligo/home/ligo.org/pratyusava.baral/dispersion/dispersion_env/lib64/python3.11/site-packages/dynesty/plotting.py:252: RuntimeWarning: overflow encountered in exp
  np.exp(logwt), logz if logplot else np.exp(logz)
/ligo/home/ligo.org/pratyusava.baral/dispersion/dispersion_env/lib64/python3.11/site-packages/dynesty/plotting.py:282: RuntimeWarning: overflow encountered in exp
  zspan = (0., 1.05 * np.exp(logz[-1] + 3. * logzerr[-1]))
15:50 bilby WARNING : Axis limits cannot be NaN or Inf
15:50 bilby WARNING : Failed to create dynesty run plot at checkpoint
16:00 bilby INFO    : Written checkpoint file results/13/None_resume.pickle
16:00 bilby WARNING : The data appears to lie in a lower-dimensional subspace of the space in which it is expressed. This has resulted in a singular data covariance matrix, which cannot be treated using the algorithms implemented in `gaussian_kde`. Consider performing principle component analysis / dimensionality reduction and using `gaussian_kde` with the transformed data.
16:00 bilby WARNING : Failed to create dynesty state plot at checkpoint
16:00 bilby WARNING : The data appears to lie in a lower-dimensional subspace of the space in which it is expressed. This has resulted in a singular data covariance matrix, which cannot be treated using the algorithms implemented in `gaussian_kde`. Consider performing principle component analysis / dimensionality reduction and using `gaussian_kde` with the transformed data.
16:00 bilby WARNING : Failed to create dynesty unit state plot at checkpoint
/ligo/home/ligo.org/pratyusava.baral/dispersion/dispersion_env/lib64/python3.11/site-packages/dynesty/plotting.py:252: RuntimeWarning: overflow encountered in exp
  np.exp(logwt), logz if logplot else np.exp(logz)
16:00 bilby WARNING : The data appears to lie in a lower-dimensional subspace of the space in which it is expressed. This has resulted in a singular data covariance matrix, which cannot be treated using the algorithms implemented in `gaussian_kde`. Consider performing principle component analysis / dimensionality reduction and using `gaussian_kde` with the transformed data.
16:00 bilby WARNING : Failed to create dynesty run plot at checkpoint
16:10 bilby INFO    : Written checkpoint file results/13/None_resume.pickle
/ligo/home/ligo.org/pratyusava.baral/dispersion/dispersion_env/lib64/python3.11/site-packages/dynesty/plotting.py:786: UserWarning: Attempting to set identical low and high ylims makes transformation singular; automatically expanding.
  ax.set_ylim([0., max(y0) * 1.05])
/ligo/home/ligo.org/pratyusava.baral/dispersion/dispersion_env/lib64/python3.11/site-packages/dynesty/plotting.py:749: UserWarning: Attempting to set identical low and high xlims makes transformation singular; automatically expanding.
  ax.set_xlim(span[i])
/ligo/home/ligo.org/pratyusava.baral/dispersion/dispersion_env/lib64/python3.11/site-packages/dynesty/plotting.py:786: UserWarning: Attempting to set identical low and high ylims makes transformation singular; automatically expanding.
  ax.set_ylim([0., max(y0) * 1.05])
/ligo/home/ligo.org/pratyusava.baral/dispersion/dispersion_env/lib64/python3.11/site-packages/dynesty/plotting.py:252: RuntimeWarning: overflow encountered in exp
  np.exp(logwt), logz if logplot else np.exp(logz)
/ligo/home/ligo.org/pratyusava.baral/dispersion/dispersion_env/lib64/python3.11/site-packages/dynesty/plotting.py:282: RuntimeWarning: overflow encountered in exp
  zspan = (0., 1.05 * np.exp(logz[-1] + 3. * logzerr[-1]))
16:10 bilby WARNING : Axis limits cannot be NaN or Inf
16:10 bilby WARNING : Failed to create dynesty run plot at checkpoint
16:21 bilby INFO    : Written checkpoint file results/13/None_resume.pickle
/ligo/home/ligo.org/pratyusava.baral/dispersion/dispersion_env/lib64/python3.11/site-packages/dynesty/plotting.py:786: UserWarning: Attempting to set identical low and high ylims makes transformation singular; automatically expanding.
  ax.set_ylim([0., max(y0) * 1.05])
/ligo/home/ligo.org/pratyusava.baral/dispersion/dispersion_env/lib64/python3.11/site-packages/dynesty/plotting.py:749: UserWarning: Attempting to set identical low and high xlims makes transformation singular; automatically expanding.
  ax.set_xlim(span[i])
/ligo/home/ligo.org/pratyusava.baral/dispersion/dispersion_env/lib64/python3.11/site-packages/dynesty/plotting.py:786: UserWarning: Attempting to set identical low and high ylims makes transformation singular; automatically expanding.
  ax.set_ylim([0., max(y0) * 1.05])
/ligo/home/ligo.org/pratyusava.baral/dispersion/dispersion_env/lib64/python3.11/site-packages/dynesty/plotting.py:252: RuntimeWarning: overflow encountered in exp
  np.exp(logwt), logz if logplot else np.exp(logz)
/ligo/home/ligo.org/pratyusava.baral/dispersion/dispersion_env/lib64/python3.11/site-packages/dynesty/plotting.py:282: RuntimeWarning: overflow encountered in exp
  zspan = (0., 1.05 * np.exp(logz[-1] + 3. * logzerr[-1]))
16:21 bilby WARNING : Axis limits cannot be NaN or Inf
16:21 bilby WARNING : Failed to create dynesty run plot at checkpoint
16:31 bilby INFO    : Written checkpoint file results/13/None_resume.pickle
/ligo/home/ligo.org/pratyusava.baral/dispersion/dispersion_env/lib64/python3.11/site-packages/dynesty/plotting.py:786: UserWarning: Attempting to set identical low and high ylims makes transformation singular; automatically expanding.
  ax.set_ylim([0., max(y0) * 1.05])
16:31 bilby WARNING : Too many bins for data range. Cannot create 500 finite-sized bins.
16:31 bilby WARNING : Failed to create dynesty state plot at checkpoint
/ligo/home/ligo.org/pratyusava.baral/dispersion/dispersion_env/lib64/python3.11/site-packages/dynesty/plotting.py:786: UserWarning: Attempting to set identical low and high ylims makes transformation singular; automatically expanding.
  ax.set_ylim([0., max(y0) * 1.05])
/ligo/home/ligo.org/pratyusava.baral/dispersion/dispersion_env/lib64/python3.11/site-packages/dynesty/plotting.py:252: RuntimeWarning: overflow encountered in exp
  np.exp(logwt), logz if logplot else np.exp(logz)
/ligo/home/ligo.org/pratyusava.baral/dispersion/dispersion_env/lib64/python3.11/site-packages/dynesty/plotting.py:282: RuntimeWarning: overflow encountered in exp
  zspan = (0., 1.05 * np.exp(logz[-1] + 3. * logzerr[-1]))
16:31 bilby WARNING : Axis limits cannot be NaN or Inf
16:31 bilby WARNING : Failed to create dynesty run plot at checkpoint
16:41 bilby INFO    : Written checkpoint file results/13/None_resume.pickle
16:41 bilby WARNING : The data appears to lie in a lower-dimensional subspace of the space in which it is expressed. This has resulted in a singular data covariance matrix, which cannot be treated using the algorithms implemented in `gaussian_kde`. Consider performing principle component analysis / dimensionality reduction and using `gaussian_kde` with the transformed data.
16:41 bilby WARNING : Failed to create dynesty state plot at checkpoint
16:41 bilby WARNING : The data appears to lie in a lower-dimensional subspace of the space in which it is expressed. This has resulted in a singular data covariance matrix, which cannot be treated using the algorithms implemented in `gaussian_kde`. Consider performing principle component analysis / dimensionality reduction and using `gaussian_kde` with the transformed data.
16:41 bilby WARNING : Failed to create dynesty unit state plot at checkpoint
/ligo/home/ligo.org/pratyusava.baral/dispersion/dispersion_env/lib64/python3.11/site-packages/dynesty/plotting.py:252: RuntimeWarning: overflow encountered in exp
  np.exp(logwt), logz if logplot else np.exp(logz)
16:41 bilby WARNING : The data appears to lie in a lower-dimensional subspace of the space in which it is expressed. This has resulted in a singular data covariance matrix, which cannot be treated using the algorithms implemented in `gaussian_kde`. Consider performing principle component analysis / dimensionality reduction and using `gaussian_kde` with the transformed data.
16:41 bilby WARNING : Failed to create dynesty run plot at checkpoint
16:51 bilby INFO    : Written checkpoint file results/13/None_resume.pickle
/ligo/home/ligo.org/pratyusava.baral/dispersion/dispersion_env/lib64/python3.11/site-packages/dynesty/plotting.py:786: UserWarning: Attempting to set identical low and high ylims makes transformation singular; automatically expanding.
  ax.set_ylim([0., max(y0) * 1.05])
16:51 bilby WARNING : Too many bins for data range. Cannot create 500 finite-sized bins.
16:51 bilby WARNING : Failed to create dynesty state plot at checkpoint
/ligo/home/ligo.org/pratyusava.baral/dispersion/dispersion_env/lib64/python3.11/site-packages/dynesty/plotting.py:786: UserWarning: Attempting to set identical low and high ylims makes transformation singular; automatically expanding.
  ax.set_ylim([0., max(y0) * 1.05])
/ligo/home/ligo.org/pratyusava.baral/dispersion/dispersion_env/lib64/python3.11/site-packages/dynesty/plotting.py:252: RuntimeWarning: overflow encountered in exp
  np.exp(logwt), logz if logplot else np.exp(logz)
/ligo/home/ligo.org/pratyusava.baral/dispersion/dispersion_env/lib64/python3.11/site-packages/dynesty/plotting.py:282: RuntimeWarning: overflow encountered in exp
  zspan = (0., 1.05 * np.exp(logz[-1] + 3. * logzerr[-1]))
16:51 bilby WARNING : Axis limits cannot be NaN or Inf
16:51 bilby WARNING : Failed to create dynesty run plot at checkpoint
17:01 bilby INFO    : Written checkpoint file results/13/None_resume.pickle
17:01 bilby WARNING : The data appears to lie in a lower-dimensional subspace of the space in which it is expressed. This has resulted in a singular data covariance matrix, which cannot be treated using the algorithms implemented in `gaussian_kde`. Consider performing principle component analysis / dimensionality reduction and using `gaussian_kde` with the transformed data.
17:01 bilby WARNING : Failed to create dynesty state plot at checkpoint
17:01 bilby WARNING : The data appears to lie in a lower-dimensional subspace of the space in which it is expressed. This has resulted in a singular data covariance matrix, which cannot be treated using the algorithms implemented in `gaussian_kde`. Consider performing principle component analysis / dimensionality reduction and using `gaussian_kde` with the transformed data.
17:01 bilby WARNING : Failed to create dynesty unit state plot at checkpoint
/ligo/home/ligo.org/pratyusava.baral/dispersion/dispersion_env/lib64/python3.11/site-packages/dynesty/plotting.py:252: RuntimeWarning: overflow encountered in exp
  np.exp(logwt), logz if logplot else np.exp(logz)
17:01 bilby WARNING : The data appears to lie in a lower-dimensional subspace of the space in which it is expressed. This has resulted in a singular data covariance matrix, which cannot be treated using the algorithms implemented in `gaussian_kde`. Consider performing principle component analysis / dimensionality reduction and using `gaussian_kde` with the transformed data.
17:01 bilby WARNING : Failed to create dynesty run plot at checkpoint
17:12 bilby INFO    : Written checkpoint file results/13/None_resume.pickle
/ligo/home/ligo.org/pratyusava.baral/dispersion/dispersion_env/lib64/python3.11/site-packages/dynesty/plotting.py:786: UserWarning: Attempting to set identical low and high ylims makes transformation singular; automatically expanding.
  ax.set_ylim([0., max(y0) * 1.05])
17:12 bilby WARNING : Too many bins for data range. Cannot create 500 finite-sized bins.
17:12 bilby WARNING : Failed to create dynesty state plot at checkpoint
/ligo/home/ligo.org/pratyusava.baral/dispersion/dispersion_env/lib64/python3.11/site-packages/dynesty/plotting.py:786: UserWarning: Attempting to set identical low and high ylims makes transformation singular; automatically expanding.
  ax.set_ylim([0., max(y0) * 1.05])
/ligo/home/ligo.org/pratyusava.baral/dispersion/dispersion_env/lib64/python3.11/site-packages/dynesty/plotting.py:252: RuntimeWarning: overflow encountered in exp
  np.exp(logwt), logz if logplot else np.exp(logz)
/ligo/home/ligo.org/pratyusava.baral/dispersion/dispersion_env/lib64/python3.11/site-packages/dynesty/plotting.py:282: RuntimeWarning: overflow encountered in exp
  zspan = (0., 1.05 * np.exp(logz[-1] + 3. * logzerr[-1]))
17:12 bilby WARNING : Axis limits cannot be NaN or Inf
17:12 bilby WARNING : Failed to create dynesty run plot at checkpoint
17:22 bilby INFO    : Written checkpoint file results/13/None_resume.pickle
/ligo/home/ligo.org/pratyusava.baral/dispersion/dispersion_env/lib64/python3.11/site-packages/dynesty/plotting.py:786: UserWarning: Attempting to set identical low and high ylims makes transformation singular; automatically expanding.
  ax.set_ylim([0., max(y0) * 1.05])
17:22 bilby WARNING : Too many bins for data range. Cannot create 500 finite-sized bins.
17:22 bilby WARNING : Failed to create dynesty state plot at checkpoint
/ligo/home/ligo.org/pratyusava.baral/dispersion/dispersion_env/lib64/python3.11/site-packages/dynesty/plotting.py:786: UserWarning: Attempting to set identical low and high ylims makes transformation singular; automatically expanding.
  ax.set_ylim([0., max(y0) * 1.05])
/ligo/home/ligo.org/pratyusava.baral/dispersion/dispersion_env/lib64/python3.11/site-packages/dynesty/plotting.py:252: RuntimeWarning: overflow encountered in exp
  np.exp(logwt), logz if logplot else np.exp(logz)
/ligo/home/ligo.org/pratyusava.baral/dispersion/dispersion_env/lib64/python3.11/site-packages/dynesty/plotting.py:282: RuntimeWarning: overflow encountered in exp
  zspan = (0., 1.05 * np.exp(logz[-1] + 3. * logzerr[-1]))
17:22 bilby WARNING : Axis limits cannot be NaN or Inf
17:22 bilby WARNING : Failed to create dynesty run plot at checkpoint
17:32 bilby INFO    : Written checkpoint file results/13/None_resume.pickle
/ligo/home/ligo.org/pratyusava.baral/dispersion/dispersion_env/lib64/python3.11/site-packages/dynesty/plotting.py:786: UserWarning: Attempting to set identical low and high ylims makes transformation singular; automatically expanding.
  ax.set_ylim([0., max(y0) * 1.05])
/ligo/home/ligo.org/pratyusava.baral/dispersion/dispersion_env/lib64/python3.11/site-packages/dynesty/plotting.py:749: UserWarning: Attempting to set identical low and high xlims makes transformation singular; automatically expanding.
  ax.set_xlim(span[i])
/ligo/home/ligo.org/pratyusava.baral/dispersion/dispersion_env/lib64/python3.11/site-packages/dynesty/plotting.py:786: UserWarning: Attempting to set identical low and high ylims makes transformation singular; automatically expanding.
  ax.set_ylim([0., max(y0) * 1.05])
/ligo/home/ligo.org/pratyusava.baral/dispersion/dispersion_env/lib64/python3.11/site-packages/dynesty/plotting.py:252: RuntimeWarning: overflow encountered in exp
  np.exp(logwt), logz if logplot else np.exp(logz)
/ligo/home/ligo.org/pratyusava.baral/dispersion/dispersion_env/lib64/python3.11/site-packages/dynesty/plotting.py:282: RuntimeWarning: overflow encountered in exp
  zspan = (0., 1.05 * np.exp(logz[-1] + 3. * logzerr[-1]))
17:32 bilby WARNING : Axis limits cannot be NaN or Inf
17:32 bilby WARNING : Failed to create dynesty run plot at checkpoint
17:42 bilby INFO    : Written checkpoint file results/13/None_resume.pickle
/ligo/home/ligo.org/pratyusava.baral/dispersion/dispersion_env/lib64/python3.11/site-packages/dynesty/plotting.py:786: UserWarning: Attempting to set identical low and high ylims makes transformation singular; automatically expanding.
  ax.set_ylim([0., max(y0) * 1.05])
17:42 bilby WARNING : Too many bins for data range. Cannot create 500 finite-sized bins.
17:42 bilby WARNING : Failed to create dynesty state plot at checkpoint
/ligo/home/ligo.org/pratyusava.baral/dispersion/dispersion_env/lib64/python3.11/site-packages/dynesty/plotting.py:786: UserWarning: Attempting to set identical low and high ylims makes transformation singular; automatically expanding.
  ax.set_ylim([0., max(y0) * 1.05])
/ligo/home/ligo.org/pratyusava.baral/dispersion/dispersion_env/lib64/python3.11/site-packages/dynesty/plotting.py:252: RuntimeWarning: overflow encountered in exp
  np.exp(logwt), logz if logplot else np.exp(logz)
/ligo/home/ligo.org/pratyusava.baral/dispersion/dispersion_env/lib64/python3.11/site-packages/dynesty/plotting.py:282: RuntimeWarning: overflow encountered in exp
  zspan = (0., 1.05 * np.exp(logz[-1] + 3. * logzerr[-1]))
17:42 bilby WARNING : Axis limits cannot be NaN or Inf
17:42 bilby WARNING : Failed to create dynesty run plot at checkpoint
17:52 bilby INFO    : Written checkpoint file results/13/None_resume.pickle
17:52 bilby WARNING : The data appears to lie in a lower-dimensional subspace of the space in which it is expressed. This has resulted in a singular data covariance matrix, which cannot be treated using the algorithms implemented in `gaussian_kde`. Consider performing principle component analysis / dimensionality reduction and using `gaussian_kde` with the transformed data.
17:52 bilby WARNING : Failed to create dynesty state plot at checkpoint
17:52 bilby WARNING : The data appears to lie in a lower-dimensional subspace of the space in which it is expressed. This has resulted in a singular data covariance matrix, which cannot be treated using the algorithms implemented in `gaussian_kde`. Consider performing principle component analysis / dimensionality reduction and using `gaussian_kde` with the transformed data.
17:52 bilby WARNING : Failed to create dynesty unit state plot at checkpoint
/ligo/home/ligo.org/pratyusava.baral/dispersion/dispersion_env/lib64/python3.11/site-packages/dynesty/plotting.py:252: RuntimeWarning: overflow encountered in exp
  np.exp(logwt), logz if logplot else np.exp(logz)
17:52 bilby WARNING : The data appears to lie in a lower-dimensional subspace of the space in which it is expressed. This has resulted in a singular data covariance matrix, which cannot be treated using the algorithms implemented in `gaussian_kde`. Consider performing principle component analysis / dimensionality reduction and using `gaussian_kde` with the transformed data.
17:52 bilby WARNING : Failed to create dynesty run plot at checkpoint
18:03 bilby INFO    : Written checkpoint file results/13/None_resume.pickle
/ligo/home/ligo.org/pratyusava.baral/dispersion/dispersion_env/lib64/python3.11/site-packages/dynesty/plotting.py:786: UserWarning: Attempting to set identical low and high ylims makes transformation singular; automatically expanding.
  ax.set_ylim([0., max(y0) * 1.05])
18:03 bilby WARNING : Too many bins for data range. Cannot create 500 finite-sized bins.
18:03 bilby WARNING : Failed to create dynesty state plot at checkpoint
/ligo/home/ligo.org/pratyusava.baral/dispersion/dispersion_env/lib64/python3.11/site-packages/dynesty/plotting.py:786: UserWarning: Attempting to set identical low and high ylims makes transformation singular; automatically expanding.
  ax.set_ylim([0., max(y0) * 1.05])
/ligo/home/ligo.org/pratyusava.baral/dispersion/dispersion_env/lib64/python3.11/site-packages/dynesty/plotting.py:252: RuntimeWarning: overflow encountered in exp
  np.exp(logwt), logz if logplot else np.exp(logz)
/ligo/home/ligo.org/pratyusava.baral/dispersion/dispersion_env/lib64/python3.11/site-packages/dynesty/plotting.py:282: RuntimeWarning: overflow encountered in exp
  zspan = (0., 1.05 * np.exp(logz[-1] + 3. * logzerr[-1]))
18:03 bilby WARNING : Axis limits cannot be NaN or Inf
18:03 bilby WARNING : Failed to create dynesty run plot at checkpoint
18:13 bilby INFO    : Written checkpoint file results/13/None_resume.pickle
/ligo/home/ligo.org/pratyusava.baral/dispersion/dispersion_env/lib64/python3.11/site-packages/dynesty/plotting.py:786: UserWarning: Attempting to set identical low and high ylims makes transformation singular; automatically expanding.
  ax.set_ylim([0., max(y0) * 1.05])
/ligo/home/ligo.org/pratyusava.baral/dispersion/dispersion_env/lib64/python3.11/site-packages/dynesty/plotting.py:749: UserWarning: Attempting to set identical low and high xlims makes transformation singular; automatically expanding.
  ax.set_xlim(span[i])
/ligo/home/ligo.org/pratyusava.baral/dispersion/dispersion_env/lib64/python3.11/site-packages/dynesty/plotting.py:786: UserWarning: Attempting to set identical low and high ylims makes transformation singular; automatically expanding.
  ax.set_ylim([0., max(y0) * 1.05])
/ligo/home/ligo.org/pratyusava.baral/dispersion/dispersion_env/lib64/python3.11/site-packages/dynesty/plotting.py:252: RuntimeWarning: overflow encountered in exp
  np.exp(logwt), logz if logplot else np.exp(logz)
/ligo/home/ligo.org/pratyusava.baral/dispersion/dispersion_env/lib64/python3.11/site-packages/dynesty/plotting.py:282: RuntimeWarning: overflow encountered in exp
  zspan = (0., 1.05 * np.exp(logz[-1] + 3. * logzerr[-1]))
18:13 bilby WARNING : Axis limits cannot be NaN or Inf
18:13 bilby WARNING : Failed to create dynesty run plot at checkpoint
18:23 bilby INFO    : Written checkpoint file results/13/None_resume.pickle
18:23 bilby WARNING : The data appears to lie in a lower-dimensional subspace of the space in which it is expressed. This has resulted in a singular data covariance matrix, which cannot be treated using the algorithms implemented in `gaussian_kde`. Consider performing principle component analysis / dimensionality reduction and using `gaussian_kde` with the transformed data.
18:23 bilby WARNING : Failed to create dynesty state plot at checkpoint
18:23 bilby WARNING : The data appears to lie in a lower-dimensional subspace of the space in which it is expressed. This has resulted in a singular data covariance matrix, which cannot be treated using the algorithms implemented in `gaussian_kde`. Consider performing principle component analysis / dimensionality reduction and using `gaussian_kde` with the transformed data.
18:23 bilby WARNING : Failed to create dynesty unit state plot at checkpoint
/ligo/home/ligo.org/pratyusava.baral/dispersion/dispersion_env/lib64/python3.11/site-packages/dynesty/plotting.py:252: RuntimeWarning: overflow encountered in exp
  np.exp(logwt), logz if logplot else np.exp(logz)
18:23 bilby WARNING : The data appears to lie in a lower-dimensional subspace of the space in which it is expressed. This has resulted in a singular data covariance matrix, which cannot be treated using the algorithms implemented in `gaussian_kde`. Consider performing principle component analysis / dimensionality reduction and using `gaussian_kde` with the transformed data.
18:23 bilby WARNING : Failed to create dynesty run plot at checkpoint
18:34 bilby INFO    : Written checkpoint file results/13/None_resume.pickle
/ligo/home/ligo.org/pratyusava.baral/dispersion/dispersion_env/lib64/python3.11/site-packages/dynesty/plotting.py:252: RuntimeWarning: overflow encountered in exp
  np.exp(logwt), logz if logplot else np.exp(logz)
/ligo/home/ligo.org/pratyusava.baral/dispersion/dispersion_env/lib64/python3.11/site-packages/dynesty/plotting.py:282: RuntimeWarning: overflow encountered in exp
  zspan = (0., 1.05 * np.exp(logz[-1] + 3. * logzerr[-1]))
18:34 bilby WARNING : Axis limits cannot be NaN or Inf
18:34 bilby WARNING : Failed to create dynesty run plot at checkpoint
18:44 bilby INFO    : Written checkpoint file results/13/None_resume.pickle
18:44 bilby WARNING : Too many bins for data range. Cannot create 500 finite-sized bins.
18:44 bilby WARNING : Failed to create dynesty state plot at checkpoint
/ligo/home/ligo.org/pratyusava.baral/dispersion/dispersion_env/lib64/python3.11/site-packages/dynesty/plotting.py:252: RuntimeWarning: overflow encountered in exp
  np.exp(logwt), logz if logplot else np.exp(logz)
/ligo/home/ligo.org/pratyusava.baral/dispersion/dispersion_env/lib64/python3.11/site-packages/dynesty/plotting.py:282: RuntimeWarning: overflow encountered in exp
  zspan = (0., 1.05 * np.exp(logz[-1] + 3. * logzerr[-1]))
18:44 bilby WARNING : Axis limits cannot be NaN or Inf
18:44 bilby WARNING : Failed to create dynesty run plot at checkpoint
18:54 bilby INFO    : Written checkpoint file results/13/None_resume.pickle
18:54 bilby WARNING : The data appears to lie in a lower-dimensional subspace of the space in which it is expressed. This has resulted in a singular data covariance matrix, which cannot be treated using the algorithms implemented in `gaussian_kde`. Consider performing principle component analysis / dimensionality reduction and using `gaussian_kde` with the transformed data.
18:54 bilby WARNING : Failed to create dynesty state plot at checkpoint
18:54 bilby WARNING : The data appears to lie in a lower-dimensional subspace of the space in which it is expressed. This has resulted in a singular data covariance matrix, which cannot be treated using the algorithms implemented in `gaussian_kde`. Consider performing principle component analysis / dimensionality reduction and using `gaussian_kde` with the transformed data.
18:54 bilby WARNING : Failed to create dynesty unit state plot at checkpoint
/ligo/home/ligo.org/pratyusava.baral/dispersion/dispersion_env/lib64/python3.11/site-packages/dynesty/plotting.py:252: RuntimeWarning: overflow encountered in exp
  np.exp(logwt), logz if logplot else np.exp(logz)
18:54 bilby WARNING : The data appears to lie in a lower-dimensional subspace of the space in which it is expressed. This has resulted in a singular data covariance matrix, which cannot be treated using the algorithms implemented in `gaussian_kde`. Consider performing principle component analysis / dimensionality reduction and using `gaussian_kde` with the transformed data.
18:54 bilby WARNING : Failed to create dynesty run plot at checkpoint
19:04 bilby INFO    : Written checkpoint file results/13/None_resume.pickle
/ligo/home/ligo.org/pratyusava.baral/dispersion/dispersion_env/lib64/python3.11/site-packages/dynesty/plotting.py:786: UserWarning: Attempting to set identical low and high ylims makes transformation singular; automatically expanding.
  ax.set_ylim([0., max(y0) * 1.05])
19:04 bilby WARNING : Too many bins for data range. Cannot create 500 finite-sized bins.
19:04 bilby WARNING : Failed to create dynesty state plot at checkpoint
/ligo/home/ligo.org/pratyusava.baral/dispersion/dispersion_env/lib64/python3.11/site-packages/dynesty/plotting.py:786: UserWarning: Attempting to set identical low and high ylims makes transformation singular; automatically expanding.
  ax.set_ylim([0., max(y0) * 1.05])
/ligo/home/ligo.org/pratyusava.baral/dispersion/dispersion_env/lib64/python3.11/site-packages/dynesty/plotting.py:252: RuntimeWarning: overflow encountered in exp
  np.exp(logwt), logz if logplot else np.exp(logz)
/ligo/home/ligo.org/pratyusava.baral/dispersion/dispersion_env/lib64/python3.11/site-packages/dynesty/plotting.py:282: RuntimeWarning: overflow encountered in exp
  zspan = (0., 1.05 * np.exp(logz[-1] + 3. * logzerr[-1]))
19:04 bilby WARNING : Axis limits cannot be NaN or Inf
19:04 bilby WARNING : Failed to create dynesty run plot at checkpoint
19:15 bilby INFO    : Written checkpoint file results/13/None_resume.pickle
/ligo/home/ligo.org/pratyusava.baral/dispersion/dispersion_env/lib64/python3.11/site-packages/dynesty/plotting.py:786: UserWarning: Attempting to set identical low and high ylims makes transformation singular; automatically expanding.
  ax.set_ylim([0., max(y0) * 1.05])
/ligo/home/ligo.org/pratyusava.baral/dispersion/dispersion_env/lib64/python3.11/site-packages/dynesty/plotting.py:749: UserWarning: Attempting to set identical low and high xlims makes transformation singular; automatically expanding.
  ax.set_xlim(span[i])
/ligo/home/ligo.org/pratyusava.baral/dispersion/dispersion_env/lib64/python3.11/site-packages/dynesty/plotting.py:786: UserWarning: Attempting to set identical low and high ylims makes transformation singular; automatically expanding.
  ax.set_ylim([0., max(y0) * 1.05])
/ligo/home/ligo.org/pratyusava.baral/dispersion/dispersion_env/lib64/python3.11/site-packages/dynesty/plotting.py:252: RuntimeWarning: overflow encountered in exp
  np.exp(logwt), logz if logplot else np.exp(logz)
/ligo/home/ligo.org/pratyusava.baral/dispersion/dispersion_env/lib64/python3.11/site-packages/dynesty/plotting.py:282: RuntimeWarning: overflow encountered in exp
  zspan = (0., 1.05 * np.exp(logz[-1] + 3. * logzerr[-1]))
19:15 bilby WARNING : Axis limits cannot be NaN or Inf
19:15 bilby WARNING : Failed to create dynesty run plot at checkpoint
19:25 bilby INFO    : Written checkpoint file results/13/None_resume.pickle
/ligo/home/ligo.org/pratyusava.baral/dispersion/dispersion_env/lib64/python3.11/site-packages/dynesty/plotting.py:786: UserWarning: Attempting to set identical low and high ylims makes transformation singular; automatically expanding.
  ax.set_ylim([0., max(y0) * 1.05])
19:25 bilby WARNING : Too many bins for data range. Cannot create 500 finite-sized bins.
19:25 bilby WARNING : Failed to create dynesty state plot at checkpoint
/ligo/home/ligo.org/pratyusava.baral/dispersion/dispersion_env/lib64/python3.11/site-packages/dynesty/plotting.py:786: UserWarning: Attempting to set identical low and high ylims makes transformation singular; automatically expanding.
  ax.set_ylim([0., max(y0) * 1.05])
/ligo/home/ligo.org/pratyusava.baral/dispersion/dispersion_env/lib64/python3.11/site-packages/dynesty/plotting.py:252: RuntimeWarning: overflow encountered in exp
  np.exp(logwt), logz if logplot else np.exp(logz)
/ligo/home/ligo.org/pratyusava.baral/dispersion/dispersion_env/lib64/python3.11/site-packages/dynesty/plotting.py:282: RuntimeWarning: overflow encountered in exp
  zspan = (0., 1.05 * np.exp(logz[-1] + 3. * logzerr[-1]))
19:25 bilby WARNING : Axis limits cannot be NaN or Inf
19:25 bilby WARNING : Failed to create dynesty run plot at checkpoint
19:35 bilby INFO    : Written checkpoint file results/13/None_resume.pickle
19:35 bilby WARNING : Too many bins for data range. Cannot create 500 finite-sized bins.
19:35 bilby WARNING : Failed to create dynesty state plot at checkpoint
/ligo/home/ligo.org/pratyusava.baral/dispersion/dispersion_env/lib64/python3.11/site-packages/dynesty/plotting.py:252: RuntimeWarning: overflow encountered in exp
  np.exp(logwt), logz if logplot else np.exp(logz)
/ligo/home/ligo.org/pratyusava.baral/dispersion/dispersion_env/lib64/python3.11/site-packages/dynesty/plotting.py:282: RuntimeWarning: overflow encountered in exp
  zspan = (0., 1.05 * np.exp(logz[-1] + 3. * logzerr[-1]))
19:35 bilby WARNING : Axis limits cannot be NaN or Inf
19:35 bilby WARNING : Failed to create dynesty run plot at checkpoint
19:46 bilby INFO    : Written checkpoint file results/13/None_resume.pickle
19:46 bilby WARNING : Too many bins for data range. Cannot create 500 finite-sized bins.
19:46 bilby WARNING : Failed to create dynesty state plot at checkpoint
/ligo/home/ligo.org/pratyusava.baral/dispersion/dispersion_env/lib64/python3.11/site-packages/dynesty/plotting.py:252: RuntimeWarning: overflow encountered in exp
  np.exp(logwt), logz if logplot else np.exp(logz)
/ligo/home/ligo.org/pratyusava.baral/dispersion/dispersion_env/lib64/python3.11/site-packages/dynesty/plotting.py:282: RuntimeWarning: overflow encountered in exp
  zspan = (0., 1.05 * np.exp(logz[-1] + 3. * logzerr[-1]))
19:46 bilby WARNING : Axis limits cannot be NaN or Inf
19:46 bilby WARNING : Failed to create dynesty run plot at checkpoint
19:56 bilby INFO    : Written checkpoint file results/13/None_resume.pickle
19:56 bilby WARNING : Too many bins for data range. Cannot create 500 finite-sized bins.
19:56 bilby WARNING : Failed to create dynesty state plot at checkpoint
/ligo/home/ligo.org/pratyusava.baral/dispersion/dispersion_env/lib64/python3.11/site-packages/dynesty/plotting.py:252: RuntimeWarning: overflow encountered in exp
  np.exp(logwt), logz if logplot else np.exp(logz)
/ligo/home/ligo.org/pratyusava.baral/dispersion/dispersion_env/lib64/python3.11/site-packages/dynesty/plotting.py:282: RuntimeWarning: overflow encountered in exp
  zspan = (0., 1.05 * np.exp(logz[-1] + 3. * logzerr[-1]))
19:56 bilby WARNING : Axis limits cannot be NaN or Inf
19:56 bilby WARNING : Failed to create dynesty run plot at checkpoint
20:06 bilby INFO    : Written checkpoint file results/13/None_resume.pickle
20:06 bilby WARNING : Too many bins for data range. Cannot create 500 finite-sized bins.
20:06 bilby WARNING : Failed to create dynesty state plot at checkpoint
/ligo/home/ligo.org/pratyusava.baral/dispersion/dispersion_env/lib64/python3.11/site-packages/dynesty/plotting.py:252: RuntimeWarning: overflow encountered in exp
  np.exp(logwt), logz if logplot else np.exp(logz)
/ligo/home/ligo.org/pratyusava.baral/dispersion/dispersion_env/lib64/python3.11/site-packages/dynesty/plotting.py:282: RuntimeWarning: overflow encountered in exp
  zspan = (0., 1.05 * np.exp(logz[-1] + 3. * logzerr[-1]))
20:06 bilby WARNING : Axis limits cannot be NaN or Inf
20:06 bilby WARNING : Failed to create dynesty run plot at checkpoint
20:16 bilby INFO    : Written checkpoint file results/13/None_resume.pickle
20:16 bilby WARNING : Too many bins for data range. Cannot create 500 finite-sized bins.
20:16 bilby WARNING : Failed to create dynesty state plot at checkpoint
/ligo/home/ligo.org/pratyusava.baral/dispersion/dispersion_env/lib64/python3.11/site-packages/dynesty/plotting.py:252: RuntimeWarning: overflow encountered in exp
  np.exp(logwt), logz if logplot else np.exp(logz)
/ligo/home/ligo.org/pratyusava.baral/dispersion/dispersion_env/lib64/python3.11/site-packages/dynesty/plotting.py:282: RuntimeWarning: overflow encountered in exp
  zspan = (0., 1.05 * np.exp(logz[-1] + 3. * logzerr[-1]))
20:16 bilby WARNING : Axis limits cannot be NaN or Inf
20:16 bilby WARNING : Failed to create dynesty run plot at checkpoint
20:26 bilby INFO    : Written checkpoint file results/13/None_resume.pickle
/ligo/home/ligo.org/pratyusava.baral/dispersion/dispersion_env/lib64/python3.11/site-packages/dynesty/plotting.py:786: UserWarning: Attempting to set identical low and high ylims makes transformation singular; automatically expanding.
  ax.set_ylim([0., max(y0) * 1.05])
20:26 bilby WARNING : Too many bins for data range. Cannot create 500 finite-sized bins.
20:26 bilby WARNING : Failed to create dynesty state plot at checkpoint
/ligo/home/ligo.org/pratyusava.baral/dispersion/dispersion_env/lib64/python3.11/site-packages/dynesty/plotting.py:786: UserWarning: Attempting to set identical low and high ylims makes transformation singular; automatically expanding.
  ax.set_ylim([0., max(y0) * 1.05])
/ligo/home/ligo.org/pratyusava.baral/dispersion/dispersion_env/lib64/python3.11/site-packages/dynesty/plotting.py:252: RuntimeWarning: overflow encountered in exp
  np.exp(logwt), logz if logplot else np.exp(logz)
/ligo/home/ligo.org/pratyusava.baral/dispersion/dispersion_env/lib64/python3.11/site-packages/dynesty/plotting.py:282: RuntimeWarning: overflow encountered in exp
  zspan = (0., 1.05 * np.exp(logz[-1] + 3. * logzerr[-1]))
20:26 bilby WARNING : Axis limits cannot be NaN or Inf
20:26 bilby WARNING : Failed to create dynesty run plot at checkpoint
20:36 bilby INFO    : Written checkpoint file results/13/None_resume.pickle
20:36 bilby WARNING : Too many bins for data range. Cannot create 500 finite-sized bins.
20:36 bilby WARNING : Failed to create dynesty state plot at checkpoint
/ligo/home/ligo.org/pratyusava.baral/dispersion/dispersion_env/lib64/python3.11/site-packages/dynesty/plotting.py:252: RuntimeWarning: overflow encountered in exp
  np.exp(logwt), logz if logplot else np.exp(logz)
/ligo/home/ligo.org/pratyusava.baral/dispersion/dispersion_env/lib64/python3.11/site-packages/dynesty/plotting.py:282: RuntimeWarning: overflow encountered in exp
  zspan = (0., 1.05 * np.exp(logz[-1] + 3. * logzerr[-1]))
20:36 bilby WARNING : Axis limits cannot be NaN or Inf
20:36 bilby WARNING : Failed to create dynesty run plot at checkpoint
20:46 bilby INFO    : Written checkpoint file results/13/None_resume.pickle
20:46 bilby WARNING : Too many bins for data range. Cannot create 500 finite-sized bins.
20:46 bilby WARNING : Failed to create dynesty state plot at checkpoint
/ligo/home/ligo.org/pratyusava.baral/dispersion/dispersion_env/lib64/python3.11/site-packages/dynesty/plotting.py:252: RuntimeWarning: overflow encountered in exp
  np.exp(logwt), logz if logplot else np.exp(logz)
/ligo/home/ligo.org/pratyusava.baral/dispersion/dispersion_env/lib64/python3.11/site-packages/dynesty/plotting.py:282: RuntimeWarning: overflow encountered in exp
  zspan = (0., 1.05 * np.exp(logz[-1] + 3. * logzerr[-1]))
20:46 bilby WARNING : Axis limits cannot be NaN or Inf
20:46 bilby WARNING : Failed to create dynesty run plot at checkpoint
20:57 bilby INFO    : Written checkpoint file results/13/None_resume.pickle
20:57 bilby WARNING : Too many bins for data range. Cannot create 500 finite-sized bins.
20:57 bilby WARNING : Failed to create dynesty state plot at checkpoint
/ligo/home/ligo.org/pratyusava.baral/dispersion/dispersion_env/lib64/python3.11/site-packages/dynesty/plotting.py:252: RuntimeWarning: overflow encountered in exp
  np.exp(logwt), logz if logplot else np.exp(logz)
/ligo/home/ligo.org/pratyusava.baral/dispersion/dispersion_env/lib64/python3.11/site-packages/dynesty/plotting.py:282: RuntimeWarning: overflow encountered in exp
  zspan = (0., 1.05 * np.exp(logz[-1] + 3. * logzerr[-1]))
20:57 bilby WARNING : Axis limits cannot be NaN or Inf
20:57 bilby WARNING : Failed to create dynesty run plot at checkpoint
21:07 bilby INFO    : Written checkpoint file results/13/None_resume.pickle
21:07 bilby WARNING : Too many bins for data range. Cannot create 500 finite-sized bins.
21:07 bilby WARNING : Failed to create dynesty state plot at checkpoint
/ligo/home/ligo.org/pratyusava.baral/dispersion/dispersion_env/lib64/python3.11/site-packages/dynesty/plotting.py:252: RuntimeWarning: overflow encountered in exp
  np.exp(logwt), logz if logplot else np.exp(logz)
/ligo/home/ligo.org/pratyusava.baral/dispersion/dispersion_env/lib64/python3.11/site-packages/dynesty/plotting.py:282: RuntimeWarning: overflow encountered in exp
  zspan = (0., 1.05 * np.exp(logz[-1] + 3. * logzerr[-1]))
21:07 bilby WARNING : Axis limits cannot be NaN or Inf
21:07 bilby WARNING : Failed to create dynesty run plot at checkpoint
21:17 bilby INFO    : Written checkpoint file results/13/None_resume.pickle
21:17 bilby WARNING : Too many bins for data range. Cannot create 500 finite-sized bins.
21:17 bilby WARNING : Failed to create dynesty state plot at checkpoint
/ligo/home/ligo.org/pratyusava.baral/dispersion/dispersion_env/lib64/python3.11/site-packages/dynesty/plotting.py:252: RuntimeWarning: overflow encountered in exp
  np.exp(logwt), logz if logplot else np.exp(logz)
/ligo/home/ligo.org/pratyusava.baral/dispersion/dispersion_env/lib64/python3.11/site-packages/dynesty/plotting.py:282: RuntimeWarning: overflow encountered in exp
  zspan = (0., 1.05 * np.exp(logz[-1] + 3. * logzerr[-1]))
21:17 bilby WARNING : Axis limits cannot be NaN or Inf
21:17 bilby WARNING : Failed to create dynesty run plot at checkpoint
21:27 bilby INFO    : Written checkpoint file results/13/None_resume.pickle
21:27 bilby WARNING : Too many bins for data range. Cannot create 500 finite-sized bins.
21:27 bilby WARNING : Failed to create dynesty state plot at checkpoint
/ligo/home/ligo.org/pratyusava.baral/dispersion/dispersion_env/lib64/python3.11/site-packages/dynesty/plotting.py:252: RuntimeWarning: overflow encountered in exp
  np.exp(logwt), logz if logplot else np.exp(logz)
/ligo/home/ligo.org/pratyusava.baral/dispersion/dispersion_env/lib64/python3.11/site-packages/dynesty/plotting.py:282: RuntimeWarning: overflow encountered in exp
  zspan = (0., 1.05 * np.exp(logz[-1] + 3. * logzerr[-1]))
21:27 bilby WARNING : Axis limits cannot be NaN or Inf
21:27 bilby WARNING : Failed to create dynesty run plot at checkpoint
21:37 bilby INFO    : Written checkpoint file results/13/None_resume.pickle
21:37 bilby WARNING : Too many bins for data range. Cannot create 500 finite-sized bins.
21:37 bilby WARNING : Failed to create dynesty state plot at checkpoint
/ligo/home/ligo.org/pratyusava.baral/dispersion/dispersion_env/lib64/python3.11/site-packages/dynesty/plotting.py:252: RuntimeWarning: overflow encountered in exp
  np.exp(logwt), logz if logplot else np.exp(logz)
/ligo/home/ligo.org/pratyusava.baral/dispersion/dispersion_env/lib64/python3.11/site-packages/dynesty/plotting.py:282: RuntimeWarning: overflow encountered in exp
  zspan = (0., 1.05 * np.exp(logz[-1] + 3. * logzerr[-1]))
21:37 bilby WARNING : Axis limits cannot be NaN or Inf
21:37 bilby WARNING : Failed to create dynesty run plot at checkpoint
21:48 bilby INFO    : Written checkpoint file results/13/None_resume.pickle
21:48 bilby WARNING : Too many bins for data range. Cannot create 500 finite-sized bins.
21:48 bilby WARNING : Failed to create dynesty state plot at checkpoint
/ligo/home/ligo.org/pratyusava.baral/dispersion/dispersion_env/lib64/python3.11/site-packages/dynesty/plotting.py:252: RuntimeWarning: overflow encountered in exp
  np.exp(logwt), logz if logplot else np.exp(logz)
/ligo/home/ligo.org/pratyusava.baral/dispersion/dispersion_env/lib64/python3.11/site-packages/dynesty/plotting.py:282: RuntimeWarning: overflow encountered in exp
  zspan = (0., 1.05 * np.exp(logz[-1] + 3. * logzerr[-1]))
21:48 bilby WARNING : Axis limits cannot be NaN or Inf
21:48 bilby WARNING : Failed to create dynesty run plot at checkpoint
21:58 bilby INFO    : Written checkpoint file results/13/None_resume.pickle
/ligo/home/ligo.org/pratyusava.baral/dispersion/dispersion_env/lib64/python3.11/site-packages/dynesty/plotting.py:252: RuntimeWarning: overflow encountered in exp
  np.exp(logwt), logz if logplot else np.exp(logz)
/ligo/home/ligo.org/pratyusava.baral/dispersion/dispersion_env/lib64/python3.11/site-packages/dynesty/plotting.py:282: RuntimeWarning: overflow encountered in exp
  zspan = (0., 1.05 * np.exp(logz[-1] + 3. * logzerr[-1]))
21:58 bilby WARNING : Axis limits cannot be NaN or Inf
21:58 bilby WARNING : Failed to create dynesty run plot at checkpoint
22:08 bilby INFO    : Written checkpoint file results/13/None_resume.pickle
/ligo/home/ligo.org/pratyusava.baral/dispersion/dispersion_env/lib64/python3.11/site-packages/dynesty/plotting.py:252: RuntimeWarning: overflow encountered in exp
  np.exp(logwt), logz if logplot else np.exp(logz)
/ligo/home/ligo.org/pratyusava.baral/dispersion/dispersion_env/lib64/python3.11/site-packages/dynesty/plotting.py:282: RuntimeWarning: overflow encountered in exp
  zspan = (0., 1.05 * np.exp(logz[-1] + 3. * logzerr[-1]))
22:09 bilby WARNING : Axis limits cannot be NaN or Inf
22:09 bilby WARNING : Failed to create dynesty run plot at checkpoint
22:19 bilby INFO    : Written checkpoint file results/13/None_resume.pickle
22:19 bilby WARNING : Too many bins for data range. Cannot create 500 finite-sized bins.
22:19 bilby WARNING : Failed to create dynesty state plot at checkpoint
/ligo/home/ligo.org/pratyusava.baral/dispersion/dispersion_env/lib64/python3.11/site-packages/dynesty/plotting.py:252: RuntimeWarning: overflow encountered in exp
  np.exp(logwt), logz if logplot else np.exp(logz)
/ligo/home/ligo.org/pratyusava.baral/dispersion/dispersion_env/lib64/python3.11/site-packages/dynesty/plotting.py:282: RuntimeWarning: overflow encountered in exp
  zspan = (0., 1.05 * np.exp(logz[-1] + 3. * logzerr[-1]))
22:19 bilby WARNING : Axis limits cannot be NaN or Inf
22:19 bilby WARNING : Failed to create dynesty run plot at checkpoint
22:29 bilby INFO    : Written checkpoint file results/13/None_resume.pickle
22:29 bilby WARNING : Too many bins for data range. Cannot create 500 finite-sized bins.
22:29 bilby WARNING : Failed to create dynesty state plot at checkpoint
/ligo/home/ligo.org/pratyusava.baral/dispersion/dispersion_env/lib64/python3.11/site-packages/dynesty/plotting.py:252: RuntimeWarning: overflow encountered in exp
  np.exp(logwt), logz if logplot else np.exp(logz)
/ligo/home/ligo.org/pratyusava.baral/dispersion/dispersion_env/lib64/python3.11/site-packages/dynesty/plotting.py:282: RuntimeWarning: overflow encountered in exp
  zspan = (0., 1.05 * np.exp(logz[-1] + 3. * logzerr[-1]))
22:29 bilby WARNING : Axis limits cannot be NaN or Inf
22:29 bilby WARNING : Failed to create dynesty run plot at checkpoint
22:40 bilby INFO    : Written checkpoint file results/13/None_resume.pickle
22:40 bilby WARNING : Too many bins for data range. Cannot create 500 finite-sized bins.
22:40 bilby WARNING : Failed to create dynesty state plot at checkpoint
/ligo/home/ligo.org/pratyusava.baral/dispersion/dispersion_env/lib64/python3.11/site-packages/dynesty/plotting.py:252: RuntimeWarning: overflow encountered in exp
  np.exp(logwt), logz if logplot else np.exp(logz)
/ligo/home/ligo.org/pratyusava.baral/dispersion/dispersion_env/lib64/python3.11/site-packages/dynesty/plotting.py:282: RuntimeWarning: overflow encountered in exp
  zspan = (0., 1.05 * np.exp(logz[-1] + 3. * logzerr[-1]))
22:40 bilby WARNING : Axis limits cannot be NaN or Inf
22:40 bilby WARNING : Failed to create dynesty run plot at checkpoint
22:50 bilby INFO    : Written checkpoint file results/13/None_resume.pickle
22:50 bilby WARNING : Too many bins for data range. Cannot create 500 finite-sized bins.
22:50 bilby WARNING : Failed to create dynesty state plot at checkpoint
/ligo/home/ligo.org/pratyusava.baral/dispersion/dispersion_env/lib64/python3.11/site-packages/dynesty/plotting.py:252: RuntimeWarning: overflow encountered in exp
  np.exp(logwt), logz if logplot else np.exp(logz)
/ligo/home/ligo.org/pratyusava.baral/dispersion/dispersion_env/lib64/python3.11/site-packages/dynesty/plotting.py:282: RuntimeWarning: overflow encountered in exp
  zspan = (0., 1.05 * np.exp(logz[-1] + 3. * logzerr[-1]))
22:50 bilby WARNING : Axis limits cannot be NaN or Inf
22:50 bilby WARNING : Failed to create dynesty run plot at checkpoint
23:00 bilby INFO    : Written checkpoint file results/13/None_resume.pickle
23:00 bilby WARNING : Too many bins for data range. Cannot create 500 finite-sized bins.
23:00 bilby WARNING : Failed to create dynesty state plot at checkpoint
/ligo/home/ligo.org/pratyusava.baral/dispersion/dispersion_env/lib64/python3.11/site-packages/dynesty/plotting.py:252: RuntimeWarning: overflow encountered in exp
  np.exp(logwt), logz if logplot else np.exp(logz)
/ligo/home/ligo.org/pratyusava.baral/dispersion/dispersion_env/lib64/python3.11/site-packages/dynesty/plotting.py:282: RuntimeWarning: overflow encountered in exp
  zspan = (0., 1.05 * np.exp(logz[-1] + 3. * logzerr[-1]))
23:00 bilby WARNING : Axis limits cannot be NaN or Inf
23:00 bilby WARNING : Failed to create dynesty run plot at checkpoint
23:11 bilby INFO    : Written checkpoint file results/13/None_resume.pickle
23:11 bilby WARNING : Too many bins for data range. Cannot create 500 finite-sized bins.
23:11 bilby WARNING : Failed to create dynesty state plot at checkpoint
/ligo/home/ligo.org/pratyusava.baral/dispersion/dispersion_env/lib64/python3.11/site-packages/dynesty/plotting.py:252: RuntimeWarning: overflow encountered in exp
  np.exp(logwt), logz if logplot else np.exp(logz)
/ligo/home/ligo.org/pratyusava.baral/dispersion/dispersion_env/lib64/python3.11/site-packages/dynesty/plotting.py:282: RuntimeWarning: overflow encountered in exp
  zspan = (0., 1.05 * np.exp(logz[-1] + 3. * logzerr[-1]))
23:11 bilby WARNING : Axis limits cannot be NaN or Inf
23:11 bilby WARNING : Failed to create dynesty run plot at checkpoint
23:21 bilby INFO    : Written checkpoint file results/13/None_resume.pickle
23:21 bilby WARNING : Too many bins for data range. Cannot create 500 finite-sized bins.
23:21 bilby WARNING : Failed to create dynesty state plot at checkpoint
/ligo/home/ligo.org/pratyusava.baral/dispersion/dispersion_env/lib64/python3.11/site-packages/dynesty/plotting.py:252: RuntimeWarning: overflow encountered in exp
  np.exp(logwt), logz if logplot else np.exp(logz)
/ligo/home/ligo.org/pratyusava.baral/dispersion/dispersion_env/lib64/python3.11/site-packages/dynesty/plotting.py:282: RuntimeWarning: overflow encountered in exp
  zspan = (0., 1.05 * np.exp(logz[-1] + 3. * logzerr[-1]))
23:21 bilby WARNING : Axis limits cannot be NaN or Inf
23:21 bilby WARNING : Failed to create dynesty run plot at checkpoint
23:31 bilby INFO    : Written checkpoint file results/13/None_resume.pickle
23:31 bilby WARNING : Too many bins for data range. Cannot create 500 finite-sized bins.
23:31 bilby WARNING : Failed to create dynesty state plot at checkpoint
/ligo/home/ligo.org/pratyusava.baral/dispersion/dispersion_env/lib64/python3.11/site-packages/dynesty/plotting.py:252: RuntimeWarning: overflow encountered in exp
  np.exp(logwt), logz if logplot else np.exp(logz)
/ligo/home/ligo.org/pratyusava.baral/dispersion/dispersion_env/lib64/python3.11/site-packages/dynesty/plotting.py:282: RuntimeWarning: overflow encountered in exp
  zspan = (0., 1.05 * np.exp(logz[-1] + 3. * logzerr[-1]))
23:31 bilby WARNING : Axis limits cannot be NaN or Inf
23:31 bilby WARNING : Failed to create dynesty run plot at checkpoint
23:42 bilby INFO    : Written checkpoint file results/13/None_resume.pickle
23:42 bilby WARNING : Too many bins for data range. Cannot create 500 finite-sized bins.
23:42 bilby WARNING : Failed to create dynesty state plot at checkpoint
/ligo/home/ligo.org/pratyusava.baral/dispersion/dispersion_env/lib64/python3.11/site-packages/dynesty/plotting.py:252: RuntimeWarning: overflow encountered in exp
  np.exp(logwt), logz if logplot else np.exp(logz)
/ligo/home/ligo.org/pratyusava.baral/dispersion/dispersion_env/lib64/python3.11/site-packages/dynesty/plotting.py:282: RuntimeWarning: overflow encountered in exp
  zspan = (0., 1.05 * np.exp(logz[-1] + 3. * logzerr[-1]))
23:42 bilby WARNING : Axis limits cannot be NaN or Inf
23:42 bilby WARNING : Failed to create dynesty run plot at checkpoint
23:52 bilby INFO    : Written checkpoint file results/13/None_resume.pickle
23:52 bilby WARNING : Too many bins for data range. Cannot create 500 finite-sized bins.
23:52 bilby WARNING : Failed to create dynesty state plot at checkpoint
/ligo/home/ligo.org/pratyusava.baral/dispersion/dispersion_env/lib64/python3.11/site-packages/dynesty/plotting.py:252: RuntimeWarning: overflow encountered in exp
  np.exp(logwt), logz if logplot else np.exp(logz)
/ligo/home/ligo.org/pratyusava.baral/dispersion/dispersion_env/lib64/python3.11/site-packages/dynesty/plotting.py:282: RuntimeWarning: overflow encountered in exp
  zspan = (0., 1.05 * np.exp(logz[-1] + 3. * logzerr[-1]))
23:52 bilby WARNING : Axis limits cannot be NaN or Inf
23:52 bilby WARNING : Failed to create dynesty run plot at checkpoint
00:02 bilby INFO    : Written checkpoint file results/13/None_resume.pickle
00:02 bilby WARNING : Too many bins for data range. Cannot create 500 finite-sized bins.
00:02 bilby WARNING : Failed to create dynesty state plot at checkpoint
/ligo/home/ligo.org/pratyusava.baral/dispersion/dispersion_env/lib64/python3.11/site-packages/dynesty/plotting.py:252: RuntimeWarning: overflow encountered in exp
  np.exp(logwt), logz if logplot else np.exp(logz)
/ligo/home/ligo.org/pratyusava.baral/dispersion/dispersion_env/lib64/python3.11/site-packages/dynesty/plotting.py:282: RuntimeWarning: overflow encountered in exp
  zspan = (0., 1.05 * np.exp(logz[-1] + 3. * logzerr[-1]))
00:02 bilby WARNING : Axis limits cannot be NaN or Inf
00:02 bilby WARNING : Failed to create dynesty run plot at checkpoint
00:13 bilby INFO    : Written checkpoint file results/13/None_resume.pickle
00:13 bilby WARNING : Too many bins for data range. Cannot create 500 finite-sized bins.
00:13 bilby WARNING : Failed to create dynesty state plot at checkpoint
/ligo/home/ligo.org/pratyusava.baral/dispersion/dispersion_env/lib64/python3.11/site-packages/dynesty/plotting.py:252: RuntimeWarning: overflow encountered in exp
  np.exp(logwt), logz if logplot else np.exp(logz)
/ligo/home/ligo.org/pratyusava.baral/dispersion/dispersion_env/lib64/python3.11/site-packages/dynesty/plotting.py:282: RuntimeWarning: overflow encountered in exp
  zspan = (0., 1.05 * np.exp(logz[-1] + 3. * logzerr[-1]))
00:13 bilby WARNING : Axis limits cannot be NaN or Inf
00:13 bilby WARNING : Failed to create dynesty run plot at checkpoint
00:23 bilby INFO    : Written checkpoint file results/13/None_resume.pickle
00:23 bilby WARNING : Too many bins for data range. Cannot create 500 finite-sized bins.
00:23 bilby WARNING : Failed to create dynesty state plot at checkpoint
/ligo/home/ligo.org/pratyusava.baral/dispersion/dispersion_env/lib64/python3.11/site-packages/dynesty/plotting.py:252: RuntimeWarning: overflow encountered in exp
  np.exp(logwt), logz if logplot else np.exp(logz)
/ligo/home/ligo.org/pratyusava.baral/dispersion/dispersion_env/lib64/python3.11/site-packages/dynesty/plotting.py:282: RuntimeWarning: overflow encountered in exp
  zspan = (0., 1.05 * np.exp(logz[-1] + 3. * logzerr[-1]))
00:23 bilby WARNING : Axis limits cannot be NaN or Inf
00:23 bilby WARNING : Failed to create dynesty run plot at checkpoint
00:34 bilby INFO    : Written checkpoint file results/13/None_resume.pickle
00:34 bilby WARNING : Too many bins for data range. Cannot create 500 finite-sized bins.
00:34 bilby WARNING : Failed to create dynesty state plot at checkpoint
/ligo/home/ligo.org/pratyusava.baral/dispersion/dispersion_env/lib64/python3.11/site-packages/dynesty/plotting.py:252: RuntimeWarning: overflow encountered in exp
  np.exp(logwt), logz if logplot else np.exp(logz)
/ligo/home/ligo.org/pratyusava.baral/dispersion/dispersion_env/lib64/python3.11/site-packages/dynesty/plotting.py:282: RuntimeWarning: overflow encountered in exp
  zspan = (0., 1.05 * np.exp(logz[-1] + 3. * logzerr[-1]))
00:34 bilby WARNING : Axis limits cannot be NaN or Inf
00:34 bilby WARNING : Failed to create dynesty run plot at checkpoint
00:44 bilby INFO    : Written checkpoint file results/13/None_resume.pickle
00:44 bilby WARNING : Too many bins for data range. Cannot create 500 finite-sized bins.
00:44 bilby WARNING : Failed to create dynesty state plot at checkpoint
/ligo/home/ligo.org/pratyusava.baral/dispersion/dispersion_env/lib64/python3.11/site-packages/dynesty/plotting.py:252: RuntimeWarning: overflow encountered in exp
  np.exp(logwt), logz if logplot else np.exp(logz)
/ligo/home/ligo.org/pratyusava.baral/dispersion/dispersion_env/lib64/python3.11/site-packages/dynesty/plotting.py:282: RuntimeWarning: overflow encountered in exp
  zspan = (0., 1.05 * np.exp(logz[-1] + 3. * logzerr[-1]))
00:44 bilby WARNING : Axis limits cannot be NaN or Inf
00:44 bilby WARNING : Failed to create dynesty run plot at checkpoint
00:54 bilby INFO    : Written checkpoint file results/13/None_resume.pickle
00:54 bilby WARNING : Too many bins for data range. Cannot create 500 finite-sized bins.
00:54 bilby WARNING : Failed to create dynesty state plot at checkpoint
/ligo/home/ligo.org/pratyusava.baral/dispersion/dispersion_env/lib64/python3.11/site-packages/dynesty/plotting.py:252: RuntimeWarning: overflow encountered in exp
  np.exp(logwt), logz if logplot else np.exp(logz)
/ligo/home/ligo.org/pratyusava.baral/dispersion/dispersion_env/lib64/python3.11/site-packages/dynesty/plotting.py:282: RuntimeWarning: overflow encountered in exp
  zspan = (0., 1.05 * np.exp(logz[-1] + 3. * logzerr[-1]))
00:54 bilby WARNING : Axis limits cannot be NaN or Inf
00:54 bilby WARNING : Failed to create dynesty run plot at checkpoint
01:05 bilby INFO    : Written checkpoint file results/13/None_resume.pickle
01:05 bilby WARNING : Too many bins for data range. Cannot create 500 finite-sized bins.
01:05 bilby WARNING : Failed to create dynesty state plot at checkpoint
/ligo/home/ligo.org/pratyusava.baral/dispersion/dispersion_env/lib64/python3.11/site-packages/dynesty/plotting.py:252: RuntimeWarning: overflow encountered in exp
  np.exp(logwt), logz if logplot else np.exp(logz)
/ligo/home/ligo.org/pratyusava.baral/dispersion/dispersion_env/lib64/python3.11/site-packages/dynesty/plotting.py:282: RuntimeWarning: overflow encountered in exp
  zspan = (0., 1.05 * np.exp(logz[-1] + 3. * logzerr[-1]))
01:05 bilby WARNING : Axis limits cannot be NaN or Inf
01:05 bilby WARNING : Failed to create dynesty run plot at checkpoint
01:15 bilby INFO    : Written checkpoint file results/13/None_resume.pickle
01:15 bilby WARNING : Too many bins for data range. Cannot create 500 finite-sized bins.
01:15 bilby WARNING : Failed to create dynesty state plot at checkpoint
/ligo/home/ligo.org/pratyusava.baral/dispersion/dispersion_env/lib64/python3.11/site-packages/dynesty/plotting.py:252: RuntimeWarning: overflow encountered in exp
  np.exp(logwt), logz if logplot else np.exp(logz)
/ligo/home/ligo.org/pratyusava.baral/dispersion/dispersion_env/lib64/python3.11/site-packages/dynesty/plotting.py:282: RuntimeWarning: overflow encountered in exp
  zspan = (0., 1.05 * np.exp(logz[-1] + 3. * logzerr[-1]))
01:15 bilby WARNING : Axis limits cannot be NaN or Inf
01:15 bilby WARNING : Failed to create dynesty run plot at checkpoint
01:25 bilby INFO    : Written checkpoint file results/13/None_resume.pickle
01:25 bilby WARNING : Too many bins for data range. Cannot create 500 finite-sized bins.
01:25 bilby WARNING : Failed to create dynesty state plot at checkpoint
/ligo/home/ligo.org/pratyusava.baral/dispersion/dispersion_env/lib64/python3.11/site-packages/dynesty/plotting.py:252: RuntimeWarning: overflow encountered in exp
  np.exp(logwt), logz if logplot else np.exp(logz)
/ligo/home/ligo.org/pratyusava.baral/dispersion/dispersion_env/lib64/python3.11/site-packages/dynesty/plotting.py:282: RuntimeWarning: overflow encountered in exp
  zspan = (0., 1.05 * np.exp(logz[-1] + 3. * logzerr[-1]))
01:25 bilby WARNING : Axis limits cannot be NaN or Inf
01:25 bilby WARNING : Failed to create dynesty run plot at checkpoint
01:36 bilby INFO    : Written checkpoint file results/13/None_resume.pickle
01:36 bilby WARNING : Too many bins for data range. Cannot create 500 finite-sized bins.
01:36 bilby WARNING : Failed to create dynesty state plot at checkpoint
/ligo/home/ligo.org/pratyusava.baral/dispersion/dispersion_env/lib64/python3.11/site-packages/dynesty/plotting.py:252: RuntimeWarning: overflow encountered in exp
  np.exp(logwt), logz if logplot else np.exp(logz)
/ligo/home/ligo.org/pratyusava.baral/dispersion/dispersion_env/lib64/python3.11/site-packages/dynesty/plotting.py:282: RuntimeWarning: overflow encountered in exp
  zspan = (0., 1.05 * np.exp(logz[-1] + 3. * logzerr[-1]))
01:36 bilby WARNING : Axis limits cannot be NaN or Inf
01:36 bilby WARNING : Failed to create dynesty run plot at checkpoint
01:46 bilby INFO    : Written checkpoint file results/13/None_resume.pickle
01:46 bilby WARNING : Too many bins for data range. Cannot create 500 finite-sized bins.
01:46 bilby WARNING : Failed to create dynesty state plot at checkpoint
/ligo/home/ligo.org/pratyusava.baral/dispersion/dispersion_env/lib64/python3.11/site-packages/dynesty/plotting.py:252: RuntimeWarning: overflow encountered in exp
  np.exp(logwt), logz if logplot else np.exp(logz)
/ligo/home/ligo.org/pratyusava.baral/dispersion/dispersion_env/lib64/python3.11/site-packages/dynesty/plotting.py:282: RuntimeWarning: overflow encountered in exp
  zspan = (0., 1.05 * np.exp(logz[-1] + 3. * logzerr[-1]))
01:46 bilby WARNING : Axis limits cannot be NaN or Inf
01:46 bilby WARNING : Failed to create dynesty run plot at checkpoint
01:56 bilby INFO    : Written checkpoint file results/13/None_resume.pickle
01:56 bilby WARNING : Too many bins for data range. Cannot create 500 finite-sized bins.
01:56 bilby WARNING : Failed to create dynesty state plot at checkpoint
/ligo/home/ligo.org/pratyusava.baral/dispersion/dispersion_env/lib64/python3.11/site-packages/dynesty/plotting.py:252: RuntimeWarning: overflow encountered in exp
  np.exp(logwt), logz if logplot else np.exp(logz)
/ligo/home/ligo.org/pratyusava.baral/dispersion/dispersion_env/lib64/python3.11/site-packages/dynesty/plotting.py:282: RuntimeWarning: overflow encountered in exp
  zspan = (0., 1.05 * np.exp(logz[-1] + 3. * logzerr[-1]))
01:56 bilby WARNING : Axis limits cannot be NaN or Inf
01:56 bilby WARNING : Failed to create dynesty run plot at checkpoint
02:06 bilby INFO    : Written checkpoint file results/13/None_resume.pickle
02:06 bilby WARNING : Too many bins for data range. Cannot create 500 finite-sized bins.
02:06 bilby WARNING : Failed to create dynesty state plot at checkpoint
/ligo/home/ligo.org/pratyusava.baral/dispersion/dispersion_env/lib64/python3.11/site-packages/dynesty/plotting.py:252: RuntimeWarning: overflow encountered in exp
  np.exp(logwt), logz if logplot else np.exp(logz)
/ligo/home/ligo.org/pratyusava.baral/dispersion/dispersion_env/lib64/python3.11/site-packages/dynesty/plotting.py:282: RuntimeWarning: overflow encountered in exp
  zspan = (0., 1.05 * np.exp(logz[-1] + 3. * logzerr[-1]))
02:07 bilby WARNING : Axis limits cannot be NaN or Inf
02:07 bilby WARNING : Failed to create dynesty run plot at checkpoint
02:12 bilby INFO    : Written checkpoint file results/13/None_resume.pickle
02:13 bilby WARNING : Too many bins for data range. Cannot create 500 finite-sized bins.
02:13 bilby WARNING : Failed to create dynesty state plot at checkpoint
/ligo/home/ligo.org/pratyusava.baral/dispersion/dispersion_env/lib64/python3.11/site-packages/dynesty/plotting.py:252: RuntimeWarning: overflow encountered in exp
  np.exp(logwt), logz if logplot else np.exp(logz)
/ligo/home/ligo.org/pratyusava.baral/dispersion/dispersion_env/lib64/python3.11/site-packages/dynesty/plotting.py:282: RuntimeWarning: overflow encountered in exp
  zspan = (0., 1.05 * np.exp(logz[-1] + 3. * logzerr[-1]))
02:13 bilby WARNING : Axis limits cannot be NaN or Inf
02:13 bilby WARNING : Failed to create dynesty run plot at checkpoint
02:13 bilby INFO    : Starting to close worker pool.
02:13 bilby INFO    : Finished closing worker pool.
02:13 bilby INFO    : Rejection sampling nested samples to obtain 2580 posterior samples
02:13 bilby INFO    : Sampling time: 11:13:41.133278
02:13 bilby INFO    : Summary of results:
nsamples: 2580
ln_noise_evidence: -300727.025
ln_evidence: -50.744 +/-  0.309
ln_bayes_factor: 300676.281 +/-  0.309

