000 (44606439.013.000) 2026-01-25 11:06:58 Job submitted from host: <146.186.150.67:9618?CCBID=10.6.200.15:9618%3fPrivNet%3dGWAVE%26addrs%3d10.6.200.15-9618%26alias%3dligo-ad-01.gwave.ics.psu.edu%26noUDP%26sock%3dcollector#166034&PrivAddr=%3c146.186.150.67:9618%3fsock%3dschedd_323984_a796%3e&PrivNet=GWAVE&addrs=146.186.150.67-9618&alias=ligo-hd-02.gwave.ics.psu.edu&noUDP&sock=schedd_323984_a796>
...
001 (44606439.013.000) 2026-01-25 11:07:06 Job executing on host: <10.136.81.12:9618?alias=comp-ex-0227.gwave.ics.psu.edu&sock=startd_121091_eebc>
	SlotName: slot1_1@comp-ex-0227.gwave.ics.psu.edu
	CondorScratchDir = "/localscratch/condor/execute/dir_1302817"
	Cpus = 4
	Disk = 2048
	GPUs = 0
	Memory = 20096
...
006 (44606439.013.000) 2026-01-25 11:07:08 Image size of job updated: 280
	0  -  MemoryUsage of job (MB)
	0  -  ResidentSetSize of job (KB)
...
005 (44606439.013.000) 2026-01-25 11:07:08 Job terminated.
	(1) Normal termination (return value 1)
		Usr 0 00:00:02, Sys 0 00:00:00  -  Run Remote Usage
		Usr 0 00:00:00, Sys 0 00:00:00  -  Run Local Usage
		Usr 0 00:00:02, Sys 0 00:00:00  -  Total Remote Usage
		Usr 0 00:00:00, Sys 0 00:00:00  -  Total Local Usage
	0  -  Run Bytes Sent By Job
	0  -  Run Bytes Received By Job
	0  -  Total Bytes Sent By Job
	0  -  Total Bytes Received By Job
	Partitionable Resources :    Usage  Request Allocated 
	   Cpus                 :        0        4         4 
	   Disk (KB)            :       10     2000      2048 
	   GPUs                 :                           0 
	   Memory (MB)          :        0    20000     20096 
	   TimeExecute (s)      :        2                    
	   TimeSlotBusy (s)     :        2                    
...
000 (44606442.013.000) 2026-01-25 11:09:37 Job submitted from host: <146.186.150.67:9618?CCBID=10.6.200.15:9618%3fPrivNet%3dGWAVE%26addrs%3d10.6.200.15-9618%26alias%3dligo-ad-01.gwave.ics.psu.edu%26noUDP%26sock%3dcollector#166034&PrivAddr=%3c146.186.150.67:9618%3fsock%3dschedd_323984_a796%3e&PrivNet=GWAVE&addrs=146.186.150.67-9618&alias=ligo-hd-02.gwave.ics.psu.edu&noUDP&sock=schedd_323984_a796>
...
001 (44606442.013.000) 2026-01-25 11:09:52 Job executing on host: <10.136.81.14:9618?alias=comp-ex-0229.gwave.ics.psu.edu&sock=startd_111308_9bb7>
	SlotName: slot1_2@comp-ex-0229.gwave.ics.psu.edu
	CondorScratchDir = "/localscratch/condor/execute/dir_504057"
	Cpus = 4
	Disk = 2048
	GPUs = 0
	Memory = 20096
...
006 (44606442.013.000) 2026-01-25 11:09:56 Image size of job updated: 232
	0  -  MemoryUsage of job (MB)
	0  -  ResidentSetSize of job (KB)
...
005 (44606442.013.000) 2026-01-25 11:09:56 Job terminated.
	(1) Normal termination (return value 1)
		Usr 0 00:00:03, Sys 0 00:00:00  -  Run Remote Usage
		Usr 0 00:00:00, Sys 0 00:00:00  -  Run Local Usage
		Usr 0 00:00:03, Sys 0 00:00:00  -  Total Remote Usage
		Usr 0 00:00:00, Sys 0 00:00:00  -  Total Local Usage
	0  -  Run Bytes Sent By Job
	0  -  Run Bytes Received By Job
	0  -  Total Bytes Sent By Job
	0  -  Total Bytes Received By Job
	Partitionable Resources :    Usage  Request Allocated 
	   Cpus                 :        0        4         4 
	   Disk (KB)            :       10     2000      2048 
	   GPUs                 :                           0 
	   Memory (MB)          :        0    20000     20096 
	   TimeExecute (s)      :        4                    
	   TimeSlotBusy (s)     :        4                    
...
000 (44606444.013.000) 2026-01-25 11:12:20 Job submitted from host: <146.186.150.67:9618?CCBID=10.6.200.15:9618%3fPrivNet%3dGWAVE%26addrs%3d10.6.200.15-9618%26alias%3dligo-ad-01.gwave.ics.psu.edu%26noUDP%26sock%3dcollector#166034&PrivAddr=%3c146.186.150.67:9618%3fsock%3dschedd_323984_a796%3e&PrivNet=GWAVE&addrs=146.186.150.67-9618&alias=ligo-hd-02.gwave.ics.psu.edu&noUDP&sock=schedd_323984_a796>
...
001 (44606444.013.000) 2026-01-25 11:13:20 Job executing on host: <10.136.81.12:9618?alias=comp-ex-0227.gwave.ics.psu.edu&sock=startd_121091_eebc>
	SlotName: slot1_1@comp-ex-0227.gwave.ics.psu.edu
	CondorScratchDir = "/localscratch/condor/execute/dir_1330524"
	Cpus = 4
	Disk = 2048
	GPUs = 0
	Memory = 20096
...
006 (44606444.013.000) 2026-01-25 11:13:24 Image size of job updated: 296
	0  -  MemoryUsage of job (MB)
	0  -  ResidentSetSize of job (KB)
...
005 (44606444.013.000) 2026-01-25 11:13:24 Job terminated.
	(1) Normal termination (return value 1)
		Usr 0 00:00:03, Sys 0 00:00:00  -  Run Remote Usage
		Usr 0 00:00:00, Sys 0 00:00:00  -  Run Local Usage
		Usr 0 00:00:03, Sys 0 00:00:00  -  Total Remote Usage
		Usr 0 00:00:00, Sys 0 00:00:00  -  Total Local Usage
	0  -  Run Bytes Sent By Job
	0  -  Run Bytes Received By Job
	0  -  Total Bytes Sent By Job
	0  -  Total Bytes Received By Job
	Partitionable Resources :    Usage  Request Allocated 
	   Cpus                 :        0        4         4 
	   Disk (KB)            :       10     2000      2048 
	   GPUs                 :                           0 
	   Memory (MB)          :        0    20000     20096 
	   TimeExecute (s)      :        4                    
	   TimeSlotBusy (s)     :        4                    
...
000 (44606462.013.000) 2026-01-25 11:26:50 Job submitted from host: <146.186.150.67:9618?CCBID=10.6.200.15:9618%3fPrivNet%3dGWAVE%26addrs%3d10.6.200.15-9618%26alias%3dligo-ad-01.gwave.ics.psu.edu%26noUDP%26sock%3dcollector#166034&PrivAddr=%3c146.186.150.67:9618%3fsock%3dschedd_323984_a796%3e&PrivNet=GWAVE&addrs=146.186.150.67-9618&alias=ligo-hd-02.gwave.ics.psu.edu&noUDP&sock=schedd_323984_a796>
...
001 (44606462.013.000) 2026-01-25 11:27:41 Job executing on host: <10.136.81.23:9618?alias=comp-ex-0238.gwave.ics.psu.edu&sock=startd_109662_96d4>
	SlotName: slot1_8@comp-ex-0238.gwave.ics.psu.edu
	CondorScratchDir = "/localscratch/condor/execute/dir_1425095"
	Cpus = 4
	Disk = 2048
	GPUs = 0
	Memory = 20096
...
006 (44606462.013.000) 2026-01-25 11:27:45 Image size of job updated: 280
	0  -  MemoryUsage of job (MB)
	0  -  ResidentSetSize of job (KB)
...
005 (44606462.013.000) 2026-01-25 11:27:45 Job terminated.
	(1) Normal termination (return value 1)
		Usr 0 00:00:03, Sys 0 00:00:00  -  Run Remote Usage
		Usr 0 00:00:00, Sys 0 00:00:00  -  Run Local Usage
		Usr 0 00:00:03, Sys 0 00:00:00  -  Total Remote Usage
		Usr 0 00:00:00, Sys 0 00:00:00  -  Total Local Usage
	0  -  Run Bytes Sent By Job
	0  -  Run Bytes Received By Job
	0  -  Total Bytes Sent By Job
	0  -  Total Bytes Received By Job
	Partitionable Resources :    Usage  Request Allocated 
	   Cpus                 :        0        4         4 
	   Disk (KB)            :       10     2000      2048 
	   GPUs                 :                           0 
	   Memory (MB)          :        0    20000     20096 
	   TimeExecute (s)      :        4                    
	   TimeSlotBusy (s)     :        4                    
...
000 (44606736.013.000) 2026-01-25 15:37:28 Job submitted from host: <146.186.150.67:9618?CCBID=10.6.200.15:9618%3fPrivNet%3dGWAVE%26addrs%3d10.6.200.15-9618%26alias%3dligo-ad-01.gwave.ics.psu.edu%26noUDP%26sock%3dcollector#166034&PrivAddr=%3c146.186.150.67:9618%3fsock%3dschedd_323984_a796%3e&PrivNet=GWAVE&addrs=146.186.150.67-9618&alias=ligo-hd-02.gwave.ics.psu.edu&noUDP&sock=schedd_323984_a796>
...
009 (44606736.013.000) 2026-01-25 15:41:57 Job was aborted.
	via condor_rm (by user pratyusava.baral)
...
000 (44606739.013.000) 2026-01-25 15:42:07 Job submitted from host: <146.186.150.67:9618?CCBID=10.6.200.15:9618%3fPrivNet%3dGWAVE%26addrs%3d10.6.200.15-9618%26alias%3dligo-ad-01.gwave.ics.psu.edu%26noUDP%26sock%3dcollector#166034&PrivAddr=%3c146.186.150.67:9618%3fsock%3dschedd_323984_a796%3e&PrivNet=GWAVE&addrs=146.186.150.67-9618&alias=ligo-hd-02.gwave.ics.psu.edu&noUDP&sock=schedd_323984_a796>
...
000 (44606742.013.000) 2026-01-25 15:45:20 Job submitted from host: <146.186.150.67:9618?CCBID=10.6.200.15:9618%3fPrivNet%3dGWAVE%26addrs%3d10.6.200.15-9618%26alias%3dligo-ad-01.gwave.ics.psu.edu%26noUDP%26sock%3dcollector#166034&PrivAddr=%3c146.186.150.67:9618%3fsock%3dschedd_323984_a796%3e&PrivNet=GWAVE&addrs=146.186.150.67-9618&alias=ligo-hd-02.gwave.ics.psu.edu&noUDP&sock=schedd_323984_a796>
...
009 (44606739.013.000) 2026-01-25 15:45:44 Job was aborted.
	via condor_rm (by user pratyusava.baral)
...
009 (44606742.013.000) 2026-01-25 15:45:44 Job was aborted.
	via condor_rm (by user pratyusava.baral)
...
000 (44606743.013.000) 2026-01-25 15:45:51 Job submitted from host: <146.186.150.67:9618?CCBID=10.6.200.15:9618%3fPrivNet%3dGWAVE%26addrs%3d10.6.200.15-9618%26alias%3dligo-ad-01.gwave.ics.psu.edu%26noUDP%26sock%3dcollector#166034&PrivAddr=%3c146.186.150.67:9618%3fsock%3dschedd_323984_a796%3e&PrivNet=GWAVE&addrs=146.186.150.67-9618&alias=ligo-hd-02.gwave.ics.psu.edu&noUDP&sock=schedd_323984_a796>
...
009 (44606743.013.000) 2026-01-25 15:48:45 Job was aborted.
	via condor_rm (by user pratyusava.baral)
...
000 (44606747.013.000) 2026-01-25 15:48:50 Job submitted from host: <146.186.150.67:9618?CCBID=10.6.200.15:9618%3fPrivNet%3dGWAVE%26addrs%3d10.6.200.15-9618%26alias%3dligo-ad-01.gwave.ics.psu.edu%26noUDP%26sock%3dcollector#166034&PrivAddr=%3c146.186.150.67:9618%3fsock%3dschedd_323984_a796%3e&PrivNet=GWAVE&addrs=146.186.150.67-9618&alias=ligo-hd-02.gwave.ics.psu.edu&noUDP&sock=schedd_323984_a796>
...
009 (44606747.013.000) 2026-01-25 15:53:34 Job was aborted.
	via condor_rm (by user pratyusava.baral)
...
000 (44606754.013.000) 2026-01-25 15:54:03 Job submitted from host: <146.186.150.67:9618?CCBID=10.6.200.15:9618%3fPrivNet%3dGWAVE%26addrs%3d10.6.200.15-9618%26alias%3dligo-ad-01.gwave.ics.psu.edu%26noUDP%26sock%3dcollector#166034&PrivAddr=%3c146.186.150.67:9618%3fsock%3dschedd_323984_a796%3e&PrivNet=GWAVE&addrs=146.186.150.67-9618&alias=ligo-hd-02.gwave.ics.psu.edu&noUDP&sock=schedd_323984_a796>
...
001 (44606754.013.000) 2026-01-25 18:27:19 Job executing on host: <10.136.81.12:9618?alias=comp-ex-0227.gwave.ics.psu.edu&sock=startd_121091_eebc>
	SlotName: slot1_5@comp-ex-0227.gwave.ics.psu.edu
	CondorScratchDir = "/localscratch/condor/execute/dir_3542091"
	Cpus = 4
	Disk = 2048
	GPUs = 0
	Memory = 20096
...
006 (44606754.013.000) 2026-01-25 18:27:27 Image size of job updated: 176864
	173  -  MemoryUsage of job (MB)
	176864  -  ResidentSetSize of job (KB)
...
006 (44606754.013.000) 2026-01-25 18:32:27 Image size of job updated: 356088
	348  -  MemoryUsage of job (MB)
	356088  -  ResidentSetSize of job (KB)
...
006 (44606754.013.000) 2026-01-25 18:37:28 Image size of job updated: 370932
	363  -  MemoryUsage of job (MB)
	370932  -  ResidentSetSize of job (KB)
...
006 (44606754.013.000) 2026-01-25 18:42:28 Image size of job updated: 467368
	457  -  MemoryUsage of job (MB)
	467368  -  ResidentSetSize of job (KB)
...
006 (44606754.013.000) 2026-01-25 18:47:28 Image size of job updated: 467512
	457  -  MemoryUsage of job (MB)
	467512  -  ResidentSetSize of job (KB)
...
006 (44606754.013.000) 2026-01-25 18:52:29 Image size of job updated: 481412
	471  -  MemoryUsage of job (MB)
	481412  -  ResidentSetSize of job (KB)
...
006 (44606754.013.000) 2026-01-25 18:57:30 Image size of job updated: 608772
	595  -  MemoryUsage of job (MB)
	608772  -  ResidentSetSize of job (KB)
...
006 (44606754.013.000) 2026-01-25 19:02:30 Image size of job updated: 843896
	825  -  MemoryUsage of job (MB)
	843896  -  ResidentSetSize of job (KB)
...
006 (44606754.013.000) 2026-01-25 19:07:31 Image size of job updated: 1093024
	1068  -  MemoryUsage of job (MB)
	1093024  -  ResidentSetSize of job (KB)
...
006 (44606754.013.000) 2026-01-25 19:12:32 Image size of job updated: 1338644
	1308  -  MemoryUsage of job (MB)
	1338644  -  ResidentSetSize of job (KB)
...
006 (44606754.013.000) 2026-01-25 19:17:32 Image size of job updated: 1571760
	1535  -  MemoryUsage of job (MB)
	1571760  -  ResidentSetSize of job (KB)
...
006 (44606754.013.000) 2026-01-25 19:22:33 Image size of job updated: 1793376
	1751  -  MemoryUsage of job (MB)
	1792528  -  ResidentSetSize of job (KB)
...
006 (44606754.013.000) 2026-01-25 19:27:34 Image size of job updated: 1793376
	1751  -  MemoryUsage of job (MB)
	1792592  -  ResidentSetSize of job (KB)
...
006 (44606754.013.000) 2026-01-25 19:32:34 Image size of job updated: 1793376
	1751  -  MemoryUsage of job (MB)
	1792596  -  ResidentSetSize of job (KB)
...
006 (44606754.013.000) 2026-01-25 19:37:34 Image size of job updated: 1793376
	1751  -  MemoryUsage of job (MB)
	1792604  -  ResidentSetSize of job (KB)
...
006 (44606754.013.000) 2026-01-25 19:42:35 Image size of job updated: 1793376
	1751  -  MemoryUsage of job (MB)
	1792608  -  ResidentSetSize of job (KB)
...
006 (44606754.013.000) 2026-01-25 19:47:35 Image size of job updated: 1802712
	1761  -  MemoryUsage of job (MB)
	1802712  -  ResidentSetSize of job (KB)
...
006 (44606754.013.000) 2026-01-25 19:52:35 Image size of job updated: 1802716
	1761  -  MemoryUsage of job (MB)
	1802716  -  ResidentSetSize of job (KB)
...
006 (44606754.013.000) 2026-01-25 19:57:36 Image size of job updated: 1804748
	1762  -  MemoryUsage of job (MB)
	1803952  -  ResidentSetSize of job (KB)
...
006 (44606754.013.000) 2026-01-25 20:02:36 Image size of job updated: 1804748
	1762  -  MemoryUsage of job (MB)
	1803960  -  ResidentSetSize of job (KB)
...
006 (44606754.013.000) 2026-01-25 20:07:36 Image size of job updated: 1804748
	1762  -  MemoryUsage of job (MB)
	1803964  -  ResidentSetSize of job (KB)
...
006 (44606754.013.000) 2026-01-25 20:17:38 Image size of job updated: 1804748
	1762  -  MemoryUsage of job (MB)
	1804120  -  ResidentSetSize of job (KB)
...
006 (44606754.013.000) 2026-01-25 20:22:38 Image size of job updated: 1804748
	1762  -  MemoryUsage of job (MB)
	1804128  -  ResidentSetSize of job (KB)
...
006 (44606754.013.000) 2026-01-25 20:27:39 Image size of job updated: 1814140
	1770  -  MemoryUsage of job (MB)
	1812144  -  ResidentSetSize of job (KB)
...
006 (44606754.013.000) 2026-01-25 20:37:40 Image size of job updated: 1814140
	1770  -  MemoryUsage of job (MB)
	1812148  -  ResidentSetSize of job (KB)
...
006 (44606754.013.000) 2026-01-25 21:02:44 Image size of job updated: 1814140
	1770  -  MemoryUsage of job (MB)
	1812152  -  ResidentSetSize of job (KB)
...
006 (44606754.013.000) 2026-01-25 21:07:44 Image size of job updated: 1814140
	1770  -  MemoryUsage of job (MB)
	1812172  -  ResidentSetSize of job (KB)
...
006 (44606754.013.000) 2026-01-25 21:17:45 Image size of job updated: 1814528
	1772  -  MemoryUsage of job (MB)
	1814528  -  ResidentSetSize of job (KB)
...
006 (44606754.013.000) 2026-01-25 21:27:45 Image size of job updated: 1815184
	1773  -  MemoryUsage of job (MB)
	1815184  -  ResidentSetSize of job (KB)
...
006 (44606754.013.000) 2026-01-25 21:37:46 Image size of job updated: 1815188
	1773  -  MemoryUsage of job (MB)
	1815188  -  ResidentSetSize of job (KB)
...
006 (44606754.013.000) 2026-01-25 21:52:47 Image size of job updated: 1816196
	1774  -  MemoryUsage of job (MB)
	1816196  -  ResidentSetSize of job (KB)
...
006 (44606754.013.000) 2026-01-25 22:02:48 Image size of job updated: 1817212
	1775  -  MemoryUsage of job (MB)
	1817212  -  ResidentSetSize of job (KB)
...
006 (44606754.013.000) 2026-01-25 22:12:49 Image size of job updated: 1819840
	1778  -  MemoryUsage of job (MB)
	1819840  -  ResidentSetSize of job (KB)
...
006 (44606754.013.000) 2026-01-25 22:22:51 Image size of job updated: 1820228
	1778  -  MemoryUsage of job (MB)
	1820228  -  ResidentSetSize of job (KB)
...
006 (44606754.013.000) 2026-01-25 22:27:51 Image size of job updated: 1820232
	1778  -  MemoryUsage of job (MB)
	1820232  -  ResidentSetSize of job (KB)
...
006 (44606754.013.000) 2026-01-25 22:32:52 Image size of job updated: 1821580
	1779  -  MemoryUsage of job (MB)
	1821580  -  ResidentSetSize of job (KB)
...
006 (44606754.013.000) 2026-01-25 22:42:53 Image size of job updated: 1822668
	1780  -  MemoryUsage of job (MB)
	1822668  -  ResidentSetSize of job (KB)
...
006 (44606754.013.000) 2026-01-25 22:47:53 Image size of job updated: 1822672
	1780  -  MemoryUsage of job (MB)
	1822672  -  ResidentSetSize of job (KB)
...
006 (44606754.013.000) 2026-01-25 22:52:54 Image size of job updated: 1826468
	1784  -  MemoryUsage of job (MB)
	1826468  -  ResidentSetSize of job (KB)
...
006 (44606754.013.000) 2026-01-25 22:57:54 Image size of job updated: 1826472
	1784  -  MemoryUsage of job (MB)
	1826472  -  ResidentSetSize of job (KB)
...
006 (44606754.013.000) 2026-01-25 23:02:54 Image size of job updated: 1827256
	1785  -  MemoryUsage of job (MB)
	1827256  -  ResidentSetSize of job (KB)
...
006 (44606754.013.000) 2026-01-25 23:12:55 Image size of job updated: 1827864
	1786  -  MemoryUsage of job (MB)
	1827864  -  ResidentSetSize of job (KB)
...
006 (44606754.013.000) 2026-01-25 23:17:55 Image size of job updated: 1827896
	1786  -  MemoryUsage of job (MB)
	1827896  -  ResidentSetSize of job (KB)
...
006 (44606754.013.000) 2026-01-25 23:27:56 Image size of job updated: 1827900
	1786  -  MemoryUsage of job (MB)
	1827900  -  ResidentSetSize of job (KB)
...
006 (44606754.013.000) 2026-01-25 23:52:59 Image size of job updated: 1827932
	1786  -  MemoryUsage of job (MB)
	1827932  -  ResidentSetSize of job (KB)
...
006 (44606754.013.000) 2026-01-25 23:58:00 Image size of job updated: 1838076
	1794  -  MemoryUsage of job (MB)
	1837052  -  ResidentSetSize of job (KB)
...
006 (44606754.013.000) 2026-01-26 00:03:00 Image size of job updated: 1838076
	1794  -  MemoryUsage of job (MB)
	1837056  -  ResidentSetSize of job (KB)
...
006 (44606754.013.000) 2026-01-26 00:08:01 Image size of job updated: 1840344
	1798  -  MemoryUsage of job (MB)
	1840344  -  ResidentSetSize of job (KB)
...
006 (44606754.013.000) 2026-01-26 00:13:02 Image size of job updated: 1840348
	1798  -  MemoryUsage of job (MB)
	1840348  -  ResidentSetSize of job (KB)
...
006 (44606754.013.000) 2026-01-26 00:18:02 Image size of job updated: 1842872
	1800  -  MemoryUsage of job (MB)
	1842872  -  ResidentSetSize of job (KB)
...
006 (44606754.013.000) 2026-01-26 00:23:02 Image size of job updated: 1842876
	1800  -  MemoryUsage of job (MB)
	1842876  -  ResidentSetSize of job (KB)
...
006 (44606754.013.000) 2026-01-26 00:28:03 Image size of job updated: 1843432
	1801  -  MemoryUsage of job (MB)
	1843432  -  ResidentSetSize of job (KB)
...
006 (44606754.013.000) 2026-01-26 00:33:03 Image size of job updated: 1843436
	1801  -  MemoryUsage of job (MB)
	1843436  -  ResidentSetSize of job (KB)
...
006 (44606754.013.000) 2026-01-26 00:38:03 Image size of job updated: 1845648
	1803  -  MemoryUsage of job (MB)
	1845648  -  ResidentSetSize of job (KB)
...
006 (44606754.013.000) 2026-01-26 00:43:04 Image size of job updated: 1845684
	1803  -  MemoryUsage of job (MB)
	1845684  -  ResidentSetSize of job (KB)
...
006 (44606754.013.000) 2026-01-26 00:48:04 Image size of job updated: 1860308
	1817  -  MemoryUsage of job (MB)
	1860308  -  ResidentSetSize of job (KB)
...
006 (44606754.013.000) 2026-01-26 00:53:04 Image size of job updated: 1860328
	1817  -  MemoryUsage of job (MB)
	1860328  -  ResidentSetSize of job (KB)
...
006 (44606754.013.000) 2026-01-26 00:58:05 Image size of job updated: 1864748
	1822  -  MemoryUsage of job (MB)
	1864748  -  ResidentSetSize of job (KB)
...
006 (44606754.013.000) 2026-01-26 01:03:05 Image size of job updated: 1864760
	1822  -  MemoryUsage of job (MB)
	1864760  -  ResidentSetSize of job (KB)
...
006 (44606754.013.000) 2026-01-26 01:08:05 Image size of job updated: 1864764
	1822  -  MemoryUsage of job (MB)
	1864764  -  ResidentSetSize of job (KB)
...
006 (44606754.013.000) 2026-01-26 01:18:07 Image size of job updated: 1867816
	1825  -  MemoryUsage of job (MB)
	1867816  -  ResidentSetSize of job (KB)
...
006 (44606754.013.000) 2026-01-26 01:28:08 Image size of job updated: 1868828
	1826  -  MemoryUsage of job (MB)
	1868828  -  ResidentSetSize of job (KB)
...
006 (44606754.013.000) 2026-01-26 01:33:09 Image size of job updated: 1868832
	1826  -  MemoryUsage of job (MB)
	1868832  -  ResidentSetSize of job (KB)
...
006 (44606754.013.000) 2026-01-26 01:38:09 Image size of job updated: 1869840
	1827  -  MemoryUsage of job (MB)
	1869840  -  ResidentSetSize of job (KB)
...
006 (44606754.013.000) 2026-01-26 01:43:10 Image size of job updated: 1869848
	1827  -  MemoryUsage of job (MB)
	1869848  -  ResidentSetSize of job (KB)
...
006 (44606754.013.000) 2026-01-26 01:48:11 Image size of job updated: 1870856
	1828  -  MemoryUsage of job (MB)
	1870856  -  ResidentSetSize of job (KB)
...
006 (44606754.013.000) 2026-01-26 02:03:12 Image size of job updated: 1872828
	1829  -  MemoryUsage of job (MB)
	1872828  -  ResidentSetSize of job (KB)
...
006 (44606754.013.000) 2026-01-26 02:08:12 Image size of job updated: 1872860
	1829  -  MemoryUsage of job (MB)
	1872860  -  ResidentSetSize of job (KB)
...
006 (44606754.013.000) 2026-01-26 02:13:12 Image size of job updated: 1872936
	1830  -  MemoryUsage of job (MB)
	1872936  -  ResidentSetSize of job (KB)
...
006 (44606754.013.000) 2026-01-26 02:23:13 Image size of job updated: 1873948
	1831  -  MemoryUsage of job (MB)
	1873948  -  ResidentSetSize of job (KB)
...
006 (44606754.013.000) 2026-01-26 02:33:14 Image size of job updated: 1874588
	1831  -  MemoryUsage of job (MB)
	1874588  -  ResidentSetSize of job (KB)
...
006 (44606754.013.000) 2026-01-26 02:43:15 Image size of job updated: 1875968
	1832  -  MemoryUsage of job (MB)
	1875968  -  ResidentSetSize of job (KB)
...
006 (44606754.013.000) 2026-01-26 02:48:16 Image size of job updated: 1875972
	1833  -  MemoryUsage of job (MB)
	1875972  -  ResidentSetSize of job (KB)
...
006 (44606754.013.000) 2026-01-26 03:03:18 Image size of job updated: 1877188
	1833  -  MemoryUsage of job (MB)
	1876980  -  ResidentSetSize of job (KB)
...
006 (44606754.013.000) 2026-01-26 03:08:19 Image size of job updated: 1877188
	1834  -  MemoryUsage of job (MB)
	1877004  -  ResidentSetSize of job (KB)
...
006 (44606754.013.000) 2026-01-26 03:23:21 Image size of job updated: 1878012
	1834  -  MemoryUsage of job (MB)
	1878012  -  ResidentSetSize of job (KB)
...
006 (44606754.013.000) 2026-01-26 03:28:21 Image size of job updated: 1878016
	1834  -  MemoryUsage of job (MB)
	1878016  -  ResidentSetSize of job (KB)
...
006 (44606754.013.000) 2026-01-26 03:33:21 Image size of job updated: 1879604
	1835  -  MemoryUsage of job (MB)
	1879028  -  ResidentSetSize of job (KB)
...
006 (44606754.013.000) 2026-01-26 03:38:22 Image size of job updated: 1879604
	1835  -  MemoryUsage of job (MB)
	1879032  -  ResidentSetSize of job (KB)
...
006 (44606754.013.000) 2026-01-26 03:43:22 Image size of job updated: 1880040
	1836  -  MemoryUsage of job (MB)
	1880040  -  ResidentSetSize of job (KB)
...
006 (44606754.013.000) 2026-01-26 03:53:23 Image size of job updated: 1881680
	1838  -  MemoryUsage of job (MB)
	1881680  -  ResidentSetSize of job (KB)
...
006 (44606754.013.000) 2026-01-26 04:08:24 Image size of job updated: 1883068
	1838  -  MemoryUsage of job (MB)
	1882092  -  ResidentSetSize of job (KB)
...
006 (44606754.013.000) 2026-01-26 04:18:25 Image size of job updated: 1883276
	1840  -  MemoryUsage of job (MB)
	1883276  -  ResidentSetSize of job (KB)
...
006 (44606754.013.000) 2026-01-26 04:28:27 Image size of job updated: 1884112
	1840  -  MemoryUsage of job (MB)
	1883276  -  ResidentSetSize of job (KB)
...
006 (44606754.013.000) 2026-01-26 04:38:28 Image size of job updated: 1885088
	1840  -  MemoryUsage of job (MB)
	1884116  -  ResidentSetSize of job (KB)
...
006 (44606754.013.000) 2026-01-26 04:43:29 Image size of job updated: 1885088
	1840  -  MemoryUsage of job (MB)
	1884120  -  ResidentSetSize of job (KB)
...
006 (44606754.013.000) 2026-01-26 04:48:29 Image size of job updated: 1885088
	1841  -  MemoryUsage of job (MB)
	1884404  -  ResidentSetSize of job (KB)
...
006 (44606754.013.000) 2026-01-26 04:58:30 Image size of job updated: 1896900
	1853  -  MemoryUsage of job (MB)
	1896900  -  ResidentSetSize of job (KB)
...
006 (44606754.013.000) 2026-01-26 05:03:30 Image size of job updated: 1896904
	1853  -  MemoryUsage of job (MB)
	1896904  -  ResidentSetSize of job (KB)
...
006 (44606754.013.000) 2026-01-26 05:08:30 Image size of job updated: 1902428
	1858  -  MemoryUsage of job (MB)
	1902428  -  ResidentSetSize of job (KB)
...
006 (44606754.013.000) 2026-01-26 05:18:31 Image size of job updated: 1902432
	1858  -  MemoryUsage of job (MB)
	1902432  -  ResidentSetSize of job (KB)
...
006 (44606754.013.000) 2026-01-26 05:28:32 Image size of job updated: 1902436
	1858  -  MemoryUsage of job (MB)
	1902436  -  ResidentSetSize of job (KB)
...
006 (44606754.013.000) 2026-01-26 05:33:32 Image size of job updated: 1924140
	1879  -  MemoryUsage of job (MB)
	1923132  -  ResidentSetSize of job (KB)
...
006 (44606754.013.000) 2026-01-26 05:38:32 Image size of job updated: 1924140
	1879  -  MemoryUsage of job (MB)
	1923164  -  ResidentSetSize of job (KB)
...
006 (44606754.013.000) 2026-01-26 05:43:33 Image size of job updated: 1924392
	1880  -  MemoryUsage of job (MB)
	1924392  -  ResidentSetSize of job (KB)
...
006 (44606754.013.000) 2026-01-26 05:48:34 Image size of job updated: 1924396
	1880  -  MemoryUsage of job (MB)
	1924396  -  ResidentSetSize of job (KB)
...
006 (44606754.013.000) 2026-01-26 05:53:34 Image size of job updated: 1925404
	1881  -  MemoryUsage of job (MB)
	1925404  -  ResidentSetSize of job (KB)
...
006 (44606754.013.000) 2026-01-26 05:58:35 Image size of job updated: 1925408
	1881  -  MemoryUsage of job (MB)
	1925408  -  ResidentSetSize of job (KB)
...
006 (44606754.013.000) 2026-01-26 06:03:36 Image size of job updated: 1926024
	1881  -  MemoryUsage of job (MB)
	1925416  -  ResidentSetSize of job (KB)
...
006 (44606754.013.000) 2026-01-26 06:13:37 Image size of job updated: 1926024
	1881  -  MemoryUsage of job (MB)
	1925420  -  ResidentSetSize of job (KB)
...
006 (44606754.013.000) 2026-01-26 06:23:38 Image size of job updated: 1926428
	1882  -  MemoryUsage of job (MB)
	1926428  -  ResidentSetSize of job (KB)
...
006 (44606754.013.000) 2026-01-26 06:28:38 Image size of job updated: 1926432
	1882  -  MemoryUsage of job (MB)
	1926432  -  ResidentSetSize of job (KB)
...
006 (44606754.013.000) 2026-01-26 06:33:39 Image size of job updated: 1926896
	1882  -  MemoryUsage of job (MB)
	1926896  -  ResidentSetSize of job (KB)
...
006 (44606754.013.000) 2026-01-26 06:38:39 Image size of job updated: 1926900
	1882  -  MemoryUsage of job (MB)
	1926900  -  ResidentSetSize of job (KB)
...
006 (44606754.013.000) 2026-01-26 06:43:39 Image size of job updated: 1926904
	1882  -  MemoryUsage of job (MB)
	1926900  -  ResidentSetSize of job (KB)
...
006 (44606754.013.000) 2026-01-26 07:48:45 Image size of job updated: 1929356
	1885  -  MemoryUsage of job (MB)
	1929356  -  ResidentSetSize of job (KB)
...
006 (44606754.013.000) 2026-01-26 07:58:46 Image size of job updated: 1936704
	1892  -  MemoryUsage of job (MB)
	1936604  -  ResidentSetSize of job (KB)
...
006 (44606754.013.000) 2026-01-26 08:03:46 Image size of job updated: 1936704
	1892  -  MemoryUsage of job (MB)
	1936608  -  ResidentSetSize of job (KB)
...
006 (44606754.013.000) 2026-01-26 08:08:47 Image size of job updated: 1938640
	1892  -  MemoryUsage of job (MB)
	1936624  -  ResidentSetSize of job (KB)
...
006 (44606754.013.000) 2026-01-26 08:18:47 Image size of job updated: 1944648
	1892  -  MemoryUsage of job (MB)
	1936624  -  ResidentSetSize of job (KB)
...
006 (44606754.013.000) 2026-01-26 08:28:48 Image size of job updated: 1944648
	1895  -  MemoryUsage of job (MB)
	1939672  -  ResidentSetSize of job (KB)
...
006 (44606754.013.000) 2026-01-26 08:33:48 Image size of job updated: 1944648
	1895  -  MemoryUsage of job (MB)
	1939676  -  ResidentSetSize of job (KB)
...
006 (44606754.013.000) 2026-01-26 08:43:50 Image size of job updated: 1944648
	1896  -  MemoryUsage of job (MB)
	1940688  -  ResidentSetSize of job (KB)
...
006 (44606754.013.000) 2026-01-26 08:48:50 Image size of job updated: 1944648
	1896  -  MemoryUsage of job (MB)
	1940800  -  ResidentSetSize of job (KB)
...
006 (44606754.013.000) 2026-01-26 08:53:51 Image size of job updated: 1945228
	1896  -  MemoryUsage of job (MB)
	1940800  -  ResidentSetSize of job (KB)
...
006 (44606754.013.000) 2026-01-26 09:03:52 Image size of job updated: 1945228
	1898  -  MemoryUsage of job (MB)
	1943020  -  ResidentSetSize of job (KB)
...
006 (44606754.013.000) 2026-01-26 09:13:54 Image size of job updated: 1945228
	1900  -  MemoryUsage of job (MB)
	1945040  -  ResidentSetSize of job (KB)
...
006 (44606754.013.000) 2026-01-26 09:18:54 Image size of job updated: 1945228
	1900  -  MemoryUsage of job (MB)
	1945044  -  ResidentSetSize of job (KB)
...
006 (44606754.013.000) 2026-01-26 09:23:54 Image size of job updated: 1945228
	1900  -  MemoryUsage of job (MB)
	1945048  -  ResidentSetSize of job (KB)
...
006 (44606754.013.000) 2026-01-26 09:28:55 Image size of job updated: 1945228
	1900  -  MemoryUsage of job (MB)
	1945052  -  ResidentSetSize of job (KB)
...
006 (44606754.013.000) 2026-01-26 09:33:55 Image size of job updated: 1946060
	1901  -  MemoryUsage of job (MB)
	1946060  -  ResidentSetSize of job (KB)
...
006 (44606754.013.000) 2026-01-26 09:38:55 Image size of job updated: 1946088
	1901  -  MemoryUsage of job (MB)
	1946088  -  ResidentSetSize of job (KB)
...
006 (44606754.013.000) 2026-01-26 11:09:05 Image size of job updated: 1949988
	1905  -  MemoryUsage of job (MB)
	1949988  -  ResidentSetSize of job (KB)
...
006 (44606754.013.000) 2026-01-26 11:19:06 Image size of job updated: 1952168
	1907  -  MemoryUsage of job (MB)
	1952168  -  ResidentSetSize of job (KB)
...
006 (44606754.013.000) 2026-01-26 11:24:06 Image size of job updated: 1952228
	1907  -  MemoryUsage of job (MB)
	1952228  -  ResidentSetSize of job (KB)
...
006 (44606754.013.000) 2026-01-26 11:29:06 Image size of job updated: 1954580
	1909  -  MemoryUsage of job (MB)
	1954580  -  ResidentSetSize of job (KB)
...
006 (44606754.013.000) 2026-01-26 11:34:08 Image size of job updated: 1954588
	1909  -  MemoryUsage of job (MB)
	1954588  -  ResidentSetSize of job (KB)
...
006 (44606754.013.000) 2026-01-26 11:39:08 Image size of job updated: 1956664
	1910  -  MemoryUsage of job (MB)
	1955640  -  ResidentSetSize of job (KB)
...
006 (44606754.013.000) 2026-01-26 11:44:08 Image size of job updated: 1956664
	1910  -  MemoryUsage of job (MB)
	1955668  -  ResidentSetSize of job (KB)
...
006 (44606754.013.000) 2026-01-26 11:49:09 Image size of job updated: 1956696
	1911  -  MemoryUsage of job (MB)
	1956696  -  ResidentSetSize of job (KB)
...
006 (44606754.013.000) 2026-01-26 11:59:10 Image size of job updated: 1957724
	1912  -  MemoryUsage of job (MB)
	1957724  -  ResidentSetSize of job (KB)
...
006 (44606754.013.000) 2026-01-26 12:04:11 Image size of job updated: 1957740
	1912  -  MemoryUsage of job (MB)
	1957740  -  ResidentSetSize of job (KB)
...
006 (44606754.013.000) 2026-01-26 12:09:12 Image size of job updated: 1957744
	1912  -  MemoryUsage of job (MB)
	1957744  -  ResidentSetSize of job (KB)
...
006 (44606754.013.000) 2026-01-26 12:14:12 Image size of job updated: 1958792
	1913  -  MemoryUsage of job (MB)
	1958792  -  ResidentSetSize of job (KB)
...
006 (44606754.013.000) 2026-01-26 12:19:13 Image size of job updated: 1958796
	1913  -  MemoryUsage of job (MB)
	1958796  -  ResidentSetSize of job (KB)
...
006 (44606754.013.000) 2026-01-26 12:24:14 Image size of job updated: 1959860
	1914  -  MemoryUsage of job (MB)
	1959860  -  ResidentSetSize of job (KB)
...
006 (44606754.013.000) 2026-01-26 12:34:14 Image size of job updated: 1960888
	1915  -  MemoryUsage of job (MB)
	1960888  -  ResidentSetSize of job (KB)
...
006 (44606754.013.000) 2026-01-26 12:39:15 Image size of job updated: 1960900
	1915  -  MemoryUsage of job (MB)
	1960900  -  ResidentSetSize of job (KB)
...
006 (44606754.013.000) 2026-01-26 12:44:15 Image size of job updated: 1961012
	1916  -  MemoryUsage of job (MB)
	1961012  -  ResidentSetSize of job (KB)
...
006 (44606754.013.000) 2026-01-26 12:49:15 Image size of job updated: 1961076
	1916  -  MemoryUsage of job (MB)
	1961076  -  ResidentSetSize of job (KB)
...
006 (44606754.013.000) 2026-01-26 12:54:16 Image size of job updated: 1969308
	1916  -  MemoryUsage of job (MB)
	1961076  -  ResidentSetSize of job (KB)
...
006 (44606754.013.000) 2026-01-26 13:24:19 Image size of job updated: 1969308
	1917  -  MemoryUsage of job (MB)
	1962500  -  ResidentSetSize of job (KB)
...
006 (44606754.013.000) 2026-01-26 13:34:20 Image size of job updated: 1969308
	1922  -  MemoryUsage of job (MB)
	1967128  -  ResidentSetSize of job (KB)
...
006 (44606754.013.000) 2026-01-26 13:39:21 Image size of job updated: 1969308
	1922  -  MemoryUsage of job (MB)
	1967136  -  ResidentSetSize of job (KB)
...
006 (44606754.013.000) 2026-01-26 13:59:23 Image size of job updated: 1979436
	1922  -  MemoryUsage of job (MB)
	1967136  -  ResidentSetSize of job (KB)
...
006 (44606754.013.000) 2026-01-26 14:09:23 Image size of job updated: 1980260
	1922  -  MemoryUsage of job (MB)
	1967136  -  ResidentSetSize of job (KB)
...
006 (44606754.013.000) 2026-01-26 14:29:26 Image size of job updated: 1993484
	1922  -  MemoryUsage of job (MB)
	1967152  -  ResidentSetSize of job (KB)
...
006 (44606754.013.000) 2026-01-26 14:34:27 Image size of job updated: 1993484
	1922  -  MemoryUsage of job (MB)
	1967156  -  ResidentSetSize of job (KB)
...
006 (44606754.013.000) 2026-01-26 14:39:27 Image size of job updated: 1994564
	1923  -  MemoryUsage of job (MB)
	1968184  -  ResidentSetSize of job (KB)
...
006 (44606754.013.000) 2026-01-26 14:49:29 Image size of job updated: 1994564
	1924  -  MemoryUsage of job (MB)
	1969208  -  ResidentSetSize of job (KB)
...
006 (44606754.013.000) 2026-01-26 14:59:29 Image size of job updated: 1994564
	1925  -  MemoryUsage of job (MB)
	1970236  -  ResidentSetSize of job (KB)
...
006 (44606754.013.000) 2026-01-26 15:14:30 Image size of job updated: 1997780
	1926  -  MemoryUsage of job (MB)
	1971264  -  ResidentSetSize of job (KB)
...
006 (44606754.013.000) 2026-01-26 15:19:31 Image size of job updated: 1997780
	1926  -  MemoryUsage of job (MB)
	1971268  -  ResidentSetSize of job (KB)
...
006 (44606754.013.000) 2026-01-26 15:24:31 Image size of job updated: 2001416
	1927  -  MemoryUsage of job (MB)
	1972296  -  ResidentSetSize of job (KB)
...
006 (44606754.013.000) 2026-01-26 15:34:32 Image size of job updated: 2002492
	1928  -  MemoryUsage of job (MB)
	1973320  -  ResidentSetSize of job (KB)
...
006 (44606754.013.000) 2026-01-26 15:44:33 Image size of job updated: 2004844
	1929  -  MemoryUsage of job (MB)
	1974344  -  ResidentSetSize of job (KB)
...
006 (44606754.013.000) 2026-01-26 15:49:34 Image size of job updated: 2004844
	1929  -  MemoryUsage of job (MB)
	1974348  -  ResidentSetSize of job (KB)
...
006 (44606754.013.000) 2026-01-26 15:54:35 Image size of job updated: 2004844
	1930  -  MemoryUsage of job (MB)
	1975376  -  ResidentSetSize of job (KB)
...
006 (44606754.013.000) 2026-01-26 16:04:36 Image size of job updated: 2004844
	1940  -  MemoryUsage of job (MB)
	1986220  -  ResidentSetSize of job (KB)
...
006 (44606754.013.000) 2026-01-26 16:14:37 Image size of job updated: 2004844
	1940  -  MemoryUsage of job (MB)
	1986472  -  ResidentSetSize of job (KB)
...
006 (44606754.013.000) 2026-01-26 16:19:37 Image size of job updated: 2004844
	1941  -  MemoryUsage of job (MB)
	1987500  -  ResidentSetSize of job (KB)
...
006 (44606754.013.000) 2026-01-26 16:24:38 Image size of job updated: 2004844
	1941  -  MemoryUsage of job (MB)
	1987504  -  ResidentSetSize of job (KB)
...
006 (44606754.013.000) 2026-01-26 16:29:38 Image size of job updated: 2004844
	1942  -  MemoryUsage of job (MB)
	1988532  -  ResidentSetSize of job (KB)
...
006 (44606754.013.000) 2026-01-26 16:34:38 Image size of job updated: 2004844
	1942  -  MemoryUsage of job (MB)
	1988540  -  ResidentSetSize of job (KB)
...
005 (44606754.013.000) 2026-01-26 16:52:02 Job terminated.
	(1) Normal termination (return value 0)
		Usr 10 22:47:39, Sys 0 00:04:08  -  Run Remote Usage
		Usr 0 00:00:00, Sys 0 00:00:00  -  Run Local Usage
		Usr 10 22:47:39, Sys 0 00:04:08  -  Total Remote Usage
		Usr 0 00:00:00, Sys 0 00:00:00  -  Total Local Usage
	0  -  Run Bytes Sent By Job
	0  -  Run Bytes Received By Job
	0  -  Total Bytes Sent By Job
	0  -  Total Bytes Received By Job
	Partitionable Resources :    Usage  Request Allocated 
	   Cpus                 :    13.81        4         4 
	   Disk (KB)            :    10        2000      2048 
	   GPUs                 :                           0 
	   Memory (MB)          :  1942       20000     20096 
	   TimeExecute (s)      : 80682                       
	   TimeSlotBusy (s)     : 80682                       
...
000 (44609834.013.000) 2026-01-29 06:34:03 Job submitted from host: <146.186.150.67:9618?CCBID=10.6.200.15:9618%3fPrivNet%3dGWAVE%26addrs%3d10.6.200.15-9618%26alias%3dligo-ad-01.gwave.ics.psu.edu%26noUDP%26sock%3dcollector#166034&PrivAddr=%3c146.186.150.67:9618%3fsock%3dschedd_323984_a796%3e&PrivNet=GWAVE&addrs=146.186.150.67-9618&alias=ligo-hd-02.gwave.ics.psu.edu&noUDP&sock=schedd_323984_a796>
...
001 (44609834.013.000) 2026-01-29 08:00:32 Job executing on host: <10.136.80.137:9618?alias=comp-ex-0127.gwave.ics.psu.edu&sock=startd_116761_e9a7>
	SlotName: slot1_1@comp-ex-0127.gwave.ics.psu.edu
	CondorScratchDir = "/localscratch/condor/execute/dir_3748806"
	Cpus = 4
	Disk = 2048
	GPUs = 0
	Memory = 20096
...
006 (44609834.013.000) 2026-01-29 08:00:41 Image size of job updated: 177292
	174  -  MemoryUsage of job (MB)
	177292  -  ResidentSetSize of job (KB)
...
006 (44609834.013.000) 2026-01-29 08:05:42 Image size of job updated: 371916
	364  -  MemoryUsage of job (MB)
	371916  -  ResidentSetSize of job (KB)
...
006 (44609834.013.000) 2026-01-29 08:10:42 Image size of job updated: 372696
	364  -  MemoryUsage of job (MB)
	372696  -  ResidentSetSize of job (KB)
...
006 (44609834.013.000) 2026-01-29 08:15:42 Image size of job updated: 466148
	456  -  MemoryUsage of job (MB)
	466148  -  ResidentSetSize of job (KB)
...
006 (44609834.013.000) 2026-01-29 08:20:43 Image size of job updated: 466840
	456  -  MemoryUsage of job (MB)
	466840  -  ResidentSetSize of job (KB)
...
006 (44609834.013.000) 2026-01-29 08:25:43 Image size of job updated: 472968
	462  -  MemoryUsage of job (MB)
	472968  -  ResidentSetSize of job (KB)
...
006 (44609834.013.000) 2026-01-29 08:30:43 Image size of job updated: 474312
	464  -  MemoryUsage of job (MB)
	474312  -  ResidentSetSize of job (KB)
...
006 (44609834.013.000) 2026-01-29 08:35:44 Image size of job updated: 479156
	468  -  MemoryUsage of job (MB)
	479156  -  ResidentSetSize of job (KB)
...
006 (44609834.013.000) 2026-01-29 08:40:44 Image size of job updated: 479452
	469  -  MemoryUsage of job (MB)
	479452  -  ResidentSetSize of job (KB)
...
006 (44609834.013.000) 2026-01-29 08:45:44 Image size of job updated: 488804
	478  -  MemoryUsage of job (MB)
	488804  -  ResidentSetSize of job (KB)
...
006 (44609834.013.000) 2026-01-29 08:50:45 Image size of job updated: 489240
	478  -  MemoryUsage of job (MB)
	489240  -  ResidentSetSize of job (KB)
...
006 (44609834.013.000) 2026-01-29 08:55:46 Image size of job updated: 497116
	486  -  MemoryUsage of job (MB)
	497116  -  ResidentSetSize of job (KB)
...
006 (44609834.013.000) 2026-01-29 09:00:46 Image size of job updated: 497332
	486  -  MemoryUsage of job (MB)
	497332  -  ResidentSetSize of job (KB)
...
006 (44609834.013.000) 2026-01-29 09:05:47 Image size of job updated: 497372
	486  -  MemoryUsage of job (MB)
	497372  -  ResidentSetSize of job (KB)
...
006 (44609834.013.000) 2026-01-29 09:10:48 Image size of job updated: 497804
	487  -  MemoryUsage of job (MB)
	497804  -  ResidentSetSize of job (KB)
...
006 (44609834.013.000) 2026-01-29 09:15:48 Image size of job updated: 501892
	491  -  MemoryUsage of job (MB)
	501892  -  ResidentSetSize of job (KB)
...
006 (44609834.013.000) 2026-01-29 09:20:49 Image size of job updated: 501900
	491  -  MemoryUsage of job (MB)
	501900  -  ResidentSetSize of job (KB)
...
006 (44609834.013.000) 2026-01-29 09:25:50 Image size of job updated: 516644
	505  -  MemoryUsage of job (MB)
	516644  -  ResidentSetSize of job (KB)
...
006 (44609834.013.000) 2026-01-29 09:30:50 Image size of job updated: 516648
	505  -  MemoryUsage of job (MB)
	516648  -  ResidentSetSize of job (KB)
...
006 (44609834.013.000) 2026-01-29 09:35:51 Image size of job updated: 517648
	506  -  MemoryUsage of job (MB)
	517648  -  ResidentSetSize of job (KB)
...
006 (44609834.013.000) 2026-01-29 09:40:52 Image size of job updated: 519196
	508  -  MemoryUsage of job (MB)
	519196  -  ResidentSetSize of job (KB)
...
006 (44609834.013.000) 2026-01-29 09:45:52 Image size of job updated: 573276
	560  -  MemoryUsage of job (MB)
	573276  -  ResidentSetSize of job (KB)
...
006 (44609834.013.000) 2026-01-29 09:50:52 Image size of job updated: 802316
	784  -  MemoryUsage of job (MB)
	802316  -  ResidentSetSize of job (KB)
...
006 (44609834.013.000) 2026-01-29 09:55:53 Image size of job updated: 1017900
	995  -  MemoryUsage of job (MB)
	1017900  -  ResidentSetSize of job (KB)
...
006 (44609834.013.000) 2026-01-29 10:00:53 Image size of job updated: 1208676
	1181  -  MemoryUsage of job (MB)
	1208676  -  ResidentSetSize of job (KB)
...
006 (44609834.013.000) 2026-01-29 10:05:53 Image size of job updated: 1424724
	1392  -  MemoryUsage of job (MB)
	1424724  -  ResidentSetSize of job (KB)
...
006 (44609834.013.000) 2026-01-29 10:10:54 Image size of job updated: 1655464
	1617  -  MemoryUsage of job (MB)
	1655464  -  ResidentSetSize of job (KB)
...
006 (44609834.013.000) 2026-01-29 10:15:54 Image size of job updated: 1734364
	1694  -  MemoryUsage of job (MB)
	1734364  -  ResidentSetSize of job (KB)
...
006 (44609834.013.000) 2026-01-29 10:20:54 Image size of job updated: 1734368
	1694  -  MemoryUsage of job (MB)
	1734368  -  ResidentSetSize of job (KB)
...
006 (44609834.013.000) 2026-01-29 10:25:55 Image size of job updated: 1734372
	1694  -  MemoryUsage of job (MB)
	1734372  -  ResidentSetSize of job (KB)
...
006 (44609834.013.000) 2026-01-29 10:30:56 Image size of job updated: 1750112
	1709  -  MemoryUsage of job (MB)
	1749112  -  ResidentSetSize of job (KB)
...
006 (44609834.013.000) 2026-01-29 10:35:56 Image size of job updated: 1750112
	1709  -  MemoryUsage of job (MB)
	1749116  -  ResidentSetSize of job (KB)
...
006 (44609834.013.000) 2026-01-29 10:40:57 Image size of job updated: 1750488
	1710  -  MemoryUsage of job (MB)
	1750488  -  ResidentSetSize of job (KB)
...
006 (44609834.013.000) 2026-01-29 10:45:58 Image size of job updated: 1750524
	1710  -  MemoryUsage of job (MB)
	1750524  -  ResidentSetSize of job (KB)
...
006 (44609834.013.000) 2026-01-29 10:50:58 Image size of job updated: 1751536
	1711  -  MemoryUsage of job (MB)
	1751536  -  ResidentSetSize of job (KB)
...
006 (44609834.013.000) 2026-01-29 10:55:59 Image size of job updated: 1751556
	1711  -  MemoryUsage of job (MB)
	1751556  -  ResidentSetSize of job (KB)
...
006 (44609834.013.000) 2026-01-29 11:01:00 Image size of job updated: 1755968
	1715  -  MemoryUsage of job (MB)
	1755968  -  ResidentSetSize of job (KB)
...
006 (44609834.013.000) 2026-01-29 11:06:00 Image size of job updated: 1755980
	1715  -  MemoryUsage of job (MB)
	1755980  -  ResidentSetSize of job (KB)
...
006 (44609834.013.000) 2026-01-29 11:11:00 Image size of job updated: 1758140
	1717  -  MemoryUsage of job (MB)
	1758140  -  ResidentSetSize of job (KB)
...
006 (44609834.013.000) 2026-01-29 11:16:01 Image size of job updated: 1758152
	1717  -  MemoryUsage of job (MB)
	1758152  -  ResidentSetSize of job (KB)
...
006 (44609834.013.000) 2026-01-29 11:21:01 Image size of job updated: 1758728
	1718  -  MemoryUsage of job (MB)
	1758728  -  ResidentSetSize of job (KB)
...
006 (44609834.013.000) 2026-01-29 11:26:01 Image size of job updated: 1758740
	1718  -  MemoryUsage of job (MB)
	1758740  -  ResidentSetSize of job (KB)
...
006 (44609834.013.000) 2026-01-29 11:31:02 Image size of job updated: 1759760
	1719  -  MemoryUsage of job (MB)
	1759760  -  ResidentSetSize of job (KB)
...
006 (44609834.013.000) 2026-01-29 11:36:03 Image size of job updated: 1759788
	1719  -  MemoryUsage of job (MB)
	1759788  -  ResidentSetSize of job (KB)
...
006 (44609834.013.000) 2026-01-29 11:41:03 Image size of job updated: 1761816
	1721  -  MemoryUsage of job (MB)
	1761816  -  ResidentSetSize of job (KB)
...
006 (44609834.013.000) 2026-01-29 11:46:04 Image size of job updated: 1761856
	1721  -  MemoryUsage of job (MB)
	1761856  -  ResidentSetSize of job (KB)
...
006 (44609834.013.000) 2026-01-29 11:51:05 Image size of job updated: 1763944
	1723  -  MemoryUsage of job (MB)
	1763944  -  ResidentSetSize of job (KB)
...
006 (44609834.013.000) 2026-01-29 11:56:05 Image size of job updated: 1763956
	1723  -  MemoryUsage of job (MB)
	1763956  -  ResidentSetSize of job (KB)
...
006 (44609834.013.000) 2026-01-29 12:01:05 Image size of job updated: 1766004
	1725  -  MemoryUsage of job (MB)
	1766004  -  ResidentSetSize of job (KB)
...
006 (44609834.013.000) 2026-01-29 12:06:06 Image size of job updated: 1766012
	1725  -  MemoryUsage of job (MB)
	1766012  -  ResidentSetSize of job (KB)
...
006 (44609834.013.000) 2026-01-29 12:11:06 Image size of job updated: 1771876
	1731  -  MemoryUsage of job (MB)
	1771876  -  ResidentSetSize of job (KB)
...
006 (44609834.013.000) 2026-01-29 12:16:06 Image size of job updated: 1771892
	1731  -  MemoryUsage of job (MB)
	1771892  -  ResidentSetSize of job (KB)
...
006 (44609834.013.000) 2026-01-29 12:21:07 Image size of job updated: 1778072
	1737  -  MemoryUsage of job (MB)
	1778072  -  ResidentSetSize of job (KB)
...
006 (44609834.013.000) 2026-01-29 12:26:08 Image size of job updated: 1778088
	1737  -  MemoryUsage of job (MB)
	1778088  -  ResidentSetSize of job (KB)
...
006 (44609834.013.000) 2026-01-29 12:31:08 Image size of job updated: 1781852
	1741  -  MemoryUsage of job (MB)
	1781852  -  ResidentSetSize of job (KB)
...
006 (44609834.013.000) 2026-01-29 12:36:09 Image size of job updated: 1781860
	1741  -  MemoryUsage of job (MB)
	1781860  -  ResidentSetSize of job (KB)
...
006 (44609834.013.000) 2026-01-29 12:41:10 Image size of job updated: 1783216
	1742  -  MemoryUsage of job (MB)
	1783216  -  ResidentSetSize of job (KB)
...
006 (44609834.013.000) 2026-01-29 12:46:10 Image size of job updated: 1783224
	1742  -  MemoryUsage of job (MB)
	1783224  -  ResidentSetSize of job (KB)
...
006 (44609834.013.000) 2026-01-29 12:51:10 Image size of job updated: 1784964
	1744  -  MemoryUsage of job (MB)
	1784964  -  ResidentSetSize of job (KB)
...
006 (44609834.013.000) 2026-01-29 12:56:11 Image size of job updated: 1784976
	1744  -  MemoryUsage of job (MB)
	1784976  -  ResidentSetSize of job (KB)
...
006 (44609834.013.000) 2026-01-29 13:01:11 Image size of job updated: 1788068
	1746  -  MemoryUsage of job (MB)
	1787044  -  ResidentSetSize of job (KB)
...
006 (44609834.013.000) 2026-01-29 13:06:11 Image size of job updated: 1788068
	1746  -  MemoryUsage of job (MB)
	1787088  -  ResidentSetSize of job (KB)
...
006 (44609834.013.000) 2026-01-29 13:11:12 Image size of job updated: 1799044
	1757  -  MemoryUsage of job (MB)
	1799044  -  ResidentSetSize of job (KB)
...
006 (44609834.013.000) 2026-01-29 13:16:12 Image size of job updated: 1799052
	1757  -  MemoryUsage of job (MB)
	1799052  -  ResidentSetSize of job (KB)
...
006 (44609834.013.000) 2026-01-29 13:21:12 Image size of job updated: 1802452
	1758  -  MemoryUsage of job (MB)
	1800088  -  ResidentSetSize of job (KB)
...
006 (44609834.013.000) 2026-01-29 13:26:13 Image size of job updated: 1802452
	1758  -  MemoryUsage of job (MB)
	1800100  -  ResidentSetSize of job (KB)
...
006 (44609834.013.000) 2026-01-29 13:31:14 Image size of job updated: 1806856
	1765  -  MemoryUsage of job (MB)
	1806856  -  ResidentSetSize of job (KB)
...
006 (44609834.013.000) 2026-01-29 13:36:14 Image size of job updated: 1806868
	1765  -  MemoryUsage of job (MB)
	1806868  -  ResidentSetSize of job (KB)
...
006 (44609834.013.000) 2026-01-29 13:41:15 Image size of job updated: 1809080
	1767  -  MemoryUsage of job (MB)
	1809080  -  ResidentSetSize of job (KB)
...
006 (44609834.013.000) 2026-01-29 13:46:16 Image size of job updated: 1809092
	1767  -  MemoryUsage of job (MB)
	1809092  -  ResidentSetSize of job (KB)
...
006 (44609834.013.000) 2026-01-29 13:51:16 Image size of job updated: 1811064
	1769  -  MemoryUsage of job (MB)
	1811064  -  ResidentSetSize of job (KB)
...
006 (44609834.013.000) 2026-01-29 13:56:17 Image size of job updated: 1811108
	1769  -  MemoryUsage of job (MB)
	1811108  -  ResidentSetSize of job (KB)
...
006 (44609834.013.000) 2026-01-29 14:01:18 Image size of job updated: 1814124
	1772  -  MemoryUsage of job (MB)
	1814124  -  ResidentSetSize of job (KB)
...
006 (44609834.013.000) 2026-01-29 14:16:19 Image size of job updated: 1815404
	1773  -  MemoryUsage of job (MB)
	1815404  -  ResidentSetSize of job (KB)
...
006 (44609834.013.000) 2026-01-29 14:21:19 Image size of job updated: 1815412
	1773  -  MemoryUsage of job (MB)
	1815412  -  ResidentSetSize of job (KB)
...
006 (44609834.013.000) 2026-01-29 14:26:19 Image size of job updated: 1818864
	1776  -  MemoryUsage of job (MB)
	1818264  -  ResidentSetSize of job (KB)
...
006 (44609834.013.000) 2026-01-29 14:31:20 Image size of job updated: 1818864
	1776  -  MemoryUsage of job (MB)
	1818304  -  ResidentSetSize of job (KB)
...
006 (44609834.013.000) 2026-01-29 14:36:21 Image size of job updated: 1819076
	1777  -  MemoryUsage of job (MB)
	1819076  -  ResidentSetSize of job (KB)
...
006 (44609834.013.000) 2026-01-29 14:41:21 Image size of job updated: 1819084
	1777  -  MemoryUsage of job (MB)
	1819084  -  ResidentSetSize of job (KB)
...
006 (44609834.013.000) 2026-01-29 14:46:22 Image size of job updated: 1826948
	1784  -  MemoryUsage of job (MB)
	1826636  -  ResidentSetSize of job (KB)
...
006 (44609834.013.000) 2026-01-29 14:51:23 Image size of job updated: 1826948
	1784  -  MemoryUsage of job (MB)
	1826648  -  ResidentSetSize of job (KB)
...
006 (44609834.013.000) 2026-01-29 14:56:23 Image size of job updated: 1828712
	1786  -  MemoryUsage of job (MB)
	1828712  -  ResidentSetSize of job (KB)
...
006 (44609834.013.000) 2026-01-29 15:01:23 Image size of job updated: 1828724
	1786  -  MemoryUsage of job (MB)
	1828724  -  ResidentSetSize of job (KB)
...
006 (44609834.013.000) 2026-01-29 15:06:24 Image size of job updated: 1830784
	1788  -  MemoryUsage of job (MB)
	1830784  -  ResidentSetSize of job (KB)
...
006 (44609834.013.000) 2026-01-29 15:11:24 Image size of job updated: 1830792
	1788  -  MemoryUsage of job (MB)
	1830792  -  ResidentSetSize of job (KB)
...
006 (44609834.013.000) 2026-01-29 15:16:24 Image size of job updated: 1833176
	1790  -  MemoryUsage of job (MB)
	1832848  -  ResidentSetSize of job (KB)
...
006 (44609834.013.000) 2026-01-29 15:21:25 Image size of job updated: 1833176
	1790  -  MemoryUsage of job (MB)
	1832856  -  ResidentSetSize of job (KB)
...
006 (44609834.013.000) 2026-01-29 15:26:26 Image size of job updated: 1834916
	1792  -  MemoryUsage of job (MB)
	1834916  -  ResidentSetSize of job (KB)
...
006 (44609834.013.000) 2026-01-29 15:31:26 Image size of job updated: 1834928
	1792  -  MemoryUsage of job (MB)
	1834928  -  ResidentSetSize of job (KB)
...
006 (44609834.013.000) 2026-01-29 15:36:27 Image size of job updated: 1837716
	1795  -  MemoryUsage of job (MB)
	1837716  -  ResidentSetSize of job (KB)
...
006 (44609834.013.000) 2026-01-29 15:41:28 Image size of job updated: 1837724
	1795  -  MemoryUsage of job (MB)
	1837724  -  ResidentSetSize of job (KB)
...
006 (44609834.013.000) 2026-01-29 15:46:28 Image size of job updated: 1843080
	1800  -  MemoryUsage of job (MB)
	1843080  -  ResidentSetSize of job (KB)
...
006 (44609834.013.000) 2026-01-29 15:51:28 Image size of job updated: 1843092
	1800  -  MemoryUsage of job (MB)
	1843092  -  ResidentSetSize of job (KB)
...
006 (44609834.013.000) 2026-01-29 15:56:29 Image size of job updated: 1854880
	1800  -  MemoryUsage of job (MB)
	1843092  -  ResidentSetSize of job (KB)
...
006 (44609834.013.000) 2026-01-29 16:06:29 Image size of job updated: 1854880
	1805  -  MemoryUsage of job (MB)
	1848272  -  ResidentSetSize of job (KB)
...
006 (44609834.013.000) 2026-01-29 16:11:30 Image size of job updated: 1854880
	1805  -  MemoryUsage of job (MB)
	1848284  -  ResidentSetSize of job (KB)
...
006 (44609834.013.000) 2026-01-29 16:16:31 Image size of job updated: 1865536
	1805  -  MemoryUsage of job (MB)
	1848284  -  ResidentSetSize of job (KB)
...
006 (44609834.013.000) 2026-01-29 16:26:32 Image size of job updated: 1865536
	1809  -  MemoryUsage of job (MB)
	1851508  -  ResidentSetSize of job (KB)
...
006 (44609834.013.000) 2026-01-29 16:31:33 Image size of job updated: 1865536
	1809  -  MemoryUsage of job (MB)
	1851528  -  ResidentSetSize of job (KB)
...
006 (44609834.013.000) 2026-01-29 16:36:33 Image size of job updated: 1865536
	1812  -  MemoryUsage of job (MB)
	1854624  -  ResidentSetSize of job (KB)
...
006 (44609834.013.000) 2026-01-29 16:41:33 Image size of job updated: 1865536
	1812  -  MemoryUsage of job (MB)
	1854712  -  ResidentSetSize of job (KB)
...
006 (44609834.013.000) 2026-01-29 16:46:34 Image size of job updated: 1865536
	1812  -  MemoryUsage of job (MB)
	1854720  -  ResidentSetSize of job (KB)
...
006 (44609834.013.000) 2026-01-29 16:51:34 Image size of job updated: 1865536
	1819  -  MemoryUsage of job (MB)
	1861892  -  ResidentSetSize of job (KB)
...
006 (44609834.013.000) 2026-01-29 16:56:34 Image size of job updated: 1865536
	1819  -  MemoryUsage of job (MB)
	1861936  -  ResidentSetSize of job (KB)
...
006 (44609834.013.000) 2026-01-29 17:01:35 Image size of job updated: 1865536
	1821  -  MemoryUsage of job (MB)
	1864060  -  ResidentSetSize of job (KB)
...
006 (44609834.013.000) 2026-01-29 17:06:36 Image size of job updated: 1865536
	1821  -  MemoryUsage of job (MB)
	1864092  -  ResidentSetSize of job (KB)
...
006 (44609834.013.000) 2026-01-29 17:11:36 Image size of job updated: 1866212
	1823  -  MemoryUsage of job (MB)
	1866212  -  ResidentSetSize of job (KB)
...
006 (44609834.013.000) 2026-01-29 17:16:37 Image size of job updated: 1866260
	1823  -  MemoryUsage of job (MB)
	1866260  -  ResidentSetSize of job (KB)
...
006 (44609834.013.000) 2026-01-29 17:31:38 Image size of job updated: 1872964
	1830  -  MemoryUsage of job (MB)
	1872964  -  ResidentSetSize of job (KB)
...
006 (44609834.013.000) 2026-01-29 17:36:39 Image size of job updated: 1872976
	1830  -  MemoryUsage of job (MB)
	1872976  -  ResidentSetSize of job (KB)
...
006 (44609834.013.000) 2026-01-29 17:41:39 Image size of job updated: 1875068
	1831  -  MemoryUsage of job (MB)
	1874016  -  ResidentSetSize of job (KB)
...
006 (44609834.013.000) 2026-01-29 17:46:39 Image size of job updated: 1875068
	1831  -  MemoryUsage of job (MB)
	1874028  -  ResidentSetSize of job (KB)
...
006 (44609834.013.000) 2026-01-29 17:51:40 Image size of job updated: 1877280
	1834  -  MemoryUsage of job (MB)
	1877280  -  ResidentSetSize of job (KB)
...
006 (44609834.013.000) 2026-01-29 17:56:41 Image size of job updated: 1877292
	1834  -  MemoryUsage of job (MB)
	1877292  -  ResidentSetSize of job (KB)
...
006 (44609834.013.000) 2026-01-29 18:01:41 Image size of job updated: 1877296
	1834  -  MemoryUsage of job (MB)
	1877292  -  ResidentSetSize of job (KB)
...
006 (44609834.013.000) 2026-01-29 18:11:43 Image size of job updated: 1900072
	1834  -  MemoryUsage of job (MB)
	1877292  -  ResidentSetSize of job (KB)
...
006 (44609834.013.000) 2026-01-29 18:31:44 Image size of job updated: 1900072
	1835  -  MemoryUsage of job (MB)
	1878936  -  ResidentSetSize of job (KB)
...
006 (44609834.013.000) 2026-01-29 18:36:44 Image size of job updated: 1900072
	1835  -  MemoryUsage of job (MB)
	1878948  -  ResidentSetSize of job (KB)
...
006 (44609834.013.000) 2026-01-29 18:41:45 Image size of job updated: 1900072
	1838  -  MemoryUsage of job (MB)
	1882028  -  ResidentSetSize of job (KB)
...
006 (44609834.013.000) 2026-01-29 18:46:46 Image size of job updated: 1900072
	1838  -  MemoryUsage of job (MB)
	1882044  -  ResidentSetSize of job (KB)
...
006 (44609834.013.000) 2026-01-29 18:51:46 Image size of job updated: 1900072
	1845  -  MemoryUsage of job (MB)
	1888640  -  ResidentSetSize of job (KB)
...
006 (44609834.013.000) 2026-01-29 18:56:47 Image size of job updated: 1900072
	1845  -  MemoryUsage of job (MB)
	1888656  -  ResidentSetSize of job (KB)
...
006 (44609834.013.000) 2026-01-29 19:01:48 Image size of job updated: 1919556
	1845  -  MemoryUsage of job (MB)
	1888656  -  ResidentSetSize of job (KB)
...
006 (44609834.013.000) 2026-01-29 19:11:48 Image size of job updated: 1919556
	1845  -  MemoryUsage of job (MB)
	1889060  -  ResidentSetSize of job (KB)
...
005 (44609834.013.000) 2026-01-29 19:14:07 Job terminated.
	(1) Normal termination (return value 0)
		Usr 5 20:33:41, Sys 0 00:03:04  -  Run Remote Usage
		Usr 0 00:00:00, Sys 0 00:00:00  -  Run Local Usage
		Usr 5 20:33:41, Sys 0 00:03:04  -  Total Remote Usage
		Usr 0 00:00:00, Sys 0 00:00:00  -  Total Local Usage
	0  -  Run Bytes Sent By Job
	0  -  Run Bytes Received By Job
	0  -  Total Bytes Sent By Job
	0  -  Total Bytes Received By Job
	Partitionable Resources :    Usage  Request Allocated 
	   Cpus                 :     6.18        4         4 
	   Disk (KB)            :    10        2000      2048 
	   GPUs                 :                           0 
	   Memory (MB)          :  1845       20000     20096 
	   TimeExecute (s)      : 40414                       
	   TimeSlotBusy (s)     : 40414                       
...
000 (44646995.013.000) 2026-02-05 14:35:11 Job submitted from host: <146.186.150.67:9618?CCBID=10.6.200.15:9618%3fPrivNet%3dGWAVE%26addrs%3d10.6.200.15-9618%26alias%3dligo-ad-01.gwave.ics.psu.edu%26noUDP%26sock%3dcollector#166034&PrivAddr=%3c146.186.150.67:9618%3fsock%3dschedd_323984_a796%3e&PrivNet=GWAVE&addrs=146.186.150.67-9618&alias=ligo-hd-02.gwave.ics.psu.edu&noUDP&sock=schedd_323984_a796>
...
001 (44646995.013.000) 2026-02-05 14:38:48 Job executing on host: <10.136.80.106:9618?alias=comp-ex-0096.gwave.ics.psu.edu&sock=startd_114879_046a>
	SlotName: slot1_1@comp-ex-0096.gwave.ics.psu.edu
	CondorScratchDir = "/localscratch/condor/execute/dir_1380777"
	Cpus = 4
	Disk = 2048
	GPUs = 0
	Memory = 20096
...
006 (44646995.013.000) 2026-02-05 14:38:56 Image size of job updated: 171832
	168  -  MemoryUsage of job (MB)
	171832  -  ResidentSetSize of job (KB)
...
006 (44646995.013.000) 2026-02-05 14:39:26 Image size of job updated: 621752
	168  -  MemoryUsage of job (MB)
	171832  -  ResidentSetSize of job (KB)
...
005 (44646995.013.000) 2026-02-05 14:39:26 Job terminated.
	(1) Normal termination (return value 0)
		Usr 0 00:00:38, Sys 0 00:00:01  -  Run Remote Usage
		Usr 0 00:00:00, Sys 0 00:00:00  -  Run Local Usage
		Usr 0 00:00:38, Sys 0 00:00:01  -  Total Remote Usage
		Usr 0 00:00:00, Sys 0 00:00:00  -  Total Local Usage
	0  -  Run Bytes Sent By Job
	0  -  Run Bytes Received By Job
	0  -  Total Bytes Sent By Job
	0  -  Total Bytes Received By Job
	Partitionable Resources :    Usage  Request Allocated 
	   Cpus                 :     1.08        4         4 
	   Disk (KB)            :    10        2000      2048 
	   GPUs                 :                           0 
	   Memory (MB)          :   168       20000     20096 
	   TimeExecute (s)      :    38                       
	   TimeSlotBusy (s)     :    38                       
...
000 (44647283.013.000) 2026-02-05 23:40:05 Job submitted from host: <146.186.150.67:9618?CCBID=10.6.200.15:9618%3fPrivNet%3dGWAVE%26addrs%3d10.6.200.15-9618%26alias%3dligo-ad-01.gwave.ics.psu.edu%26noUDP%26sock%3dcollector#166034&PrivAddr=%3c146.186.150.67:9618%3fsock%3dschedd_323984_a796%3e&PrivNet=GWAVE&addrs=146.186.150.67-9618&alias=ligo-hd-02.gwave.ics.psu.edu&noUDP&sock=schedd_323984_a796>
...
001 (44647283.013.000) 2026-02-06 00:18:39 Job executing on host: <10.136.81.20:9618?alias=comp-ex-0235.gwave.ics.psu.edu&sock=startd_110862_b07a>
	SlotName: slot1_26@comp-ex-0235.gwave.ics.psu.edu
	CondorScratchDir = "/localscratch/condor/execute/dir_1683175"
	Cpus = 4
	Disk = 2048
	GPUs = 0
	Memory = 20096
...
006 (44647283.013.000) 2026-02-06 00:18:48 Image size of job updated: 160768
	157  -  MemoryUsage of job (MB)
	160768  -  ResidentSetSize of job (KB)
...
006 (44647283.013.000) 2026-02-06 00:23:49 Image size of job updated: 354536
	347  -  MemoryUsage of job (MB)
	354536  -  ResidentSetSize of job (KB)
...
006 (44647283.013.000) 2026-02-06 00:28:49 Image size of job updated: 361772
	354  -  MemoryUsage of job (MB)
	361772  -  ResidentSetSize of job (KB)
...
006 (44647283.013.000) 2026-02-06 00:33:49 Image size of job updated: 451444
	441  -  MemoryUsage of job (MB)
	451444  -  ResidentSetSize of job (KB)
...
006 (44647283.013.000) 2026-02-06 00:38:50 Image size of job updated: 453956
	444  -  MemoryUsage of job (MB)
	453956  -  ResidentSetSize of job (KB)
...
006 (44647283.013.000) 2026-02-06 00:43:51 Image size of job updated: 467788
	457  -  MemoryUsage of job (MB)
	467788  -  ResidentSetSize of job (KB)
...
006 (44647283.013.000) 2026-02-06 00:48:51 Image size of job updated: 480668
	457  -  MemoryUsage of job (MB)
	467788  -  ResidentSetSize of job (KB)
...
006 (44647283.013.000) 2026-02-06 00:58:53 Image size of job updated: 482592
	472  -  MemoryUsage of job (MB)
	482592  -  ResidentSetSize of job (KB)
...
006 (44647283.013.000) 2026-02-06 01:03:53 Image size of job updated: 482776
	472  -  MemoryUsage of job (MB)
	482776  -  ResidentSetSize of job (KB)
...
006 (44647283.013.000) 2026-02-06 01:08:54 Image size of job updated: 488504
	478  -  MemoryUsage of job (MB)
	488504  -  ResidentSetSize of job (KB)
...
006 (44647283.013.000) 2026-02-06 01:13:55 Image size of job updated: 488552
	478  -  MemoryUsage of job (MB)
	488552  -  ResidentSetSize of job (KB)
...
006 (44647283.013.000) 2026-02-06 01:18:55 Image size of job updated: 488644
	478  -  MemoryUsage of job (MB)
	488644  -  ResidentSetSize of job (KB)
...
006 (44647283.013.000) 2026-02-06 01:23:55 Image size of job updated: 489364
	478  -  MemoryUsage of job (MB)
	489364  -  ResidentSetSize of job (KB)
...
006 (44647283.013.000) 2026-02-06 01:28:56 Image size of job updated: 489484
	479  -  MemoryUsage of job (MB)
	489484  -  ResidentSetSize of job (KB)
...
006 (44647283.013.000) 2026-02-06 01:33:56 Image size of job updated: 490180
	479  -  MemoryUsage of job (MB)
	490180  -  ResidentSetSize of job (KB)
...
006 (44647283.013.000) 2026-02-06 01:38:56 Image size of job updated: 490308
	479  -  MemoryUsage of job (MB)
	490308  -  ResidentSetSize of job (KB)
...
006 (44647283.013.000) 2026-02-06 01:43:57 Image size of job updated: 501280
	490  -  MemoryUsage of job (MB)
	501280  -  ResidentSetSize of job (KB)
...
006 (44647283.013.000) 2026-02-06 01:48:58 Image size of job updated: 501348
	490  -  MemoryUsage of job (MB)
	501348  -  ResidentSetSize of job (KB)
...
006 (44647283.013.000) 2026-02-06 01:53:58 Image size of job updated: 501384
	490  -  MemoryUsage of job (MB)
	501384  -  ResidentSetSize of job (KB)
...
006 (44647283.013.000) 2026-02-06 01:58:59 Image size of job updated: 501524
	490  -  MemoryUsage of job (MB)
	501524  -  ResidentSetSize of job (KB)
...
006 (44647283.013.000) 2026-02-06 02:04:00 Image size of job updated: 503128
	492  -  MemoryUsage of job (MB)
	503128  -  ResidentSetSize of job (KB)
...
006 (44647283.013.000) 2026-02-06 02:09:00 Image size of job updated: 560692
	548  -  MemoryUsage of job (MB)
	560692  -  ResidentSetSize of job (KB)
...
006 (44647283.013.000) 2026-02-06 02:14:01 Image size of job updated: 804476
	786  -  MemoryUsage of job (MB)
	804476  -  ResidentSetSize of job (KB)
...
006 (44647283.013.000) 2026-02-06 02:19:02 Image size of job updated: 1048900
	1025  -  MemoryUsage of job (MB)
	1048900  -  ResidentSetSize of job (KB)
...
006 (44647283.013.000) 2026-02-06 02:24:02 Image size of job updated: 1282236
	1253  -  MemoryUsage of job (MB)
	1282236  -  ResidentSetSize of job (KB)
...
006 (44647283.013.000) 2026-02-06 02:29:02 Image size of job updated: 1454092
	1421  -  MemoryUsage of job (MB)
	1454092  -  ResidentSetSize of job (KB)
...
006 (44647283.013.000) 2026-02-06 02:34:03 Image size of job updated: 1614564
	1577  -  MemoryUsage of job (MB)
	1614564  -  ResidentSetSize of job (KB)
...
006 (44647283.013.000) 2026-02-06 02:39:03 Image size of job updated: 1781436
	1740  -  MemoryUsage of job (MB)
	1781436  -  ResidentSetSize of job (KB)
...
006 (44647283.013.000) 2026-02-06 02:44:03 Image size of job updated: 1781440
	1740  -  MemoryUsage of job (MB)
	1781440  -  ResidentSetSize of job (KB)
...
006 (44647283.013.000) 2026-02-06 02:49:04 Image size of job updated: 1781468
	1740  -  MemoryUsage of job (MB)
	1781468  -  ResidentSetSize of job (KB)
...
006 (44647283.013.000) 2026-02-06 02:54:05 Image size of job updated: 1781472
	1740  -  MemoryUsage of job (MB)
	1781472  -  ResidentSetSize of job (KB)
...
006 (44647283.013.000) 2026-02-06 03:14:07 Image size of job updated: 1781476
	1740  -  MemoryUsage of job (MB)
	1781476  -  ResidentSetSize of job (KB)
...
006 (44647283.013.000) 2026-02-06 03:24:09 Image size of job updated: 1782488
	1741  -  MemoryUsage of job (MB)
	1782488  -  ResidentSetSize of job (KB)
...
006 (44647283.013.000) 2026-02-06 03:44:10 Image size of job updated: 1787952
	1747  -  MemoryUsage of job (MB)
	1787952  -  ResidentSetSize of job (KB)
...
006 (44647283.013.000) 2026-02-06 03:49:10 Image size of job updated: 1787956
	1747  -  MemoryUsage of job (MB)
	1787956  -  ResidentSetSize of job (KB)
...
006 (44647283.013.000) 2026-02-06 04:09:13 Image size of job updated: 1788788
	1747  -  MemoryUsage of job (MB)
	1788788  -  ResidentSetSize of job (KB)
...
006 (44647283.013.000) 2026-02-06 04:14:14 Image size of job updated: 1788792
	1747  -  MemoryUsage of job (MB)
	1788792  -  ResidentSetSize of job (KB)
...
006 (44647283.013.000) 2026-02-06 04:29:16 Image size of job updated: 1789184
	1748  -  MemoryUsage of job (MB)
	1789184  -  ResidentSetSize of job (KB)
...
006 (44647283.013.000) 2026-02-06 04:54:18 Image size of job updated: 1791956
	1750  -  MemoryUsage of job (MB)
	1791956  -  ResidentSetSize of job (KB)
...
006 (44647283.013.000) 2026-02-06 05:04:19 Image size of job updated: 1791964
	1750  -  MemoryUsage of job (MB)
	1791964  -  ResidentSetSize of job (KB)
...
006 (44647283.013.000) 2026-02-06 05:09:19 Image size of job updated: 1791968
	1750  -  MemoryUsage of job (MB)
	1791968  -  ResidentSetSize of job (KB)
...
006 (44647283.013.000) 2026-02-06 05:24:21 Image size of job updated: 1791996
	1750  -  MemoryUsage of job (MB)
	1791996  -  ResidentSetSize of job (KB)
...
006 (44647283.013.000) 2026-02-06 05:39:23 Image size of job updated: 1792020
	1751  -  MemoryUsage of job (MB)
	1792020  -  ResidentSetSize of job (KB)
...
006 (44647283.013.000) 2026-02-06 05:49:25 Image size of job updated: 1792024
	1751  -  MemoryUsage of job (MB)
	1792024  -  ResidentSetSize of job (KB)
...
006 (44647283.013.000) 2026-02-06 06:04:26 Image size of job updated: 1792028
	1751  -  MemoryUsage of job (MB)
	1792028  -  ResidentSetSize of job (KB)
...
006 (44647283.013.000) 2026-02-06 06:14:26 Image size of job updated: 1793460
	1752  -  MemoryUsage of job (MB)
	1793460  -  ResidentSetSize of job (KB)
...
006 (44647283.013.000) 2026-02-06 06:39:30 Image size of job updated: 1794392
	1753  -  MemoryUsage of job (MB)
	1794392  -  ResidentSetSize of job (KB)
...
006 (44647283.013.000) 2026-02-06 07:09:33 Image size of job updated: 1796108
	1754  -  MemoryUsage of job (MB)
	1795100  -  ResidentSetSize of job (KB)
...
006 (44647283.013.000) 2026-02-06 07:44:36 Image size of job updated: 1796544
	1755  -  MemoryUsage of job (MB)
	1796544  -  ResidentSetSize of job (KB)
...
006 (44647283.013.000) 2026-02-06 07:59:38 Image size of job updated: 1796548
	1755  -  MemoryUsage of job (MB)
	1796548  -  ResidentSetSize of job (KB)
...
006 (44647283.013.000) 2026-02-06 08:14:39 Image size of job updated: 1796552
	1755  -  MemoryUsage of job (MB)
	1796552  -  ResidentSetSize of job (KB)
...
006 (44647283.013.000) 2026-02-06 09:09:44 Image size of job updated: 1799252
	1757  -  MemoryUsage of job (MB)
	1798260  -  ResidentSetSize of job (KB)
...
006 (44647283.013.000) 2026-02-06 10:04:48 Image size of job updated: 1799252
	1757  -  MemoryUsage of job (MB)
	1798676  -  ResidentSetSize of job (KB)
...
006 (44647283.013.000) 2026-02-06 10:54:54 Image size of job updated: 1802884
	1758  -  MemoryUsage of job (MB)
	1799852  -  ResidentSetSize of job (KB)
...
006 (44647283.013.000) 2026-02-06 11:49:59 Image size of job updated: 1803024
	1761  -  MemoryUsage of job (MB)
	1803024  -  ResidentSetSize of job (KB)
...
006 (44647283.013.000) 2026-02-06 12:00:01 Image size of job updated: 1803032
	1761  -  MemoryUsage of job (MB)
	1803024  -  ResidentSetSize of job (KB)
...
006 (44647283.013.000) 2026-02-06 13:45:10 Image size of job updated: 1807352
	1765  -  MemoryUsage of job (MB)
	1806352  -  ResidentSetSize of job (KB)
...
006 (44647283.013.000) 2026-02-06 14:20:13 Image size of job updated: 1807352
	1765  -  MemoryUsage of job (MB)
	1806500  -  ResidentSetSize of job (KB)
...
006 (44647283.013.000) 2026-02-06 14:55:16 Image size of job updated: 1814424
	1772  -  MemoryUsage of job (MB)
	1814424  -  ResidentSetSize of job (KB)
...
006 (44647283.013.000) 2026-02-06 15:10:18 Image size of job updated: 1824464
	1772  -  MemoryUsage of job (MB)
	1814424  -  ResidentSetSize of job (KB)
...
006 (44647283.013.000) 2026-02-06 17:40:32 Image size of job updated: 1824712
	1780  -  MemoryUsage of job (MB)
	1822672  -  ResidentSetSize of job (KB)
...
006 (44647283.013.000) 2026-02-06 17:50:33 Image size of job updated: 1824712
	1781  -  MemoryUsage of job (MB)
	1822744  -  ResidentSetSize of job (KB)
...
006 (44647283.013.000) 2026-02-06 18:00:34 Image size of job updated: 1824712
	1781  -  MemoryUsage of job (MB)
	1822748  -  ResidentSetSize of job (KB)
...
006 (44647283.013.000) 2026-02-06 18:10:35 Image size of job updated: 1824712
	1781  -  MemoryUsage of job (MB)
	1822808  -  ResidentSetSize of job (KB)
...
006 (44647283.013.000) 2026-02-06 18:25:37 Image size of job updated: 1824712
	1781  -  MemoryUsage of job (MB)
	1823284  -  ResidentSetSize of job (KB)
...
006 (44647283.013.000) 2026-02-06 18:35:39 Image size of job updated: 1832452
	1789  -  MemoryUsage of job (MB)
	1830988  -  ResidentSetSize of job (KB)
...
006 (44647283.013.000) 2026-02-06 18:45:39 Image size of job updated: 1834376
	1792  -  MemoryUsage of job (MB)
	1834376  -  ResidentSetSize of job (KB)
...
006 (44647283.013.000) 2026-02-06 23:06:07 Image size of job updated: 1842632
	1800  -  MemoryUsage of job (MB)
	1842632  -  ResidentSetSize of job (KB)
...
006 (44647283.013.000) 2026-02-06 23:11:07 Image size of job updated: 1842644
	1800  -  MemoryUsage of job (MB)
	1842644  -  ResidentSetSize of job (KB)
...
006 (44647283.013.000) 2026-02-06 23:21:08 Image size of job updated: 1852080
	1809  -  MemoryUsage of job (MB)
	1852076  -  ResidentSetSize of job (KB)
...
006 (44647283.013.000) 2026-02-06 23:26:08 Image size of job updated: 1852080
	1809  -  MemoryUsage of job (MB)
	1852080  -  ResidentSetSize of job (KB)
...
006 (44647283.013.000) 2026-02-07 00:51:15 Image size of job updated: 1852128
	1809  -  MemoryUsage of job (MB)
	1852128  -  ResidentSetSize of job (KB)
...
006 (44647283.013.000) 2026-02-07 00:56:16 Image size of job updated: 1854216
	1811  -  MemoryUsage of job (MB)
	1854216  -  ResidentSetSize of job (KB)
...
006 (44647283.013.000) 2026-02-07 01:06:17 Image size of job updated: 1854564
	1812  -  MemoryUsage of job (MB)
	1854564  -  ResidentSetSize of job (KB)
...
006 (44647283.013.000) 2026-02-07 01:16:19 Image size of job updated: 1854664
	1812  -  MemoryUsage of job (MB)
	1854664  -  ResidentSetSize of job (KB)
...
006 (44647283.013.000) 2026-02-07 01:31:21 Image size of job updated: 1855280
	1812  -  MemoryUsage of job (MB)
	1855276  -  ResidentSetSize of job (KB)
...
006 (44647283.013.000) 2026-02-07 01:41:21 Image size of job updated: 1855688
	1813  -  MemoryUsage of job (MB)
	1855688  -  ResidentSetSize of job (KB)
...
006 (44647283.013.000) 2026-02-07 01:56:22 Image size of job updated: 1856196
	1813  -  MemoryUsage of job (MB)
	1856196  -  ResidentSetSize of job (KB)
...
006 (44647283.013.000) 2026-02-07 02:19:28 Image size of job updated: 1856208
	1813  -  MemoryUsage of job (MB)
	1856196  -  ResidentSetSize of job (KB)
...
004 (44647283.013.000) 2026-02-07 02:19:28 Job was evicted. Code 1023 Subcode 0
	(0) CPU times
		Usr 5 15:37:55, Sys 0 00:07:50  -  Run Remote Usage
		Usr 0 00:00:00, Sys 0 00:00:00  -  Run Local Usage
	0  -  Run Bytes Sent By Job
	0  -  Run Bytes Received By Job
	Reason: via condor_rm (by user pratyusava.baral)
	Partitionable Resources :    Usage  Request Allocated 
	   Cpus                 :     6.07        4         4 
	   Disk (KB)            :    10        2000      2048 
	   GPUs                 :                           0 
	   Memory (MB)          :  1813       20000     20096 
	   TimeExecute (s)      : 93649                       
	   TimeSlotBusy (s)     : 93649                       
...
009 (44647283.013.000) 2026-02-07 02:19:28 Job was aborted.
	via condor_rm (by user pratyusava.baral)
...
000 (44647698.013.000) 2026-02-07 02:25:57 Job submitted from host: <146.186.150.67:9618?CCBID=10.6.200.15:9618%3fPrivNet%3dGWAVE%26addrs%3d10.6.200.15-9618%26alias%3dligo-ad-01.gwave.ics.psu.edu%26noUDP%26sock%3dcollector#166034&PrivAddr=%3c146.186.150.67:9618%3fsock%3dschedd_323984_a796%3e&PrivNet=GWAVE&addrs=146.186.150.67-9618&alias=ligo-hd-02.gwave.ics.psu.edu&noUDP&sock=schedd_323984_a796>
...
001 (44647698.013.000) 2026-02-08 14:58:09 Job executing on host: <10.136.81.247:9618?alias=comp-cc-0477.gwave.ics.psu.edu&sock=startd_125544_51f6>
	SlotName: slot1_1@comp-cc-0477.gwave.ics.psu.edu
	AvailableGPUs = {  }
	CondorScratchDir = "/localscratch/condor/execute/dir_3248670"
	Cpus = 4
	Disk = 2048
	GPUs = 0
	Memory = 20096
...
006 (44647698.013.000) 2026-02-08 14:58:18 Image size of job updated: 182604
	179  -  MemoryUsage of job (MB)
	182604  -  ResidentSetSize of job (KB)
...
006 (44647698.013.000) 2026-02-08 15:03:19 Image size of job updated: 377340
	369  -  MemoryUsage of job (MB)
	377340  -  ResidentSetSize of job (KB)
...
006 (44647698.013.000) 2026-02-08 15:08:20 Image size of job updated: 378552
	370  -  MemoryUsage of job (MB)
	378552  -  ResidentSetSize of job (KB)
...
006 (44647698.013.000) 2026-02-08 15:13:20 Image size of job updated: 472396
	462  -  MemoryUsage of job (MB)
	472396  -  ResidentSetSize of job (KB)
...
006 (44647698.013.000) 2026-02-08 15:18:21 Image size of job updated: 473452
	463  -  MemoryUsage of job (MB)
	473452  -  ResidentSetSize of job (KB)
...
006 (44647698.013.000) 2026-02-08 15:23:22 Image size of job updated: 485176
	474  -  MemoryUsage of job (MB)
	485176  -  ResidentSetSize of job (KB)
...
006 (44647698.013.000) 2026-02-08 15:28:22 Image size of job updated: 485360
	474  -  MemoryUsage of job (MB)
	485360  -  ResidentSetSize of job (KB)
...
006 (44647698.013.000) 2026-02-08 15:33:23 Image size of job updated: 487604
	477  -  MemoryUsage of job (MB)
	487604  -  ResidentSetSize of job (KB)
...
006 (44647698.013.000) 2026-02-08 15:38:24 Image size of job updated: 487936
	477  -  MemoryUsage of job (MB)
	487936  -  ResidentSetSize of job (KB)
...
006 (44647698.013.000) 2026-02-08 15:43:24 Image size of job updated: 502484
	491  -  MemoryUsage of job (MB)
	502484  -  ResidentSetSize of job (KB)
...
006 (44647698.013.000) 2026-02-08 15:48:24 Image size of job updated: 502516
	491  -  MemoryUsage of job (MB)
	502516  -  ResidentSetSize of job (KB)
...
006 (44647698.013.000) 2026-02-08 15:53:25 Image size of job updated: 503548
	492  -  MemoryUsage of job (MB)
	503548  -  ResidentSetSize of job (KB)
...
006 (44647698.013.000) 2026-02-08 15:58:25 Image size of job updated: 503560
	492  -  MemoryUsage of job (MB)
	503560  -  ResidentSetSize of job (KB)
...
006 (44647698.013.000) 2026-02-08 16:03:25 Image size of job updated: 505612
	494  -  MemoryUsage of job (MB)
	505612  -  ResidentSetSize of job (KB)
...
006 (44647698.013.000) 2026-02-08 16:08:26 Image size of job updated: 505624
	494  -  MemoryUsage of job (MB)
	505624  -  ResidentSetSize of job (KB)
...
006 (44647698.013.000) 2026-02-08 16:13:26 Image size of job updated: 530892
	519  -  MemoryUsage of job (MB)
	530892  -  ResidentSetSize of job (KB)
...
006 (44647698.013.000) 2026-02-08 16:18:26 Image size of job updated: 531228
	519  -  MemoryUsage of job (MB)
	531228  -  ResidentSetSize of job (KB)
...
006 (44647698.013.000) 2026-02-08 16:23:27 Image size of job updated: 538640
	527  -  MemoryUsage of job (MB)
	538640  -  ResidentSetSize of job (KB)
...
006 (44647698.013.000) 2026-02-08 16:28:28 Image size of job updated: 538656
	527  -  MemoryUsage of job (MB)
	538656  -  ResidentSetSize of job (KB)
...
006 (44647698.013.000) 2026-02-08 16:33:28 Image size of job updated: 547708
	535  -  MemoryUsage of job (MB)
	547708  -  ResidentSetSize of job (KB)
...
006 (44647698.013.000) 2026-02-08 16:38:29 Image size of job updated: 547716
	535  -  MemoryUsage of job (MB)
	547716  -  ResidentSetSize of job (KB)
...
006 (44647698.013.000) 2026-02-08 16:43:30 Image size of job updated: 551780
	539  -  MemoryUsage of job (MB)
	551780  -  ResidentSetSize of job (KB)
...
006 (44647698.013.000) 2026-02-08 16:48:30 Image size of job updated: 551788
	539  -  MemoryUsage of job (MB)
	551788  -  ResidentSetSize of job (KB)
...
006 (44647698.013.000) 2026-02-08 16:53:30 Image size of job updated: 551800
	539  -  MemoryUsage of job (MB)
	551788  -  ResidentSetSize of job (KB)
...
006 (44647698.013.000) 2026-02-08 17:03:31 Image size of job updated: 552868
	540  -  MemoryUsage of job (MB)
	552868  -  ResidentSetSize of job (KB)
...
006 (44647698.013.000) 2026-02-08 17:08:31 Image size of job updated: 552880
	540  -  MemoryUsage of job (MB)
	552880  -  ResidentSetSize of job (KB)
...
006 (44647698.013.000) 2026-02-08 17:13:32 Image size of job updated: 552912
	540  -  MemoryUsage of job (MB)
	552912  -  ResidentSetSize of job (KB)
...
006 (44647698.013.000) 2026-02-08 17:18:32 Image size of job updated: 552960
	540  -  MemoryUsage of job (MB)
	552960  -  ResidentSetSize of job (KB)
...
006 (44647698.013.000) 2026-02-08 17:23:32 Image size of job updated: 555192
	543  -  MemoryUsage of job (MB)
	555192  -  ResidentSetSize of job (KB)
...
006 (44647698.013.000) 2026-02-08 17:28:33 Image size of job updated: 555552
	543  -  MemoryUsage of job (MB)
	555552  -  ResidentSetSize of job (KB)
...
006 (44647698.013.000) 2026-02-08 17:33:33 Image size of job updated: 557396
	545  -  MemoryUsage of job (MB)
	557396  -  ResidentSetSize of job (KB)
...
006 (44647698.013.000) 2026-02-08 17:38:33 Image size of job updated: 557412
	545  -  MemoryUsage of job (MB)
	557412  -  ResidentSetSize of job (KB)
...
006 (44647698.013.000) 2026-02-08 17:43:34 Image size of job updated: 558484
	546  -  MemoryUsage of job (MB)
	558440  -  ResidentSetSize of job (KB)
...
006 (44647698.013.000) 2026-02-08 17:48:35 Image size of job updated: 558484
	546  -  MemoryUsage of job (MB)
	558456  -  ResidentSetSize of job (KB)
...
006 (44647698.013.000) 2026-02-08 17:53:35 Image size of job updated: 562180
	550  -  MemoryUsage of job (MB)
	562180  -  ResidentSetSize of job (KB)
...
006 (44647698.013.000) 2026-02-08 17:58:36 Image size of job updated: 562216
	550  -  MemoryUsage of job (MB)
	562216  -  ResidentSetSize of job (KB)
...
006 (44647698.013.000) 2026-02-08 18:03:37 Image size of job updated: 563648
	550  -  MemoryUsage of job (MB)
	562216  -  ResidentSetSize of job (KB)
...
006 (44647698.013.000) 2026-02-08 18:13:38 Image size of job updated: 570012
	557  -  MemoryUsage of job (MB)
	570012  -  ResidentSetSize of job (KB)
...
006 (44647698.013.000) 2026-02-08 18:18:39 Image size of job updated: 570028
	557  -  MemoryUsage of job (MB)
	570028  -  ResidentSetSize of job (KB)
...
006 (44647698.013.000) 2026-02-08 18:23:39 Image size of job updated: 572336
	559  -  MemoryUsage of job (MB)
	572336  -  ResidentSetSize of job (KB)
...
006 (44647698.013.000) 2026-02-08 18:28:39 Image size of job updated: 573120
	560  -  MemoryUsage of job (MB)
	573120  -  ResidentSetSize of job (KB)
...
006 (44647698.013.000) 2026-02-08 18:33:40 Image size of job updated: 573196
	560  -  MemoryUsage of job (MB)
	573196  -  ResidentSetSize of job (KB)
...
006 (44647698.013.000) 2026-02-08 18:38:40 Image size of job updated: 576608
	564  -  MemoryUsage of job (MB)
	576608  -  ResidentSetSize of job (KB)
...
006 (44647698.013.000) 2026-02-08 18:43:40 Image size of job updated: 581696
	569  -  MemoryUsage of job (MB)
	581696  -  ResidentSetSize of job (KB)
...
006 (44647698.013.000) 2026-02-08 18:48:41 Image size of job updated: 717928
	702  -  MemoryUsage of job (MB)
	717928  -  ResidentSetSize of job (KB)
...
006 (44647698.013.000) 2026-02-08 18:53:42 Image size of job updated: 954608
	933  -  MemoryUsage of job (MB)
	954608  -  ResidentSetSize of job (KB)
...
006 (44647698.013.000) 2026-02-08 18:58:42 Image size of job updated: 1173904
	1147  -  MemoryUsage of job (MB)
	1173904  -  ResidentSetSize of job (KB)
...
006 (44647698.013.000) 2026-02-08 19:03:43 Image size of job updated: 1410220
	1378  -  MemoryUsage of job (MB)
	1410220  -  ResidentSetSize of job (KB)
...
006 (44647698.013.000) 2026-02-08 19:08:44 Image size of job updated: 1664780
	1626  -  MemoryUsage of job (MB)
	1664780  -  ResidentSetSize of job (KB)
...
006 (44647698.013.000) 2026-02-08 19:13:44 Image size of job updated: 1909872
	1866  -  MemoryUsage of job (MB)
	1909872  -  ResidentSetSize of job (KB)
...
006 (44647698.013.000) 2026-02-08 19:18:44 Image size of job updated: 1921332
	1877  -  MemoryUsage of job (MB)
	1921332  -  ResidentSetSize of job (KB)
...
006 (44647698.013.000) 2026-02-08 19:23:45 Image size of job updated: 1921344
	1877  -  MemoryUsage of job (MB)
	1921344  -  ResidentSetSize of job (KB)
...
006 (44647698.013.000) 2026-02-08 19:28:45 Image size of job updated: 1922372
	1877  -  MemoryUsage of job (MB)
	1921372  -  ResidentSetSize of job (KB)
...
006 (44647698.013.000) 2026-02-08 19:33:45 Image size of job updated: 1922372
	1877  -  MemoryUsage of job (MB)
	1921388  -  ResidentSetSize of job (KB)
...
006 (44647698.013.000) 2026-02-08 19:38:46 Image size of job updated: 1924464
	1878  -  MemoryUsage of job (MB)
	1922424  -  ResidentSetSize of job (KB)
...
006 (44647698.013.000) 2026-02-08 19:43:46 Image size of job updated: 1924464
	1878  -  MemoryUsage of job (MB)
	1922444  -  ResidentSetSize of job (KB)
...
006 (44647698.013.000) 2026-02-08 19:48:46 Image size of job updated: 1925888
	1881  -  MemoryUsage of job (MB)
	1925888  -  ResidentSetSize of job (KB)
...
006 (44647698.013.000) 2026-02-08 19:53:47 Image size of job updated: 1925924
	1881  -  MemoryUsage of job (MB)
	1925924  -  ResidentSetSize of job (KB)
...
006 (44647698.013.000) 2026-02-08 19:58:47 Image size of job updated: 1928052
	1883  -  MemoryUsage of job (MB)
	1928052  -  ResidentSetSize of job (KB)
...
006 (44647698.013.000) 2026-02-08 20:03:47 Image size of job updated: 1928068
	1883  -  MemoryUsage of job (MB)
	1928068  -  ResidentSetSize of job (KB)
...
006 (44647698.013.000) 2026-02-08 20:08:48 Image size of job updated: 1930324
	1886  -  MemoryUsage of job (MB)
	1930324  -  ResidentSetSize of job (KB)
...
006 (44647698.013.000) 2026-02-08 20:13:48 Image size of job updated: 1930336
	1886  -  MemoryUsage of job (MB)
	1930336  -  ResidentSetSize of job (KB)
...
006 (44647698.013.000) 2026-02-08 20:18:48 Image size of job updated: 1936972
	1892  -  MemoryUsage of job (MB)
	1936972  -  ResidentSetSize of job (KB)
...
006 (44647698.013.000) 2026-02-08 20:23:49 Image size of job updated: 1936988
	1892  -  MemoryUsage of job (MB)
	1936988  -  ResidentSetSize of job (KB)
...
006 (44647698.013.000) 2026-02-08 20:28:50 Image size of job updated: 1939008
	1894  -  MemoryUsage of job (MB)
	1939008  -  ResidentSetSize of job (KB)
...
006 (44647698.013.000) 2026-02-08 20:33:50 Image size of job updated: 1939020
	1894  -  MemoryUsage of job (MB)
	1939020  -  ResidentSetSize of job (KB)
...
006 (44647698.013.000) 2026-02-08 20:38:51 Image size of job updated: 1941320
	1896  -  MemoryUsage of job (MB)
	1941320  -  ResidentSetSize of job (KB)
...
006 (44647698.013.000) 2026-02-08 20:43:52 Image size of job updated: 1941336
	1896  -  MemoryUsage of job (MB)
	1941336  -  ResidentSetSize of job (KB)
...
006 (44647698.013.000) 2026-02-08 20:48:52 Image size of job updated: 1947880
	1903  -  MemoryUsage of job (MB)
	1947880  -  ResidentSetSize of job (KB)
...
006 (44647698.013.000) 2026-02-08 20:53:53 Image size of job updated: 1947888
	1903  -  MemoryUsage of job (MB)
	1947888  -  ResidentSetSize of job (KB)
...
006 (44647698.013.000) 2026-02-08 20:58:54 Image size of job updated: 1950720
	1905  -  MemoryUsage of job (MB)
	1950720  -  ResidentSetSize of job (KB)
...
006 (44647698.013.000) 2026-02-08 21:03:54 Image size of job updated: 1950736
	1906  -  MemoryUsage of job (MB)
	1950736  -  ResidentSetSize of job (KB)
...
006 (44647698.013.000) 2026-02-08 21:08:54 Image size of job updated: 1954048
	1908  -  MemoryUsage of job (MB)
	1952796  -  ResidentSetSize of job (KB)
...
006 (44647698.013.000) 2026-02-08 21:13:55 Image size of job updated: 1954048
	1908  -  MemoryUsage of job (MB)
	1952804  -  ResidentSetSize of job (KB)
...
006 (44647698.013.000) 2026-02-08 21:18:55 Image size of job updated: 1954232
	1909  -  MemoryUsage of job (MB)
	1954232  -  ResidentSetSize of job (KB)
...
006 (44647698.013.000) 2026-02-08 21:23:55 Image size of job updated: 1954240
	1909  -  MemoryUsage of job (MB)
	1954240  -  ResidentSetSize of job (KB)
...
006 (44647698.013.000) 2026-02-08 21:28:56 Image size of job updated: 1956928
	1912  -  MemoryUsage of job (MB)
	1956928  -  ResidentSetSize of job (KB)
...
006 (44647698.013.000) 2026-02-08 21:33:56 Image size of job updated: 1956944
	1912  -  MemoryUsage of job (MB)
	1956944  -  ResidentSetSize of job (KB)
...
006 (44647698.013.000) 2026-02-08 21:38:56 Image size of job updated: 1959292
	1914  -  MemoryUsage of job (MB)
	1959016  -  ResidentSetSize of job (KB)
...
006 (44647698.013.000) 2026-02-08 21:43:57 Image size of job updated: 1959292
	1914  -  MemoryUsage of job (MB)
	1959028  -  ResidentSetSize of job (KB)
...
006 (44647698.013.000) 2026-02-08 21:48:58 Image size of job updated: 1961120
	1916  -  MemoryUsage of job (MB)
	1961120  -  ResidentSetSize of job (KB)
...
006 (44647698.013.000) 2026-02-08 21:53:58 Image size of job updated: 1961132
	1916  -  MemoryUsage of job (MB)
	1961132  -  ResidentSetSize of job (KB)
...
006 (44647698.013.000) 2026-02-08 21:58:59 Image size of job updated: 1963596
	1918  -  MemoryUsage of job (MB)
	1963596  -  ResidentSetSize of job (KB)
...
006 (44647698.013.000) 2026-02-08 22:04:00 Image size of job updated: 1963604
	1918  -  MemoryUsage of job (MB)
	1963604  -  ResidentSetSize of job (KB)
...
006 (44647698.013.000) 2026-02-08 22:09:00 Image size of job updated: 1966552
	1921  -  MemoryUsage of job (MB)
	1966552  -  ResidentSetSize of job (KB)
...
006 (44647698.013.000) 2026-02-08 22:14:00 Image size of job updated: 1974904
	1929  -  MemoryUsage of job (MB)
	1974904  -  ResidentSetSize of job (KB)
...
006 (44647698.013.000) 2026-02-08 22:19:01 Image size of job updated: 1974912
	1929  -  MemoryUsage of job (MB)
	1974912  -  ResidentSetSize of job (KB)
...
006 (44647698.013.000) 2026-02-08 22:24:01 Image size of job updated: 1985276
	1938  -  MemoryUsage of job (MB)
	1984288  -  ResidentSetSize of job (KB)
...
006 (44647698.013.000) 2026-02-08 22:29:01 Image size of job updated: 1985276
	1938  -  MemoryUsage of job (MB)
	1984300  -  ResidentSetSize of job (KB)
...
006 (44647698.013.000) 2026-02-09 00:14:13 Image size of job updated: 1997336
	1939  -  MemoryUsage of job (MB)
	1984768  -  ResidentSetSize of job (KB)
...
006 (44647698.013.000) 2026-02-09 00:19:13 Image size of job updated: 1997336
	1939  -  MemoryUsage of job (MB)
	1984776  -  ResidentSetSize of job (KB)
...
006 (44647698.013.000) 2026-02-09 00:24:13 Image size of job updated: 1997336
	1939  -  MemoryUsage of job (MB)
	1984784  -  ResidentSetSize of job (KB)
...
006 (44647698.013.000) 2026-02-09 00:29:14 Image size of job updated: 1997336
	1939  -  MemoryUsage of job (MB)
	1984792  -  ResidentSetSize of job (KB)
...
006 (44647698.013.000) 2026-02-09 00:34:14 Image size of job updated: 2005252
	1940  -  MemoryUsage of job (MB)
	1985828  -  ResidentSetSize of job (KB)
...
006 (44647698.013.000) 2026-02-09 00:39:14 Image size of job updated: 2005252
	1940  -  MemoryUsage of job (MB)
	1985836  -  ResidentSetSize of job (KB)
...
006 (44647698.013.000) 2026-02-09 00:44:15 Image size of job updated: 2005252
	1940  -  MemoryUsage of job (MB)
	1985852  -  ResidentSetSize of job (KB)
...
006 (44647698.013.000) 2026-02-09 00:49:15 Image size of job updated: 2006860
	1942  -  MemoryUsage of job (MB)
	1987904  -  ResidentSetSize of job (KB)
...
006 (44647698.013.000) 2026-02-09 00:54:15 Image size of job updated: 2006860
	1942  -  MemoryUsage of job (MB)
	1987920  -  ResidentSetSize of job (KB)
...
006 (44647698.013.000) 2026-02-09 00:59:16 Image size of job updated: 2006860
	1944  -  MemoryUsage of job (MB)
	1989972  -  ResidentSetSize of job (KB)
...
006 (44647698.013.000) 2026-02-09 01:04:17 Image size of job updated: 2006860
	1944  -  MemoryUsage of job (MB)
	1990040  -  ResidentSetSize of job (KB)
...
006 (44647698.013.000) 2026-02-09 01:09:17 Image size of job updated: 2006860
	1947  -  MemoryUsage of job (MB)
	1992932  -  ResidentSetSize of job (KB)
...
006 (44647698.013.000) 2026-02-09 01:14:18 Image size of job updated: 2006860
	1947  -  MemoryUsage of job (MB)
	1992936  -  ResidentSetSize of job (KB)
...
006 (44647698.013.000) 2026-02-09 01:19:19 Image size of job updated: 2030744
	1984  -  MemoryUsage of job (MB)
	2030744  -  ResidentSetSize of job (KB)
...
006 (44647698.013.000) 2026-02-09 01:24:19 Image size of job updated: 2030752
	1984  -  MemoryUsage of job (MB)
	2030752  -  ResidentSetSize of job (KB)
...
006 (44647698.013.000) 2026-02-09 01:29:19 Image size of job updated: 2030756
	1984  -  MemoryUsage of job (MB)
	2030752  -  ResidentSetSize of job (KB)
...
005 (44647698.013.000) 2026-02-09 02:13:15 Job terminated.
	(1) Normal termination (return value 0)
		Usr 5 18:48:09, Sys 0 00:02:15  -  Run Remote Usage
		Usr 0 00:00:00, Sys 0 00:00:00  -  Run Local Usage
		Usr 5 18:48:09, Sys 0 00:02:15  -  Total Remote Usage
		Usr 0 00:00:00, Sys 0 00:00:00  -  Total Local Usage
	0  -  Run Bytes Sent By Job
	0  -  Run Bytes Received By Job
	0  -  Total Bytes Sent By Job
	0  -  Total Bytes Received By Job
	Partitionable Resources :    Usage  Request Allocated 
	   Cpus                 :    13.96        4         4 
	   Disk (KB)            :    10        2000      2048 
	   GPUs                 :                           0 
	   Memory (MB)          :  1984       20000     20096 
	   TimeExecute (s)      : 40506                       
	   TimeSlotBusy (s)     : 40506                       
...
