000 (44606439.015.000) 2026-01-25 11:06:58 Job submitted from host: <146.186.150.67:9618?CCBID=10.6.200.15:9618%3fPrivNet%3dGWAVE%26addrs%3d10.6.200.15-9618%26alias%3dligo-ad-01.gwave.ics.psu.edu%26noUDP%26sock%3dcollector#166034&PrivAddr=%3c146.186.150.67:9618%3fsock%3dschedd_323984_a796%3e&PrivNet=GWAVE&addrs=146.186.150.67-9618&alias=ligo-hd-02.gwave.ics.psu.edu&noUDP&sock=schedd_323984_a796>
...
001 (44606439.015.000) 2026-01-25 11:07:08 Job executing on host: <10.136.81.23:9618?alias=comp-ex-0238.gwave.ics.psu.edu&sock=startd_109662_96d4>
	SlotName: slot1_8@comp-ex-0238.gwave.ics.psu.edu
	CondorScratchDir = "/localscratch/condor/execute/dir_1332306"
	Cpus = 4
	Disk = 2048
	GPUs = 0
	Memory = 20096
...
006 (44606439.015.000) 2026-01-25 11:07:10 Image size of job updated: 120
	0  -  MemoryUsage of job (MB)
	0  -  ResidentSetSize of job (KB)
...
005 (44606439.015.000) 2026-01-25 11:07:10 Job terminated.
	(1) Normal termination (return value 1)
		Usr 0 00:00:02, Sys 0 00:00:00  -  Run Remote Usage
		Usr 0 00:00:00, Sys 0 00:00:00  -  Run Local Usage
		Usr 0 00:00:02, Sys 0 00:00:00  -  Total Remote Usage
		Usr 0 00:00:00, Sys 0 00:00:00  -  Total Local Usage
	0  -  Run Bytes Sent By Job
	0  -  Run Bytes Received By Job
	0  -  Total Bytes Sent By Job
	0  -  Total Bytes Received By Job
	Partitionable Resources :    Usage  Request Allocated 
	   Cpus                 :        0        4         4 
	   Disk (KB)            :       10     2000      2048 
	   GPUs                 :                           0 
	   Memory (MB)          :        0    20000     20096 
	   TimeExecute (s)      :        2                    
	   TimeSlotBusy (s)     :        2                    
...
000 (44606442.015.000) 2026-01-25 11:09:37 Job submitted from host: <146.186.150.67:9618?CCBID=10.6.200.15:9618%3fPrivNet%3dGWAVE%26addrs%3d10.6.200.15-9618%26alias%3dligo-ad-01.gwave.ics.psu.edu%26noUDP%26sock%3dcollector#166034&PrivAddr=%3c146.186.150.67:9618%3fsock%3dschedd_323984_a796%3e&PrivNet=GWAVE&addrs=146.186.150.67-9618&alias=ligo-hd-02.gwave.ics.psu.edu&noUDP&sock=schedd_323984_a796>
...
001 (44606442.015.000) 2026-01-25 11:09:54 Job executing on host: <10.136.81.23:9618?alias=comp-ex-0238.gwave.ics.psu.edu&sock=startd_109662_96d4>
	SlotName: slot1_8@comp-ex-0238.gwave.ics.psu.edu
	CondorScratchDir = "/localscratch/condor/execute/dir_1346208"
	Cpus = 4
	Disk = 2048
	GPUs = 0
	Memory = 20096
...
006 (44606442.015.000) 2026-01-25 11:09:58 Image size of job updated: 132
	0  -  MemoryUsage of job (MB)
	0  -  ResidentSetSize of job (KB)
...
005 (44606442.015.000) 2026-01-25 11:09:58 Job terminated.
	(1) Normal termination (return value 1)
		Usr 0 00:00:03, Sys 0 00:00:00  -  Run Remote Usage
		Usr 0 00:00:00, Sys 0 00:00:00  -  Run Local Usage
		Usr 0 00:00:03, Sys 0 00:00:00  -  Total Remote Usage
		Usr 0 00:00:00, Sys 0 00:00:00  -  Total Local Usage
	0  -  Run Bytes Sent By Job
	0  -  Run Bytes Received By Job
	0  -  Total Bytes Sent By Job
	0  -  Total Bytes Received By Job
	Partitionable Resources :    Usage  Request Allocated 
	   Cpus                 :        0        4         4 
	   Disk (KB)            :       10     2000      2048 
	   GPUs                 :                           0 
	   Memory (MB)          :        0    20000     20096 
	   TimeExecute (s)      :        4                    
	   TimeSlotBusy (s)     :        4                    
...
000 (44606444.015.000) 2026-01-25 11:12:20 Job submitted from host: <146.186.150.67:9618?CCBID=10.6.200.15:9618%3fPrivNet%3dGWAVE%26addrs%3d10.6.200.15-9618%26alias%3dligo-ad-01.gwave.ics.psu.edu%26noUDP%26sock%3dcollector#166034&PrivAddr=%3c146.186.150.67:9618%3fsock%3dschedd_323984_a796%3e&PrivNet=GWAVE&addrs=146.186.150.67-9618&alias=ligo-hd-02.gwave.ics.psu.edu&noUDP&sock=schedd_323984_a796>
...
001 (44606444.015.000) 2026-01-25 11:13:22 Job executing on host: <10.136.81.22:9618?alias=comp-ex-0237.gwave.ics.psu.edu&sock=startd_113392_0f16>
	SlotName: slot1_5@comp-ex-0237.gwave.ics.psu.edu
	CondorScratchDir = "/localscratch/condor/execute/dir_2305115"
	Cpus = 4
	Disk = 2048
	GPUs = 0
	Memory = 20096
...
006 (44606444.015.000) 2026-01-25 11:13:26 Image size of job updated: 192
	0  -  MemoryUsage of job (MB)
	0  -  ResidentSetSize of job (KB)
...
005 (44606444.015.000) 2026-01-25 11:13:26 Job terminated.
	(1) Normal termination (return value 1)
		Usr 0 00:00:03, Sys 0 00:00:00  -  Run Remote Usage
		Usr 0 00:00:00, Sys 0 00:00:00  -  Run Local Usage
		Usr 0 00:00:03, Sys 0 00:00:00  -  Total Remote Usage
		Usr 0 00:00:00, Sys 0 00:00:00  -  Total Local Usage
	0  -  Run Bytes Sent By Job
	0  -  Run Bytes Received By Job
	0  -  Total Bytes Sent By Job
	0  -  Total Bytes Received By Job
	Partitionable Resources :    Usage  Request Allocated 
	   Cpus                 :        0        4         4 
	   Disk (KB)            :       10     2000      2048 
	   GPUs                 :                           0 
	   Memory (MB)          :        0    20000     20096 
	   TimeExecute (s)      :        5                    
	   TimeSlotBusy (s)     :        5                    
...
000 (44606462.015.000) 2026-01-25 11:26:50 Job submitted from host: <146.186.150.67:9618?CCBID=10.6.200.15:9618%3fPrivNet%3dGWAVE%26addrs%3d10.6.200.15-9618%26alias%3dligo-ad-01.gwave.ics.psu.edu%26noUDP%26sock%3dcollector#166034&PrivAddr=%3c146.186.150.67:9618%3fsock%3dschedd_323984_a796%3e&PrivNet=GWAVE&addrs=146.186.150.67-9618&alias=ligo-hd-02.gwave.ics.psu.edu&noUDP&sock=schedd_323984_a796>
...
001 (44606462.015.000) 2026-01-25 11:27:45 Job executing on host: <10.136.81.23:9618?alias=comp-ex-0238.gwave.ics.psu.edu&sock=startd_109662_96d4>
	SlotName: slot1_8@comp-ex-0238.gwave.ics.psu.edu
	CondorScratchDir = "/localscratch/condor/execute/dir_1425784"
	Cpus = 4
	Disk = 2048
	GPUs = 0
	Memory = 20096
...
006 (44606462.015.000) 2026-01-25 11:27:50 Image size of job updated: 256
	0  -  MemoryUsage of job (MB)
	0  -  ResidentSetSize of job (KB)
...
005 (44606462.015.000) 2026-01-25 11:27:50 Job terminated.
	(1) Normal termination (return value 1)
		Usr 0 00:00:04, Sys 0 00:00:00  -  Run Remote Usage
		Usr 0 00:00:00, Sys 0 00:00:00  -  Run Local Usage
		Usr 0 00:00:04, Sys 0 00:00:00  -  Total Remote Usage
		Usr 0 00:00:00, Sys 0 00:00:00  -  Total Local Usage
	0  -  Run Bytes Sent By Job
	0  -  Run Bytes Received By Job
	0  -  Total Bytes Sent By Job
	0  -  Total Bytes Received By Job
	Partitionable Resources :    Usage  Request Allocated 
	   Cpus                 :        0        4         4 
	   Disk (KB)            :       10     2000      2048 
	   GPUs                 :                           0 
	   Memory (MB)          :        0    20000     20096 
	   TimeExecute (s)      :        5                    
	   TimeSlotBusy (s)     :        5                    
...
000 (44606736.015.000) 2026-01-25 15:37:28 Job submitted from host: <146.186.150.67:9618?CCBID=10.6.200.15:9618%3fPrivNet%3dGWAVE%26addrs%3d10.6.200.15-9618%26alias%3dligo-ad-01.gwave.ics.psu.edu%26noUDP%26sock%3dcollector#166034&PrivAddr=%3c146.186.150.67:9618%3fsock%3dschedd_323984_a796%3e&PrivNet=GWAVE&addrs=146.186.150.67-9618&alias=ligo-hd-02.gwave.ics.psu.edu&noUDP&sock=schedd_323984_a796>
...
009 (44606736.015.000) 2026-01-25 15:41:57 Job was aborted.
	via condor_rm (by user pratyusava.baral)
...
000 (44606739.015.000) 2026-01-25 15:42:07 Job submitted from host: <146.186.150.67:9618?CCBID=10.6.200.15:9618%3fPrivNet%3dGWAVE%26addrs%3d10.6.200.15-9618%26alias%3dligo-ad-01.gwave.ics.psu.edu%26noUDP%26sock%3dcollector#166034&PrivAddr=%3c146.186.150.67:9618%3fsock%3dschedd_323984_a796%3e&PrivNet=GWAVE&addrs=146.186.150.67-9618&alias=ligo-hd-02.gwave.ics.psu.edu&noUDP&sock=schedd_323984_a796>
...
000 (44606742.015.000) 2026-01-25 15:45:20 Job submitted from host: <146.186.150.67:9618?CCBID=10.6.200.15:9618%3fPrivNet%3dGWAVE%26addrs%3d10.6.200.15-9618%26alias%3dligo-ad-01.gwave.ics.psu.edu%26noUDP%26sock%3dcollector#166034&PrivAddr=%3c146.186.150.67:9618%3fsock%3dschedd_323984_a796%3e&PrivNet=GWAVE&addrs=146.186.150.67-9618&alias=ligo-hd-02.gwave.ics.psu.edu&noUDP&sock=schedd_323984_a796>
...
009 (44606739.015.000) 2026-01-25 15:45:44 Job was aborted.
	via condor_rm (by user pratyusava.baral)
...
009 (44606742.015.000) 2026-01-25 15:45:44 Job was aborted.
	via condor_rm (by user pratyusava.baral)
...
000 (44606743.015.000) 2026-01-25 15:45:51 Job submitted from host: <146.186.150.67:9618?CCBID=10.6.200.15:9618%3fPrivNet%3dGWAVE%26addrs%3d10.6.200.15-9618%26alias%3dligo-ad-01.gwave.ics.psu.edu%26noUDP%26sock%3dcollector#166034&PrivAddr=%3c146.186.150.67:9618%3fsock%3dschedd_323984_a796%3e&PrivNet=GWAVE&addrs=146.186.150.67-9618&alias=ligo-hd-02.gwave.ics.psu.edu&noUDP&sock=schedd_323984_a796>
...
009 (44606743.015.000) 2026-01-25 15:48:45 Job was aborted.
	via condor_rm (by user pratyusava.baral)
...
000 (44606747.015.000) 2026-01-25 15:48:50 Job submitted from host: <146.186.150.67:9618?CCBID=10.6.200.15:9618%3fPrivNet%3dGWAVE%26addrs%3d10.6.200.15-9618%26alias%3dligo-ad-01.gwave.ics.psu.edu%26noUDP%26sock%3dcollector#166034&PrivAddr=%3c146.186.150.67:9618%3fsock%3dschedd_323984_a796%3e&PrivNet=GWAVE&addrs=146.186.150.67-9618&alias=ligo-hd-02.gwave.ics.psu.edu&noUDP&sock=schedd_323984_a796>
...
009 (44606747.015.000) 2026-01-25 15:53:34 Job was aborted.
	via condor_rm (by user pratyusava.baral)
...
000 (44606754.015.000) 2026-01-25 15:54:03 Job submitted from host: <146.186.150.67:9618?CCBID=10.6.200.15:9618%3fPrivNet%3dGWAVE%26addrs%3d10.6.200.15-9618%26alias%3dligo-ad-01.gwave.ics.psu.edu%26noUDP%26sock%3dcollector#166034&PrivAddr=%3c146.186.150.67:9618%3fsock%3dschedd_323984_a796%3e&PrivNet=GWAVE&addrs=146.186.150.67-9618&alias=ligo-hd-02.gwave.ics.psu.edu&noUDP&sock=schedd_323984_a796>
...
001 (44606754.015.000) 2026-01-25 18:36:35 Job executing on host: <10.136.81.14:9618?alias=comp-ex-0229.gwave.ics.psu.edu&sock=startd_111308_9bb7>
	SlotName: slot1_8@comp-ex-0229.gwave.ics.psu.edu
	CondorScratchDir = "/localscratch/condor/execute/dir_2760752"
	Cpus = 4
	Disk = 2048
	GPUs = 0
	Memory = 20096
...
006 (44606754.015.000) 2026-01-25 18:36:44 Image size of job updated: 222036
	217  -  MemoryUsage of job (MB)
	222036  -  ResidentSetSize of job (KB)
...
006 (44606754.015.000) 2026-01-25 18:41:45 Image size of job updated: 410784
	402  -  MemoryUsage of job (MB)
	410784  -  ResidentSetSize of job (KB)
...
006 (44606754.015.000) 2026-01-25 18:46:45 Image size of job updated: 419604
	410  -  MemoryUsage of job (MB)
	419604  -  ResidentSetSize of job (KB)
...
006 (44606754.015.000) 2026-01-25 18:51:45 Image size of job updated: 485480
	475  -  MemoryUsage of job (MB)
	485480  -  ResidentSetSize of job (KB)
...
006 (44606754.015.000) 2026-01-25 18:56:46 Image size of job updated: 486092
	475  -  MemoryUsage of job (MB)
	486092  -  ResidentSetSize of job (KB)
...
006 (44606754.015.000) 2026-01-25 19:01:46 Image size of job updated: 525712
	514  -  MemoryUsage of job (MB)
	525712  -  ResidentSetSize of job (KB)
...
006 (44606754.015.000) 2026-01-25 19:06:46 Image size of job updated: 526400
	515  -  MemoryUsage of job (MB)
	526400  -  ResidentSetSize of job (KB)
...
006 (44606754.015.000) 2026-01-25 19:11:47 Image size of job updated: 537400
	525  -  MemoryUsage of job (MB)
	537400  -  ResidentSetSize of job (KB)
...
006 (44606754.015.000) 2026-01-25 19:16:48 Image size of job updated: 537624
	526  -  MemoryUsage of job (MB)
	537624  -  ResidentSetSize of job (KB)
...
006 (44606754.015.000) 2026-01-25 19:21:48 Image size of job updated: 540928
	529  -  MemoryUsage of job (MB)
	540928  -  ResidentSetSize of job (KB)
...
006 (44606754.015.000) 2026-01-25 19:31:50 Image size of job updated: 600844
	587  -  MemoryUsage of job (MB)
	600844  -  ResidentSetSize of job (KB)
...
006 (44606754.015.000) 2026-01-25 19:36:50 Image size of job updated: 766484
	749  -  MemoryUsage of job (MB)
	766484  -  ResidentSetSize of job (KB)
...
006 (44606754.015.000) 2026-01-25 19:41:50 Image size of job updated: 963888
	942  -  MemoryUsage of job (MB)
	963888  -  ResidentSetSize of job (KB)
...
006 (44606754.015.000) 2026-01-25 19:46:51 Image size of job updated: 1128488
	1103  -  MemoryUsage of job (MB)
	1128488  -  ResidentSetSize of job (KB)
...
006 (44606754.015.000) 2026-01-25 19:51:51 Image size of job updated: 1341720
	1311  -  MemoryUsage of job (MB)
	1341720  -  ResidentSetSize of job (KB)
...
006 (44606754.015.000) 2026-01-25 19:56:51 Image size of job updated: 1504372
	1470  -  MemoryUsage of job (MB)
	1504372  -  ResidentSetSize of job (KB)
...
006 (44606754.015.000) 2026-01-25 20:01:52 Image size of job updated: 1700504
	1661  -  MemoryUsage of job (MB)
	1700504  -  ResidentSetSize of job (KB)
...
006 (44606754.015.000) 2026-01-25 20:06:53 Image size of job updated: 1732448
	1692  -  MemoryUsage of job (MB)
	1732448  -  ResidentSetSize of job (KB)
...
006 (44606754.015.000) 2026-01-25 20:16:54 Image size of job updated: 1732664
	1693  -  MemoryUsage of job (MB)
	1732664  -  ResidentSetSize of job (KB)
...
006 (44606754.015.000) 2026-01-25 20:21:55 Image size of job updated: 1732672
	1693  -  MemoryUsage of job (MB)
	1732672  -  ResidentSetSize of job (KB)
...
006 (44606754.015.000) 2026-01-25 20:26:55 Image size of job updated: 1736512
	1695  -  MemoryUsage of job (MB)
	1734936  -  ResidentSetSize of job (KB)
...
006 (44606754.015.000) 2026-01-25 20:31:55 Image size of job updated: 1736512
	1695  -  MemoryUsage of job (MB)
	1734940  -  ResidentSetSize of job (KB)
...
006 (44606754.015.000) 2026-01-25 20:41:56 Image size of job updated: 1736512
	1695  -  MemoryUsage of job (MB)
	1734944  -  ResidentSetSize of job (KB)
...
006 (44606754.015.000) 2026-01-25 20:51:58 Image size of job updated: 1741392
	1701  -  MemoryUsage of job (MB)
	1741392  -  ResidentSetSize of job (KB)
...
006 (44606754.015.000) 2026-01-25 21:17:00 Image size of job updated: 1742184
	1702  -  MemoryUsage of job (MB)
	1742184  -  ResidentSetSize of job (KB)
...
006 (44606754.015.000) 2026-01-25 21:37:02 Image size of job updated: 1743152
	1702  -  MemoryUsage of job (MB)
	1742228  -  ResidentSetSize of job (KB)
...
006 (44606754.015.000) 2026-01-25 21:47:03 Image size of job updated: 1743152
	1702  -  MemoryUsage of job (MB)
	1742240  -  ResidentSetSize of job (KB)
...
006 (44606754.015.000) 2026-01-25 22:02:05 Image size of job updated: 1744984
	1703  -  MemoryUsage of job (MB)
	1742980  -  ResidentSetSize of job (KB)
...
006 (44606754.015.000) 2026-01-25 22:12:06 Image size of job updated: 1744984
	1703  -  MemoryUsage of job (MB)
	1742996  -  ResidentSetSize of job (KB)
...
006 (44606754.015.000) 2026-01-25 22:22:07 Image size of job updated: 1744984
	1703  -  MemoryUsage of job (MB)
	1743272  -  ResidentSetSize of job (KB)
...
006 (44606754.015.000) 2026-01-25 22:27:07 Image size of job updated: 1744984
	1703  -  MemoryUsage of job (MB)
	1743276  -  ResidentSetSize of job (KB)
...
006 (44606754.015.000) 2026-01-25 22:32:08 Image size of job updated: 1745860
	1704  -  MemoryUsage of job (MB)
	1744852  -  ResidentSetSize of job (KB)
...
006 (44606754.015.000) 2026-01-25 22:47:09 Image size of job updated: 1745860
	1704  -  MemoryUsage of job (MB)
	1744860  -  ResidentSetSize of job (KB)
...
006 (44606754.015.000) 2026-01-25 22:57:10 Image size of job updated: 1745860
	1704  -  MemoryUsage of job (MB)
	1744864  -  ResidentSetSize of job (KB)
...
006 (44606754.015.000) 2026-01-25 23:37:15 Image size of job updated: 1745860
	1705  -  MemoryUsage of job (MB)
	1745380  -  ResidentSetSize of job (KB)
...
006 (44606754.015.000) 2026-01-25 23:47:15 Image size of job updated: 1745860
	1705  -  MemoryUsage of job (MB)
	1745384  -  ResidentSetSize of job (KB)
...
006 (44606754.015.000) 2026-01-26 00:07:18 Image size of job updated: 1746820
	1706  -  MemoryUsage of job (MB)
	1746820  -  ResidentSetSize of job (KB)
...
006 (44606754.015.000) 2026-01-26 00:17:19 Image size of job updated: 1746836
	1706  -  MemoryUsage of job (MB)
	1746836  -  ResidentSetSize of job (KB)
...
006 (44606754.015.000) 2026-01-26 00:42:21 Image size of job updated: 1746872
	1706  -  MemoryUsage of job (MB)
	1746872  -  ResidentSetSize of job (KB)
...
006 (44606754.015.000) 2026-01-26 01:27:25 Image size of job updated: 1747192
	1707  -  MemoryUsage of job (MB)
	1747192  -  ResidentSetSize of job (KB)
...
006 (44606754.015.000) 2026-01-26 01:47:28 Image size of job updated: 1747880
	1707  -  MemoryUsage of job (MB)
	1747880  -  ResidentSetSize of job (KB)
...
006 (44606754.015.000) 2026-01-26 01:57:29 Image size of job updated: 1761964
	1720  -  MemoryUsage of job (MB)
	1760956  -  ResidentSetSize of job (KB)
...
006 (44606754.015.000) 2026-01-26 02:12:31 Image size of job updated: 1762748
	1720  -  MemoryUsage of job (MB)
	1760956  -  ResidentSetSize of job (KB)
...
006 (44606754.015.000) 2026-01-26 02:22:32 Image size of job updated: 1762748
	1721  -  MemoryUsage of job (MB)
	1761864  -  ResidentSetSize of job (KB)
...
006 (44606754.015.000) 2026-01-26 08:03:08 Image size of job updated: 1770316
	1729  -  MemoryUsage of job (MB)
	1770316  -  ResidentSetSize of job (KB)
...
006 (44606754.015.000) 2026-01-26 08:13:09 Image size of job updated: 1771532
	1731  -  MemoryUsage of job (MB)
	1771532  -  ResidentSetSize of job (KB)
...
006 (44606754.015.000) 2026-01-26 08:18:10 Image size of job updated: 1777492
	1736  -  MemoryUsage of job (MB)
	1777492  -  ResidentSetSize of job (KB)
...
006 (44606754.015.000) 2026-01-26 08:23:11 Image size of job updated: 1777548
	1736  -  MemoryUsage of job (MB)
	1777548  -  ResidentSetSize of job (KB)
...
006 (44606754.015.000) 2026-01-26 08:28:11 Image size of job updated: 1787788
	1746  -  MemoryUsage of job (MB)
	1787788  -  ResidentSetSize of job (KB)
...
006 (44606754.015.000) 2026-01-26 08:43:12 Image size of job updated: 1787820
	1746  -  MemoryUsage of job (MB)
	1787820  -  ResidentSetSize of job (KB)
...
006 (44606754.015.000) 2026-01-26 08:53:13 Image size of job updated: 1790556
	1749  -  MemoryUsage of job (MB)
	1790556  -  ResidentSetSize of job (KB)
...
006 (44606754.015.000) 2026-01-26 08:58:14 Image size of job updated: 1790560
	1749  -  MemoryUsage of job (MB)
	1790560  -  ResidentSetSize of job (KB)
...
006 (44606754.015.000) 2026-01-26 09:08:15 Image size of job updated: 1792132
	1750  -  MemoryUsage of job (MB)
	1791108  -  ResidentSetSize of job (KB)
...
006 (44606754.015.000) 2026-01-26 09:18:16 Image size of job updated: 1793156
	1752  -  MemoryUsage of job (MB)
	1793156  -  ResidentSetSize of job (KB)
...
006 (44606754.015.000) 2026-01-26 09:23:16 Image size of job updated: 1793160
	1752  -  MemoryUsage of job (MB)
	1793160  -  ResidentSetSize of job (KB)
...
006 (44606754.015.000) 2026-01-26 09:43:18 Image size of job updated: 1793168
	1752  -  MemoryUsage of job (MB)
	1793168  -  ResidentSetSize of job (KB)
...
006 (44606754.015.000) 2026-01-26 09:58:19 Image size of job updated: 1793920
	1752  -  MemoryUsage of job (MB)
	1793168  -  ResidentSetSize of job (KB)
...
006 (44606754.015.000) 2026-01-26 10:13:21 Image size of job updated: 1794192
	1752  -  MemoryUsage of job (MB)
	1793168  -  ResidentSetSize of job (KB)
...
006 (44606754.015.000) 2026-01-26 10:23:22 Image size of job updated: 1794344
	1752  -  MemoryUsage of job (MB)
	1793320  -  ResidentSetSize of job (KB)
...
006 (44606754.015.000) 2026-01-26 10:38:23 Image size of job updated: 1794344
	1752  -  MemoryUsage of job (MB)
	1793996  -  ResidentSetSize of job (KB)
...
006 (44606754.015.000) 2026-01-26 11:13:27 Image size of job updated: 1794344
	1753  -  MemoryUsage of job (MB)
	1794132  -  ResidentSetSize of job (KB)
...
006 (44606754.015.000) 2026-01-26 12:23:33 Image size of job updated: 1795576
	1753  -  MemoryUsage of job (MB)
	1794132  -  ResidentSetSize of job (KB)
...
006 (44606754.015.000) 2026-01-26 13:13:38 Image size of job updated: 1795576
	1753  -  MemoryUsage of job (MB)
	1794200  -  ResidentSetSize of job (KB)
...
006 (44606754.015.000) 2026-01-26 13:43:41 Image size of job updated: 1795576
	1753  -  MemoryUsage of job (MB)
	1794204  -  ResidentSetSize of job (KB)
...
006 (44606754.015.000) 2026-01-26 14:28:46 Image size of job updated: 1797276
	1756  -  MemoryUsage of job (MB)
	1797276  -  ResidentSetSize of job (KB)
...
006 (44606754.015.000) 2026-01-26 15:18:51 Image size of job updated: 1798412
	1756  -  MemoryUsage of job (MB)
	1797276  -  ResidentSetSize of job (KB)
...
006 (44606754.015.000) 2026-01-26 15:53:55 Image size of job updated: 1798612
	1756  -  MemoryUsage of job (MB)
	1797276  -  ResidentSetSize of job (KB)
...
006 (44606754.015.000) 2026-01-26 17:04:01 Image size of job updated: 1798612
	1756  -  MemoryUsage of job (MB)
	1797648  -  ResidentSetSize of job (KB)
...
006 (44606754.015.000) 2026-01-26 17:19:02 Image size of job updated: 1798612
	1757  -  MemoryUsage of job (MB)
	1798312  -  ResidentSetSize of job (KB)
...
006 (44606754.015.000) 2026-01-26 17:29:04 Image size of job updated: 1800616
	1759  -  MemoryUsage of job (MB)
	1800616  -  ResidentSetSize of job (KB)
...
006 (44606754.015.000) 2026-01-26 18:09:07 Image size of job updated: 1800640
	1759  -  MemoryUsage of job (MB)
	1800640  -  ResidentSetSize of job (KB)
...
006 (44606754.015.000) 2026-01-26 18:14:08 Image size of job updated: 1801896
	1760  -  MemoryUsage of job (MB)
	1801896  -  ResidentSetSize of job (KB)
...
006 (44606754.015.000) 2026-01-26 18:24:09 Image size of job updated: 1803032
	1761  -  MemoryUsage of job (MB)
	1803032  -  ResidentSetSize of job (KB)
...
006 (44606754.015.000) 2026-01-26 18:49:12 Image size of job updated: 1803824
	1762  -  MemoryUsage of job (MB)
	1803824  -  ResidentSetSize of job (KB)
...
006 (44606754.015.000) 2026-01-26 19:24:15 Image size of job updated: 1804136
	1762  -  MemoryUsage of job (MB)
	1804136  -  ResidentSetSize of job (KB)
...
006 (44606754.015.000) 2026-01-26 19:29:15 Image size of job updated: 1804140
	1762  -  MemoryUsage of job (MB)
	1804140  -  ResidentSetSize of job (KB)
...
006 (44606754.015.000) 2026-01-26 19:44:17 Image size of job updated: 1805444
	1764  -  MemoryUsage of job (MB)
	1805444  -  ResidentSetSize of job (KB)
...
006 (44606754.015.000) 2026-01-26 19:59:18 Image size of job updated: 1805732
	1764  -  MemoryUsage of job (MB)
	1805732  -  ResidentSetSize of job (KB)
...
006 (44606754.015.000) 2026-01-26 20:09:19 Image size of job updated: 1806356
	1765  -  MemoryUsage of job (MB)
	1806356  -  ResidentSetSize of job (KB)
...
006 (44606754.015.000) 2026-01-26 20:24:21 Image size of job updated: 1807348
	1765  -  MemoryUsage of job (MB)
	1807348  -  ResidentSetSize of job (KB)
...
006 (44606754.015.000) 2026-01-26 20:44:23 Image size of job updated: 1807352
	1765  -  MemoryUsage of job (MB)
	1807352  -  ResidentSetSize of job (KB)
...
006 (44606754.015.000) 2026-01-26 20:54:23 Image size of job updated: 1808324
	1766  -  MemoryUsage of job (MB)
	1808324  -  ResidentSetSize of job (KB)
...
006 (44606754.015.000) 2026-01-26 21:04:25 Image size of job updated: 1808376
	1766  -  MemoryUsage of job (MB)
	1808376  -  ResidentSetSize of job (KB)
...
006 (44606754.015.000) 2026-01-26 21:54:30 Image size of job updated: 1810456
	1769  -  MemoryUsage of job (MB)
	1810456  -  ResidentSetSize of job (KB)
...
006 (44606754.015.000) 2026-01-27 00:14:45 Image size of job updated: 1810532
	1769  -  MemoryUsage of job (MB)
	1810532  -  ResidentSetSize of job (KB)
...
006 (44606754.015.000) 2026-01-27 00:44:47 Image size of job updated: 1810552
	1769  -  MemoryUsage of job (MB)
	1810552  -  ResidentSetSize of job (KB)
...
006 (44606754.015.000) 2026-01-27 00:54:49 Image size of job updated: 1811260
	1769  -  MemoryUsage of job (MB)
	1811260  -  ResidentSetSize of job (KB)
...
006 (44606754.015.000) 2026-01-27 01:09:51 Image size of job updated: 1811484
	1770  -  MemoryUsage of job (MB)
	1811484  -  ResidentSetSize of job (KB)
...
006 (44606754.015.000) 2026-01-27 01:19:52 Image size of job updated: 1811584
	1770  -  MemoryUsage of job (MB)
	1811584  -  ResidentSetSize of job (KB)
...
006 (44606754.015.000) 2026-01-27 01:29:53 Image size of job updated: 1811608
	1770  -  MemoryUsage of job (MB)
	1811608  -  ResidentSetSize of job (KB)
...
006 (44606754.015.000) 2026-01-27 01:34:53 Image size of job updated: 1811816
	1770  -  MemoryUsage of job (MB)
	1811816  -  ResidentSetSize of job (KB)
...
006 (44606754.015.000) 2026-01-27 01:44:54 Image size of job updated: 1811864
	1770  -  MemoryUsage of job (MB)
	1811844  -  ResidentSetSize of job (KB)
...
006 (44606754.015.000) 2026-01-27 01:49:54 Image size of job updated: 1811864
	1770  -  MemoryUsage of job (MB)
	1811848  -  ResidentSetSize of job (KB)
...
006 (44606754.015.000) 2026-01-27 01:59:56 Image size of job updated: 1812124
	1770  -  MemoryUsage of job (MB)
	1812124  -  ResidentSetSize of job (KB)
...
006 (44606754.015.000) 2026-01-27 02:14:58 Image size of job updated: 1812520
	1771  -  MemoryUsage of job (MB)
	1812520  -  ResidentSetSize of job (KB)
...
006 (44606754.015.000) 2026-01-27 02:24:58 Image size of job updated: 1813856
	1772  -  MemoryUsage of job (MB)
	1813856  -  ResidentSetSize of job (KB)
...
006 (44606754.015.000) 2026-01-27 02:50:01 Image size of job updated: 1813880
	1772  -  MemoryUsage of job (MB)
	1813880  -  ResidentSetSize of job (KB)
...
006 (44606754.015.000) 2026-01-27 03:25:04 Image size of job updated: 1814108
	1772  -  MemoryUsage of job (MB)
	1814108  -  ResidentSetSize of job (KB)
...
006 (44606754.015.000) 2026-01-27 03:55:08 Image size of job updated: 1823740
	1781  -  MemoryUsage of job (MB)
	1823740  -  ResidentSetSize of job (KB)
...
006 (44606754.015.000) 2026-01-27 04:10:10 Image size of job updated: 1823756
	1782  -  MemoryUsage of job (MB)
	1823756  -  ResidentSetSize of job (KB)
...
006 (44606754.015.000) 2026-01-27 04:15:10 Image size of job updated: 1823764
	1782  -  MemoryUsage of job (MB)
	1823764  -  ResidentSetSize of job (KB)
...
006 (44606754.015.000) 2026-01-27 04:35:11 Image size of job updated: 1823856
	1782  -  MemoryUsage of job (MB)
	1823856  -  ResidentSetSize of job (KB)
...
006 (44606754.015.000) 2026-01-27 05:00:15 Image size of job updated: 1823996
	1782  -  MemoryUsage of job (MB)
	1823996  -  ResidentSetSize of job (KB)
...
006 (44606754.015.000) 2026-01-27 05:10:15 Image size of job updated: 1824524
	1782  -  MemoryUsage of job (MB)
	1824524  -  ResidentSetSize of job (KB)
...
006 (44606754.015.000) 2026-01-27 05:15:16 Image size of job updated: 1824532
	1782  -  MemoryUsage of job (MB)
	1824532  -  ResidentSetSize of job (KB)
...
006 (44606754.015.000) 2026-01-27 05:25:16 Image size of job updated: 1824608
	1782  -  MemoryUsage of job (MB)
	1824608  -  ResidentSetSize of job (KB)
...
006 (44606754.015.000) 2026-01-27 05:35:18 Image size of job updated: 1824900
	1783  -  MemoryUsage of job (MB)
	1824900  -  ResidentSetSize of job (KB)
...
006 (44606754.015.000) 2026-01-27 05:50:20 Image size of job updated: 1824916
	1783  -  MemoryUsage of job (MB)
	1824916  -  ResidentSetSize of job (KB)
...
006 (44606754.015.000) 2026-01-27 06:00:20 Image size of job updated: 1825540
	1783  -  MemoryUsage of job (MB)
	1825540  -  ResidentSetSize of job (KB)
...
006 (44606754.015.000) 2026-01-27 06:15:21 Image size of job updated: 1825692
	1783  -  MemoryUsage of job (MB)
	1825692  -  ResidentSetSize of job (KB)
...
006 (44606754.015.000) 2026-01-27 06:30:22 Image size of job updated: 1827652
	1785  -  MemoryUsage of job (MB)
	1827652  -  ResidentSetSize of job (KB)
...
006 (44606754.015.000) 2026-01-27 06:50:25 Image size of job updated: 1827796
	1785  -  MemoryUsage of job (MB)
	1827796  -  ResidentSetSize of job (KB)
...
006 (44606754.015.000) 2026-01-27 07:00:26 Image size of job updated: 1828564
	1786  -  MemoryUsage of job (MB)
	1828564  -  ResidentSetSize of job (KB)
...
006 (44606754.015.000) 2026-01-27 08:15:33 Image size of job updated: 1828568
	1786  -  MemoryUsage of job (MB)
	1828568  -  ResidentSetSize of job (KB)
...
006 (44606754.015.000) 2026-01-27 08:50:37 Image size of job updated: 1828572
	1786  -  MemoryUsage of job (MB)
	1828572  -  ResidentSetSize of job (KB)
...
006 (44606754.015.000) 2026-01-27 08:55:37 Image size of job updated: 1828576
	1786  -  MemoryUsage of job (MB)
	1828576  -  ResidentSetSize of job (KB)
...
006 (44606754.015.000) 2026-01-27 09:00:37 Image size of job updated: 1829004
	1787  -  MemoryUsage of job (MB)
	1829004  -  ResidentSetSize of job (KB)
...
006 (44606754.015.000) 2026-01-27 09:15:38 Image size of job updated: 1829008
	1787  -  MemoryUsage of job (MB)
	1829008  -  ResidentSetSize of job (KB)
...
006 (44606754.015.000) 2026-01-27 09:25:40 Image size of job updated: 1829604
	1787  -  MemoryUsage of job (MB)
	1829604  -  ResidentSetSize of job (KB)
...
006 (44606754.015.000) 2026-01-27 09:35:41 Image size of job updated: 1829756
	1787  -  MemoryUsage of job (MB)
	1829756  -  ResidentSetSize of job (KB)
...
006 (44606754.015.000) 2026-01-27 10:00:43 Image size of job updated: 1830608
	1788  -  MemoryUsage of job (MB)
	1830592  -  ResidentSetSize of job (KB)
...
006 (44606754.015.000) 2026-01-27 10:10:44 Image size of job updated: 1831040
	1789  -  MemoryUsage of job (MB)
	1831040  -  ResidentSetSize of job (KB)
...
006 (44606754.015.000) 2026-01-27 10:20:45 Image size of job updated: 1831044
	1789  -  MemoryUsage of job (MB)
	1831044  -  ResidentSetSize of job (KB)
...
006 (44606754.015.000) 2026-01-27 10:30:47 Image size of job updated: 1831060
	1789  -  MemoryUsage of job (MB)
	1831060  -  ResidentSetSize of job (KB)
...
006 (44606754.015.000) 2026-01-27 10:40:47 Image size of job updated: 1831600
	1789  -  MemoryUsage of job (MB)
	1831600  -  ResidentSetSize of job (KB)
...
006 (44606754.015.000) 2026-01-27 10:55:48 Image size of job updated: 1831908
	1789  -  MemoryUsage of job (MB)
	1831908  -  ResidentSetSize of job (KB)
...
006 (44606754.015.000) 2026-01-27 11:00:49 Image size of job updated: 1831912
	1789  -  MemoryUsage of job (MB)
	1831912  -  ResidentSetSize of job (KB)
...
006 (44606754.015.000) 2026-01-27 11:05:50 Image size of job updated: 1832460
	1790  -  MemoryUsage of job (MB)
	1832460  -  ResidentSetSize of job (KB)
...
006 (44606754.015.000) 2026-01-27 11:20:52 Image size of job updated: 1832612
	1790  -  MemoryUsage of job (MB)
	1832612  -  ResidentSetSize of job (KB)
...
006 (44606754.015.000) 2026-01-27 11:30:52 Image size of job updated: 1832656
	1790  -  MemoryUsage of job (MB)
	1832656  -  ResidentSetSize of job (KB)
...
006 (44606754.015.000) 2026-01-27 11:40:53 Image size of job updated: 1832884
	1790  -  MemoryUsage of job (MB)
	1832884  -  ResidentSetSize of job (KB)
...
006 (44606754.015.000) 2026-01-27 11:55:54 Image size of job updated: 1832888
	1790  -  MemoryUsage of job (MB)
	1832888  -  ResidentSetSize of job (KB)
...
006 (44606754.015.000) 2026-01-27 12:05:55 Image size of job updated: 1833624
	1791  -  MemoryUsage of job (MB)
	1833624  -  ResidentSetSize of job (KB)
...
006 (44606754.015.000) 2026-01-27 12:30:58 Image size of job updated: 1834204
	1792  -  MemoryUsage of job (MB)
	1834204  -  ResidentSetSize of job (KB)
...
006 (44606754.015.000) 2026-01-27 12:45:59 Image size of job updated: 1834216
	1792  -  MemoryUsage of job (MB)
	1834216  -  ResidentSetSize of job (KB)
...
006 (44606754.015.000) 2026-01-27 13:06:01 Image size of job updated: 1834220
	1792  -  MemoryUsage of job (MB)
	1834220  -  ResidentSetSize of job (KB)
...
006 (44606754.015.000) 2026-01-27 13:11:02 Image size of job updated: 1834620
	1792  -  MemoryUsage of job (MB)
	1834620  -  ResidentSetSize of job (KB)
...
006 (44606754.015.000) 2026-01-27 13:36:04 Image size of job updated: 1835160
	1793  -  MemoryUsage of job (MB)
	1835160  -  ResidentSetSize of job (KB)
...
006 (44606754.015.000) 2026-01-27 13:46:05 Image size of job updated: 1845700
	1803  -  MemoryUsage of job (MB)
	1845700  -  ResidentSetSize of job (KB)
...
006 (44606754.015.000) 2026-01-27 14:01:07 Image size of job updated: 1846420
	1804  -  MemoryUsage of job (MB)
	1846420  -  ResidentSetSize of job (KB)
...
006 (44606754.015.000) 2026-01-27 14:11:08 Image size of job updated: 1846904
	1804  -  MemoryUsage of job (MB)
	1846904  -  ResidentSetSize of job (KB)
...
006 (44606754.015.000) 2026-01-27 14:21:09 Image size of job updated: 1847052
	1804  -  MemoryUsage of job (MB)
	1847052  -  ResidentSetSize of job (KB)
...
006 (44606754.015.000) 2026-01-27 14:36:10 Image size of job updated: 1847156
	1804  -  MemoryUsage of job (MB)
	1847156  -  ResidentSetSize of job (KB)
...
006 (44606754.015.000) 2026-01-27 14:46:10 Image size of job updated: 1847724
	1805  -  MemoryUsage of job (MB)
	1847724  -  ResidentSetSize of job (KB)
...
006 (44606754.015.000) 2026-01-27 14:56:12 Image size of job updated: 1847920
	1805  -  MemoryUsage of job (MB)
	1847920  -  ResidentSetSize of job (KB)
...
006 (44606754.015.000) 2026-01-27 15:21:14 Image size of job updated: 1848500
	1806  -  MemoryUsage of job (MB)
	1848500  -  ResidentSetSize of job (KB)
...
006 (44606754.015.000) 2026-01-27 15:26:15 Image size of job updated: 1848504
	1806  -  MemoryUsage of job (MB)
	1848504  -  ResidentSetSize of job (KB)
...
006 (44606754.015.000) 2026-01-27 15:31:15 Image size of job updated: 1848932
	1806  -  MemoryUsage of job (MB)
	1848932  -  ResidentSetSize of job (KB)
...
006 (44606754.015.000) 2026-01-27 15:56:18 Image size of job updated: 1849960
	1807  -  MemoryUsage of job (MB)
	1849960  -  ResidentSetSize of job (KB)
...
006 (44606754.015.000) 2026-01-27 16:16:20 Image size of job updated: 1849964
	1807  -  MemoryUsage of job (MB)
	1849964  -  ResidentSetSize of job (KB)
...
006 (44606754.015.000) 2026-01-27 16:31:21 Image size of job updated: 1850124
	1807  -  MemoryUsage of job (MB)
	1850124  -  ResidentSetSize of job (KB)
...
006 (44606754.015.000) 2026-01-27 16:36:22 Image size of job updated: 1850180
	1807  -  MemoryUsage of job (MB)
	1850180  -  ResidentSetSize of job (KB)
...
006 (44606754.015.000) 2026-01-27 16:41:22 Image size of job updated: 1850364
	1807  -  MemoryUsage of job (MB)
	1850364  -  ResidentSetSize of job (KB)
...
006 (44606754.015.000) 2026-01-27 16:56:24 Image size of job updated: 1851280
	1808  -  MemoryUsage of job (MB)
	1851280  -  ResidentSetSize of job (KB)
...
006 (44606754.015.000) 2026-01-27 17:21:27 Image size of job updated: 1852016
	1809  -  MemoryUsage of job (MB)
	1852016  -  ResidentSetSize of job (KB)
...
006 (44606754.015.000) 2026-01-27 17:31:27 Image size of job updated: 1852136
	1809  -  MemoryUsage of job (MB)
	1852136  -  ResidentSetSize of job (KB)
...
006 (44606754.015.000) 2026-01-27 17:41:29 Image size of job updated: 1852788
	1810  -  MemoryUsage of job (MB)
	1852788  -  ResidentSetSize of job (KB)
...
006 (44606754.015.000) 2026-01-27 17:51:30 Image size of job updated: 1858796
	1816  -  MemoryUsage of job (MB)
	1858796  -  ResidentSetSize of job (KB)
...
006 (44606754.015.000) 2026-01-27 18:01:31 Image size of job updated: 1858804
	1816  -  MemoryUsage of job (MB)
	1858804  -  ResidentSetSize of job (KB)
...
006 (44606754.015.000) 2026-01-27 18:06:31 Image size of job updated: 1859368
	1816  -  MemoryUsage of job (MB)
	1859368  -  ResidentSetSize of job (KB)
...
006 (44606754.015.000) 2026-01-27 18:16:32 Image size of job updated: 1859500
	1816  -  MemoryUsage of job (MB)
	1859500  -  ResidentSetSize of job (KB)
...
006 (44606754.015.000) 2026-01-27 18:26:33 Image size of job updated: 1859620
	1817  -  MemoryUsage of job (MB)
	1859620  -  ResidentSetSize of job (KB)
...
006 (44606754.015.000) 2026-01-27 18:41:35 Image size of job updated: 1859624
	1817  -  MemoryUsage of job (MB)
	1859624  -  ResidentSetSize of job (KB)
...
006 (44606754.015.000) 2026-01-27 18:51:36 Image size of job updated: 1860416
	1817  -  MemoryUsage of job (MB)
	1860416  -  ResidentSetSize of job (KB)
...
006 (44606754.015.000) 2026-01-27 18:56:36 Image size of job updated: 1860444
	1817  -  MemoryUsage of job (MB)
	1860444  -  ResidentSetSize of job (KB)
...
006 (44606754.015.000) 2026-01-27 19:01:37 Image size of job updated: 1860720
	1818  -  MemoryUsage of job (MB)
	1860720  -  ResidentSetSize of job (KB)
...
006 (44606754.015.000) 2026-01-27 19:16:38 Image size of job updated: 1861852
	1819  -  MemoryUsage of job (MB)
	1861852  -  ResidentSetSize of job (KB)
...
006 (44606754.015.000) 2026-01-27 19:21:38 Image size of job updated: 1861880
	1819  -  MemoryUsage of job (MB)
	1861880  -  ResidentSetSize of job (KB)
...
006 (44606754.015.000) 2026-01-27 19:26:38 Image size of job updated: 1862456
	1819  -  MemoryUsage of job (MB)
	1862456  -  ResidentSetSize of job (KB)
...
006 (44606754.015.000) 2026-01-27 19:36:40 Image size of job updated: 1869036
	1826  -  MemoryUsage of job (MB)
	1869036  -  ResidentSetSize of job (KB)
...
006 (44606754.015.000) 2026-01-27 19:46:41 Image size of job updated: 1869040
	1826  -  MemoryUsage of job (MB)
	1869040  -  ResidentSetSize of job (KB)
...
006 (44606754.015.000) 2026-01-27 20:01:42 Image size of job updated: 1869228
	1826  -  MemoryUsage of job (MB)
	1869228  -  ResidentSetSize of job (KB)
...
006 (44606754.015.000) 2026-01-27 20:06:43 Image size of job updated: 1869248
	1826  -  MemoryUsage of job (MB)
	1869248  -  ResidentSetSize of job (KB)
...
006 (44606754.015.000) 2026-01-27 20:11:43 Image size of job updated: 1870096
	1827  -  MemoryUsage of job (MB)
	1870096  -  ResidentSetSize of job (KB)
...
006 (44606754.015.000) 2026-01-27 20:21:44 Image size of job updated: 1870100
	1827  -  MemoryUsage of job (MB)
	1870100  -  ResidentSetSize of job (KB)
...
006 (44606754.015.000) 2026-01-27 20:36:46 Image size of job updated: 1870276
	1827  -  MemoryUsage of job (MB)
	1870276  -  ResidentSetSize of job (KB)
...
006 (44606754.015.000) 2026-01-27 20:46:47 Image size of job updated: 1870280
	1827  -  MemoryUsage of job (MB)
	1870280  -  ResidentSetSize of job (KB)
...
006 (44606754.015.000) 2026-01-27 20:51:47 Image size of job updated: 1870492
	1827  -  MemoryUsage of job (MB)
	1870492  -  ResidentSetSize of job (KB)
...
006 (44606754.015.000) 2026-01-27 21:01:48 Image size of job updated: 1870896
	1828  -  MemoryUsage of job (MB)
	1870896  -  ResidentSetSize of job (KB)
...
006 (44606754.015.000) 2026-01-27 21:11:49 Image size of job updated: 1871124
	1828  -  MemoryUsage of job (MB)
	1871124  -  ResidentSetSize of job (KB)
...
006 (44606754.015.000) 2026-01-27 21:16:50 Image size of job updated: 1871184
	1828  -  MemoryUsage of job (MB)
	1871184  -  ResidentSetSize of job (KB)
...
006 (44606754.015.000) 2026-01-27 21:31:52 Image size of job updated: 1872196
	1829  -  MemoryUsage of job (MB)
	1872196  -  ResidentSetSize of job (KB)
...
006 (44606754.015.000) 2026-01-27 21:46:54 Image size of job updated: 1872356
	1829  -  MemoryUsage of job (MB)
	1872356  -  ResidentSetSize of job (KB)
...
006 (44606754.015.000) 2026-01-27 21:56:54 Image size of job updated: 1872360
	1829  -  MemoryUsage of job (MB)
	1872360  -  ResidentSetSize of job (KB)
...
006 (44606754.015.000) 2026-01-27 22:11:55 Image size of job updated: 1872904
	1830  -  MemoryUsage of job (MB)
	1872904  -  ResidentSetSize of job (KB)
...
006 (44606754.015.000) 2026-01-27 22:21:57 Image size of job updated: 1873232
	1830  -  MemoryUsage of job (MB)
	1873232  -  ResidentSetSize of job (KB)
...
006 (44606754.015.000) 2026-01-27 22:31:58 Image size of job updated: 1873236
	1830  -  MemoryUsage of job (MB)
	1873236  -  ResidentSetSize of job (KB)
...
006 (44606754.015.000) 2026-01-27 22:52:00 Image size of job updated: 1873240
	1830  -  MemoryUsage of job (MB)
	1873240  -  ResidentSetSize of job (KB)
...
006 (44606754.015.000) 2026-01-27 23:12:02 Image size of job updated: 1878172
	1835  -  MemoryUsage of job (MB)
	1878172  -  ResidentSetSize of job (KB)
...
006 (44606754.015.000) 2026-01-27 23:22:03 Image size of job updated: 1878176
	1835  -  MemoryUsage of job (MB)
	1878176  -  ResidentSetSize of job (KB)
...
006 (44606754.015.000) 2026-01-27 23:42:05 Image size of job updated: 1878200
	1835  -  MemoryUsage of job (MB)
	1878200  -  ResidentSetSize of job (KB)
...
006 (44606754.015.000) 2026-01-28 00:47:11 Image size of job updated: 1889932
	1835  -  MemoryUsage of job (MB)
	1878200  -  ResidentSetSize of job (KB)
...
006 (44606754.015.000) 2026-01-28 01:07:12 Image size of job updated: 1889932
	1837  -  MemoryUsage of job (MB)
	1880260  -  ResidentSetSize of job (KB)
...
006 (44606754.015.000) 2026-01-28 01:32:15 Image size of job updated: 1893008
	1849  -  MemoryUsage of job (MB)
	1893008  -  ResidentSetSize of job (KB)
...
006 (44606754.015.000) 2026-01-28 01:47:17 Image size of job updated: 1893112
	1849  -  MemoryUsage of job (MB)
	1893112  -  ResidentSetSize of job (KB)
...
006 (44606754.015.000) 2026-01-28 02:57:24 Image size of job updated: 1895120
	1851  -  MemoryUsage of job (MB)
	1895120  -  ResidentSetSize of job (KB)
...
006 (44606754.015.000) 2026-01-28 03:42:29 Image size of job updated: 1895160
	1851  -  MemoryUsage of job (MB)
	1895120  -  ResidentSetSize of job (KB)
...
006 (44606754.015.000) 2026-01-28 03:57:31 Image size of job updated: 1896456
	1851  -  MemoryUsage of job (MB)
	1895120  -  ResidentSetSize of job (KB)
...
006 (44606754.015.000) 2026-01-28 08:02:55 Image size of job updated: 1904036
	1860  -  MemoryUsage of job (MB)
	1904036  -  ResidentSetSize of job (KB)
...
006 (44606754.015.000) 2026-01-28 08:12:57 Image size of job updated: 1904040
	1860  -  MemoryUsage of job (MB)
	1904036  -  ResidentSetSize of job (KB)
...
006 (44606754.015.000) 2026-01-28 08:27:59 Image size of job updated: 1905944
	1862  -  MemoryUsage of job (MB)
	1905944  -  ResidentSetSize of job (KB)
...
006 (44606754.015.000) 2026-01-28 12:08:20 Image size of job updated: 1906052
	1862  -  MemoryUsage of job (MB)
	1906052  -  ResidentSetSize of job (KB)
...
006 (44606754.015.000) 2026-01-28 12:33:24 Image size of job updated: 1906076
	1862  -  MemoryUsage of job (MB)
	1906076  -  ResidentSetSize of job (KB)
...
006 (44606754.015.000) 2026-01-28 14:03:32 Image size of job updated: 1906724
	1862  -  MemoryUsage of job (MB)
	1906076  -  ResidentSetSize of job (KB)
...
006 (44606754.015.000) 2026-01-28 14:28:36 Image size of job updated: 1911000
	1867  -  MemoryUsage of job (MB)
	1911000  -  ResidentSetSize of job (KB)
...
006 (44606754.015.000) 2026-01-28 19:14:05 Image size of job updated: 1911676
	1867  -  MemoryUsage of job (MB)
	1911000  -  ResidentSetSize of job (KB)
...
006 (44606754.015.000) 2026-01-29 04:50:02 Image size of job updated: 1922296
	1867  -  MemoryUsage of job (MB)
	1911000  -  ResidentSetSize of job (KB)
...
004 (44606754.015.000) 2026-01-29 05:44:23 Job was evicted. Code 1023 Subcode 0
	(0) CPU times
		Usr 22 20:52:01, Sys 0 00:10:07  -  Run Remote Usage
		Usr 0 00:00:00, Sys 0 00:00:00  -  Run Local Usage
	0  -  Run Bytes Sent By Job
	0  -  Run Bytes Received By Job
	Reason: via condor_rm (by user pratyusava.baral)
	Partitionable Resources :     Usage  Request Allocated 
	   Cpus                 :      3.94        4         4 
	   Disk (KB)            :     10        2000      2048 
	   GPUs                 :                            0 
	   Memory (MB)          :   1867       20000     20096 
	   TimeExecute (s)      : 299268                       
	   TimeSlotBusy (s)     : 299268                       
...
009 (44606754.015.000) 2026-01-29 05:44:23 Job was aborted.
	via condor_rm (by user pratyusava.baral)
...
000 (44609834.015.000) 2026-01-29 06:34:03 Job submitted from host: <146.186.150.67:9618?CCBID=10.6.200.15:9618%3fPrivNet%3dGWAVE%26addrs%3d10.6.200.15-9618%26alias%3dligo-ad-01.gwave.ics.psu.edu%26noUDP%26sock%3dcollector#166034&PrivAddr=%3c146.186.150.67:9618%3fsock%3dschedd_323984_a796%3e&PrivNet=GWAVE&addrs=146.186.150.67-9618&alias=ligo-hd-02.gwave.ics.psu.edu&noUDP&sock=schedd_323984_a796>
...
001 (44609834.015.000) 2026-01-29 08:12:53 Job executing on host: <10.136.81.242:9618?alias=comp-cc-0472.gwave.ics.psu.edu&sock=startd_125568_c83c>
	SlotName: slot1_3@comp-cc-0472.gwave.ics.psu.edu
	AvailableGPUs = {  }
	CondorScratchDir = "/localscratch/condor/execute/dir_890739"
	Cpus = 4
	Disk = 2048
	GPUs = 0
	Memory = 20096
...
006 (44609834.015.000) 2026-01-29 08:13:02 Image size of job updated: 221008
	216  -  MemoryUsage of job (MB)
	221008  -  ResidentSetSize of job (KB)
...
006 (44609834.015.000) 2026-01-29 08:18:03 Image size of job updated: 633476
	619  -  MemoryUsage of job (MB)
	633476  -  ResidentSetSize of job (KB)
...
006 (44609834.015.000) 2026-01-29 08:23:03 Image size of job updated: 635124
	621  -  MemoryUsage of job (MB)
	635124  -  ResidentSetSize of job (KB)
...
006 (44609834.015.000) 2026-01-29 08:28:04 Image size of job updated: 708888
	665  -  MemoryUsage of job (MB)
	680160  -  ResidentSetSize of job (KB)
...
006 (44609834.015.000) 2026-01-29 08:33:05 Image size of job updated: 708888
	666  -  MemoryUsage of job (MB)
	681132  -  ResidentSetSize of job (KB)
...
006 (44609834.015.000) 2026-01-29 08:48:07 Image size of job updated: 708888
	670  -  MemoryUsage of job (MB)
	685368  -  ResidentSetSize of job (KB)
...
006 (44609834.015.000) 2026-01-29 08:53:07 Image size of job updated: 708888
	670  -  MemoryUsage of job (MB)
	685740  -  ResidentSetSize of job (KB)
...
006 (44609834.015.000) 2026-01-29 08:58:07 Image size of job updated: 708888
	673  -  MemoryUsage of job (MB)
	688704  -  ResidentSetSize of job (KB)
...
006 (44609834.015.000) 2026-01-29 09:03:08 Image size of job updated: 708888
	673  -  MemoryUsage of job (MB)
	688828  -  ResidentSetSize of job (KB)
...
006 (44609834.015.000) 2026-01-29 09:08:08 Image size of job updated: 708888
	687  -  MemoryUsage of job (MB)
	702548  -  ResidentSetSize of job (KB)
...
006 (44609834.015.000) 2026-01-29 09:13:08 Image size of job updated: 708888
	688  -  MemoryUsage of job (MB)
	703644  -  ResidentSetSize of job (KB)
...
006 (44609834.015.000) 2026-01-29 09:18:09 Image size of job updated: 714304
	693  -  MemoryUsage of job (MB)
	708700  -  ResidentSetSize of job (KB)
...
006 (44609834.015.000) 2026-01-29 09:23:09 Image size of job updated: 714304
	693  -  MemoryUsage of job (MB)
	709128  -  ResidentSetSize of job (KB)
...
006 (44609834.015.000) 2026-01-29 09:28:09 Image size of job updated: 714304
	697  -  MemoryUsage of job (MB)
	713420  -  ResidentSetSize of job (KB)
...
006 (44609834.015.000) 2026-01-29 09:33:10 Image size of job updated: 714304
	697  -  MemoryUsage of job (MB)
	713568  -  ResidentSetSize of job (KB)
...
006 (44609834.015.000) 2026-01-29 09:38:11 Image size of job updated: 719464
	703  -  MemoryUsage of job (MB)
	719464  -  ResidentSetSize of job (KB)
...
006 (44609834.015.000) 2026-01-29 09:43:11 Image size of job updated: 720156
	704  -  MemoryUsage of job (MB)
	720156  -  ResidentSetSize of job (KB)
...
006 (44609834.015.000) 2026-01-29 09:48:12 Image size of job updated: 723936
	707  -  MemoryUsage of job (MB)
	723936  -  ResidentSetSize of job (KB)
...
006 (44609834.015.000) 2026-01-29 09:53:13 Image size of job updated: 724080
	708  -  MemoryUsage of job (MB)
	724080  -  ResidentSetSize of job (KB)
...
006 (44609834.015.000) 2026-01-29 09:58:13 Image size of job updated: 724192
	708  -  MemoryUsage of job (MB)
	724192  -  ResidentSetSize of job (KB)
...
006 (44609834.015.000) 2026-01-29 10:03:14 Image size of job updated: 734396
	716  -  MemoryUsage of job (MB)
	732884  -  ResidentSetSize of job (KB)
...
006 (44609834.015.000) 2026-01-29 10:08:15 Image size of job updated: 734396
	716  -  MemoryUsage of job (MB)
	733056  -  ResidentSetSize of job (KB)
...
006 (44609834.015.000) 2026-01-29 10:13:15 Image size of job updated: 736776
	720  -  MemoryUsage of job (MB)
	736776  -  ResidentSetSize of job (KB)
...
006 (44609834.015.000) 2026-01-29 10:18:15 Image size of job updated: 737104
	720  -  MemoryUsage of job (MB)
	737104  -  ResidentSetSize of job (KB)
...
006 (44609834.015.000) 2026-01-29 10:23:16 Image size of job updated: 739964
	723  -  MemoryUsage of job (MB)
	739964  -  ResidentSetSize of job (KB)
...
006 (44609834.015.000) 2026-01-29 10:28:16 Image size of job updated: 740112
	723  -  MemoryUsage of job (MB)
	740112  -  ResidentSetSize of job (KB)
...
006 (44609834.015.000) 2026-01-29 10:33:16 Image size of job updated: 742200
	725  -  MemoryUsage of job (MB)
	742200  -  ResidentSetSize of job (KB)
...
006 (44609834.015.000) 2026-01-29 10:38:17 Image size of job updated: 742252
	725  -  MemoryUsage of job (MB)
	742252  -  ResidentSetSize of job (KB)
...
006 (44609834.015.000) 2026-01-29 10:43:18 Image size of job updated: 744168
	727  -  MemoryUsage of job (MB)
	744168  -  ResidentSetSize of job (KB)
...
006 (44609834.015.000) 2026-01-29 10:48:18 Image size of job updated: 751344
	734  -  MemoryUsage of job (MB)
	751344  -  ResidentSetSize of job (KB)
...
006 (44609834.015.000) 2026-01-29 10:53:19 Image size of job updated: 887956
	868  -  MemoryUsage of job (MB)
	887956  -  ResidentSetSize of job (KB)
...
006 (44609834.015.000) 2026-01-29 10:58:20 Image size of job updated: 1096152
	1071  -  MemoryUsage of job (MB)
	1096152  -  ResidentSetSize of job (KB)
...
006 (44609834.015.000) 2026-01-29 11:03:20 Image size of job updated: 1292484
	1263  -  MemoryUsage of job (MB)
	1292484  -  ResidentSetSize of job (KB)
...
006 (44609834.015.000) 2026-01-29 11:08:21 Image size of job updated: 1461496
	1428  -  MemoryUsage of job (MB)
	1461496  -  ResidentSetSize of job (KB)
...
006 (44609834.015.000) 2026-01-29 11:13:22 Image size of job updated: 1679968
	1641  -  MemoryUsage of job (MB)
	1679968  -  ResidentSetSize of job (KB)
...
006 (44609834.015.000) 2026-01-29 11:18:22 Image size of job updated: 1871428
	1828  -  MemoryUsage of job (MB)
	1871428  -  ResidentSetSize of job (KB)
...
006 (44609834.015.000) 2026-01-29 11:23:22 Image size of job updated: 2036560
	1989  -  MemoryUsage of job (MB)
	2036560  -  ResidentSetSize of job (KB)
...
006 (44609834.015.000) 2026-01-29 11:28:23 Image size of job updated: 2038728
	1991  -  MemoryUsage of job (MB)
	2038728  -  ResidentSetSize of job (KB)
...
006 (44609834.015.000) 2026-01-29 11:33:23 Image size of job updated: 2041824
	1994  -  MemoryUsage of job (MB)
	2041824  -  ResidentSetSize of job (KB)
...
006 (44609834.015.000) 2026-01-29 11:38:23 Image size of job updated: 2041884
	1995  -  MemoryUsage of job (MB)
	2041884  -  ResidentSetSize of job (KB)
...
006 (44609834.015.000) 2026-01-29 11:43:24 Image size of job updated: 2044056
	1997  -  MemoryUsage of job (MB)
	2044056  -  ResidentSetSize of job (KB)
...
006 (44609834.015.000) 2026-01-29 11:48:25 Image size of job updated: 2044092
	1997  -  MemoryUsage of job (MB)
	2044092  -  ResidentSetSize of job (KB)
...
006 (44609834.015.000) 2026-01-29 11:53:25 Image size of job updated: 2087980
	2000  -  MemoryUsage of job (MB)
	2047024  -  ResidentSetSize of job (KB)
...
006 (44609834.015.000) 2026-01-29 11:58:26 Image size of job updated: 2087980
	2000  -  MemoryUsage of job (MB)
	2047056  -  ResidentSetSize of job (KB)
...
006 (44609834.015.000) 2026-01-29 12:03:27 Image size of job updated: 2096180
	2008  -  MemoryUsage of job (MB)
	2055216  -  ResidentSetSize of job (KB)
...
006 (44609834.015.000) 2026-01-29 12:08:27 Image size of job updated: 2096180
	2008  -  MemoryUsage of job (MB)
	2055232  -  ResidentSetSize of job (KB)
...
006 (44609834.015.000) 2026-01-29 12:23:28 Image size of job updated: 2096180
	2008  -  MemoryUsage of job (MB)
	2055428  -  ResidentSetSize of job (KB)
...
006 (44609834.015.000) 2026-01-29 12:28:28 Image size of job updated: 2096180
	2008  -  MemoryUsage of job (MB)
	2055448  -  ResidentSetSize of job (KB)
...
006 (44609834.015.000) 2026-01-29 12:33:29 Image size of job updated: 2096180
	2008  -  MemoryUsage of job (MB)
	2055472  -  ResidentSetSize of job (KB)
...
006 (44609834.015.000) 2026-01-29 12:38:29 Image size of job updated: 2100276
	2012  -  MemoryUsage of job (MB)
	2059332  -  ResidentSetSize of job (KB)
...
006 (44609834.015.000) 2026-01-29 12:43:29 Image size of job updated: 2100276
	2012  -  MemoryUsage of job (MB)
	2059352  -  ResidentSetSize of job (KB)
...
005 (44609834.015.000) 2026-01-29 12:48:10 Job terminated.
	(1) Normal termination (return value 0)
		Usr 2 14:11:29, Sys 0 00:01:48  -  Run Remote Usage
		Usr 0 00:00:00, Sys 0 00:00:00  -  Run Local Usage
		Usr 2 14:11:29, Sys 0 00:01:48  -  Total Remote Usage
		Usr 0 00:00:00, Sys 0 00:00:00  -  Total Local Usage
	0  -  Run Bytes Sent By Job
	0  -  Run Bytes Received By Job
	0  -  Total Bytes Sent By Job
	0  -  Total Bytes Received By Job
	Partitionable Resources :    Usage  Request Allocated 
	   Cpus                 :    14.73        4         4 
	   Disk (KB)            :    10        2000      2048 
	   GPUs                 :                           0 
	   Memory (MB)          :  2012       20000     20096 
	   TimeExecute (s)      : 16517                       
	   TimeSlotBusy (s)     : 16517                       
...
000 (44646995.015.000) 2026-02-05 14:35:11 Job submitted from host: <146.186.150.67:9618?CCBID=10.6.200.15:9618%3fPrivNet%3dGWAVE%26addrs%3d10.6.200.15-9618%26alias%3dligo-ad-01.gwave.ics.psu.edu%26noUDP%26sock%3dcollector#166034&PrivAddr=%3c146.186.150.67:9618%3fsock%3dschedd_323984_a796%3e&PrivNet=GWAVE&addrs=146.186.150.67-9618&alias=ligo-hd-02.gwave.ics.psu.edu&noUDP&sock=schedd_323984_a796>
...
001 (44646995.015.000) 2026-02-05 14:38:53 Job executing on host: <10.136.81.240:9618?alias=comp-cc-0470.gwave.ics.psu.edu&sock=startd_125591_8eea>
	SlotName: slot1_1@comp-cc-0470.gwave.ics.psu.edu
	AvailableGPUs = {  }
	CondorScratchDir = "/localscratch/condor/execute/dir_1155208"
	Cpus = 4
	Disk = 2048
	GPUs = 0
	Memory = 20096
...
006 (44646995.015.000) 2026-02-05 14:39:01 Image size of job updated: 204204
	200  -  MemoryUsage of job (MB)
	204204  -  ResidentSetSize of job (KB)
...
006 (44646995.015.000) 2026-02-05 14:39:36 Image size of job updated: 660112
	200  -  MemoryUsage of job (MB)
	204204  -  ResidentSetSize of job (KB)
...
005 (44646995.015.000) 2026-02-05 14:39:36 Job terminated.
	(1) Normal termination (return value 0)
		Usr 0 00:00:42, Sys 0 00:00:01  -  Run Remote Usage
		Usr 0 00:00:00, Sys 0 00:00:00  -  Run Local Usage
		Usr 0 00:00:42, Sys 0 00:00:01  -  Total Remote Usage
		Usr 0 00:00:00, Sys 0 00:00:00  -  Total Local Usage
	0  -  Run Bytes Sent By Job
	0  -  Run Bytes Received By Job
	0  -  Total Bytes Sent By Job
	0  -  Total Bytes Received By Job
	Partitionable Resources :    Usage  Request Allocated 
	   Cpus                 :     0.79        4         4 
	   Disk (KB)            :    10        2000      2048 
	   GPUs                 :                           0 
	   Memory (MB)          :   200       20000     20096 
	   TimeExecute (s)      :    43                       
	   TimeSlotBusy (s)     :    43                       
...
000 (44647283.015.000) 2026-02-05 23:40:05 Job submitted from host: <146.186.150.67:9618?CCBID=10.6.200.15:9618%3fPrivNet%3dGWAVE%26addrs%3d10.6.200.15-9618%26alias%3dligo-ad-01.gwave.ics.psu.edu%26noUDP%26sock%3dcollector#166034&PrivAddr=%3c146.186.150.67:9618%3fsock%3dschedd_323984_a796%3e&PrivNet=GWAVE&addrs=146.186.150.67-9618&alias=ligo-hd-02.gwave.ics.psu.edu&noUDP&sock=schedd_323984_a796>
...
001 (44647283.015.000) 2026-02-06 01:15:59 Job executing on host: <10.136.81.24:9618?alias=comp-ex-0239.gwave.ics.psu.edu&sock=startd_108859_cc47>
	SlotName: slot1_31@comp-ex-0239.gwave.ics.psu.edu
	CondorScratchDir = "/localscratch/condor/execute/dir_2943574"
	Cpus = 4
	Disk = 2048
	GPUs = 0
	Memory = 20096
...
006 (44647283.015.000) 2026-02-06 01:16:08 Image size of job updated: 131664
	129  -  MemoryUsage of job (MB)
	131664  -  ResidentSetSize of job (KB)
...
006 (44647283.015.000) 2026-02-06 01:21:09 Image size of job updated: 286128
	280  -  MemoryUsage of job (MB)
	286128  -  ResidentSetSize of job (KB)
...
006 (44647283.015.000) 2026-02-06 01:26:09 Image size of job updated: 406400
	397  -  MemoryUsage of job (MB)
	406400  -  ResidentSetSize of job (KB)
...
006 (44647283.015.000) 2026-02-06 01:31:10 Image size of job updated: 406988
	398  -  MemoryUsage of job (MB)
	406988  -  ResidentSetSize of job (KB)
...
006 (44647283.015.000) 2026-02-06 01:36:11 Image size of job updated: 498804
	488  -  MemoryUsage of job (MB)
	498804  -  ResidentSetSize of job (KB)
...
006 (44647283.015.000) 2026-02-06 01:41:11 Image size of job updated: 507556
	496  -  MemoryUsage of job (MB)
	507556  -  ResidentSetSize of job (KB)
...
006 (44647283.015.000) 2026-02-06 01:46:12 Image size of job updated: 521696
	496  -  MemoryUsage of job (MB)
	507556  -  ResidentSetSize of job (KB)
...
006 (44647283.015.000) 2026-02-06 01:56:13 Image size of job updated: 527248
	515  -  MemoryUsage of job (MB)
	527248  -  ResidentSetSize of job (KB)
...
006 (44647283.015.000) 2026-02-06 02:01:13 Image size of job updated: 527392
	516  -  MemoryUsage of job (MB)
	527392  -  ResidentSetSize of job (KB)
...
006 (44647283.015.000) 2026-02-06 02:06:14 Image size of job updated: 530148
	518  -  MemoryUsage of job (MB)
	530148  -  ResidentSetSize of job (KB)
...
006 (44647283.015.000) 2026-02-06 02:11:14 Image size of job updated: 530172
	518  -  MemoryUsage of job (MB)
	530172  -  ResidentSetSize of job (KB)
...
006 (44647283.015.000) 2026-02-06 02:16:14 Image size of job updated: 535500
	523  -  MemoryUsage of job (MB)
	535500  -  ResidentSetSize of job (KB)
...
006 (44647283.015.000) 2026-02-06 02:21:15 Image size of job updated: 535516
	523  -  MemoryUsage of job (MB)
	535516  -  ResidentSetSize of job (KB)
...
006 (44647283.015.000) 2026-02-06 02:26:15 Image size of job updated: 535536
	523  -  MemoryUsage of job (MB)
	535536  -  ResidentSetSize of job (KB)
...
006 (44647283.015.000) 2026-02-06 02:31:15 Image size of job updated: 535548
	523  -  MemoryUsage of job (MB)
	535548  -  ResidentSetSize of job (KB)
...
006 (44647283.015.000) 2026-02-06 02:36:16 Image size of job updated: 535568
	524  -  MemoryUsage of job (MB)
	535568  -  ResidentSetSize of job (KB)
...
006 (44647283.015.000) 2026-02-06 02:41:17 Image size of job updated: 536824
	525  -  MemoryUsage of job (MB)
	536824  -  ResidentSetSize of job (KB)
...
006 (44647283.015.000) 2026-02-06 02:51:18 Image size of job updated: 537064
	525  -  MemoryUsage of job (MB)
	537064  -  ResidentSetSize of job (KB)
...
006 (44647283.015.000) 2026-02-06 02:56:19 Image size of job updated: 537148
	525  -  MemoryUsage of job (MB)
	537148  -  ResidentSetSize of job (KB)
...
006 (44647283.015.000) 2026-02-06 03:01:19 Image size of job updated: 537428
	525  -  MemoryUsage of job (MB)
	537428  -  ResidentSetSize of job (KB)
...
006 (44647283.015.000) 2026-02-06 03:16:21 Image size of job updated: 546676
	534  -  MemoryUsage of job (MB)
	546676  -  ResidentSetSize of job (KB)
...
006 (44647283.015.000) 2026-02-06 03:21:21 Image size of job updated: 697396
	682  -  MemoryUsage of job (MB)
	697396  -  ResidentSetSize of job (KB)
...
006 (44647283.015.000) 2026-02-06 03:26:22 Image size of job updated: 911500
	891  -  MemoryUsage of job (MB)
	911500  -  ResidentSetSize of job (KB)
...
006 (44647283.015.000) 2026-02-06 03:31:22 Image size of job updated: 1083220
	1058  -  MemoryUsage of job (MB)
	1083220  -  ResidentSetSize of job (KB)
...
006 (44647283.015.000) 2026-02-06 03:36:22 Image size of job updated: 1232660
	1204  -  MemoryUsage of job (MB)
	1232660  -  ResidentSetSize of job (KB)
...
006 (44647283.015.000) 2026-02-06 03:41:23 Image size of job updated: 1402444
	1370  -  MemoryUsage of job (MB)
	1402444  -  ResidentSetSize of job (KB)
...
006 (44647283.015.000) 2026-02-06 03:46:23 Image size of job updated: 1608988
	1572  -  MemoryUsage of job (MB)
	1608988  -  ResidentSetSize of job (KB)
...
006 (44647283.015.000) 2026-02-06 03:51:23 Image size of job updated: 1788928
	1747  -  MemoryUsage of job (MB)
	1788928  -  ResidentSetSize of job (KB)
...
006 (44647283.015.000) 2026-02-06 03:56:24 Image size of job updated: 1796432
	1755  -  MemoryUsage of job (MB)
	1796432  -  ResidentSetSize of job (KB)
...
006 (44647283.015.000) 2026-02-06 04:01:24 Image size of job updated: 1796436
	1755  -  MemoryUsage of job (MB)
	1796436  -  ResidentSetSize of job (KB)
...
006 (44647283.015.000) 2026-02-06 04:21:26 Image size of job updated: 1796448
	1755  -  MemoryUsage of job (MB)
	1796448  -  ResidentSetSize of job (KB)
...
006 (44647283.015.000) 2026-02-06 04:26:27 Image size of job updated: 1797700
	1756  -  MemoryUsage of job (MB)
	1797700  -  ResidentSetSize of job (KB)
...
006 (44647283.015.000) 2026-02-06 04:31:28 Image size of job updated: 1797708
	1756  -  MemoryUsage of job (MB)
	1797708  -  ResidentSetSize of job (KB)
...
006 (44647283.015.000) 2026-02-06 05:01:31 Image size of job updated: 1797712
	1756  -  MemoryUsage of job (MB)
	1797712  -  ResidentSetSize of job (KB)
...
006 (44647283.015.000) 2026-02-06 05:26:32 Image size of job updated: 1799076
	1757  -  MemoryUsage of job (MB)
	1799076  -  ResidentSetSize of job (KB)
...
006 (44647283.015.000) 2026-02-06 05:41:33 Image size of job updated: 1804548
	1763  -  MemoryUsage of job (MB)
	1804548  -  ResidentSetSize of job (KB)
...
006 (44647283.015.000) 2026-02-06 06:56:42 Image size of job updated: 1804968
	1763  -  MemoryUsage of job (MB)
	1804968  -  ResidentSetSize of job (KB)
...
006 (44647283.015.000) 2026-02-06 07:11:44 Image size of job updated: 1805176
	1763  -  MemoryUsage of job (MB)
	1805176  -  ResidentSetSize of job (KB)
...
006 (44647283.015.000) 2026-02-06 07:21:46 Image size of job updated: 1806384
	1765  -  MemoryUsage of job (MB)
	1806384  -  ResidentSetSize of job (KB)
...
006 (44647283.015.000) 2026-02-06 07:31:47 Image size of job updated: 1806396
	1765  -  MemoryUsage of job (MB)
	1806396  -  ResidentSetSize of job (KB)
...
006 (44647283.015.000) 2026-02-06 07:41:48 Image size of job updated: 1806400
	1765  -  MemoryUsage of job (MB)
	1806400  -  ResidentSetSize of job (KB)
...
006 (44647283.015.000) 2026-02-06 08:06:50 Image size of job updated: 1807236
	1765  -  MemoryUsage of job (MB)
	1806824  -  ResidentSetSize of job (KB)
...
006 (44647283.015.000) 2026-02-06 08:31:52 Image size of job updated: 1807648
	1766  -  MemoryUsage of job (MB)
	1807648  -  ResidentSetSize of job (KB)
...
006 (44647283.015.000) 2026-02-06 08:51:55 Image size of job updated: 1807856
	1766  -  MemoryUsage of job (MB)
	1807856  -  ResidentSetSize of job (KB)
...
006 (44647283.015.000) 2026-02-06 09:36:58 Image size of job updated: 1808240
	1766  -  MemoryUsage of job (MB)
	1808240  -  ResidentSetSize of job (KB)
...
006 (44647283.015.000) 2026-02-06 10:12:01 Image size of job updated: 1808756
	1767  -  MemoryUsage of job (MB)
	1808756  -  ResidentSetSize of job (KB)
...
006 (44647283.015.000) 2026-02-06 10:37:02 Image size of job updated: 1809144
	1767  -  MemoryUsage of job (MB)
	1808756  -  ResidentSetSize of job (KB)
...
006 (44647283.015.000) 2026-02-06 11:42:07 Image size of job updated: 1809888
	1767  -  MemoryUsage of job (MB)
	1808888  -  ResidentSetSize of job (KB)
...
006 (44647283.015.000) 2026-02-06 13:07:18 Image size of job updated: 1810984
	1768  -  MemoryUsage of job (MB)
	1809912  -  ResidentSetSize of job (KB)
...
006 (44647283.015.000) 2026-02-06 16:12:39 Image size of job updated: 1812300
	1770  -  MemoryUsage of job (MB)
	1812300  -  ResidentSetSize of job (KB)
...
006 (44647283.015.000) 2026-02-06 17:32:45 Image size of job updated: 1812320
	1770  -  MemoryUsage of job (MB)
	1812320  -  ResidentSetSize of job (KB)
...
006 (44647283.015.000) 2026-02-06 17:47:47 Image size of job updated: 1812324
	1770  -  MemoryUsage of job (MB)
	1812324  -  ResidentSetSize of job (KB)
...
006 (44647283.015.000) 2026-02-06 18:02:49 Image size of job updated: 1812408
	1770  -  MemoryUsage of job (MB)
	1812408  -  ResidentSetSize of job (KB)
...
006 (44647283.015.000) 2026-02-06 18:22:51 Image size of job updated: 1814364
	1771  -  MemoryUsage of job (MB)
	1813340  -  ResidentSetSize of job (KB)
...
006 (44647283.015.000) 2026-02-06 20:48:04 Image size of job updated: 1814364
	1772  -  MemoryUsage of job (MB)
	1813524  -  ResidentSetSize of job (KB)
...
006 (44647283.015.000) 2026-02-06 21:53:12 Image size of job updated: 1817144
	1773  -  MemoryUsage of job (MB)
	1815120  -  ResidentSetSize of job (KB)
...
006 (44647283.015.000) 2026-02-06 22:13:14 Image size of job updated: 1817144
	1774  -  MemoryUsage of job (MB)
	1815556  -  ResidentSetSize of job (KB)
...
006 (44647283.015.000) 2026-02-06 22:53:20 Image size of job updated: 1817144
	1774  -  MemoryUsage of job (MB)
	1815560  -  ResidentSetSize of job (KB)
...
006 (44647283.015.000) 2026-02-06 23:33:25 Image size of job updated: 1817144
	1774  -  MemoryUsage of job (MB)
	1815568  -  ResidentSetSize of job (KB)
...
006 (44647283.015.000) 2026-02-06 23:38:26 Image size of job updated: 1819524
	1775  -  MemoryUsage of job (MB)
	1816624  -  ResidentSetSize of job (KB)
...
006 (44647283.015.000) 2026-02-07 01:08:35 Image size of job updated: 1821016
	1778  -  MemoryUsage of job (MB)
	1820008  -  ResidentSetSize of job (KB)
...
006 (44647283.015.000) 2026-02-07 01:33:36 Image size of job updated: 1821016
	1778  -  MemoryUsage of job (MB)
	1820012  -  ResidentSetSize of job (KB)
...
006 (44647283.015.000) 2026-02-07 02:18:40 Image size of job updated: 1821016
	1778  -  MemoryUsage of job (MB)
	1820264  -  ResidentSetSize of job (KB)
...
004 (44647283.015.000) 2026-02-07 02:19:40 Job was evicted. Code 1023 Subcode 0
	(0) CPU times
		Usr 6 10:48:45, Sys 0 00:12:03  -  Run Remote Usage
		Usr 0 00:00:00, Sys 0 00:00:00  -  Run Local Usage
	0  -  Run Bytes Sent By Job
	0  -  Run Bytes Received By Job
	Reason: via condor_rm (by user pratyusava.baral)
	Partitionable Resources :    Usage  Request Allocated 
	   Cpus                 :     6.84        4         4 
	   Disk (KB)            :    10        2000      2048 
	   GPUs                 :                           0 
	   Memory (MB)          :  1778       20000     20096 
	   TimeExecute (s)      : 90221                       
	   TimeSlotBusy (s)     : 90221                       
...
009 (44647283.015.000) 2026-02-07 02:19:40 Job was aborted.
	via condor_rm (by user pratyusava.baral)
...
000 (44647698.015.000) 2026-02-07 02:25:57 Job submitted from host: <146.186.150.67:9618?CCBID=10.6.200.15:9618%3fPrivNet%3dGWAVE%26addrs%3d10.6.200.15-9618%26alias%3dligo-ad-01.gwave.ics.psu.edu%26noUDP%26sock%3dcollector#166034&PrivAddr=%3c146.186.150.67:9618%3fsock%3dschedd_323984_a796%3e&PrivNet=GWAVE&addrs=146.186.150.67-9618&alias=ligo-hd-02.gwave.ics.psu.edu&noUDP&sock=schedd_323984_a796>
...
001 (44647698.015.000) 2026-02-08 15:02:09 Job executing on host: <10.136.81.216:9618?alias=comp-cc-0446.gwave.ics.psu.edu&sock=startd_125672_1e16>
	SlotName: slot1_3@comp-cc-0446.gwave.ics.psu.edu
	AvailableGPUs = {  }
	CondorScratchDir = "/localscratch/condor/execute/dir_1225524"
	Cpus = 4
	Disk = 2048
	GPUs = 0
	Memory = 20096
...
006 (44647698.015.000) 2026-02-08 15:02:18 Image size of job updated: 223040
	218  -  MemoryUsage of job (MB)
	223040  -  ResidentSetSize of job (KB)
...
006 (44647698.015.000) 2026-02-08 15:07:19 Image size of job updated: 425488
	416  -  MemoryUsage of job (MB)
	425488  -  ResidentSetSize of job (KB)
...
006 (44647698.015.000) 2026-02-08 15:12:20 Image size of job updated: 427248
	418  -  MemoryUsage of job (MB)
	427248  -  ResidentSetSize of job (KB)
...
006 (44647698.015.000) 2026-02-08 15:17:20 Image size of job updated: 493576
	483  -  MemoryUsage of job (MB)
	493576  -  ResidentSetSize of job (KB)
...
006 (44647698.015.000) 2026-02-08 15:22:21 Image size of job updated: 493656
	483  -  MemoryUsage of job (MB)
	493656  -  ResidentSetSize of job (KB)
...
006 (44647698.015.000) 2026-02-08 15:27:22 Image size of job updated: 534736
	523  -  MemoryUsage of job (MB)
	534736  -  ResidentSetSize of job (KB)
...
006 (44647698.015.000) 2026-02-08 15:32:22 Image size of job updated: 534760
	523  -  MemoryUsage of job (MB)
	534760  -  ResidentSetSize of job (KB)
...
006 (44647698.015.000) 2026-02-08 15:37:23 Image size of job updated: 537712
	526  -  MemoryUsage of job (MB)
	537712  -  ResidentSetSize of job (KB)
...
006 (44647698.015.000) 2026-02-08 15:42:24 Image size of job updated: 537732
	526  -  MemoryUsage of job (MB)
	537732  -  ResidentSetSize of job (KB)
...
006 (44647698.015.000) 2026-02-08 15:47:24 Image size of job updated: 548312
	536  -  MemoryUsage of job (MB)
	548108  -  ResidentSetSize of job (KB)
...
006 (44647698.015.000) 2026-02-08 15:52:25 Image size of job updated: 548312
	536  -  MemoryUsage of job (MB)
	548116  -  ResidentSetSize of job (KB)
...
006 (44647698.015.000) 2026-02-08 15:57:26 Image size of job updated: 548936
	537  -  MemoryUsage of job (MB)
	548936  -  ResidentSetSize of job (KB)
...
006 (44647698.015.000) 2026-02-08 16:07:27 Image size of job updated: 559616
	547  -  MemoryUsage of job (MB)
	559616  -  ResidentSetSize of job (KB)
...
006 (44647698.015.000) 2026-02-08 16:12:27 Image size of job updated: 559620
	547  -  MemoryUsage of job (MB)
	559620  -  ResidentSetSize of job (KB)
...
006 (44647698.015.000) 2026-02-08 16:17:27 Image size of job updated: 564380
	552  -  MemoryUsage of job (MB)
	564380  -  ResidentSetSize of job (KB)
...
006 (44647698.015.000) 2026-02-08 16:22:28 Image size of job updated: 766360
	749  -  MemoryUsage of job (MB)
	766360  -  ResidentSetSize of job (KB)
...
006 (44647698.015.000) 2026-02-08 16:27:29 Image size of job updated: 924476
	903  -  MemoryUsage of job (MB)
	924476  -  ResidentSetSize of job (KB)
...
006 (44647698.015.000) 2026-02-08 16:32:29 Image size of job updated: 1123732
	1098  -  MemoryUsage of job (MB)
	1123732  -  ResidentSetSize of job (KB)
...
006 (44647698.015.000) 2026-02-08 16:37:30 Image size of job updated: 1320056
	1290  -  MemoryUsage of job (MB)
	1320056  -  ResidentSetSize of job (KB)
...
006 (44647698.015.000) 2026-02-08 16:42:31 Image size of job updated: 1478456
	1444  -  MemoryUsage of job (MB)
	1478456  -  ResidentSetSize of job (KB)
...
006 (44647698.015.000) 2026-02-08 16:47:31 Image size of job updated: 1683312
	1644  -  MemoryUsage of job (MB)
	1683312  -  ResidentSetSize of job (KB)
...
006 (44647698.015.000) 2026-02-08 16:52:31 Image size of job updated: 1774748
	1734  -  MemoryUsage of job (MB)
	1774748  -  ResidentSetSize of job (KB)
...
006 (44647698.015.000) 2026-02-08 16:57:32 Image size of job updated: 1775240
	1734  -  MemoryUsage of job (MB)
	1775240  -  ResidentSetSize of job (KB)
...
006 (44647698.015.000) 2026-02-08 17:02:32 Image size of job updated: 1775764
	1735  -  MemoryUsage of job (MB)
	1775764  -  ResidentSetSize of job (KB)
...
006 (44647698.015.000) 2026-02-08 17:12:33 Image size of job updated: 1775936
	1735  -  MemoryUsage of job (MB)
	1775936  -  ResidentSetSize of job (KB)
...
006 (44647698.015.000) 2026-02-08 17:22:33 Image size of job updated: 1776800
	1736  -  MemoryUsage of job (MB)
	1776800  -  ResidentSetSize of job (KB)
...
006 (44647698.015.000) 2026-02-08 17:32:35 Image size of job updated: 1778848
	1738  -  MemoryUsage of job (MB)
	1778848  -  ResidentSetSize of job (KB)
...
006 (44647698.015.000) 2026-02-08 18:02:38 Image size of job updated: 1797896
	1756  -  MemoryUsage of job (MB)
	1797896  -  ResidentSetSize of job (KB)
...
006 (44647698.015.000) 2026-02-08 18:12:38 Image size of job updated: 1797900
	1756  -  MemoryUsage of job (MB)
	1797896  -  ResidentSetSize of job (KB)
...
006 (44647698.015.000) 2026-02-08 18:32:40 Image size of job updated: 1798868
	1757  -  MemoryUsage of job (MB)
	1798868  -  ResidentSetSize of job (KB)
...
006 (44647698.015.000) 2026-02-08 18:42:41 Image size of job updated: 1798872
	1757  -  MemoryUsage of job (MB)
	1798872  -  ResidentSetSize of job (KB)
...
006 (44647698.015.000) 2026-02-08 18:47:42 Image size of job updated: 1802776
	1761  -  MemoryUsage of job (MB)
	1802776  -  ResidentSetSize of job (KB)
...
006 (44647698.015.000) 2026-02-08 19:17:44 Image size of job updated: 1804796
	1763  -  MemoryUsage of job (MB)
	1804796  -  ResidentSetSize of job (KB)
...
006 (44647698.015.000) 2026-02-08 19:27:45 Image size of job updated: 1804800
	1763  -  MemoryUsage of job (MB)
	1804796  -  ResidentSetSize of job (KB)
...
006 (44647698.015.000) 2026-02-08 19:37:46 Image size of job updated: 1804800
	1763  -  MemoryUsage of job (MB)
	1804800  -  ResidentSetSize of job (KB)
...
006 (44647698.015.000) 2026-02-08 21:48:00 Image size of job updated: 1806156
	1764  -  MemoryUsage of job (MB)
	1806156  -  ResidentSetSize of job (KB)
...
006 (44647698.015.000) 2026-02-08 21:58:00 Image size of job updated: 1808416
	1767  -  MemoryUsage of job (MB)
	1808416  -  ResidentSetSize of job (KB)
...
006 (44647698.015.000) 2026-02-08 22:08:02 Image size of job updated: 1809160
	1767  -  MemoryUsage of job (MB)
	1809160  -  ResidentSetSize of job (KB)
...
006 (44647698.015.000) 2026-02-08 22:18:03 Image size of job updated: 1809472
	1768  -  MemoryUsage of job (MB)
	1809472  -  ResidentSetSize of job (KB)
...
006 (44647698.015.000) 2026-02-08 22:38:06 Image size of job updated: 1809476
	1768  -  MemoryUsage of job (MB)
	1809476  -  ResidentSetSize of job (KB)
...
006 (44647698.015.000) 2026-02-08 22:43:06 Image size of job updated: 1809620
	1768  -  MemoryUsage of job (MB)
	1809620  -  ResidentSetSize of job (KB)
...
006 (44647698.015.000) 2026-02-08 22:53:08 Image size of job updated: 1811848
	1770  -  MemoryUsage of job (MB)
	1811848  -  ResidentSetSize of job (KB)
...
006 (44647698.015.000) 2026-02-08 23:03:09 Image size of job updated: 1811896
	1770  -  MemoryUsage of job (MB)
	1811896  -  ResidentSetSize of job (KB)
...
006 (44647698.015.000) 2026-02-08 23:13:10 Image size of job updated: 1811992
	1770  -  MemoryUsage of job (MB)
	1811992  -  ResidentSetSize of job (KB)
...
006 (44647698.015.000) 2026-02-08 23:23:12 Image size of job updated: 1815364
	1773  -  MemoryUsage of job (MB)
	1815364  -  ResidentSetSize of job (KB)
...
006 (44647698.015.000) 2026-02-08 23:43:13 Image size of job updated: 1816052
	1774  -  MemoryUsage of job (MB)
	1816052  -  ResidentSetSize of job (KB)
...
006 (44647698.015.000) 2026-02-08 23:58:14 Image size of job updated: 1816588
	1775  -  MemoryUsage of job (MB)
	1816588  -  ResidentSetSize of job (KB)
...
006 (44647698.015.000) 2026-02-09 00:08:15 Image size of job updated: 1816592
	1775  -  MemoryUsage of job (MB)
	1816592  -  ResidentSetSize of job (KB)
...
006 (44647698.015.000) 2026-02-09 00:18:15 Image size of job updated: 1818332
	1776  -  MemoryUsage of job (MB)
	1818332  -  ResidentSetSize of job (KB)
...
006 (44647698.015.000) 2026-02-09 00:23:16 Image size of job updated: 1818336
	1776  -  MemoryUsage of job (MB)
	1818336  -  ResidentSetSize of job (KB)
...
006 (44647698.015.000) 2026-02-09 00:28:17 Image size of job updated: 1819628
	1777  -  MemoryUsage of job (MB)
	1819628  -  ResidentSetSize of job (KB)
...
006 (44647698.015.000) 2026-02-09 00:33:17 Image size of job updated: 1819632
	1777  -  MemoryUsage of job (MB)
	1819632  -  ResidentSetSize of job (KB)
...
006 (44647698.015.000) 2026-02-09 00:38:18 Image size of job updated: 1821408
	1779  -  MemoryUsage of job (MB)
	1821408  -  ResidentSetSize of job (KB)
...
006 (44647698.015.000) 2026-02-09 00:43:19 Image size of job updated: 1821412
	1779  -  MemoryUsage of job (MB)
	1821412  -  ResidentSetSize of job (KB)
...
006 (44647698.015.000) 2026-02-09 00:48:19 Image size of job updated: 1821416
	1779  -  MemoryUsage of job (MB)
	1821412  -  ResidentSetSize of job (KB)
...
006 (44647698.015.000) 2026-02-09 01:08:20 Image size of job updated: 1835308
	1793  -  MemoryUsage of job (MB)
	1835308  -  ResidentSetSize of job (KB)
...
006 (44647698.015.000) 2026-02-09 01:13:21 Image size of job updated: 1835316
	1793  -  MemoryUsage of job (MB)
	1835316  -  ResidentSetSize of job (KB)
...
006 (44647698.015.000) 2026-02-09 01:18:21 Image size of job updated: 1835348
	1793  -  MemoryUsage of job (MB)
	1835316  -  ResidentSetSize of job (KB)
...
006 (44647698.015.000) 2026-02-09 01:48:25 Image size of job updated: 1836128
	1794  -  MemoryUsage of job (MB)
	1836128  -  ResidentSetSize of job (KB)
...
006 (44647698.015.000) 2026-02-09 01:53:25 Image size of job updated: 1836132
	1794  -  MemoryUsage of job (MB)
	1836132  -  ResidentSetSize of job (KB)
...
006 (44647698.015.000) 2026-02-09 01:58:26 Image size of job updated: 1838268
	1796  -  MemoryUsage of job (MB)
	1838268  -  ResidentSetSize of job (KB)
...
006 (44647698.015.000) 2026-02-09 02:03:27 Image size of job updated: 1838300
	1796  -  MemoryUsage of job (MB)
	1838300  -  ResidentSetSize of job (KB)
...
006 (44647698.015.000) 2026-02-09 02:08:27 Image size of job updated: 1838308
	1796  -  MemoryUsage of job (MB)
	1838308  -  ResidentSetSize of job (KB)
...
006 (44647698.015.000) 2026-02-09 02:13:27 Image size of job updated: 1838316
	1796  -  MemoryUsage of job (MB)
	1838316  -  ResidentSetSize of job (KB)
...
006 (44647698.015.000) 2026-02-09 02:18:28 Image size of job updated: 1840364
	1798  -  MemoryUsage of job (MB)
	1840364  -  ResidentSetSize of job (KB)
...
006 (44647698.015.000) 2026-02-09 02:23:28 Image size of job updated: 1840376
	1798  -  MemoryUsage of job (MB)
	1840376  -  ResidentSetSize of job (KB)
...
006 (44647698.015.000) 2026-02-09 02:28:28 Image size of job updated: 1840928
	1798  -  MemoryUsage of job (MB)
	1840928  -  ResidentSetSize of job (KB)
...
006 (44647698.015.000) 2026-02-09 02:33:29 Image size of job updated: 1861964
	1819  -  MemoryUsage of job (MB)
	1861964  -  ResidentSetSize of job (KB)
...
006 (44647698.015.000) 2026-02-09 02:38:29 Image size of job updated: 1862080
	1819  -  MemoryUsage of job (MB)
	1862080  -  ResidentSetSize of job (KB)
...
006 (44647698.015.000) 2026-02-09 02:43:29 Image size of job updated: 1872672
	1829  -  MemoryUsage of job (MB)
	1872672  -  ResidentSetSize of job (KB)
...
006 (44647698.015.000) 2026-02-09 02:48:30 Image size of job updated: 1872836
	1829  -  MemoryUsage of job (MB)
	1872836  -  ResidentSetSize of job (KB)
...
006 (44647698.015.000) 2026-02-09 02:53:30 Image size of job updated: 1885648
	1841  -  MemoryUsage of job (MB)
	1885044  -  ResidentSetSize of job (KB)
...
006 (44647698.015.000) 2026-02-09 02:58:30 Image size of job updated: 1885648
	1841  -  MemoryUsage of job (MB)
	1885056  -  ResidentSetSize of job (KB)
...
006 (44647698.015.000) 2026-02-09 03:03:31 Image size of job updated: 1886244
	1843  -  MemoryUsage of job (MB)
	1886244  -  ResidentSetSize of job (KB)
...
006 (44647698.015.000) 2026-02-09 03:08:32 Image size of job updated: 1886384
	1843  -  MemoryUsage of job (MB)
	1886384  -  ResidentSetSize of job (KB)
...
006 (44647698.015.000) 2026-02-09 03:13:32 Image size of job updated: 1888472
	1845  -  MemoryUsage of job (MB)
	1888472  -  ResidentSetSize of job (KB)
...
006 (44647698.015.000) 2026-02-09 03:18:33 Image size of job updated: 1888540
	1845  -  MemoryUsage of job (MB)
	1888540  -  ResidentSetSize of job (KB)
...
006 (44647698.015.000) 2026-02-09 03:23:34 Image size of job updated: 1891076
	1847  -  MemoryUsage of job (MB)
	1891076  -  ResidentSetSize of job (KB)
...
006 (44647698.015.000) 2026-02-09 03:28:34 Image size of job updated: 1891092
	1847  -  MemoryUsage of job (MB)
	1891092  -  ResidentSetSize of job (KB)
...
006 (44647698.015.000) 2026-02-09 03:33:35 Image size of job updated: 1901740
	1858  -  MemoryUsage of job (MB)
	1901740  -  ResidentSetSize of job (KB)
...
006 (44647698.015.000) 2026-02-09 03:38:36 Image size of job updated: 1901748
	1858  -  MemoryUsage of job (MB)
	1901748  -  ResidentSetSize of job (KB)
...
006 (44647698.015.000) 2026-02-09 03:43:36 Image size of job updated: 1903872
	1860  -  MemoryUsage of job (MB)
	1903872  -  ResidentSetSize of job (KB)
...
006 (44647698.015.000) 2026-02-09 03:48:37 Image size of job updated: 1903884
	1860  -  MemoryUsage of job (MB)
	1903884  -  ResidentSetSize of job (KB)
...
006 (44647698.015.000) 2026-02-09 03:53:38 Image size of job updated: 1905984
	1862  -  MemoryUsage of job (MB)
	1905984  -  ResidentSetSize of job (KB)
...
006 (44647698.015.000) 2026-02-09 03:58:38 Image size of job updated: 1905996
	1862  -  MemoryUsage of job (MB)
	1905996  -  ResidentSetSize of job (KB)
...
006 (44647698.015.000) 2026-02-09 04:03:39 Image size of job updated: 1908476
	1864  -  MemoryUsage of job (MB)
	1908476  -  ResidentSetSize of job (KB)
...
006 (44647698.015.000) 2026-02-09 04:08:40 Image size of job updated: 1908488
	1864  -  MemoryUsage of job (MB)
	1908488  -  ResidentSetSize of job (KB)
...
006 (44647698.015.000) 2026-02-09 04:13:40 Image size of job updated: 1910996
	1867  -  MemoryUsage of job (MB)
	1910996  -  ResidentSetSize of job (KB)
...
006 (44647698.015.000) 2026-02-09 04:18:40 Image size of job updated: 1911004
	1867  -  MemoryUsage of job (MB)
	1911004  -  ResidentSetSize of job (KB)
...
006 (44647698.015.000) 2026-02-09 04:23:41 Image size of job updated: 1913188
	1869  -  MemoryUsage of job (MB)
	1913188  -  ResidentSetSize of job (KB)
...
006 (44647698.015.000) 2026-02-09 04:28:41 Image size of job updated: 1913200
	1869  -  MemoryUsage of job (MB)
	1913200  -  ResidentSetSize of job (KB)
...
006 (44647698.015.000) 2026-02-09 04:33:41 Image size of job updated: 1914840
	1870  -  MemoryUsage of job (MB)
	1914828  -  ResidentSetSize of job (KB)
...
006 (44647698.015.000) 2026-02-09 04:38:42 Image size of job updated: 1914840
	1870  -  MemoryUsage of job (MB)
	1914836  -  ResidentSetSize of job (KB)
...
006 (44647698.015.000) 2026-02-09 04:43:42 Image size of job updated: 1920436
	1874  -  MemoryUsage of job (MB)
	1918388  -  ResidentSetSize of job (KB)
...
006 (44647698.015.000) 2026-02-09 04:48:42 Image size of job updated: 1920436
	1874  -  MemoryUsage of job (MB)
	1918396  -  ResidentSetSize of job (KB)
...
006 (44647698.015.000) 2026-02-09 04:53:43 Image size of job updated: 1921020
	1876  -  MemoryUsage of job (MB)
	1921020  -  ResidentSetSize of job (KB)
...
006 (44647698.015.000) 2026-02-09 04:58:43 Image size of job updated: 1921024
	1876  -  MemoryUsage of job (MB)
	1921024  -  ResidentSetSize of job (KB)
...
006 (44647698.015.000) 2026-02-09 05:03:43 Image size of job updated: 1922576
	1878  -  MemoryUsage of job (MB)
	1922576  -  ResidentSetSize of job (KB)
...
006 (44647698.015.000) 2026-02-09 05:08:44 Image size of job updated: 1922588
	1878  -  MemoryUsage of job (MB)
	1922588  -  ResidentSetSize of job (KB)
...
006 (44647698.015.000) 2026-02-09 05:13:45 Image size of job updated: 1924752
	1880  -  MemoryUsage of job (MB)
	1924752  -  ResidentSetSize of job (KB)
...
006 (44647698.015.000) 2026-02-09 05:18:45 Image size of job updated: 1924760
	1880  -  MemoryUsage of job (MB)
	1924760  -  ResidentSetSize of job (KB)
...
006 (44647698.015.000) 2026-02-09 05:23:46 Image size of job updated: 1926644
	1882  -  MemoryUsage of job (MB)
	1926644  -  ResidentSetSize of job (KB)
...
006 (44647698.015.000) 2026-02-09 05:28:47 Image size of job updated: 1926652
	1882  -  MemoryUsage of job (MB)
	1926652  -  ResidentSetSize of job (KB)
...
006 (44647698.015.000) 2026-02-09 05:33:47 Image size of job updated: 1928708
	1884  -  MemoryUsage of job (MB)
	1928708  -  ResidentSetSize of job (KB)
...
006 (44647698.015.000) 2026-02-09 05:38:48 Image size of job updated: 1928712
	1884  -  MemoryUsage of job (MB)
	1928712  -  ResidentSetSize of job (KB)
...
006 (44647698.015.000) 2026-02-09 05:43:49 Image size of job updated: 1930772
	1886  -  MemoryUsage of job (MB)
	1930772  -  ResidentSetSize of job (KB)
...
006 (44647698.015.000) 2026-02-09 05:48:49 Image size of job updated: 1930780
	1886  -  MemoryUsage of job (MB)
	1930780  -  ResidentSetSize of job (KB)
...
006 (44647698.015.000) 2026-02-09 05:53:50 Image size of job updated: 1932208
	1887  -  MemoryUsage of job (MB)
	1932208  -  ResidentSetSize of job (KB)
...
006 (44647698.015.000) 2026-02-09 06:08:51 Image size of job updated: 1934248
	1889  -  MemoryUsage of job (MB)
	1934248  -  ResidentSetSize of job (KB)
...
006 (44647698.015.000) 2026-02-09 06:13:52 Image size of job updated: 1934260
	1889  -  MemoryUsage of job (MB)
	1934260  -  ResidentSetSize of job (KB)
...
006 (44647698.015.000) 2026-02-09 06:18:52 Image size of job updated: 1936284
	1891  -  MemoryUsage of job (MB)
	1936284  -  ResidentSetSize of job (KB)
...
006 (44647698.015.000) 2026-02-09 06:23:52 Image size of job updated: 1936324
	1891  -  MemoryUsage of job (MB)
	1936324  -  ResidentSetSize of job (KB)
...
006 (44647698.015.000) 2026-02-09 06:28:53 Image size of job updated: 1946816
	1902  -  MemoryUsage of job (MB)
	1946816  -  ResidentSetSize of job (KB)
...
006 (44647698.015.000) 2026-02-09 06:33:53 Image size of job updated: 1946828
	1902  -  MemoryUsage of job (MB)
	1946828  -  ResidentSetSize of job (KB)
...
006 (44647698.015.000) 2026-02-09 06:38:53 Image size of job updated: 1948552
	1903  -  MemoryUsage of job (MB)
	1948552  -  ResidentSetSize of job (KB)
...
006 (44647698.015.000) 2026-02-09 06:43:54 Image size of job updated: 1948588
	1903  -  MemoryUsage of job (MB)
	1948588  -  ResidentSetSize of job (KB)
...
006 (44647698.015.000) 2026-02-09 06:48:54 Image size of job updated: 1956012
	1911  -  MemoryUsage of job (MB)
	1956012  -  ResidentSetSize of job (KB)
...
006 (44647698.015.000) 2026-02-09 06:53:54 Image size of job updated: 1956020
	1911  -  MemoryUsage of job (MB)
	1956020  -  ResidentSetSize of job (KB)
...
006 (44647698.015.000) 2026-02-09 06:58:56 Image size of job updated: 1959200
	1914  -  MemoryUsage of job (MB)
	1959200  -  ResidentSetSize of job (KB)
...
006 (44647698.015.000) 2026-02-09 07:03:55 Image size of job updated: 1959216
	1914  -  MemoryUsage of job (MB)
	1959216  -  ResidentSetSize of job (KB)
...
006 (44647698.015.000) 2026-02-09 07:08:55 Image size of job updated: 1961272
	1916  -  MemoryUsage of job (MB)
	1961272  -  ResidentSetSize of job (KB)
...
006 (44647698.015.000) 2026-02-09 07:13:56 Image size of job updated: 1961284
	1916  -  MemoryUsage of job (MB)
	1961284  -  ResidentSetSize of job (KB)
...
006 (44647698.015.000) 2026-02-09 07:18:57 Image size of job updated: 1963344
	1918  -  MemoryUsage of job (MB)
	1963344  -  ResidentSetSize of job (KB)
...
006 (44647698.015.000) 2026-02-09 07:23:57 Image size of job updated: 1963356
	1918  -  MemoryUsage of job (MB)
	1963356  -  ResidentSetSize of job (KB)
...
006 (44647698.015.000) 2026-02-09 07:28:58 Image size of job updated: 1965424
	1920  -  MemoryUsage of job (MB)
	1965424  -  ResidentSetSize of job (KB)
...
006 (44647698.015.000) 2026-02-09 07:33:59 Image size of job updated: 1965496
	1920  -  MemoryUsage of job (MB)
	1965496  -  ResidentSetSize of job (KB)
...
006 (44647698.015.000) 2026-02-09 07:38:59 Image size of job updated: 1968580
	1923  -  MemoryUsage of job (MB)
	1968580  -  ResidentSetSize of job (KB)
...
006 (44647698.015.000) 2026-02-09 07:44:00 Image size of job updated: 1968644
	1923  -  MemoryUsage of job (MB)
	1968644  -  ResidentSetSize of job (KB)
...
006 (44647698.015.000) 2026-02-09 07:49:01 Image size of job updated: 1970668
	1925  -  MemoryUsage of job (MB)
	1970668  -  ResidentSetSize of job (KB)
...
006 (44647698.015.000) 2026-02-09 07:54:01 Image size of job updated: 1970700
	1925  -  MemoryUsage of job (MB)
	1970700  -  ResidentSetSize of job (KB)
...
006 (44647698.015.000) 2026-02-09 07:59:02 Image size of job updated: 1976736
	1925  -  MemoryUsage of job (MB)
	1970700  -  ResidentSetSize of job (KB)
...
006 (44647698.015.000) 2026-02-09 08:29:04 Image size of job updated: 2012976
	1927  -  MemoryUsage of job (MB)
	1973244  -  ResidentSetSize of job (KB)
...
006 (44647698.015.000) 2026-02-09 08:34:05 Image size of job updated: 2012976
	1928  -  MemoryUsage of job (MB)
	1973320  -  ResidentSetSize of job (KB)
...
006 (44647698.015.000) 2026-02-09 08:39:06 Image size of job updated: 2021212
	1937  -  MemoryUsage of job (MB)
	1983280  -  ResidentSetSize of job (KB)
...
006 (44647698.015.000) 2026-02-09 08:44:06 Image size of job updated: 2021212
	1937  -  MemoryUsage of job (MB)
	1983296  -  ResidentSetSize of job (KB)
...
006 (44647698.015.000) 2026-02-09 08:49:07 Image size of job updated: 2021212
	1939  -  MemoryUsage of job (MB)
	1985068  -  ResidentSetSize of job (KB)
...
006 (44647698.015.000) 2026-02-09 08:54:08 Image size of job updated: 2021212
	1939  -  MemoryUsage of job (MB)
	1985088  -  ResidentSetSize of job (KB)
...
006 (44647698.015.000) 2026-02-09 08:59:08 Image size of job updated: 2021212
	1942  -  MemoryUsage of job (MB)
	1987892  -  ResidentSetSize of job (KB)
...
006 (44647698.015.000) 2026-02-09 09:04:09 Image size of job updated: 2021212
	1942  -  MemoryUsage of job (MB)
	1987908  -  ResidentSetSize of job (KB)
...
006 (44647698.015.000) 2026-02-09 09:09:10 Image size of job updated: 2021212
	1944  -  MemoryUsage of job (MB)
	1990400  -  ResidentSetSize of job (KB)
...
006 (44647698.015.000) 2026-02-09 09:14:10 Image size of job updated: 2021212
	1944  -  MemoryUsage of job (MB)
	1990420  -  ResidentSetSize of job (KB)
...
006 (44647698.015.000) 2026-02-09 09:19:11 Image size of job updated: 2021212
	1944  -  MemoryUsage of job (MB)
	1990444  -  ResidentSetSize of job (KB)
...
006 (44647698.015.000) 2026-02-09 09:24:12 Image size of job updated: 2021212
	1946  -  MemoryUsage of job (MB)
	1992588  -  ResidentSetSize of job (KB)
...
006 (44647698.015.000) 2026-02-09 09:29:12 Image size of job updated: 2021212
	1946  -  MemoryUsage of job (MB)
	1992608  -  ResidentSetSize of job (KB)
...
006 (44647698.015.000) 2026-02-09 09:34:12 Image size of job updated: 2021212
	1949  -  MemoryUsage of job (MB)
	1995312  -  ResidentSetSize of job (KB)
...
006 (44647698.015.000) 2026-02-09 09:39:13 Image size of job updated: 2021212
	1949  -  MemoryUsage of job (MB)
	1995336  -  ResidentSetSize of job (KB)
...
006 (44647698.015.000) 2026-02-09 09:44:13 Image size of job updated: 2021212
	1953  -  MemoryUsage of job (MB)
	1999796  -  ResidentSetSize of job (KB)
...
006 (44647698.015.000) 2026-02-09 09:49:13 Image size of job updated: 2021212
	1953  -  MemoryUsage of job (MB)
	1999816  -  ResidentSetSize of job (KB)
...
005 (44647698.015.000) 2026-02-09 09:56:17 Job terminated.
	(1) Normal termination (return value 0)
		Usr 9 22:11:55, Sys 0 00:02:30  -  Run Remote Usage
		Usr 0 00:00:00, Sys 0 00:00:00  -  Run Local Usage
		Usr 9 22:11:55, Sys 0 00:02:30  -  Total Remote Usage
		Usr 0 00:00:00, Sys 0 00:00:00  -  Total Local Usage
	0  -  Run Bytes Sent By Job
	0  -  Run Bytes Received By Job
	0  -  Total Bytes Sent By Job
	0  -  Total Bytes Received By Job
	Partitionable Resources :    Usage  Request Allocated 
	   Cpus                 :    13.23        4         4 
	   Disk (KB)            :    10        2000      2048 
	   GPUs                 :                           0 
	   Memory (MB)          :  1953       20000     20096 
	   TimeExecute (s)      : 68048                       
	   TimeSlotBusy (s)     : 68048                       
...
