15:04 bilby INFO    : Waveform generator initiated with
  frequency_domain_source_model: bilby.gw.source.lal_binary_black_hole_individual_modes
  time_domain_source_model: None
  parameter_conversion: bilby.gw.conversion.convert_to_lal_binary_black_hole_parameters
/scratch2/ligo.org/pratyusava.baral/dispersion/dispersion_env/src/bilby-x-g/bilby/gw/detector/interferometer.py:483: RuntimeWarning: divide by zero encountered in scalar power
  lambda_A = h * np.abs(A) ** (1/(a-2))
15:04 bilby INFO    : No prior given, using default BNS priors in /scratch2/ligo.org/pratyusava.baral/dispersion/dispersion_env/src/bilby-x-g/bilby/gw/prior_files/aligned_spins_bns_tides_on.prior.
15:04 bilby INFO    : Waveform generator initiated with
  frequency_domain_source_model: bilby.gw.source.lal_binary_black_hole_relative_binning_individual_modes
  time_domain_source_model: None
  parameter_conversion: bilby.gw.conversion.convert_to_lal_binary_neutron_star_parameters
15:04 bilby INFO    : Initial fiducial waveforms set up
15:04 bilby INFO    : Summary Data Obtained
15:04 bilby INFO    : Fiducial likelihood: 842421.74
15:04 bilby INFO    : Running for label 'None', output will be saved to 'results/16'
15:04 bilby INFO    : Performing redundancy check using BBHPriorDict(self).test_redundancy
15:04 bilby INFO    : Performing redundancy check using BBHPriorDict(self).test_redundancy
15:04 bilby INFO    : Performing redundancy check using BBHPriorDict(self).test_redundancy
15:04 bilby INFO    : Performing redundancy check using BBHPriorDict(self).test_redundancy
15:04 bilby INFO    : Performing redundancy check using BBHPriorDict(self).test_redundancy
15:04 bilby INFO    : Performing redundancy check using BBHPriorDict(self).test_redundancy
15:04 bilby INFO    : Performing redundancy check using BBHPriorDict(self).test_redundancy
15:04 bilby INFO    : Performing redundancy check using BBHPriorDict(self).test_redundancy
15:04 bilby INFO    : Performing redundancy check using BBHPriorDict(self).test_redundancy
15:04 bilby INFO    : Performing redundancy check using BBHPriorDict(self).test_redundancy
15:04 bilby INFO    : Performing redundancy check using BBHPriorDict(self).test_redundancy
15:04 bilby INFO    : Performing redundancy check using BBHPriorDict(self).test_redundancy
15:04 bilby INFO    : Performing redundancy check using BBHPriorDict(self).test_redundancy
15:04 bilby INFO    : Performing redundancy check using BBHPriorDict(self).test_redundancy
15:04 bilby INFO    : Using lal version 7.7.0
15:04 bilby INFO    : Using lal git version Branch: None;Tag: lalsuite-v7.26.1;Id: c90e1175f5e238741185744a4e516e58d42a9aec;;Builder: Unknown User <>;Repository status: CLEAN: All modifications committed
15:04 bilby INFO    : Using lalsimulation version 6.2.0
15:04 bilby INFO    : Using lalsimulation git version Branch: None;Tag: lalsuite-v7.26.1;Id: c90e1175f5e238741185744a4e516e58d42a9aec;;Builder: Unknown User <>;Repository status: CLEAN: All modifications committed
15:04 bilby INFO    : Analysis priors:
15:04 bilby INFO    : mass_ratio=Uniform(minimum=0.6852031407845693, maximum=1, name='mass_ratio', latex_label='$q$', unit=None, boundary=None)
15:04 bilby INFO    : chirp_mass=Uniform(minimum=65.90961597209153, maximum=65.96961597209153, name='chirp_mass', latex_label='$\\mathcal{M}$', unit=None, boundary=None)
15:04 bilby INFO    : luminosity_distance=Uniform(minimum=963.8804221315025, maximum=1053.8804221315027, name='luminosity_distance', latex_label='$d_L$', unit=None, boundary=None)
15:04 bilby INFO    : dec=Cosine(minimum=-1.5707963267948966, maximum=1.5707963267948966, name='dec', latex_label='$\\mathrm{DEC}$', unit=None, boundary=None)
15:04 bilby INFO    : ra=Uniform(minimum=0, maximum=6.283185307179586, name='ra', latex_label='$\\mathrm{RA}$', unit=None, boundary='periodic')
15:04 bilby INFO    : theta_jn=Sine(minimum=0, maximum=3.141592653589793, name='theta_jn', latex_label='$\\theta_{JN}$', unit=None, boundary=None)
15:04 bilby INFO    : psi=Uniform(minimum=0, maximum=3.141592653589793, name='psi', latex_label='$\\psi$', unit=None, boundary='periodic')
15:04 bilby INFO    : phase=Uniform(minimum=0, maximum=6.283185307179586, name='phase', latex_label='$\\phi$', unit=None, boundary='periodic')
15:04 bilby INFO    : chi_1=bilby.gw.prior.AlignedSpin(a_prior=Uniform(minimum=0, maximum=0.99, name=None, latex_label=None, unit=None, boundary=None), z_prior=Uniform(minimum=-1, maximum=1, name=None, latex_label=None, unit=None, boundary=None), name='chi_1', latex_label='$\\chi_1$', unit=None, boundary=None, minimum=-0.99, maximum=0.99)
15:04 bilby INFO    : chi_2=bilby.gw.prior.AlignedSpin(a_prior=Uniform(minimum=0, maximum=0.99, name=None, latex_label=None, unit=None, boundary=None), z_prior=Uniform(minimum=-1, maximum=1, name=None, latex_label=None, unit=None, boundary=None), name='chi_2', latex_label='$\\chi_2$', unit=None, boundary=None, minimum=-0.99, maximum=0.99)
15:04 bilby INFO    : A=Uniform(minimum=-1, maximum=1, name='A', latex_label='A', unit=None, boundary=None)
15:04 bilby INFO    : CE_time=Uniform(minimum=1928039022.4006848, maximum=1928039022.4206848, name='CE_time', latex_label='$t_{CE}$', unit='$s$', boundary=None)
15:04 bilby INFO    : a=0
15:04 bilby INFO    : fiducial=0
15:04 bilby INFO    : Analysis likelihood class: <class 'bilby.gw.likelihood.relative.RelativeBinningGravitationalWaveTransientNextGenerationModebyMode'>
15:04 bilby INFO    : Analysis likelihood noise evidence: -842421.7404846856
15:04 bilby INFO    : Single likelihood evaluation took 6.778e-02 s
15:04 bilby INFO    : Using sampler Dynesty with kwargs {'nlive': 500, 'bound': 'live', 'sample': 'acceptance-walk', 'periodic': None, 'reflective': None, 'update_interval': 600, 'first_update': None, 'npdim': None, 'rstate': None, 'queue_size': 16, 'pool': None, 'use_pool': None, 'live_points': None, 'logl_args': None, 'logl_kwargs': None, 'ptform_args': None, 'ptform_kwargs': None, 'gradient': None, 'grad_args': None, 'grad_kwargs': None, 'compute_jac': False, 'enlarge': None, 'bootstrap': None, 'walks': 100, 'facc': 0.2, 'slices': None, 'fmove': 0.9, 'max_move': 100, 'update_func': None, 'ncdim': None, 'blob': False, 'save_history': False, 'history_filename': None, 'maxiter': None, 'maxcall': None, 'dlogz': 0.01, 'logl_max': inf, 'n_effective': None, 'add_live': True, 'print_progress': True, 'print_func': <bound method Dynesty._print_func of <bilby.core.sampler.dynesty.Dynesty object at 0x14df731b4690>>, 'save_bounds': False, 'checkpoint_file': None, 'checkpoint_every': 60, 'resume': False, 'seed': None}
15:04 bilby INFO    : Checkpoint every check_point_delta_t = 600s
15:04 bilby INFO    : Using dynesty version 2.1.5
15:04 bilby INFO    : Using the bilby-implemented acceptance-walk sampling with an average of 16.0 accepted steps per MCMC and maximum length 5000
15:04 bilby INFO    : Setting up multiproccesing pool with 16 processes
15:04 bilby INFO    : Resume file results/16/None_resume.pickle does not exist.
15:04 bilby INFO    : Generating initial points from the prior
15:15 bilby INFO    : Written checkpoint file results/16/None_resume.pickle
/ligo/home/ligo.org/pratyusava.baral/dispersion/dispersion_env/lib64/python3.11/site-packages/dynesty/plotting.py:786: UserWarning: Attempting to set identical low and high ylims makes transformation singular; automatically expanding.
  ax.set_ylim([0., max(y0) * 1.05])
15:15 bilby WARNING : Too many bins for data range. Cannot create 500 finite-sized bins.
15:15 bilby WARNING : Failed to create dynesty state plot at checkpoint
/ligo/home/ligo.org/pratyusava.baral/dispersion/dispersion_env/lib64/python3.11/site-packages/dynesty/plotting.py:786: UserWarning: Attempting to set identical low and high ylims makes transformation singular; automatically expanding.
  ax.set_ylim([0., max(y0) * 1.05])
/ligo/home/ligo.org/pratyusava.baral/dispersion/dispersion_env/lib64/python3.11/site-packages/dynesty/plotting.py:252: RuntimeWarning: overflow encountered in exp
  np.exp(logwt), logz if logplot else np.exp(logz)
/ligo/home/ligo.org/pratyusava.baral/dispersion/dispersion_env/lib64/python3.11/site-packages/dynesty/plotting.py:282: RuntimeWarning: overflow encountered in exp
  zspan = (0., 1.05 * np.exp(logz[-1] + 3. * logzerr[-1]))
15:15 bilby WARNING : Axis limits cannot be NaN or Inf
15:15 bilby WARNING : Failed to create dynesty run plot at checkpoint
15:26 bilby INFO    : Written checkpoint file results/16/None_resume.pickle
/ligo/home/ligo.org/pratyusava.baral/dispersion/dispersion_env/lib64/python3.11/site-packages/dynesty/plotting.py:786: UserWarning: Attempting to set identical low and high ylims makes transformation singular; automatically expanding.
  ax.set_ylim([0., max(y0) * 1.05])
15:26 bilby WARNING : Too many bins for data range. Cannot create 500 finite-sized bins.
15:26 bilby WARNING : Failed to create dynesty state plot at checkpoint
/ligo/home/ligo.org/pratyusava.baral/dispersion/dispersion_env/lib64/python3.11/site-packages/dynesty/plotting.py:786: UserWarning: Attempting to set identical low and high ylims makes transformation singular; automatically expanding.
  ax.set_ylim([0., max(y0) * 1.05])
/ligo/home/ligo.org/pratyusava.baral/dispersion/dispersion_env/lib64/python3.11/site-packages/dynesty/plotting.py:252: RuntimeWarning: overflow encountered in exp
  np.exp(logwt), logz if logplot else np.exp(logz)
/ligo/home/ligo.org/pratyusava.baral/dispersion/dispersion_env/lib64/python3.11/site-packages/dynesty/plotting.py:282: RuntimeWarning: overflow encountered in exp
  zspan = (0., 1.05 * np.exp(logz[-1] + 3. * logzerr[-1]))
15:26 bilby WARNING : Axis limits cannot be NaN or Inf
15:26 bilby WARNING : Failed to create dynesty run plot at checkpoint
15:36 bilby INFO    : Written checkpoint file results/16/None_resume.pickle
/ligo/home/ligo.org/pratyusava.baral/dispersion/dispersion_env/lib64/python3.11/site-packages/dynesty/plotting.py:786: UserWarning: Attempting to set identical low and high ylims makes transformation singular; automatically expanding.
  ax.set_ylim([0., max(y0) * 1.05])
15:36 bilby WARNING : Too many bins for data range. Cannot create 500 finite-sized bins.
15:36 bilby WARNING : Failed to create dynesty state plot at checkpoint
/ligo/home/ligo.org/pratyusava.baral/dispersion/dispersion_env/lib64/python3.11/site-packages/dynesty/plotting.py:786: UserWarning: Attempting to set identical low and high ylims makes transformation singular; automatically expanding.
  ax.set_ylim([0., max(y0) * 1.05])
/ligo/home/ligo.org/pratyusava.baral/dispersion/dispersion_env/lib64/python3.11/site-packages/dynesty/plotting.py:252: RuntimeWarning: overflow encountered in exp
  np.exp(logwt), logz if logplot else np.exp(logz)
/ligo/home/ligo.org/pratyusava.baral/dispersion/dispersion_env/lib64/python3.11/site-packages/dynesty/plotting.py:282: RuntimeWarning: overflow encountered in exp
  zspan = (0., 1.05 * np.exp(logz[-1] + 3. * logzerr[-1]))
15:36 bilby WARNING : Axis limits cannot be NaN or Inf
15:36 bilby WARNING : Failed to create dynesty run plot at checkpoint
15:46 bilby INFO    : Written checkpoint file results/16/None_resume.pickle
/ligo/home/ligo.org/pratyusava.baral/dispersion/dispersion_env/lib64/python3.11/site-packages/dynesty/plotting.py:786: UserWarning: Attempting to set identical low and high ylims makes transformation singular; automatically expanding.
  ax.set_ylim([0., max(y0) * 1.05])
15:46 bilby WARNING : Too many bins for data range. Cannot create 500 finite-sized bins.
15:46 bilby WARNING : Failed to create dynesty state plot at checkpoint
/ligo/home/ligo.org/pratyusava.baral/dispersion/dispersion_env/lib64/python3.11/site-packages/dynesty/plotting.py:786: UserWarning: Attempting to set identical low and high ylims makes transformation singular; automatically expanding.
  ax.set_ylim([0., max(y0) * 1.05])
/ligo/home/ligo.org/pratyusava.baral/dispersion/dispersion_env/lib64/python3.11/site-packages/dynesty/plotting.py:252: RuntimeWarning: overflow encountered in exp
  np.exp(logwt), logz if logplot else np.exp(logz)
/ligo/home/ligo.org/pratyusava.baral/dispersion/dispersion_env/lib64/python3.11/site-packages/dynesty/plotting.py:282: RuntimeWarning: overflow encountered in exp
  zspan = (0., 1.05 * np.exp(logz[-1] + 3. * logzerr[-1]))
15:46 bilby WARNING : Axis limits cannot be NaN or Inf
15:46 bilby WARNING : Failed to create dynesty run plot at checkpoint
15:57 bilby INFO    : Written checkpoint file results/16/None_resume.pickle
15:57 bilby WARNING : The data appears to lie in a lower-dimensional subspace of the space in which it is expressed. This has resulted in a singular data covariance matrix, which cannot be treated using the algorithms implemented in `gaussian_kde`. Consider performing principle component analysis / dimensionality reduction and using `gaussian_kde` with the transformed data.
15:57 bilby WARNING : Failed to create dynesty state plot at checkpoint
15:57 bilby WARNING : The data appears to lie in a lower-dimensional subspace of the space in which it is expressed. This has resulted in a singular data covariance matrix, which cannot be treated using the algorithms implemented in `gaussian_kde`. Consider performing principle component analysis / dimensionality reduction and using `gaussian_kde` with the transformed data.
15:57 bilby WARNING : Failed to create dynesty unit state plot at checkpoint
/ligo/home/ligo.org/pratyusava.baral/dispersion/dispersion_env/lib64/python3.11/site-packages/dynesty/plotting.py:252: RuntimeWarning: overflow encountered in exp
  np.exp(logwt), logz if logplot else np.exp(logz)
15:57 bilby WARNING : The data appears to lie in a lower-dimensional subspace of the space in which it is expressed. This has resulted in a singular data covariance matrix, which cannot be treated using the algorithms implemented in `gaussian_kde`. Consider performing principle component analysis / dimensionality reduction and using `gaussian_kde` with the transformed data.
15:57 bilby WARNING : Failed to create dynesty run plot at checkpoint
16:07 bilby INFO    : Written checkpoint file results/16/None_resume.pickle
/ligo/home/ligo.org/pratyusava.baral/dispersion/dispersion_env/lib64/python3.11/site-packages/dynesty/plotting.py:786: UserWarning: Attempting to set identical low and high ylims makes transformation singular; automatically expanding.
  ax.set_ylim([0., max(y0) * 1.05])
16:07 bilby WARNING : Too many bins for data range. Cannot create 500 finite-sized bins.
16:07 bilby WARNING : Failed to create dynesty state plot at checkpoint
/ligo/home/ligo.org/pratyusava.baral/dispersion/dispersion_env/lib64/python3.11/site-packages/dynesty/plotting.py:786: UserWarning: Attempting to set identical low and high ylims makes transformation singular; automatically expanding.
  ax.set_ylim([0., max(y0) * 1.05])
/ligo/home/ligo.org/pratyusava.baral/dispersion/dispersion_env/lib64/python3.11/site-packages/dynesty/plotting.py:252: RuntimeWarning: overflow encountered in exp
  np.exp(logwt), logz if logplot else np.exp(logz)
/ligo/home/ligo.org/pratyusava.baral/dispersion/dispersion_env/lib64/python3.11/site-packages/dynesty/plotting.py:282: RuntimeWarning: overflow encountered in exp
  zspan = (0., 1.05 * np.exp(logz[-1] + 3. * logzerr[-1]))
16:07 bilby WARNING : Axis limits cannot be NaN or Inf
16:07 bilby WARNING : Failed to create dynesty run plot at checkpoint
16:17 bilby INFO    : Written checkpoint file results/16/None_resume.pickle
/ligo/home/ligo.org/pratyusava.baral/dispersion/dispersion_env/lib64/python3.11/site-packages/dynesty/plotting.py:786: UserWarning: Attempting to set identical low and high ylims makes transformation singular; automatically expanding.
  ax.set_ylim([0., max(y0) * 1.05])
16:17 bilby WARNING : Too many bins for data range. Cannot create 500 finite-sized bins.
16:17 bilby WARNING : Failed to create dynesty state plot at checkpoint
/ligo/home/ligo.org/pratyusava.baral/dispersion/dispersion_env/lib64/python3.11/site-packages/dynesty/plotting.py:786: UserWarning: Attempting to set identical low and high ylims makes transformation singular; automatically expanding.
  ax.set_ylim([0., max(y0) * 1.05])
/ligo/home/ligo.org/pratyusava.baral/dispersion/dispersion_env/lib64/python3.11/site-packages/dynesty/plotting.py:252: RuntimeWarning: overflow encountered in exp
  np.exp(logwt), logz if logplot else np.exp(logz)
/ligo/home/ligo.org/pratyusava.baral/dispersion/dispersion_env/lib64/python3.11/site-packages/dynesty/plotting.py:282: RuntimeWarning: overflow encountered in exp
  zspan = (0., 1.05 * np.exp(logz[-1] + 3. * logzerr[-1]))
16:17 bilby WARNING : Axis limits cannot be NaN or Inf
16:17 bilby WARNING : Failed to create dynesty run plot at checkpoint
16:28 bilby INFO    : Written checkpoint file results/16/None_resume.pickle
/ligo/home/ligo.org/pratyusava.baral/dispersion/dispersion_env/lib64/python3.11/site-packages/dynesty/plotting.py:786: UserWarning: Attempting to set identical low and high ylims makes transformation singular; automatically expanding.
  ax.set_ylim([0., max(y0) * 1.05])
16:28 bilby WARNING : Too many bins for data range. Cannot create 500 finite-sized bins.
16:28 bilby WARNING : Failed to create dynesty state plot at checkpoint
/ligo/home/ligo.org/pratyusava.baral/dispersion/dispersion_env/lib64/python3.11/site-packages/dynesty/plotting.py:786: UserWarning: Attempting to set identical low and high ylims makes transformation singular; automatically expanding.
  ax.set_ylim([0., max(y0) * 1.05])
/ligo/home/ligo.org/pratyusava.baral/dispersion/dispersion_env/lib64/python3.11/site-packages/dynesty/plotting.py:252: RuntimeWarning: overflow encountered in exp
  np.exp(logwt), logz if logplot else np.exp(logz)
/ligo/home/ligo.org/pratyusava.baral/dispersion/dispersion_env/lib64/python3.11/site-packages/dynesty/plotting.py:282: RuntimeWarning: overflow encountered in exp
  zspan = (0., 1.05 * np.exp(logz[-1] + 3. * logzerr[-1]))
16:28 bilby WARNING : Axis limits cannot be NaN or Inf
16:28 bilby WARNING : Failed to create dynesty run plot at checkpoint
16:38 bilby INFO    : Written checkpoint file results/16/None_resume.pickle
16:38 bilby WARNING : The data appears to lie in a lower-dimensional subspace of the space in which it is expressed. This has resulted in a singular data covariance matrix, which cannot be treated using the algorithms implemented in `gaussian_kde`. Consider performing principle component analysis / dimensionality reduction and using `gaussian_kde` with the transformed data.
16:38 bilby WARNING : Failed to create dynesty state plot at checkpoint
16:38 bilby WARNING : The data appears to lie in a lower-dimensional subspace of the space in which it is expressed. This has resulted in a singular data covariance matrix, which cannot be treated using the algorithms implemented in `gaussian_kde`. Consider performing principle component analysis / dimensionality reduction and using `gaussian_kde` with the transformed data.
16:38 bilby WARNING : Failed to create dynesty unit state plot at checkpoint
/ligo/home/ligo.org/pratyusava.baral/dispersion/dispersion_env/lib64/python3.11/site-packages/dynesty/plotting.py:252: RuntimeWarning: overflow encountered in exp
  np.exp(logwt), logz if logplot else np.exp(logz)
16:38 bilby WARNING : The data appears to lie in a lower-dimensional subspace of the space in which it is expressed. This has resulted in a singular data covariance matrix, which cannot be treated using the algorithms implemented in `gaussian_kde`. Consider performing principle component analysis / dimensionality reduction and using `gaussian_kde` with the transformed data.
16:38 bilby WARNING : Failed to create dynesty run plot at checkpoint
16:48 bilby INFO    : Written checkpoint file results/16/None_resume.pickle
16:48 bilby WARNING : The data appears to lie in a lower-dimensional subspace of the space in which it is expressed. This has resulted in a singular data covariance matrix, which cannot be treated using the algorithms implemented in `gaussian_kde`. Consider performing principle component analysis / dimensionality reduction and using `gaussian_kde` with the transformed data.
16:48 bilby WARNING : Failed to create dynesty state plot at checkpoint
16:48 bilby WARNING : The data appears to lie in a lower-dimensional subspace of the space in which it is expressed. This has resulted in a singular data covariance matrix, which cannot be treated using the algorithms implemented in `gaussian_kde`. Consider performing principle component analysis / dimensionality reduction and using `gaussian_kde` with the transformed data.
16:48 bilby WARNING : Failed to create dynesty unit state plot at checkpoint
/ligo/home/ligo.org/pratyusava.baral/dispersion/dispersion_env/lib64/python3.11/site-packages/dynesty/plotting.py:252: RuntimeWarning: overflow encountered in exp
  np.exp(logwt), logz if logplot else np.exp(logz)
16:48 bilby WARNING : The data appears to lie in a lower-dimensional subspace of the space in which it is expressed. This has resulted in a singular data covariance matrix, which cannot be treated using the algorithms implemented in `gaussian_kde`. Consider performing principle component analysis / dimensionality reduction and using `gaussian_kde` with the transformed data.
16:48 bilby WARNING : Failed to create dynesty run plot at checkpoint
16:58 bilby INFO    : Written checkpoint file results/16/None_resume.pickle
/ligo/home/ligo.org/pratyusava.baral/dispersion/dispersion_env/lib64/python3.11/site-packages/dynesty/plotting.py:786: UserWarning: Attempting to set identical low and high ylims makes transformation singular; automatically expanding.
  ax.set_ylim([0., max(y0) * 1.05])
16:58 bilby WARNING : Too many bins for data range. Cannot create 500 finite-sized bins.
16:58 bilby WARNING : Failed to create dynesty state plot at checkpoint
/ligo/home/ligo.org/pratyusava.baral/dispersion/dispersion_env/lib64/python3.11/site-packages/dynesty/plotting.py:786: UserWarning: Attempting to set identical low and high ylims makes transformation singular; automatically expanding.
  ax.set_ylim([0., max(y0) * 1.05])
/ligo/home/ligo.org/pratyusava.baral/dispersion/dispersion_env/lib64/python3.11/site-packages/dynesty/plotting.py:252: RuntimeWarning: overflow encountered in exp
  np.exp(logwt), logz if logplot else np.exp(logz)
/ligo/home/ligo.org/pratyusava.baral/dispersion/dispersion_env/lib64/python3.11/site-packages/dynesty/plotting.py:282: RuntimeWarning: overflow encountered in exp
  zspan = (0., 1.05 * np.exp(logz[-1] + 3. * logzerr[-1]))
16:58 bilby WARNING : Axis limits cannot be NaN or Inf
16:58 bilby WARNING : Failed to create dynesty run plot at checkpoint
17:09 bilby INFO    : Written checkpoint file results/16/None_resume.pickle
/ligo/home/ligo.org/pratyusava.baral/dispersion/dispersion_env/lib64/python3.11/site-packages/dynesty/plotting.py:786: UserWarning: Attempting to set identical low and high ylims makes transformation singular; automatically expanding.
  ax.set_ylim([0., max(y0) * 1.05])
17:09 bilby WARNING : Too many bins for data range. Cannot create 500 finite-sized bins.
17:09 bilby WARNING : Failed to create dynesty state plot at checkpoint
/ligo/home/ligo.org/pratyusava.baral/dispersion/dispersion_env/lib64/python3.11/site-packages/dynesty/plotting.py:786: UserWarning: Attempting to set identical low and high ylims makes transformation singular; automatically expanding.
  ax.set_ylim([0., max(y0) * 1.05])
/ligo/home/ligo.org/pratyusava.baral/dispersion/dispersion_env/lib64/python3.11/site-packages/dynesty/plotting.py:252: RuntimeWarning: overflow encountered in exp
  np.exp(logwt), logz if logplot else np.exp(logz)
/ligo/home/ligo.org/pratyusava.baral/dispersion/dispersion_env/lib64/python3.11/site-packages/dynesty/plotting.py:282: RuntimeWarning: overflow encountered in exp
  zspan = (0., 1.05 * np.exp(logz[-1] + 3. * logzerr[-1]))
17:09 bilby WARNING : Axis limits cannot be NaN or Inf
17:09 bilby WARNING : Failed to create dynesty run plot at checkpoint
17:19 bilby INFO    : Written checkpoint file results/16/None_resume.pickle
/ligo/home/ligo.org/pratyusava.baral/dispersion/dispersion_env/lib64/python3.11/site-packages/dynesty/plotting.py:786: UserWarning: Attempting to set identical low and high ylims makes transformation singular; automatically expanding.
  ax.set_ylim([0., max(y0) * 1.05])
17:19 bilby WARNING : Too many bins for data range. Cannot create 500 finite-sized bins.
17:19 bilby WARNING : Failed to create dynesty state plot at checkpoint
/ligo/home/ligo.org/pratyusava.baral/dispersion/dispersion_env/lib64/python3.11/site-packages/dynesty/plotting.py:786: UserWarning: Attempting to set identical low and high ylims makes transformation singular; automatically expanding.
  ax.set_ylim([0., max(y0) * 1.05])
/ligo/home/ligo.org/pratyusava.baral/dispersion/dispersion_env/lib64/python3.11/site-packages/dynesty/plotting.py:252: RuntimeWarning: overflow encountered in exp
  np.exp(logwt), logz if logplot else np.exp(logz)
/ligo/home/ligo.org/pratyusava.baral/dispersion/dispersion_env/lib64/python3.11/site-packages/dynesty/plotting.py:282: RuntimeWarning: overflow encountered in exp
  zspan = (0., 1.05 * np.exp(logz[-1] + 3. * logzerr[-1]))
17:19 bilby WARNING : Axis limits cannot be NaN or Inf
17:19 bilby WARNING : Failed to create dynesty run plot at checkpoint
17:29 bilby INFO    : Written checkpoint file results/16/None_resume.pickle
/ligo/home/ligo.org/pratyusava.baral/dispersion/dispersion_env/lib64/python3.11/site-packages/dynesty/plotting.py:786: UserWarning: Attempting to set identical low and high ylims makes transformation singular; automatically expanding.
  ax.set_ylim([0., max(y0) * 1.05])
17:29 bilby WARNING : Too many bins for data range. Cannot create 500 finite-sized bins.
17:29 bilby WARNING : Failed to create dynesty state plot at checkpoint
/ligo/home/ligo.org/pratyusava.baral/dispersion/dispersion_env/lib64/python3.11/site-packages/dynesty/plotting.py:786: UserWarning: Attempting to set identical low and high ylims makes transformation singular; automatically expanding.
  ax.set_ylim([0., max(y0) * 1.05])
/ligo/home/ligo.org/pratyusava.baral/dispersion/dispersion_env/lib64/python3.11/site-packages/dynesty/plotting.py:252: RuntimeWarning: overflow encountered in exp
  np.exp(logwt), logz if logplot else np.exp(logz)
/ligo/home/ligo.org/pratyusava.baral/dispersion/dispersion_env/lib64/python3.11/site-packages/dynesty/plotting.py:282: RuntimeWarning: overflow encountered in exp
  zspan = (0., 1.05 * np.exp(logz[-1] + 3. * logzerr[-1]))
17:29 bilby WARNING : Axis limits cannot be NaN or Inf
17:29 bilby WARNING : Failed to create dynesty run plot at checkpoint
17:39 bilby INFO    : Written checkpoint file results/16/None_resume.pickle
/ligo/home/ligo.org/pratyusava.baral/dispersion/dispersion_env/lib64/python3.11/site-packages/dynesty/plotting.py:786: UserWarning: Attempting to set identical low and high ylims makes transformation singular; automatically expanding.
  ax.set_ylim([0., max(y0) * 1.05])
17:39 bilby WARNING : Too many bins for data range. Cannot create 500 finite-sized bins.
17:39 bilby WARNING : Failed to create dynesty state plot at checkpoint
/ligo/home/ligo.org/pratyusava.baral/dispersion/dispersion_env/lib64/python3.11/site-packages/dynesty/plotting.py:786: UserWarning: Attempting to set identical low and high ylims makes transformation singular; automatically expanding.
  ax.set_ylim([0., max(y0) * 1.05])
/ligo/home/ligo.org/pratyusava.baral/dispersion/dispersion_env/lib64/python3.11/site-packages/dynesty/plotting.py:252: RuntimeWarning: overflow encountered in exp
  np.exp(logwt), logz if logplot else np.exp(logz)
/ligo/home/ligo.org/pratyusava.baral/dispersion/dispersion_env/lib64/python3.11/site-packages/dynesty/plotting.py:282: RuntimeWarning: overflow encountered in exp
  zspan = (0., 1.05 * np.exp(logz[-1] + 3. * logzerr[-1]))
17:39 bilby WARNING : Axis limits cannot be NaN or Inf
17:39 bilby WARNING : Failed to create dynesty run plot at checkpoint
17:50 bilby INFO    : Written checkpoint file results/16/None_resume.pickle
/ligo/home/ligo.org/pratyusava.baral/dispersion/dispersion_env/lib64/python3.11/site-packages/dynesty/plotting.py:786: UserWarning: Attempting to set identical low and high ylims makes transformation singular; automatically expanding.
  ax.set_ylim([0., max(y0) * 1.05])
17:50 bilby WARNING : Too many bins for data range. Cannot create 500 finite-sized bins.
17:50 bilby WARNING : Failed to create dynesty state plot at checkpoint
/ligo/home/ligo.org/pratyusava.baral/dispersion/dispersion_env/lib64/python3.11/site-packages/dynesty/plotting.py:786: UserWarning: Attempting to set identical low and high ylims makes transformation singular; automatically expanding.
  ax.set_ylim([0., max(y0) * 1.05])
/ligo/home/ligo.org/pratyusava.baral/dispersion/dispersion_env/lib64/python3.11/site-packages/dynesty/plotting.py:252: RuntimeWarning: overflow encountered in exp
  np.exp(logwt), logz if logplot else np.exp(logz)
/ligo/home/ligo.org/pratyusava.baral/dispersion/dispersion_env/lib64/python3.11/site-packages/dynesty/plotting.py:282: RuntimeWarning: overflow encountered in exp
  zspan = (0., 1.05 * np.exp(logz[-1] + 3. * logzerr[-1]))
17:50 bilby WARNING : Axis limits cannot be NaN or Inf
17:50 bilby WARNING : Failed to create dynesty run plot at checkpoint
18:00 bilby INFO    : Written checkpoint file results/16/None_resume.pickle
/ligo/home/ligo.org/pratyusava.baral/dispersion/dispersion_env/lib64/python3.11/site-packages/dynesty/plotting.py:786: UserWarning: Attempting to set identical low and high ylims makes transformation singular; automatically expanding.
  ax.set_ylim([0., max(y0) * 1.05])
18:00 bilby WARNING : Too many bins for data range. Cannot create 500 finite-sized bins.
18:00 bilby WARNING : Failed to create dynesty state plot at checkpoint
/ligo/home/ligo.org/pratyusava.baral/dispersion/dispersion_env/lib64/python3.11/site-packages/dynesty/plotting.py:786: UserWarning: Attempting to set identical low and high ylims makes transformation singular; automatically expanding.
  ax.set_ylim([0., max(y0) * 1.05])
/ligo/home/ligo.org/pratyusava.baral/dispersion/dispersion_env/lib64/python3.11/site-packages/dynesty/plotting.py:252: RuntimeWarning: overflow encountered in exp
  np.exp(logwt), logz if logplot else np.exp(logz)
/ligo/home/ligo.org/pratyusava.baral/dispersion/dispersion_env/lib64/python3.11/site-packages/dynesty/plotting.py:282: RuntimeWarning: overflow encountered in exp
  zspan = (0., 1.05 * np.exp(logz[-1] + 3. * logzerr[-1]))
18:00 bilby WARNING : Axis limits cannot be NaN or Inf
18:00 bilby WARNING : Failed to create dynesty run plot at checkpoint
18:10 bilby INFO    : Written checkpoint file results/16/None_resume.pickle
/ligo/home/ligo.org/pratyusava.baral/dispersion/dispersion_env/lib64/python3.11/site-packages/dynesty/plotting.py:786: UserWarning: Attempting to set identical low and high ylims makes transformation singular; automatically expanding.
  ax.set_ylim([0., max(y0) * 1.05])
/ligo/home/ligo.org/pratyusava.baral/dispersion/dispersion_env/lib64/python3.11/site-packages/dynesty/plotting.py:749: UserWarning: Attempting to set identical low and high xlims makes transformation singular; automatically expanding.
  ax.set_xlim(span[i])
/ligo/home/ligo.org/pratyusava.baral/dispersion/dispersion_env/lib64/python3.11/site-packages/dynesty/plotting.py:786: UserWarning: Attempting to set identical low and high ylims makes transformation singular; automatically expanding.
  ax.set_ylim([0., max(y0) * 1.05])
/ligo/home/ligo.org/pratyusava.baral/dispersion/dispersion_env/lib64/python3.11/site-packages/dynesty/plotting.py:252: RuntimeWarning: overflow encountered in exp
  np.exp(logwt), logz if logplot else np.exp(logz)
/ligo/home/ligo.org/pratyusava.baral/dispersion/dispersion_env/lib64/python3.11/site-packages/dynesty/plotting.py:282: RuntimeWarning: overflow encountered in exp
  zspan = (0., 1.05 * np.exp(logz[-1] + 3. * logzerr[-1]))
18:10 bilby WARNING : Axis limits cannot be NaN or Inf
18:10 bilby WARNING : Failed to create dynesty run plot at checkpoint
18:20 bilby INFO    : Written checkpoint file results/16/None_resume.pickle
/ligo/home/ligo.org/pratyusava.baral/dispersion/dispersion_env/lib64/python3.11/site-packages/dynesty/plotting.py:786: UserWarning: Attempting to set identical low and high ylims makes transformation singular; automatically expanding.
  ax.set_ylim([0., max(y0) * 1.05])
/ligo/home/ligo.org/pratyusava.baral/dispersion/dispersion_env/lib64/python3.11/site-packages/dynesty/plotting.py:749: UserWarning: Attempting to set identical low and high xlims makes transformation singular; automatically expanding.
  ax.set_xlim(span[i])
/ligo/home/ligo.org/pratyusava.baral/dispersion/dispersion_env/lib64/python3.11/site-packages/dynesty/plotting.py:786: UserWarning: Attempting to set identical low and high ylims makes transformation singular; automatically expanding.
  ax.set_ylim([0., max(y0) * 1.05])
/ligo/home/ligo.org/pratyusava.baral/dispersion/dispersion_env/lib64/python3.11/site-packages/dynesty/plotting.py:252: RuntimeWarning: overflow encountered in exp
  np.exp(logwt), logz if logplot else np.exp(logz)
/ligo/home/ligo.org/pratyusava.baral/dispersion/dispersion_env/lib64/python3.11/site-packages/dynesty/plotting.py:282: RuntimeWarning: overflow encountered in exp
  zspan = (0., 1.05 * np.exp(logz[-1] + 3. * logzerr[-1]))
18:20 bilby WARNING : Axis limits cannot be NaN or Inf
18:20 bilby WARNING : Failed to create dynesty run plot at checkpoint
18:30 bilby INFO    : Written checkpoint file results/16/None_resume.pickle
/ligo/home/ligo.org/pratyusava.baral/dispersion/dispersion_env/lib64/python3.11/site-packages/dynesty/plotting.py:786: UserWarning: Attempting to set identical low and high ylims makes transformation singular; automatically expanding.
  ax.set_ylim([0., max(y0) * 1.05])
18:30 bilby WARNING : Too many bins for data range. Cannot create 500 finite-sized bins.
18:30 bilby WARNING : Failed to create dynesty state plot at checkpoint
/ligo/home/ligo.org/pratyusava.baral/dispersion/dispersion_env/lib64/python3.11/site-packages/dynesty/plotting.py:786: UserWarning: Attempting to set identical low and high ylims makes transformation singular; automatically expanding.
  ax.set_ylim([0., max(y0) * 1.05])
/ligo/home/ligo.org/pratyusava.baral/dispersion/dispersion_env/lib64/python3.11/site-packages/dynesty/plotting.py:252: RuntimeWarning: overflow encountered in exp
  np.exp(logwt), logz if logplot else np.exp(logz)
/ligo/home/ligo.org/pratyusava.baral/dispersion/dispersion_env/lib64/python3.11/site-packages/dynesty/plotting.py:282: RuntimeWarning: overflow encountered in exp
  zspan = (0., 1.05 * np.exp(logz[-1] + 3. * logzerr[-1]))
18:30 bilby WARNING : Axis limits cannot be NaN or Inf
18:30 bilby WARNING : Failed to create dynesty run plot at checkpoint
18:41 bilby INFO    : Written checkpoint file results/16/None_resume.pickle
18:41 bilby WARNING : Too many bins for data range. Cannot create 500 finite-sized bins.
18:41 bilby WARNING : Failed to create dynesty state plot at checkpoint
/ligo/home/ligo.org/pratyusava.baral/dispersion/dispersion_env/lib64/python3.11/site-packages/dynesty/plotting.py:252: RuntimeWarning: overflow encountered in exp
  np.exp(logwt), logz if logplot else np.exp(logz)
/ligo/home/ligo.org/pratyusava.baral/dispersion/dispersion_env/lib64/python3.11/site-packages/dynesty/plotting.py:282: RuntimeWarning: overflow encountered in exp
  zspan = (0., 1.05 * np.exp(logz[-1] + 3. * logzerr[-1]))
18:41 bilby WARNING : Axis limits cannot be NaN or Inf
18:41 bilby WARNING : Failed to create dynesty run plot at checkpoint
18:51 bilby INFO    : Written checkpoint file results/16/None_resume.pickle
/ligo/home/ligo.org/pratyusava.baral/dispersion/dispersion_env/lib64/python3.11/site-packages/dynesty/plotting.py:786: UserWarning: Attempting to set identical low and high ylims makes transformation singular; automatically expanding.
  ax.set_ylim([0., max(y0) * 1.05])
18:51 bilby WARNING : Too many bins for data range. Cannot create 500 finite-sized bins.
18:51 bilby WARNING : Failed to create dynesty state plot at checkpoint
/ligo/home/ligo.org/pratyusava.baral/dispersion/dispersion_env/lib64/python3.11/site-packages/dynesty/plotting.py:786: UserWarning: Attempting to set identical low and high ylims makes transformation singular; automatically expanding.
  ax.set_ylim([0., max(y0) * 1.05])
/ligo/home/ligo.org/pratyusava.baral/dispersion/dispersion_env/lib64/python3.11/site-packages/dynesty/plotting.py:252: RuntimeWarning: overflow encountered in exp
  np.exp(logwt), logz if logplot else np.exp(logz)
/ligo/home/ligo.org/pratyusava.baral/dispersion/dispersion_env/lib64/python3.11/site-packages/dynesty/plotting.py:282: RuntimeWarning: overflow encountered in exp
  zspan = (0., 1.05 * np.exp(logz[-1] + 3. * logzerr[-1]))
18:51 bilby WARNING : Axis limits cannot be NaN or Inf
18:51 bilby WARNING : Failed to create dynesty run plot at checkpoint
19:01 bilby INFO    : Written checkpoint file results/16/None_resume.pickle
/ligo/home/ligo.org/pratyusava.baral/dispersion/dispersion_env/lib64/python3.11/site-packages/dynesty/plotting.py:786: UserWarning: Attempting to set identical low and high ylims makes transformation singular; automatically expanding.
  ax.set_ylim([0., max(y0) * 1.05])
19:01 bilby WARNING : Too many bins for data range. Cannot create 500 finite-sized bins.
19:01 bilby WARNING : Failed to create dynesty state plot at checkpoint
/ligo/home/ligo.org/pratyusava.baral/dispersion/dispersion_env/lib64/python3.11/site-packages/dynesty/plotting.py:786: UserWarning: Attempting to set identical low and high ylims makes transformation singular; automatically expanding.
  ax.set_ylim([0., max(y0) * 1.05])
/ligo/home/ligo.org/pratyusava.baral/dispersion/dispersion_env/lib64/python3.11/site-packages/dynesty/plotting.py:252: RuntimeWarning: overflow encountered in exp
  np.exp(logwt), logz if logplot else np.exp(logz)
/ligo/home/ligo.org/pratyusava.baral/dispersion/dispersion_env/lib64/python3.11/site-packages/dynesty/plotting.py:282: RuntimeWarning: overflow encountered in exp
  zspan = (0., 1.05 * np.exp(logz[-1] + 3. * logzerr[-1]))
19:01 bilby WARNING : Axis limits cannot be NaN or Inf
19:01 bilby WARNING : Failed to create dynesty run plot at checkpoint
19:12 bilby INFO    : Written checkpoint file results/16/None_resume.pickle
/ligo/home/ligo.org/pratyusava.baral/dispersion/dispersion_env/lib64/python3.11/site-packages/dynesty/plotting.py:786: UserWarning: Attempting to set identical low and high ylims makes transformation singular; automatically expanding.
  ax.set_ylim([0., max(y0) * 1.05])
19:12 bilby WARNING : Too many bins for data range. Cannot create 500 finite-sized bins.
19:12 bilby WARNING : Failed to create dynesty state plot at checkpoint
/ligo/home/ligo.org/pratyusava.baral/dispersion/dispersion_env/lib64/python3.11/site-packages/dynesty/plotting.py:786: UserWarning: Attempting to set identical low and high ylims makes transformation singular; automatically expanding.
  ax.set_ylim([0., max(y0) * 1.05])
/ligo/home/ligo.org/pratyusava.baral/dispersion/dispersion_env/lib64/python3.11/site-packages/dynesty/plotting.py:252: RuntimeWarning: overflow encountered in exp
  np.exp(logwt), logz if logplot else np.exp(logz)
/ligo/home/ligo.org/pratyusava.baral/dispersion/dispersion_env/lib64/python3.11/site-packages/dynesty/plotting.py:282: RuntimeWarning: overflow encountered in exp
  zspan = (0., 1.05 * np.exp(logz[-1] + 3. * logzerr[-1]))
19:12 bilby WARNING : Axis limits cannot be NaN or Inf
19:12 bilby WARNING : Failed to create dynesty run plot at checkpoint
19:22 bilby INFO    : Written checkpoint file results/16/None_resume.pickle
/ligo/home/ligo.org/pratyusava.baral/dispersion/dispersion_env/lib64/python3.11/site-packages/dynesty/plotting.py:786: UserWarning: Attempting to set identical low and high ylims makes transformation singular; automatically expanding.
  ax.set_ylim([0., max(y0) * 1.05])
/ligo/home/ligo.org/pratyusava.baral/dispersion/dispersion_env/lib64/python3.11/site-packages/dynesty/plotting.py:749: UserWarning: Attempting to set identical low and high xlims makes transformation singular; automatically expanding.
  ax.set_xlim(span[i])
/ligo/home/ligo.org/pratyusava.baral/dispersion/dispersion_env/lib64/python3.11/site-packages/dynesty/plotting.py:786: UserWarning: Attempting to set identical low and high ylims makes transformation singular; automatically expanding.
  ax.set_ylim([0., max(y0) * 1.05])
/ligo/home/ligo.org/pratyusava.baral/dispersion/dispersion_env/lib64/python3.11/site-packages/dynesty/plotting.py:252: RuntimeWarning: overflow encountered in exp
  np.exp(logwt), logz if logplot else np.exp(logz)
/ligo/home/ligo.org/pratyusava.baral/dispersion/dispersion_env/lib64/python3.11/site-packages/dynesty/plotting.py:282: RuntimeWarning: overflow encountered in exp
  zspan = (0., 1.05 * np.exp(logz[-1] + 3. * logzerr[-1]))
19:22 bilby WARNING : Axis limits cannot be NaN or Inf
19:22 bilby WARNING : Failed to create dynesty run plot at checkpoint
19:32 bilby INFO    : Written checkpoint file results/16/None_resume.pickle
/ligo/home/ligo.org/pratyusava.baral/dispersion/dispersion_env/lib64/python3.11/site-packages/dynesty/plotting.py:786: UserWarning: Attempting to set identical low and high ylims makes transformation singular; automatically expanding.
  ax.set_ylim([0., max(y0) * 1.05])
/ligo/home/ligo.org/pratyusava.baral/dispersion/dispersion_env/lib64/python3.11/site-packages/dynesty/plotting.py:749: UserWarning: Attempting to set identical low and high xlims makes transformation singular; automatically expanding.
  ax.set_xlim(span[i])
/ligo/home/ligo.org/pratyusava.baral/dispersion/dispersion_env/lib64/python3.11/site-packages/dynesty/plotting.py:786: UserWarning: Attempting to set identical low and high ylims makes transformation singular; automatically expanding.
  ax.set_ylim([0., max(y0) * 1.05])
/ligo/home/ligo.org/pratyusava.baral/dispersion/dispersion_env/lib64/python3.11/site-packages/dynesty/plotting.py:252: RuntimeWarning: overflow encountered in exp
  np.exp(logwt), logz if logplot else np.exp(logz)
/ligo/home/ligo.org/pratyusava.baral/dispersion/dispersion_env/lib64/python3.11/site-packages/dynesty/plotting.py:282: RuntimeWarning: overflow encountered in exp
  zspan = (0., 1.05 * np.exp(logz[-1] + 3. * logzerr[-1]))
19:32 bilby WARNING : Axis limits cannot be NaN or Inf
19:32 bilby WARNING : Failed to create dynesty run plot at checkpoint
19:43 bilby INFO    : Written checkpoint file results/16/None_resume.pickle
/ligo/home/ligo.org/pratyusava.baral/dispersion/dispersion_env/lib64/python3.11/site-packages/dynesty/plotting.py:786: UserWarning: Attempting to set identical low and high ylims makes transformation singular; automatically expanding.
  ax.set_ylim([0., max(y0) * 1.05])
19:43 bilby WARNING : Too many bins for data range. Cannot create 500 finite-sized bins.
19:43 bilby WARNING : Failed to create dynesty state plot at checkpoint
/ligo/home/ligo.org/pratyusava.baral/dispersion/dispersion_env/lib64/python3.11/site-packages/dynesty/plotting.py:786: UserWarning: Attempting to set identical low and high ylims makes transformation singular; automatically expanding.
  ax.set_ylim([0., max(y0) * 1.05])
/ligo/home/ligo.org/pratyusava.baral/dispersion/dispersion_env/lib64/python3.11/site-packages/dynesty/plotting.py:252: RuntimeWarning: overflow encountered in exp
  np.exp(logwt), logz if logplot else np.exp(logz)
/ligo/home/ligo.org/pratyusava.baral/dispersion/dispersion_env/lib64/python3.11/site-packages/dynesty/plotting.py:282: RuntimeWarning: overflow encountered in exp
  zspan = (0., 1.05 * np.exp(logz[-1] + 3. * logzerr[-1]))
19:43 bilby WARNING : Axis limits cannot be NaN or Inf
19:43 bilby WARNING : Failed to create dynesty run plot at checkpoint
19:53 bilby INFO    : Written checkpoint file results/16/None_resume.pickle
/ligo/home/ligo.org/pratyusava.baral/dispersion/dispersion_env/lib64/python3.11/site-packages/dynesty/plotting.py:786: UserWarning: Attempting to set identical low and high ylims makes transformation singular; automatically expanding.
  ax.set_ylim([0., max(y0) * 1.05])
19:53 bilby WARNING : Too many bins for data range. Cannot create 500 finite-sized bins.
19:53 bilby WARNING : Failed to create dynesty state plot at checkpoint
/ligo/home/ligo.org/pratyusava.baral/dispersion/dispersion_env/lib64/python3.11/site-packages/dynesty/plotting.py:786: UserWarning: Attempting to set identical low and high ylims makes transformation singular; automatically expanding.
  ax.set_ylim([0., max(y0) * 1.05])
/ligo/home/ligo.org/pratyusava.baral/dispersion/dispersion_env/lib64/python3.11/site-packages/dynesty/plotting.py:252: RuntimeWarning: overflow encountered in exp
  np.exp(logwt), logz if logplot else np.exp(logz)
/ligo/home/ligo.org/pratyusava.baral/dispersion/dispersion_env/lib64/python3.11/site-packages/dynesty/plotting.py:282: RuntimeWarning: overflow encountered in exp
  zspan = (0., 1.05 * np.exp(logz[-1] + 3. * logzerr[-1]))
19:53 bilby WARNING : Axis limits cannot be NaN or Inf
19:53 bilby WARNING : Failed to create dynesty run plot at checkpoint
20:03 bilby INFO    : Written checkpoint file results/16/None_resume.pickle
/ligo/home/ligo.org/pratyusava.baral/dispersion/dispersion_env/lib64/python3.11/site-packages/dynesty/plotting.py:786: UserWarning: Attempting to set identical low and high ylims makes transformation singular; automatically expanding.
  ax.set_ylim([0., max(y0) * 1.05])
/ligo/home/ligo.org/pratyusava.baral/dispersion/dispersion_env/lib64/python3.11/site-packages/dynesty/plotting.py:749: UserWarning: Attempting to set identical low and high xlims makes transformation singular; automatically expanding.
  ax.set_xlim(span[i])
/ligo/home/ligo.org/pratyusava.baral/dispersion/dispersion_env/lib64/python3.11/site-packages/dynesty/plotting.py:786: UserWarning: Attempting to set identical low and high ylims makes transformation singular; automatically expanding.
  ax.set_ylim([0., max(y0) * 1.05])
/ligo/home/ligo.org/pratyusava.baral/dispersion/dispersion_env/lib64/python3.11/site-packages/dynesty/plotting.py:252: RuntimeWarning: overflow encountered in exp
  np.exp(logwt), logz if logplot else np.exp(logz)
/ligo/home/ligo.org/pratyusava.baral/dispersion/dispersion_env/lib64/python3.11/site-packages/dynesty/plotting.py:282: RuntimeWarning: overflow encountered in exp
  zspan = (0., 1.05 * np.exp(logz[-1] + 3. * logzerr[-1]))
20:03 bilby WARNING : Axis limits cannot be NaN or Inf
20:03 bilby WARNING : Failed to create dynesty run plot at checkpoint
20:13 bilby INFO    : Written checkpoint file results/16/None_resume.pickle
20:13 bilby WARNING : Too many bins for data range. Cannot create 500 finite-sized bins.
20:13 bilby WARNING : Failed to create dynesty state plot at checkpoint
/ligo/home/ligo.org/pratyusava.baral/dispersion/dispersion_env/lib64/python3.11/site-packages/dynesty/plotting.py:252: RuntimeWarning: overflow encountered in exp
  np.exp(logwt), logz if logplot else np.exp(logz)
/ligo/home/ligo.org/pratyusava.baral/dispersion/dispersion_env/lib64/python3.11/site-packages/dynesty/plotting.py:282: RuntimeWarning: overflow encountered in exp
  zspan = (0., 1.05 * np.exp(logz[-1] + 3. * logzerr[-1]))
20:13 bilby WARNING : Axis limits cannot be NaN or Inf
20:13 bilby WARNING : Failed to create dynesty run plot at checkpoint
20:23 bilby INFO    : Written checkpoint file results/16/None_resume.pickle
20:23 bilby WARNING : Too many bins for data range. Cannot create 500 finite-sized bins.
20:23 bilby WARNING : Failed to create dynesty state plot at checkpoint
/ligo/home/ligo.org/pratyusava.baral/dispersion/dispersion_env/lib64/python3.11/site-packages/dynesty/plotting.py:252: RuntimeWarning: overflow encountered in exp
  np.exp(logwt), logz if logplot else np.exp(logz)
/ligo/home/ligo.org/pratyusava.baral/dispersion/dispersion_env/lib64/python3.11/site-packages/dynesty/plotting.py:282: RuntimeWarning: overflow encountered in exp
  zspan = (0., 1.05 * np.exp(logz[-1] + 3. * logzerr[-1]))
20:24 bilby WARNING : Axis limits cannot be NaN or Inf
20:24 bilby WARNING : Failed to create dynesty run plot at checkpoint
20:34 bilby INFO    : Written checkpoint file results/16/None_resume.pickle
20:34 bilby WARNING : Too many bins for data range. Cannot create 500 finite-sized bins.
20:34 bilby WARNING : Failed to create dynesty state plot at checkpoint
/ligo/home/ligo.org/pratyusava.baral/dispersion/dispersion_env/lib64/python3.11/site-packages/dynesty/plotting.py:252: RuntimeWarning: overflow encountered in exp
  np.exp(logwt), logz if logplot else np.exp(logz)
/ligo/home/ligo.org/pratyusava.baral/dispersion/dispersion_env/lib64/python3.11/site-packages/dynesty/plotting.py:282: RuntimeWarning: overflow encountered in exp
  zspan = (0., 1.05 * np.exp(logz[-1] + 3. * logzerr[-1]))
20:34 bilby WARNING : Axis limits cannot be NaN or Inf
20:34 bilby WARNING : Failed to create dynesty run plot at checkpoint
20:44 bilby INFO    : Written checkpoint file results/16/None_resume.pickle
20:44 bilby WARNING : Too many bins for data range. Cannot create 500 finite-sized bins.
20:44 bilby WARNING : Failed to create dynesty state plot at checkpoint
/ligo/home/ligo.org/pratyusava.baral/dispersion/dispersion_env/lib64/python3.11/site-packages/dynesty/plotting.py:252: RuntimeWarning: overflow encountered in exp
  np.exp(logwt), logz if logplot else np.exp(logz)
/ligo/home/ligo.org/pratyusava.baral/dispersion/dispersion_env/lib64/python3.11/site-packages/dynesty/plotting.py:282: RuntimeWarning: overflow encountered in exp
  zspan = (0., 1.05 * np.exp(logz[-1] + 3. * logzerr[-1]))
20:44 bilby WARNING : Axis limits cannot be NaN or Inf
20:44 bilby WARNING : Failed to create dynesty run plot at checkpoint
20:54 bilby INFO    : Written checkpoint file results/16/None_resume.pickle
/ligo/home/ligo.org/pratyusava.baral/dispersion/dispersion_env/lib64/python3.11/site-packages/dynesty/plotting.py:786: UserWarning: Attempting to set identical low and high ylims makes transformation singular; automatically expanding.
  ax.set_ylim([0., max(y0) * 1.05])
20:54 bilby WARNING : Too many bins for data range. Cannot create 500 finite-sized bins.
20:54 bilby WARNING : Failed to create dynesty state plot at checkpoint
/ligo/home/ligo.org/pratyusava.baral/dispersion/dispersion_env/lib64/python3.11/site-packages/dynesty/plotting.py:786: UserWarning: Attempting to set identical low and high ylims makes transformation singular; automatically expanding.
  ax.set_ylim([0., max(y0) * 1.05])
/ligo/home/ligo.org/pratyusava.baral/dispersion/dispersion_env/lib64/python3.11/site-packages/dynesty/plotting.py:252: RuntimeWarning: overflow encountered in exp
  np.exp(logwt), logz if logplot else np.exp(logz)
/ligo/home/ligo.org/pratyusava.baral/dispersion/dispersion_env/lib64/python3.11/site-packages/dynesty/plotting.py:282: RuntimeWarning: overflow encountered in exp
  zspan = (0., 1.05 * np.exp(logz[-1] + 3. * logzerr[-1]))
20:54 bilby WARNING : Axis limits cannot be NaN or Inf
20:54 bilby WARNING : Failed to create dynesty run plot at checkpoint
21:05 bilby INFO    : Written checkpoint file results/16/None_resume.pickle
/ligo/home/ligo.org/pratyusava.baral/dispersion/dispersion_env/lib64/python3.11/site-packages/dynesty/plotting.py:786: UserWarning: Attempting to set identical low and high ylims makes transformation singular; automatically expanding.
  ax.set_ylim([0., max(y0) * 1.05])
/ligo/home/ligo.org/pratyusava.baral/dispersion/dispersion_env/lib64/python3.11/site-packages/dynesty/plotting.py:749: UserWarning: Attempting to set identical low and high xlims makes transformation singular; automatically expanding.
  ax.set_xlim(span[i])
/ligo/home/ligo.org/pratyusava.baral/dispersion/dispersion_env/lib64/python3.11/site-packages/dynesty/plotting.py:786: UserWarning: Attempting to set identical low and high ylims makes transformation singular; automatically expanding.
  ax.set_ylim([0., max(y0) * 1.05])
/ligo/home/ligo.org/pratyusava.baral/dispersion/dispersion_env/lib64/python3.11/site-packages/dynesty/plotting.py:252: RuntimeWarning: overflow encountered in exp
  np.exp(logwt), logz if logplot else np.exp(logz)
/ligo/home/ligo.org/pratyusava.baral/dispersion/dispersion_env/lib64/python3.11/site-packages/dynesty/plotting.py:282: RuntimeWarning: overflow encountered in exp
  zspan = (0., 1.05 * np.exp(logz[-1] + 3. * logzerr[-1]))
21:05 bilby WARNING : Axis limits cannot be NaN or Inf
21:05 bilby WARNING : Failed to create dynesty run plot at checkpoint
21:15 bilby INFO    : Written checkpoint file results/16/None_resume.pickle
/ligo/home/ligo.org/pratyusava.baral/dispersion/dispersion_env/lib64/python3.11/site-packages/dynesty/plotting.py:786: UserWarning: Attempting to set identical low and high ylims makes transformation singular; automatically expanding.
  ax.set_ylim([0., max(y0) * 1.05])
/ligo/home/ligo.org/pratyusava.baral/dispersion/dispersion_env/lib64/python3.11/site-packages/dynesty/plotting.py:749: UserWarning: Attempting to set identical low and high xlims makes transformation singular; automatically expanding.
  ax.set_xlim(span[i])
/ligo/home/ligo.org/pratyusava.baral/dispersion/dispersion_env/lib64/python3.11/site-packages/dynesty/plotting.py:786: UserWarning: Attempting to set identical low and high ylims makes transformation singular; automatically expanding.
  ax.set_ylim([0., max(y0) * 1.05])
/ligo/home/ligo.org/pratyusava.baral/dispersion/dispersion_env/lib64/python3.11/site-packages/dynesty/plotting.py:252: RuntimeWarning: overflow encountered in exp
  np.exp(logwt), logz if logplot else np.exp(logz)
/ligo/home/ligo.org/pratyusava.baral/dispersion/dispersion_env/lib64/python3.11/site-packages/dynesty/plotting.py:282: RuntimeWarning: overflow encountered in exp
  zspan = (0., 1.05 * np.exp(logz[-1] + 3. * logzerr[-1]))
21:15 bilby WARNING : Axis limits cannot be NaN or Inf
21:15 bilby WARNING : Failed to create dynesty run plot at checkpoint
21:25 bilby INFO    : Written checkpoint file results/16/None_resume.pickle
21:25 bilby WARNING : Too many bins for data range. Cannot create 500 finite-sized bins.
21:25 bilby WARNING : Failed to create dynesty state plot at checkpoint
/ligo/home/ligo.org/pratyusava.baral/dispersion/dispersion_env/lib64/python3.11/site-packages/dynesty/plotting.py:252: RuntimeWarning: overflow encountered in exp
  np.exp(logwt), logz if logplot else np.exp(logz)
/ligo/home/ligo.org/pratyusava.baral/dispersion/dispersion_env/lib64/python3.11/site-packages/dynesty/plotting.py:282: RuntimeWarning: overflow encountered in exp
  zspan = (0., 1.05 * np.exp(logz[-1] + 3. * logzerr[-1]))
21:25 bilby WARNING : Axis limits cannot be NaN or Inf
21:25 bilby WARNING : Failed to create dynesty run plot at checkpoint
21:35 bilby INFO    : Written checkpoint file results/16/None_resume.pickle
21:35 bilby WARNING : Too many bins for data range. Cannot create 500 finite-sized bins.
21:35 bilby WARNING : Failed to create dynesty state plot at checkpoint
/ligo/home/ligo.org/pratyusava.baral/dispersion/dispersion_env/lib64/python3.11/site-packages/dynesty/plotting.py:252: RuntimeWarning: overflow encountered in exp
  np.exp(logwt), logz if logplot else np.exp(logz)
/ligo/home/ligo.org/pratyusava.baral/dispersion/dispersion_env/lib64/python3.11/site-packages/dynesty/plotting.py:282: RuntimeWarning: overflow encountered in exp
  zspan = (0., 1.05 * np.exp(logz[-1] + 3. * logzerr[-1]))
21:36 bilby WARNING : Axis limits cannot be NaN or Inf
21:36 bilby WARNING : Failed to create dynesty run plot at checkpoint
21:46 bilby INFO    : Written checkpoint file results/16/None_resume.pickle
21:46 bilby WARNING : Too many bins for data range. Cannot create 500 finite-sized bins.
21:46 bilby WARNING : Failed to create dynesty state plot at checkpoint
/ligo/home/ligo.org/pratyusava.baral/dispersion/dispersion_env/lib64/python3.11/site-packages/dynesty/plotting.py:252: RuntimeWarning: overflow encountered in exp
  np.exp(logwt), logz if logplot else np.exp(logz)
/ligo/home/ligo.org/pratyusava.baral/dispersion/dispersion_env/lib64/python3.11/site-packages/dynesty/plotting.py:282: RuntimeWarning: overflow encountered in exp
  zspan = (0., 1.05 * np.exp(logz[-1] + 3. * logzerr[-1]))
21:46 bilby WARNING : Axis limits cannot be NaN or Inf
21:46 bilby WARNING : Failed to create dynesty run plot at checkpoint
21:56 bilby INFO    : Written checkpoint file results/16/None_resume.pickle
21:56 bilby WARNING : Too many bins for data range. Cannot create 500 finite-sized bins.
21:56 bilby WARNING : Failed to create dynesty state plot at checkpoint
/ligo/home/ligo.org/pratyusava.baral/dispersion/dispersion_env/lib64/python3.11/site-packages/dynesty/plotting.py:252: RuntimeWarning: overflow encountered in exp
  np.exp(logwt), logz if logplot else np.exp(logz)
/ligo/home/ligo.org/pratyusava.baral/dispersion/dispersion_env/lib64/python3.11/site-packages/dynesty/plotting.py:282: RuntimeWarning: overflow encountered in exp
  zspan = (0., 1.05 * np.exp(logz[-1] + 3. * logzerr[-1]))
21:56 bilby WARNING : Axis limits cannot be NaN or Inf
21:56 bilby WARNING : Failed to create dynesty run plot at checkpoint
22:06 bilby INFO    : Written checkpoint file results/16/None_resume.pickle
22:06 bilby WARNING : Too many bins for data range. Cannot create 500 finite-sized bins.
22:06 bilby WARNING : Failed to create dynesty state plot at checkpoint
/ligo/home/ligo.org/pratyusava.baral/dispersion/dispersion_env/lib64/python3.11/site-packages/dynesty/plotting.py:252: RuntimeWarning: overflow encountered in exp
  np.exp(logwt), logz if logplot else np.exp(logz)
/ligo/home/ligo.org/pratyusava.baral/dispersion/dispersion_env/lib64/python3.11/site-packages/dynesty/plotting.py:282: RuntimeWarning: overflow encountered in exp
  zspan = (0., 1.05 * np.exp(logz[-1] + 3. * logzerr[-1]))
22:06 bilby WARNING : Axis limits cannot be NaN or Inf
22:06 bilby WARNING : Failed to create dynesty run plot at checkpoint
22:16 bilby INFO    : Written checkpoint file results/16/None_resume.pickle
22:16 bilby WARNING : Too many bins for data range. Cannot create 500 finite-sized bins.
22:16 bilby WARNING : Failed to create dynesty state plot at checkpoint
/ligo/home/ligo.org/pratyusava.baral/dispersion/dispersion_env/lib64/python3.11/site-packages/dynesty/plotting.py:252: RuntimeWarning: overflow encountered in exp
  np.exp(logwt), logz if logplot else np.exp(logz)
/ligo/home/ligo.org/pratyusava.baral/dispersion/dispersion_env/lib64/python3.11/site-packages/dynesty/plotting.py:282: RuntimeWarning: overflow encountered in exp
  zspan = (0., 1.05 * np.exp(logz[-1] + 3. * logzerr[-1]))
22:16 bilby WARNING : Axis limits cannot be NaN or Inf
22:16 bilby WARNING : Failed to create dynesty run plot at checkpoint
22:27 bilby INFO    : Written checkpoint file results/16/None_resume.pickle
22:27 bilby WARNING : Too many bins for data range. Cannot create 500 finite-sized bins.
22:27 bilby WARNING : Failed to create dynesty state plot at checkpoint
/ligo/home/ligo.org/pratyusava.baral/dispersion/dispersion_env/lib64/python3.11/site-packages/dynesty/plotting.py:252: RuntimeWarning: overflow encountered in exp
  np.exp(logwt), logz if logplot else np.exp(logz)
/ligo/home/ligo.org/pratyusava.baral/dispersion/dispersion_env/lib64/python3.11/site-packages/dynesty/plotting.py:282: RuntimeWarning: overflow encountered in exp
  zspan = (0., 1.05 * np.exp(logz[-1] + 3. * logzerr[-1]))
22:27 bilby WARNING : Axis limits cannot be NaN or Inf
22:27 bilby WARNING : Failed to create dynesty run plot at checkpoint
22:37 bilby INFO    : Written checkpoint file results/16/None_resume.pickle
22:37 bilby WARNING : Too many bins for data range. Cannot create 500 finite-sized bins.
22:37 bilby WARNING : Failed to create dynesty state plot at checkpoint
/ligo/home/ligo.org/pratyusava.baral/dispersion/dispersion_env/lib64/python3.11/site-packages/dynesty/plotting.py:252: RuntimeWarning: overflow encountered in exp
  np.exp(logwt), logz if logplot else np.exp(logz)
/ligo/home/ligo.org/pratyusava.baral/dispersion/dispersion_env/lib64/python3.11/site-packages/dynesty/plotting.py:282: RuntimeWarning: overflow encountered in exp
  zspan = (0., 1.05 * np.exp(logz[-1] + 3. * logzerr[-1]))
22:37 bilby WARNING : Axis limits cannot be NaN or Inf
22:37 bilby WARNING : Failed to create dynesty run plot at checkpoint
22:47 bilby INFO    : Written checkpoint file results/16/None_resume.pickle
22:47 bilby WARNING : Too many bins for data range. Cannot create 500 finite-sized bins.
22:47 bilby WARNING : Failed to create dynesty state plot at checkpoint
/ligo/home/ligo.org/pratyusava.baral/dispersion/dispersion_env/lib64/python3.11/site-packages/dynesty/plotting.py:252: RuntimeWarning: overflow encountered in exp
  np.exp(logwt), logz if logplot else np.exp(logz)
/ligo/home/ligo.org/pratyusava.baral/dispersion/dispersion_env/lib64/python3.11/site-packages/dynesty/plotting.py:282: RuntimeWarning: overflow encountered in exp
  zspan = (0., 1.05 * np.exp(logz[-1] + 3. * logzerr[-1]))
22:47 bilby WARNING : Axis limits cannot be NaN or Inf
22:47 bilby WARNING : Failed to create dynesty run plot at checkpoint
22:57 bilby INFO    : Written checkpoint file results/16/None_resume.pickle
22:57 bilby WARNING : Too many bins for data range. Cannot create 500 finite-sized bins.
22:57 bilby WARNING : Failed to create dynesty state plot at checkpoint
/ligo/home/ligo.org/pratyusava.baral/dispersion/dispersion_env/lib64/python3.11/site-packages/dynesty/plotting.py:252: RuntimeWarning: overflow encountered in exp
  np.exp(logwt), logz if logplot else np.exp(logz)
/ligo/home/ligo.org/pratyusava.baral/dispersion/dispersion_env/lib64/python3.11/site-packages/dynesty/plotting.py:282: RuntimeWarning: overflow encountered in exp
  zspan = (0., 1.05 * np.exp(logz[-1] + 3. * logzerr[-1]))
22:58 bilby WARNING : Axis limits cannot be NaN or Inf
22:58 bilby WARNING : Failed to create dynesty run plot at checkpoint
23:08 bilby INFO    : Written checkpoint file results/16/None_resume.pickle
23:08 bilby WARNING : Too many bins for data range. Cannot create 500 finite-sized bins.
23:08 bilby WARNING : Failed to create dynesty state plot at checkpoint
/ligo/home/ligo.org/pratyusava.baral/dispersion/dispersion_env/lib64/python3.11/site-packages/dynesty/plotting.py:252: RuntimeWarning: overflow encountered in exp
  np.exp(logwt), logz if logplot else np.exp(logz)
/ligo/home/ligo.org/pratyusava.baral/dispersion/dispersion_env/lib64/python3.11/site-packages/dynesty/plotting.py:282: RuntimeWarning: overflow encountered in exp
  zspan = (0., 1.05 * np.exp(logz[-1] + 3. * logzerr[-1]))
23:08 bilby WARNING : Axis limits cannot be NaN or Inf
23:08 bilby WARNING : Failed to create dynesty run plot at checkpoint
23:18 bilby INFO    : Written checkpoint file results/16/None_resume.pickle
23:18 bilby WARNING : Too many bins for data range. Cannot create 500 finite-sized bins.
23:18 bilby WARNING : Failed to create dynesty state plot at checkpoint
/ligo/home/ligo.org/pratyusava.baral/dispersion/dispersion_env/lib64/python3.11/site-packages/dynesty/plotting.py:252: RuntimeWarning: overflow encountered in exp
  np.exp(logwt), logz if logplot else np.exp(logz)
/ligo/home/ligo.org/pratyusava.baral/dispersion/dispersion_env/lib64/python3.11/site-packages/dynesty/plotting.py:282: RuntimeWarning: overflow encountered in exp
  zspan = (0., 1.05 * np.exp(logz[-1] + 3. * logzerr[-1]))
23:18 bilby WARNING : Axis limits cannot be NaN or Inf
23:18 bilby WARNING : Failed to create dynesty run plot at checkpoint
23:28 bilby INFO    : Written checkpoint file results/16/None_resume.pickle
23:28 bilby WARNING : Too many bins for data range. Cannot create 500 finite-sized bins.
23:28 bilby WARNING : Failed to create dynesty state plot at checkpoint
/ligo/home/ligo.org/pratyusava.baral/dispersion/dispersion_env/lib64/python3.11/site-packages/dynesty/plotting.py:252: RuntimeWarning: overflow encountered in exp
  np.exp(logwt), logz if logplot else np.exp(logz)
/ligo/home/ligo.org/pratyusava.baral/dispersion/dispersion_env/lib64/python3.11/site-packages/dynesty/plotting.py:282: RuntimeWarning: overflow encountered in exp
  zspan = (0., 1.05 * np.exp(logz[-1] + 3. * logzerr[-1]))
23:28 bilby WARNING : Axis limits cannot be NaN or Inf
23:28 bilby WARNING : Failed to create dynesty run plot at checkpoint
23:38 bilby INFO    : Written checkpoint file results/16/None_resume.pickle
23:38 bilby WARNING : Too many bins for data range. Cannot create 500 finite-sized bins.
23:38 bilby WARNING : Failed to create dynesty state plot at checkpoint
/ligo/home/ligo.org/pratyusava.baral/dispersion/dispersion_env/lib64/python3.11/site-packages/dynesty/plotting.py:252: RuntimeWarning: overflow encountered in exp
  np.exp(logwt), logz if logplot else np.exp(logz)
/ligo/home/ligo.org/pratyusava.baral/dispersion/dispersion_env/lib64/python3.11/site-packages/dynesty/plotting.py:282: RuntimeWarning: overflow encountered in exp
  zspan = (0., 1.05 * np.exp(logz[-1] + 3. * logzerr[-1]))
23:38 bilby WARNING : Axis limits cannot be NaN or Inf
23:38 bilby WARNING : Failed to create dynesty run plot at checkpoint
23:49 bilby INFO    : Written checkpoint file results/16/None_resume.pickle
23:49 bilby WARNING : Too many bins for data range. Cannot create 500 finite-sized bins.
23:49 bilby WARNING : Failed to create dynesty state plot at checkpoint
/ligo/home/ligo.org/pratyusava.baral/dispersion/dispersion_env/lib64/python3.11/site-packages/dynesty/plotting.py:252: RuntimeWarning: overflow encountered in exp
  np.exp(logwt), logz if logplot else np.exp(logz)
/ligo/home/ligo.org/pratyusava.baral/dispersion/dispersion_env/lib64/python3.11/site-packages/dynesty/plotting.py:282: RuntimeWarning: overflow encountered in exp
  zspan = (0., 1.05 * np.exp(logz[-1] + 3. * logzerr[-1]))
23:49 bilby WARNING : Axis limits cannot be NaN or Inf
23:49 bilby WARNING : Failed to create dynesty run plot at checkpoint
23:59 bilby INFO    : Written checkpoint file results/16/None_resume.pickle
23:59 bilby WARNING : Too many bins for data range. Cannot create 500 finite-sized bins.
23:59 bilby WARNING : Failed to create dynesty state plot at checkpoint
/ligo/home/ligo.org/pratyusava.baral/dispersion/dispersion_env/lib64/python3.11/site-packages/dynesty/plotting.py:252: RuntimeWarning: overflow encountered in exp
  np.exp(logwt), logz if logplot else np.exp(logz)
/ligo/home/ligo.org/pratyusava.baral/dispersion/dispersion_env/lib64/python3.11/site-packages/dynesty/plotting.py:282: RuntimeWarning: overflow encountered in exp
  zspan = (0., 1.05 * np.exp(logz[-1] + 3. * logzerr[-1]))
23:59 bilby WARNING : Axis limits cannot be NaN or Inf
23:59 bilby WARNING : Failed to create dynesty run plot at checkpoint
00:09 bilby INFO    : Written checkpoint file results/16/None_resume.pickle
00:09 bilby WARNING : Too many bins for data range. Cannot create 500 finite-sized bins.
00:09 bilby WARNING : Failed to create dynesty state plot at checkpoint
/ligo/home/ligo.org/pratyusava.baral/dispersion/dispersion_env/lib64/python3.11/site-packages/dynesty/plotting.py:252: RuntimeWarning: overflow encountered in exp
  np.exp(logwt), logz if logplot else np.exp(logz)
/ligo/home/ligo.org/pratyusava.baral/dispersion/dispersion_env/lib64/python3.11/site-packages/dynesty/plotting.py:282: RuntimeWarning: overflow encountered in exp
  zspan = (0., 1.05 * np.exp(logz[-1] + 3. * logzerr[-1]))
00:10 bilby WARNING : Axis limits cannot be NaN or Inf
00:10 bilby WARNING : Failed to create dynesty run plot at checkpoint
00:20 bilby INFO    : Written checkpoint file results/16/None_resume.pickle
00:20 bilby WARNING : Too many bins for data range. Cannot create 500 finite-sized bins.
00:20 bilby WARNING : Failed to create dynesty state plot at checkpoint
/ligo/home/ligo.org/pratyusava.baral/dispersion/dispersion_env/lib64/python3.11/site-packages/dynesty/plotting.py:252: RuntimeWarning: overflow encountered in exp
  np.exp(logwt), logz if logplot else np.exp(logz)
/ligo/home/ligo.org/pratyusava.baral/dispersion/dispersion_env/lib64/python3.11/site-packages/dynesty/plotting.py:282: RuntimeWarning: overflow encountered in exp
  zspan = (0., 1.05 * np.exp(logz[-1] + 3. * logzerr[-1]))
00:20 bilby WARNING : Axis limits cannot be NaN or Inf
00:20 bilby WARNING : Failed to create dynesty run plot at checkpoint
00:30 bilby INFO    : Written checkpoint file results/16/None_resume.pickle
00:30 bilby WARNING : Too many bins for data range. Cannot create 500 finite-sized bins.
00:30 bilby WARNING : Failed to create dynesty state plot at checkpoint
/ligo/home/ligo.org/pratyusava.baral/dispersion/dispersion_env/lib64/python3.11/site-packages/dynesty/plotting.py:252: RuntimeWarning: overflow encountered in exp
  np.exp(logwt), logz if logplot else np.exp(logz)
/ligo/home/ligo.org/pratyusava.baral/dispersion/dispersion_env/lib64/python3.11/site-packages/dynesty/plotting.py:282: RuntimeWarning: overflow encountered in exp
  zspan = (0., 1.05 * np.exp(logz[-1] + 3. * logzerr[-1]))
00:30 bilby WARNING : Axis limits cannot be NaN or Inf
00:30 bilby WARNING : Failed to create dynesty run plot at checkpoint
00:40 bilby INFO    : Written checkpoint file results/16/None_resume.pickle
00:40 bilby WARNING : Too many bins for data range. Cannot create 500 finite-sized bins.
00:40 bilby WARNING : Failed to create dynesty state plot at checkpoint
/ligo/home/ligo.org/pratyusava.baral/dispersion/dispersion_env/lib64/python3.11/site-packages/dynesty/plotting.py:252: RuntimeWarning: overflow encountered in exp
  np.exp(logwt), logz if logplot else np.exp(logz)
/ligo/home/ligo.org/pratyusava.baral/dispersion/dispersion_env/lib64/python3.11/site-packages/dynesty/plotting.py:282: RuntimeWarning: overflow encountered in exp
  zspan = (0., 1.05 * np.exp(logz[-1] + 3. * logzerr[-1]))
00:41 bilby WARNING : Axis limits cannot be NaN or Inf
00:41 bilby WARNING : Failed to create dynesty run plot at checkpoint
00:51 bilby INFO    : Written checkpoint file results/16/None_resume.pickle
00:51 bilby WARNING : Too many bins for data range. Cannot create 500 finite-sized bins.
00:51 bilby WARNING : Failed to create dynesty state plot at checkpoint
/ligo/home/ligo.org/pratyusava.baral/dispersion/dispersion_env/lib64/python3.11/site-packages/dynesty/plotting.py:252: RuntimeWarning: overflow encountered in exp
  np.exp(logwt), logz if logplot else np.exp(logz)
/ligo/home/ligo.org/pratyusava.baral/dispersion/dispersion_env/lib64/python3.11/site-packages/dynesty/plotting.py:282: RuntimeWarning: overflow encountered in exp
  zspan = (0., 1.05 * np.exp(logz[-1] + 3. * logzerr[-1]))
00:51 bilby WARNING : Axis limits cannot be NaN or Inf
00:51 bilby WARNING : Failed to create dynesty run plot at checkpoint
01:01 bilby INFO    : Written checkpoint file results/16/None_resume.pickle
01:01 bilby WARNING : Too many bins for data range. Cannot create 500 finite-sized bins.
01:01 bilby WARNING : Failed to create dynesty state plot at checkpoint
/ligo/home/ligo.org/pratyusava.baral/dispersion/dispersion_env/lib64/python3.11/site-packages/dynesty/plotting.py:252: RuntimeWarning: overflow encountered in exp
  np.exp(logwt), logz if logplot else np.exp(logz)
/ligo/home/ligo.org/pratyusava.baral/dispersion/dispersion_env/lib64/python3.11/site-packages/dynesty/plotting.py:282: RuntimeWarning: overflow encountered in exp
  zspan = (0., 1.05 * np.exp(logz[-1] + 3. * logzerr[-1]))
01:01 bilby WARNING : Axis limits cannot be NaN or Inf
01:01 bilby WARNING : Failed to create dynesty run plot at checkpoint
01:11 bilby INFO    : Written checkpoint file results/16/None_resume.pickle
01:11 bilby WARNING : Too many bins for data range. Cannot create 500 finite-sized bins.
01:11 bilby WARNING : Failed to create dynesty state plot at checkpoint
/ligo/home/ligo.org/pratyusava.baral/dispersion/dispersion_env/lib64/python3.11/site-packages/dynesty/plotting.py:252: RuntimeWarning: overflow encountered in exp
  np.exp(logwt), logz if logplot else np.exp(logz)
/ligo/home/ligo.org/pratyusava.baral/dispersion/dispersion_env/lib64/python3.11/site-packages/dynesty/plotting.py:282: RuntimeWarning: overflow encountered in exp
  zspan = (0., 1.05 * np.exp(logz[-1] + 3. * logzerr[-1]))
01:11 bilby WARNING : Axis limits cannot be NaN or Inf
01:11 bilby WARNING : Failed to create dynesty run plot at checkpoint
01:22 bilby INFO    : Written checkpoint file results/16/None_resume.pickle
01:22 bilby WARNING : Too many bins for data range. Cannot create 500 finite-sized bins.
01:22 bilby WARNING : Failed to create dynesty state plot at checkpoint
/ligo/home/ligo.org/pratyusava.baral/dispersion/dispersion_env/lib64/python3.11/site-packages/dynesty/plotting.py:252: RuntimeWarning: overflow encountered in exp
  np.exp(logwt), logz if logplot else np.exp(logz)
/ligo/home/ligo.org/pratyusava.baral/dispersion/dispersion_env/lib64/python3.11/site-packages/dynesty/plotting.py:282: RuntimeWarning: overflow encountered in exp
  zspan = (0., 1.05 * np.exp(logz[-1] + 3. * logzerr[-1]))
01:22 bilby WARNING : Axis limits cannot be NaN or Inf
01:22 bilby WARNING : Failed to create dynesty run plot at checkpoint
01:32 bilby INFO    : Written checkpoint file results/16/None_resume.pickle
01:32 bilby WARNING : Too many bins for data range. Cannot create 500 finite-sized bins.
01:32 bilby WARNING : Failed to create dynesty state plot at checkpoint
/ligo/home/ligo.org/pratyusava.baral/dispersion/dispersion_env/lib64/python3.11/site-packages/dynesty/plotting.py:252: RuntimeWarning: overflow encountered in exp
  np.exp(logwt), logz if logplot else np.exp(logz)
/ligo/home/ligo.org/pratyusava.baral/dispersion/dispersion_env/lib64/python3.11/site-packages/dynesty/plotting.py:282: RuntimeWarning: overflow encountered in exp
  zspan = (0., 1.05 * np.exp(logz[-1] + 3. * logzerr[-1]))
01:32 bilby WARNING : Axis limits cannot be NaN or Inf
01:32 bilby WARNING : Failed to create dynesty run plot at checkpoint
01:38 bilby INFO    : Written checkpoint file results/16/None_resume.pickle
01:38 bilby WARNING : Too many bins for data range. Cannot create 500 finite-sized bins.
01:38 bilby WARNING : Failed to create dynesty state plot at checkpoint
/ligo/home/ligo.org/pratyusava.baral/dispersion/dispersion_env/lib64/python3.11/site-packages/dynesty/plotting.py:252: RuntimeWarning: overflow encountered in exp
  np.exp(logwt), logz if logplot else np.exp(logz)
/ligo/home/ligo.org/pratyusava.baral/dispersion/dispersion_env/lib64/python3.11/site-packages/dynesty/plotting.py:282: RuntimeWarning: overflow encountered in exp
  zspan = (0., 1.05 * np.exp(logz[-1] + 3. * logzerr[-1]))
01:38 bilby WARNING : Axis limits cannot be NaN or Inf
01:38 bilby WARNING : Failed to create dynesty run plot at checkpoint
01:38 bilby INFO    : Starting to close worker pool.
01:38 bilby INFO    : Finished closing worker pool.
01:38 bilby INFO    : Rejection sampling nested samples to obtain 2654 posterior samples
01:38 bilby INFO    : Sampling time: 10:33:14.381489
01:38 bilby INFO    : Summary of results:
nsamples: 2654
ln_noise_evidence: -842421.740
ln_evidence: -54.488 +/-  0.321
ln_bayes_factor: 842367.253 +/-  0.321

