000 (44606439.016.000) 2026-01-25 11:06:58 Job submitted from host: <146.186.150.67:9618?CCBID=10.6.200.15:9618%3fPrivNet%3dGWAVE%26addrs%3d10.6.200.15-9618%26alias%3dligo-ad-01.gwave.ics.psu.edu%26noUDP%26sock%3dcollector#166034&PrivAddr=%3c146.186.150.67:9618%3fsock%3dschedd_323984_a796%3e&PrivNet=GWAVE&addrs=146.186.150.67-9618&alias=ligo-hd-02.gwave.ics.psu.edu&noUDP&sock=schedd_323984_a796>
...
001 (44606439.016.000) 2026-01-25 11:07:08 Job executing on host: <10.136.81.25:9618?alias=comp-ex-0240.gwave.ics.psu.edu&sock=startd_107837_ca7d>
	SlotName: slot1_9@comp-ex-0240.gwave.ics.psu.edu
	CondorScratchDir = "/localscratch/condor/execute/dir_609239"
	Cpus = 4
	Disk = 2048
	GPUs = 0
	Memory = 20096
...
006 (44606439.016.000) 2026-01-25 11:07:10 Image size of job updated: 296
	0  -  MemoryUsage of job (MB)
	0  -  ResidentSetSize of job (KB)
...
005 (44606439.016.000) 2026-01-25 11:07:10 Job terminated.
	(1) Normal termination (return value 1)
		Usr 0 00:00:02, Sys 0 00:00:00  -  Run Remote Usage
		Usr 0 00:00:00, Sys 0 00:00:00  -  Run Local Usage
		Usr 0 00:00:02, Sys 0 00:00:00  -  Total Remote Usage
		Usr 0 00:00:00, Sys 0 00:00:00  -  Total Local Usage
	0  -  Run Bytes Sent By Job
	0  -  Run Bytes Received By Job
	0  -  Total Bytes Sent By Job
	0  -  Total Bytes Received By Job
	Partitionable Resources :    Usage  Request Allocated 
	   Cpus                 :        0        4         4 
	   Disk (KB)            :       10     2000      2048 
	   GPUs                 :                           0 
	   Memory (MB)          :        0    20000     20096 
	   TimeExecute (s)      :        2                    
	   TimeSlotBusy (s)     :        2                    
...
000 (44606442.016.000) 2026-01-25 11:09:37 Job submitted from host: <146.186.150.67:9618?CCBID=10.6.200.15:9618%3fPrivNet%3dGWAVE%26addrs%3d10.6.200.15-9618%26alias%3dligo-ad-01.gwave.ics.psu.edu%26noUDP%26sock%3dcollector#166034&PrivAddr=%3c146.186.150.67:9618%3fsock%3dschedd_323984_a796%3e&PrivNet=GWAVE&addrs=146.186.150.67-9618&alias=ligo-hd-02.gwave.ics.psu.edu&noUDP&sock=schedd_323984_a796>
...
001 (44606442.016.000) 2026-01-25 11:09:55 Job executing on host: <10.136.81.12:9618?alias=comp-ex-0227.gwave.ics.psu.edu&sock=startd_121091_eebc>
	SlotName: slot1_1@comp-ex-0227.gwave.ics.psu.edu
	CondorScratchDir = "/localscratch/condor/execute/dir_1314221"
	Cpus = 4
	Disk = 2048
	GPUs = 0
	Memory = 20096
...
006 (44606442.016.000) 2026-01-25 11:09:59 Image size of job updated: 504
	0  -  MemoryUsage of job (MB)
	0  -  ResidentSetSize of job (KB)
...
005 (44606442.016.000) 2026-01-25 11:09:59 Job terminated.
	(1) Normal termination (return value 1)
		Usr 0 00:00:03, Sys 0 00:00:00  -  Run Remote Usage
		Usr 0 00:00:00, Sys 0 00:00:00  -  Run Local Usage
		Usr 0 00:00:03, Sys 0 00:00:00  -  Total Remote Usage
		Usr 0 00:00:00, Sys 0 00:00:00  -  Total Local Usage
	0  -  Run Bytes Sent By Job
	0  -  Run Bytes Received By Job
	0  -  Total Bytes Sent By Job
	0  -  Total Bytes Received By Job
	Partitionable Resources :    Usage  Request Allocated 
	   Cpus                 :                 4         4 
	   Disk (KB)            :       10     2000      2048 
	   GPUs                 :                           0 
	   Memory (MB)          :        0    20000     20096 
	   TimeExecute (s)      :        4                    
	   TimeSlotBusy (s)     :        5                    
...
000 (44606444.016.000) 2026-01-25 11:12:20 Job submitted from host: <146.186.150.67:9618?CCBID=10.6.200.15:9618%3fPrivNet%3dGWAVE%26addrs%3d10.6.200.15-9618%26alias%3dligo-ad-01.gwave.ics.psu.edu%26noUDP%26sock%3dcollector#166034&PrivAddr=%3c146.186.150.67:9618%3fsock%3dschedd_323984_a796%3e&PrivNet=GWAVE&addrs=146.186.150.67-9618&alias=ligo-hd-02.gwave.ics.psu.edu&noUDP&sock=schedd_323984_a796>
...
001 (44606444.016.000) 2026-01-25 11:13:22 Job executing on host: <10.136.81.25:9618?alias=comp-ex-0240.gwave.ics.psu.edu&sock=startd_107837_ca7d>
	SlotName: slot1_9@comp-ex-0240.gwave.ics.psu.edu
	CondorScratchDir = "/localscratch/condor/execute/dir_640625"
	Cpus = 4
	Disk = 2048
	GPUs = 0
	Memory = 20096
...
006 (44606444.016.000) 2026-01-25 11:13:26 Image size of job updated: 204
	0  -  MemoryUsage of job (MB)
	0  -  ResidentSetSize of job (KB)
...
005 (44606444.016.000) 2026-01-25 11:13:26 Job terminated.
	(1) Normal termination (return value 1)
		Usr 0 00:00:03, Sys 0 00:00:00  -  Run Remote Usage
		Usr 0 00:00:00, Sys 0 00:00:00  -  Run Local Usage
		Usr 0 00:00:03, Sys 0 00:00:00  -  Total Remote Usage
		Usr 0 00:00:00, Sys 0 00:00:00  -  Total Local Usage
	0  -  Run Bytes Sent By Job
	0  -  Run Bytes Received By Job
	0  -  Total Bytes Sent By Job
	0  -  Total Bytes Received By Job
	Partitionable Resources :    Usage  Request Allocated 
	   Cpus                 :        0        4         4 
	   Disk (KB)            :       10     2000      2048 
	   GPUs                 :                           0 
	   Memory (MB)          :        0    20000     20096 
	   TimeExecute (s)      :        4                    
	   TimeSlotBusy (s)     :        5                    
...
000 (44606462.016.000) 2026-01-25 11:26:50 Job submitted from host: <146.186.150.67:9618?CCBID=10.6.200.15:9618%3fPrivNet%3dGWAVE%26addrs%3d10.6.200.15-9618%26alias%3dligo-ad-01.gwave.ics.psu.edu%26noUDP%26sock%3dcollector#166034&PrivAddr=%3c146.186.150.67:9618%3fsock%3dschedd_323984_a796%3e&PrivNet=GWAVE&addrs=146.186.150.67-9618&alias=ligo-hd-02.gwave.ics.psu.edu&noUDP&sock=schedd_323984_a796>
...
001 (44606462.016.000) 2026-01-25 11:27:48 Job executing on host: <10.136.81.14:9618?alias=comp-ex-0229.gwave.ics.psu.edu&sock=startd_111308_9bb7>
	SlotName: slot1_2@comp-ex-0229.gwave.ics.psu.edu
	CondorScratchDir = "/localscratch/condor/execute/dir_587743"
	Cpus = 4
	Disk = 2048
	GPUs = 0
	Memory = 20096
...
006 (44606462.016.000) 2026-01-25 11:27:52 Image size of job updated: 248
	0  -  MemoryUsage of job (MB)
	0  -  ResidentSetSize of job (KB)
...
005 (44606462.016.000) 2026-01-25 11:27:52 Job terminated.
	(1) Normal termination (return value 1)
		Usr 0 00:00:03, Sys 0 00:00:00  -  Run Remote Usage
		Usr 0 00:00:00, Sys 0 00:00:00  -  Run Local Usage
		Usr 0 00:00:03, Sys 0 00:00:00  -  Total Remote Usage
		Usr 0 00:00:00, Sys 0 00:00:00  -  Total Local Usage
	0  -  Run Bytes Sent By Job
	0  -  Run Bytes Received By Job
	0  -  Total Bytes Sent By Job
	0  -  Total Bytes Received By Job
	Partitionable Resources :    Usage  Request Allocated 
	   Cpus                 :        0        4         4 
	   Disk (KB)            :       10     2000      2048 
	   GPUs                 :                           0 
	   Memory (MB)          :        0    20000     20096 
	   TimeExecute (s)      :        4                    
	   TimeSlotBusy (s)     :        4                    
...
000 (44606736.016.000) 2026-01-25 15:37:28 Job submitted from host: <146.186.150.67:9618?CCBID=10.6.200.15:9618%3fPrivNet%3dGWAVE%26addrs%3d10.6.200.15-9618%26alias%3dligo-ad-01.gwave.ics.psu.edu%26noUDP%26sock%3dcollector#166034&PrivAddr=%3c146.186.150.67:9618%3fsock%3dschedd_323984_a796%3e&PrivNet=GWAVE&addrs=146.186.150.67-9618&alias=ligo-hd-02.gwave.ics.psu.edu&noUDP&sock=schedd_323984_a796>
...
009 (44606736.016.000) 2026-01-25 15:41:57 Job was aborted.
	via condor_rm (by user pratyusava.baral)
...
000 (44606739.016.000) 2026-01-25 15:42:07 Job submitted from host: <146.186.150.67:9618?CCBID=10.6.200.15:9618%3fPrivNet%3dGWAVE%26addrs%3d10.6.200.15-9618%26alias%3dligo-ad-01.gwave.ics.psu.edu%26noUDP%26sock%3dcollector#166034&PrivAddr=%3c146.186.150.67:9618%3fsock%3dschedd_323984_a796%3e&PrivNet=GWAVE&addrs=146.186.150.67-9618&alias=ligo-hd-02.gwave.ics.psu.edu&noUDP&sock=schedd_323984_a796>
...
000 (44606742.016.000) 2026-01-25 15:45:20 Job submitted from host: <146.186.150.67:9618?CCBID=10.6.200.15:9618%3fPrivNet%3dGWAVE%26addrs%3d10.6.200.15-9618%26alias%3dligo-ad-01.gwave.ics.psu.edu%26noUDP%26sock%3dcollector#166034&PrivAddr=%3c146.186.150.67:9618%3fsock%3dschedd_323984_a796%3e&PrivNet=GWAVE&addrs=146.186.150.67-9618&alias=ligo-hd-02.gwave.ics.psu.edu&noUDP&sock=schedd_323984_a796>
...
009 (44606739.016.000) 2026-01-25 15:45:44 Job was aborted.
	via condor_rm (by user pratyusava.baral)
...
009 (44606742.016.000) 2026-01-25 15:45:44 Job was aborted.
	via condor_rm (by user pratyusava.baral)
...
000 (44606743.016.000) 2026-01-25 15:45:51 Job submitted from host: <146.186.150.67:9618?CCBID=10.6.200.15:9618%3fPrivNet%3dGWAVE%26addrs%3d10.6.200.15-9618%26alias%3dligo-ad-01.gwave.ics.psu.edu%26noUDP%26sock%3dcollector#166034&PrivAddr=%3c146.186.150.67:9618%3fsock%3dschedd_323984_a796%3e&PrivNet=GWAVE&addrs=146.186.150.67-9618&alias=ligo-hd-02.gwave.ics.psu.edu&noUDP&sock=schedd_323984_a796>
...
009 (44606743.016.000) 2026-01-25 15:48:45 Job was aborted.
	via condor_rm (by user pratyusava.baral)
...
000 (44606747.016.000) 2026-01-25 15:48:50 Job submitted from host: <146.186.150.67:9618?CCBID=10.6.200.15:9618%3fPrivNet%3dGWAVE%26addrs%3d10.6.200.15-9618%26alias%3dligo-ad-01.gwave.ics.psu.edu%26noUDP%26sock%3dcollector#166034&PrivAddr=%3c146.186.150.67:9618%3fsock%3dschedd_323984_a796%3e&PrivNet=GWAVE&addrs=146.186.150.67-9618&alias=ligo-hd-02.gwave.ics.psu.edu&noUDP&sock=schedd_323984_a796>
...
009 (44606747.016.000) 2026-01-25 15:53:34 Job was aborted.
	via condor_rm (by user pratyusava.baral)
...
000 (44606754.016.000) 2026-01-25 15:54:03 Job submitted from host: <146.186.150.67:9618?CCBID=10.6.200.15:9618%3fPrivNet%3dGWAVE%26addrs%3d10.6.200.15-9618%26alias%3dligo-ad-01.gwave.ics.psu.edu%26noUDP%26sock%3dcollector#166034&PrivAddr=%3c146.186.150.67:9618%3fsock%3dschedd_323984_a796%3e&PrivNet=GWAVE&addrs=146.186.150.67-9618&alias=ligo-hd-02.gwave.ics.psu.edu&noUDP&sock=schedd_323984_a796>
...
001 (44606754.016.000) 2026-01-25 18:40:06 Job executing on host: <10.136.81.21:9618?alias=comp-ex-0236.gwave.ics.psu.edu&sock=startd_109795_d0ed>
	SlotName: slot1_9@comp-ex-0236.gwave.ics.psu.edu
	CondorScratchDir = "/localscratch/condor/execute/dir_4141057"
	Cpus = 4
	Disk = 2048
	GPUs = 0
	Memory = 20096
...
006 (44606754.016.000) 2026-01-25 18:40:15 Image size of job updated: 177808
	174  -  MemoryUsage of job (MB)
	177808  -  ResidentSetSize of job (KB)
...
006 (44606754.016.000) 2026-01-25 18:45:16 Image size of job updated: 357812
	350  -  MemoryUsage of job (MB)
	357812  -  ResidentSetSize of job (KB)
...
006 (44606754.016.000) 2026-01-25 18:50:16 Image size of job updated: 369940
	362  -  MemoryUsage of job (MB)
	369940  -  ResidentSetSize of job (KB)
...
006 (44606754.016.000) 2026-01-25 18:55:16 Image size of job updated: 465808
	455  -  MemoryUsage of job (MB)
	465808  -  ResidentSetSize of job (KB)
...
006 (44606754.016.000) 2026-01-25 19:00:17 Image size of job updated: 466200
	456  -  MemoryUsage of job (MB)
	466200  -  ResidentSetSize of job (KB)
...
006 (44606754.016.000) 2026-01-25 19:05:17 Image size of job updated: 481988
	465  -  MemoryUsage of job (MB)
	475820  -  ResidentSetSize of job (KB)
...
006 (44606754.016.000) 2026-01-25 19:10:17 Image size of job updated: 481988
	465  -  MemoryUsage of job (MB)
	475984  -  ResidentSetSize of job (KB)
...
006 (44606754.016.000) 2026-01-25 19:25:19 Image size of job updated: 481988
	467  -  MemoryUsage of job (MB)
	477364  -  ResidentSetSize of job (KB)
...
006 (44606754.016.000) 2026-01-25 19:30:20 Image size of job updated: 481988
	467  -  MemoryUsage of job (MB)
	477608  -  ResidentSetSize of job (KB)
...
006 (44606754.016.000) 2026-01-25 19:35:21 Image size of job updated: 481988
	467  -  MemoryUsage of job (MB)
	477756  -  ResidentSetSize of job (KB)
...
006 (44606754.016.000) 2026-01-25 19:40:21 Image size of job updated: 503944
	493  -  MemoryUsage of job (MB)
	503944  -  ResidentSetSize of job (KB)
...
006 (44606754.016.000) 2026-01-25 19:45:22 Image size of job updated: 503968
	493  -  MemoryUsage of job (MB)
	503968  -  ResidentSetSize of job (KB)
...
006 (44606754.016.000) 2026-01-25 19:50:23 Image size of job updated: 504348
	493  -  MemoryUsage of job (MB)
	504348  -  ResidentSetSize of job (KB)
...
006 (44606754.016.000) 2026-01-25 19:55:23 Image size of job updated: 561712
	549  -  MemoryUsage of job (MB)
	561712  -  ResidentSetSize of job (KB)
...
006 (44606754.016.000) 2026-01-25 20:00:23 Image size of job updated: 804280
	786  -  MemoryUsage of job (MB)
	804280  -  ResidentSetSize of job (KB)
...
006 (44606754.016.000) 2026-01-25 20:05:24 Image size of job updated: 1045720
	1022  -  MemoryUsage of job (MB)
	1045720  -  ResidentSetSize of job (KB)
...
006 (44606754.016.000) 2026-01-25 20:10:24 Image size of job updated: 1281824
	1252  -  MemoryUsage of job (MB)
	1281824  -  ResidentSetSize of job (KB)
...
006 (44606754.016.000) 2026-01-25 20:15:24 Image size of job updated: 1526116
	1491  -  MemoryUsage of job (MB)
	1526116  -  ResidentSetSize of job (KB)
...
006 (44606754.016.000) 2026-01-25 20:20:25 Image size of job updated: 1759616
	1719  -  MemoryUsage of job (MB)
	1759616  -  ResidentSetSize of job (KB)
...
006 (44606754.016.000) 2026-01-25 20:25:25 Image size of job updated: 1781304
	1740  -  MemoryUsage of job (MB)
	1781304  -  ResidentSetSize of job (KB)
...
006 (44606754.016.000) 2026-01-25 20:30:25 Image size of job updated: 1781308
	1740  -  MemoryUsage of job (MB)
	1781304  -  ResidentSetSize of job (KB)
...
006 (44606754.016.000) 2026-01-25 21:10:30 Image size of job updated: 1781616
	1740  -  MemoryUsage of job (MB)
	1781616  -  ResidentSetSize of job (KB)
...
006 (44606754.016.000) 2026-01-25 21:15:30 Image size of job updated: 1781628
	1740  -  MemoryUsage of job (MB)
	1781628  -  ResidentSetSize of job (KB)
...
006 (44606754.016.000) 2026-01-25 21:25:31 Image size of job updated: 1781636
	1740  -  MemoryUsage of job (MB)
	1781636  -  ResidentSetSize of job (KB)
...
006 (44606754.016.000) 2026-01-25 21:30:31 Image size of job updated: 1781640
	1740  -  MemoryUsage of job (MB)
	1781640  -  ResidentSetSize of job (KB)
...
006 (44606754.016.000) 2026-01-25 21:35:31 Image size of job updated: 1782208
	1741  -  MemoryUsage of job (MB)
	1782208  -  ResidentSetSize of job (KB)
...
006 (44606754.016.000) 2026-01-25 21:40:32 Image size of job updated: 1782216
	1741  -  MemoryUsage of job (MB)
	1782216  -  ResidentSetSize of job (KB)
...
006 (44606754.016.000) 2026-01-25 21:45:33 Image size of job updated: 1782400
	1741  -  MemoryUsage of job (MB)
	1782400  -  ResidentSetSize of job (KB)
...
006 (44606754.016.000) 2026-01-25 21:50:33 Image size of job updated: 1782404
	1741  -  MemoryUsage of job (MB)
	1782404  -  ResidentSetSize of job (KB)
...
006 (44606754.016.000) 2026-01-25 21:55:34 Image size of job updated: 1783432
	1742  -  MemoryUsage of job (MB)
	1783432  -  ResidentSetSize of job (KB)
...
006 (44606754.016.000) 2026-01-25 22:00:35 Image size of job updated: 1783440
	1742  -  MemoryUsage of job (MB)
	1783440  -  ResidentSetSize of job (KB)
...
006 (44606754.016.000) 2026-01-25 22:05:35 Image size of job updated: 1784472
	1743  -  MemoryUsage of job (MB)
	1784472  -  ResidentSetSize of job (KB)
...
006 (44606754.016.000) 2026-01-25 22:10:35 Image size of job updated: 1784476
	1743  -  MemoryUsage of job (MB)
	1784476  -  ResidentSetSize of job (KB)
...
006 (44606754.016.000) 2026-01-25 22:15:36 Image size of job updated: 1785504
	1744  -  MemoryUsage of job (MB)
	1785504  -  ResidentSetSize of job (KB)
...
006 (44606754.016.000) 2026-01-25 22:20:36 Image size of job updated: 1785568
	1744  -  MemoryUsage of job (MB)
	1785568  -  ResidentSetSize of job (KB)
...
006 (44606754.016.000) 2026-01-25 22:25:36 Image size of job updated: 1786216
	1745  -  MemoryUsage of job (MB)
	1786216  -  ResidentSetSize of job (KB)
...
006 (44606754.016.000) 2026-01-25 22:30:37 Image size of job updated: 1786220
	1745  -  MemoryUsage of job (MB)
	1786220  -  ResidentSetSize of job (KB)
...
006 (44606754.016.000) 2026-01-25 22:35:38 Image size of job updated: 1787828
	1746  -  MemoryUsage of job (MB)
	1787828  -  ResidentSetSize of job (KB)
...
006 (44606754.016.000) 2026-01-25 22:40:38 Image size of job updated: 1787832
	1746  -  MemoryUsage of job (MB)
	1787832  -  ResidentSetSize of job (KB)
...
006 (44606754.016.000) 2026-01-25 22:45:39 Image size of job updated: 1789692
	1748  -  MemoryUsage of job (MB)
	1789692  -  ResidentSetSize of job (KB)
...
006 (44606754.016.000) 2026-01-25 22:50:40 Image size of job updated: 1789696
	1748  -  MemoryUsage of job (MB)
	1789696  -  ResidentSetSize of job (KB)
...
006 (44606754.016.000) 2026-01-25 22:55:40 Image size of job updated: 1792284
	1751  -  MemoryUsage of job (MB)
	1792284  -  ResidentSetSize of job (KB)
...
006 (44606754.016.000) 2026-01-25 23:00:41 Image size of job updated: 1792288
	1751  -  MemoryUsage of job (MB)
	1792288  -  ResidentSetSize of job (KB)
...
006 (44606754.016.000) 2026-01-25 23:05:42 Image size of job updated: 1792304
	1751  -  MemoryUsage of job (MB)
	1792304  -  ResidentSetSize of job (KB)
...
006 (44606754.016.000) 2026-01-25 23:10:42 Image size of job updated: 1800064
	1758  -  MemoryUsage of job (MB)
	1800064  -  ResidentSetSize of job (KB)
...
006 (44606754.016.000) 2026-01-25 23:15:42 Image size of job updated: 1800072
	1758  -  MemoryUsage of job (MB)
	1800072  -  ResidentSetSize of job (KB)
...
006 (44606754.016.000) 2026-01-25 23:20:43 Image size of job updated: 1801464
	1760  -  MemoryUsage of job (MB)
	1801464  -  ResidentSetSize of job (KB)
...
006 (44606754.016.000) 2026-01-25 23:25:43 Image size of job updated: 1801472
	1760  -  MemoryUsage of job (MB)
	1801472  -  ResidentSetSize of job (KB)
...
006 (44606754.016.000) 2026-01-25 23:30:43 Image size of job updated: 1816364
	1774  -  MemoryUsage of job (MB)
	1816364  -  ResidentSetSize of job (KB)
...
006 (44606754.016.000) 2026-01-25 23:35:44 Image size of job updated: 1816372
	1774  -  MemoryUsage of job (MB)
	1816372  -  ResidentSetSize of job (KB)
...
006 (44606754.016.000) 2026-01-25 23:40:44 Image size of job updated: 1816376
	1774  -  MemoryUsage of job (MB)
	1816376  -  ResidentSetSize of job (KB)
...
006 (44606754.016.000) 2026-01-25 23:45:44 Image size of job updated: 1816380
	1774  -  MemoryUsage of job (MB)
	1816380  -  ResidentSetSize of job (KB)
...
006 (44606754.016.000) 2026-01-25 23:50:45 Image size of job updated: 1816396
	1774  -  MemoryUsage of job (MB)
	1816396  -  ResidentSetSize of job (KB)
...
006 (44606754.016.000) 2026-01-25 23:55:46 Image size of job updated: 1816400
	1774  -  MemoryUsage of job (MB)
	1816400  -  ResidentSetSize of job (KB)
...
006 (44606754.016.000) 2026-01-26 00:00:46 Image size of job updated: 1816408
	1774  -  MemoryUsage of job (MB)
	1816408  -  ResidentSetSize of job (KB)
...
006 (44606754.016.000) 2026-01-26 00:05:47 Image size of job updated: 1816424
	1774  -  MemoryUsage of job (MB)
	1816424  -  ResidentSetSize of job (KB)
...
006 (44606754.016.000) 2026-01-26 00:10:48 Image size of job updated: 1826552
	1784  -  MemoryUsage of job (MB)
	1826552  -  ResidentSetSize of job (KB)
...
006 (44606754.016.000) 2026-01-26 00:15:48 Image size of job updated: 1826708
	1784  -  MemoryUsage of job (MB)
	1826708  -  ResidentSetSize of job (KB)
...
006 (44606754.016.000) 2026-01-26 00:20:48 Image size of job updated: 1836112
	1792  -  MemoryUsage of job (MB)
	1834996  -  ResidentSetSize of job (KB)
...
006 (44606754.016.000) 2026-01-26 00:25:49 Image size of job updated: 1836112
	1792  -  MemoryUsage of job (MB)
	1835000  -  ResidentSetSize of job (KB)
...
006 (44606754.016.000) 2026-01-26 00:30:49 Image size of job updated: 1836112
	1793  -  MemoryUsage of job (MB)
	1836012  -  ResidentSetSize of job (KB)
...
006 (44606754.016.000) 2026-01-26 00:35:49 Image size of job updated: 1836112
	1793  -  MemoryUsage of job (MB)
	1836020  -  ResidentSetSize of job (KB)
...
006 (44606754.016.000) 2026-01-26 00:40:50 Image size of job updated: 1838096
	1795  -  MemoryUsage of job (MB)
	1837100  -  ResidentSetSize of job (KB)
...
006 (44606754.016.000) 2026-01-26 00:45:51 Image size of job updated: 1838096
	1795  -  MemoryUsage of job (MB)
	1837104  -  ResidentSetSize of job (KB)
...
006 (44606754.016.000) 2026-01-26 00:50:51 Image size of job updated: 1839156
	1796  -  MemoryUsage of job (MB)
	1838132  -  ResidentSetSize of job (KB)
...
006 (44606754.016.000) 2026-01-26 00:55:52 Image size of job updated: 1839156
	1796  -  MemoryUsage of job (MB)
	1838140  -  ResidentSetSize of job (KB)
...
006 (44606754.016.000) 2026-01-26 01:00:53 Image size of job updated: 1840192
	1798  -  MemoryUsage of job (MB)
	1840192  -  ResidentSetSize of job (KB)
...
006 (44606754.016.000) 2026-01-26 01:05:53 Image size of job updated: 1840200
	1798  -  MemoryUsage of job (MB)
	1840200  -  ResidentSetSize of job (KB)
...
006 (44606754.016.000) 2026-01-26 01:10:53 Image size of job updated: 1844360
	1802  -  MemoryUsage of job (MB)
	1844360  -  ResidentSetSize of job (KB)
...
006 (44606754.016.000) 2026-01-26 01:15:54 Image size of job updated: 1844364
	1802  -  MemoryUsage of job (MB)
	1844364  -  ResidentSetSize of job (KB)
...
006 (44606754.016.000) 2026-01-26 01:20:54 Image size of job updated: 1844372
	1802  -  MemoryUsage of job (MB)
	1844372  -  ResidentSetSize of job (KB)
...
006 (44606754.016.000) 2026-01-26 01:25:54 Image size of job updated: 1845572
	1803  -  MemoryUsage of job (MB)
	1845572  -  ResidentSetSize of job (KB)
...
006 (44606754.016.000) 2026-01-26 01:30:55 Image size of job updated: 1845576
	1803  -  MemoryUsage of job (MB)
	1845576  -  ResidentSetSize of job (KB)
...
006 (44606754.016.000) 2026-01-26 01:35:56 Image size of job updated: 1848560
	1806  -  MemoryUsage of job (MB)
	1848560  -  ResidentSetSize of job (KB)
...
006 (44606754.016.000) 2026-01-26 01:40:56 Image size of job updated: 1848596
	1806  -  MemoryUsage of job (MB)
	1848596  -  ResidentSetSize of job (KB)
...
006 (44606754.016.000) 2026-01-26 01:45:57 Image size of job updated: 1848604
	1806  -  MemoryUsage of job (MB)
	1848604  -  ResidentSetSize of job (KB)
...
006 (44606754.016.000) 2026-01-26 01:50:58 Image size of job updated: 1848608
	1806  -  MemoryUsage of job (MB)
	1848608  -  ResidentSetSize of job (KB)
...
006 (44606754.016.000) 2026-01-26 01:55:58 Image size of job updated: 1849620
	1807  -  MemoryUsage of job (MB)
	1849620  -  ResidentSetSize of job (KB)
...
006 (44606754.016.000) 2026-01-26 02:00:59 Image size of job updated: 1849664
	1807  -  MemoryUsage of job (MB)
	1849664  -  ResidentSetSize of job (KB)
...
006 (44606754.016.000) 2026-01-26 02:06:00 Image size of job updated: 1851684
	1809  -  MemoryUsage of job (MB)
	1851684  -  ResidentSetSize of job (KB)
...
006 (44606754.016.000) 2026-01-26 02:11:00 Image size of job updated: 1851688
	1809  -  MemoryUsage of job (MB)
	1851688  -  ResidentSetSize of job (KB)
...
006 (44606754.016.000) 2026-01-26 02:16:00 Image size of job updated: 1852456
	1809  -  MemoryUsage of job (MB)
	1851692  -  ResidentSetSize of job (KB)
...
006 (44606754.016.000) 2026-01-26 02:26:01 Image size of job updated: 1853708
	1811  -  MemoryUsage of job (MB)
	1853708  -  ResidentSetSize of job (KB)
...
006 (44606754.016.000) 2026-01-26 02:31:01 Image size of job updated: 1853712
	1811  -  MemoryUsage of job (MB)
	1853712  -  ResidentSetSize of job (KB)
...
006 (44606754.016.000) 2026-01-26 02:36:02 Image size of job updated: 1854112
	1811  -  MemoryUsage of job (MB)
	1854104  -  ResidentSetSize of job (KB)
...
006 (44606754.016.000) 2026-01-26 02:46:03 Image size of job updated: 1854888
	1812  -  MemoryUsage of job (MB)
	1854888  -  ResidentSetSize of job (KB)
...
006 (44606754.016.000) 2026-01-26 02:56:05 Image size of job updated: 1855824
	1813  -  MemoryUsage of job (MB)
	1855824  -  ResidentSetSize of job (KB)
...
006 (44606754.016.000) 2026-01-26 03:01:05 Image size of job updated: 1855856
	1813  -  MemoryUsage of job (MB)
	1855856  -  ResidentSetSize of job (KB)
...
006 (44606754.016.000) 2026-01-26 03:06:05 Image size of job updated: 1856784
	1814  -  MemoryUsage of job (MB)
	1856784  -  ResidentSetSize of job (KB)
...
006 (44606754.016.000) 2026-01-26 03:11:06 Image size of job updated: 1856788
	1814  -  MemoryUsage of job (MB)
	1856788  -  ResidentSetSize of job (KB)
...
006 (44606754.016.000) 2026-01-26 03:16:06 Image size of job updated: 1856796
	1814  -  MemoryUsage of job (MB)
	1856796  -  ResidentSetSize of job (KB)
...
006 (44606754.016.000) 2026-01-26 03:31:08 Image size of job updated: 1857808
	1815  -  MemoryUsage of job (MB)
	1857808  -  ResidentSetSize of job (KB)
...
006 (44606754.016.000) 2026-01-26 03:36:08 Image size of job updated: 1857812
	1815  -  MemoryUsage of job (MB)
	1857812  -  ResidentSetSize of job (KB)
...
006 (44606754.016.000) 2026-01-26 03:41:09 Image size of job updated: 1866152
	1823  -  MemoryUsage of job (MB)
	1866152  -  ResidentSetSize of job (KB)
...
006 (44606754.016.000) 2026-01-26 03:46:10 Image size of job updated: 1866180
	1823  -  MemoryUsage of job (MB)
	1866180  -  ResidentSetSize of job (KB)
...
006 (44606754.016.000) 2026-01-26 03:51:10 Image size of job updated: 1866928
	1823  -  MemoryUsage of job (MB)
	1866184  -  ResidentSetSize of job (KB)
...
006 (44606754.016.000) 2026-01-26 03:56:11 Image size of job updated: 1866928
	1823  -  MemoryUsage of job (MB)
	1866188  -  ResidentSetSize of job (KB)
...
006 (44606754.016.000) 2026-01-26 04:01:12 Image size of job updated: 1868204
	1825  -  MemoryUsage of job (MB)
	1868204  -  ResidentSetSize of job (KB)
...
006 (44606754.016.000) 2026-01-26 04:06:12 Image size of job updated: 1868208
	1825  -  MemoryUsage of job (MB)
	1868208  -  ResidentSetSize of job (KB)
...
006 (44606754.016.000) 2026-01-26 04:11:12 Image size of job updated: 1868212
	1825  -  MemoryUsage of job (MB)
	1868212  -  ResidentSetSize of job (KB)
...
006 (44606754.016.000) 2026-01-26 04:16:13 Image size of job updated: 1868216
	1825  -  MemoryUsage of job (MB)
	1868216  -  ResidentSetSize of job (KB)
...
006 (44606754.016.000) 2026-01-26 04:21:13 Image size of job updated: 1870072
	1826  -  MemoryUsage of job (MB)
	1869224  -  ResidentSetSize of job (KB)
...
006 (44606754.016.000) 2026-01-26 04:26:13 Image size of job updated: 1870072
	1826  -  MemoryUsage of job (MB)
	1869252  -  ResidentSetSize of job (KB)
...
006 (44606754.016.000) 2026-01-26 04:31:14 Image size of job updated: 1870540
	1827  -  MemoryUsage of job (MB)
	1870260  -  ResidentSetSize of job (KB)
...
006 (44606754.016.000) 2026-01-26 04:36:15 Image size of job updated: 1870540
	1827  -  MemoryUsage of job (MB)
	1870264  -  ResidentSetSize of job (KB)
...
006 (44606754.016.000) 2026-01-26 04:41:15 Image size of job updated: 1870540
	1827  -  MemoryUsage of job (MB)
	1870276  -  ResidentSetSize of job (KB)
...
006 (44606754.016.000) 2026-01-26 04:46:16 Image size of job updated: 1870540
	1827  -  MemoryUsage of job (MB)
	1870280  -  ResidentSetSize of job (KB)
...
006 (44606754.016.000) 2026-01-26 04:51:17 Image size of job updated: 1870540
	1827  -  MemoryUsage of job (MB)
	1870284  -  ResidentSetSize of job (KB)
...
006 (44606754.016.000) 2026-01-26 04:56:17 Image size of job updated: 1873312
	1830  -  MemoryUsage of job (MB)
	1873312  -  ResidentSetSize of job (KB)
...
006 (44606754.016.000) 2026-01-26 05:06:18 Image size of job updated: 1873772
	1830  -  MemoryUsage of job (MB)
	1873772  -  ResidentSetSize of job (KB)
...
006 (44606754.016.000) 2026-01-26 05:16:18 Image size of job updated: 1878040
	1835  -  MemoryUsage of job (MB)
	1878040  -  ResidentSetSize of job (KB)
...
006 (44606754.016.000) 2026-01-26 05:21:19 Image size of job updated: 1878044
	1835  -  MemoryUsage of job (MB)
	1878044  -  ResidentSetSize of job (KB)
...
006 (44606754.016.000) 2026-01-26 05:26:20 Image size of job updated: 1879972
	1836  -  MemoryUsage of job (MB)
	1879972  -  ResidentSetSize of job (KB)
...
006 (44606754.016.000) 2026-01-26 05:31:20 Image size of job updated: 1879976
	1836  -  MemoryUsage of job (MB)
	1879976  -  ResidentSetSize of job (KB)
...
006 (44606754.016.000) 2026-01-26 05:36:21 Image size of job updated: 1879992
	1836  -  MemoryUsage of job (MB)
	1879980  -  ResidentSetSize of job (KB)
...
006 (44606754.016.000) 2026-01-26 05:41:22 Image size of job updated: 1879992
	1836  -  MemoryUsage of job (MB)
	1879984  -  ResidentSetSize of job (KB)
...
006 (44606754.016.000) 2026-01-26 05:46:22 Image size of job updated: 1888020
	1844  -  MemoryUsage of job (MB)
	1888020  -  ResidentSetSize of job (KB)
...
006 (44606754.016.000) 2026-01-26 05:51:23 Image size of job updated: 1888024
	1844  -  MemoryUsage of job (MB)
	1888024  -  ResidentSetSize of job (KB)
...
006 (44606754.016.000) 2026-01-26 05:56:24 Image size of job updated: 1889064
	1845  -  MemoryUsage of job (MB)
	1889064  -  ResidentSetSize of job (KB)
...
006 (44606754.016.000) 2026-01-26 06:01:24 Image size of job updated: 1889096
	1845  -  MemoryUsage of job (MB)
	1889096  -  ResidentSetSize of job (KB)
...
006 (44606754.016.000) 2026-01-26 06:06:24 Image size of job updated: 1889404
	1845  -  MemoryUsage of job (MB)
	1889096  -  ResidentSetSize of job (KB)
...
006 (44606754.016.000) 2026-01-26 06:11:25 Image size of job updated: 1889404
	1845  -  MemoryUsage of job (MB)
	1889100  -  ResidentSetSize of job (KB)
...
006 (44606754.016.000) 2026-01-26 06:16:25 Image size of job updated: 1889404
	1845  -  MemoryUsage of job (MB)
	1889132  -  ResidentSetSize of job (KB)
...
006 (44606754.016.000) 2026-01-26 06:21:25 Image size of job updated: 1889404
	1845  -  MemoryUsage of job (MB)
	1889136  -  ResidentSetSize of job (KB)
...
006 (44606754.016.000) 2026-01-26 06:26:26 Image size of job updated: 1889404
	1845  -  MemoryUsage of job (MB)
	1889140  -  ResidentSetSize of job (KB)
...
006 (44606754.016.000) 2026-01-26 06:31:27 Image size of job updated: 1889404
	1845  -  MemoryUsage of job (MB)
	1889144  -  ResidentSetSize of job (KB)
...
006 (44606754.016.000) 2026-01-26 06:41:28 Image size of job updated: 1896392
	1852  -  MemoryUsage of job (MB)
	1896392  -  ResidentSetSize of job (KB)
...
006 (44606754.016.000) 2026-01-26 06:46:29 Image size of job updated: 1896396
	1852  -  MemoryUsage of job (MB)
	1896396  -  ResidentSetSize of job (KB)
...
006 (44606754.016.000) 2026-01-26 06:51:29 Image size of job updated: 1898412
	1853  -  MemoryUsage of job (MB)
	1897408  -  ResidentSetSize of job (KB)
...
006 (44606754.016.000) 2026-01-26 06:56:29 Image size of job updated: 1898412
	1853  -  MemoryUsage of job (MB)
	1897412  -  ResidentSetSize of job (KB)
...
006 (44606754.016.000) 2026-01-26 07:01:30 Image size of job updated: 1919760
	1875  -  MemoryUsage of job (MB)
	1919760  -  ResidentSetSize of job (KB)
...
006 (44606754.016.000) 2026-01-26 07:06:30 Image size of job updated: 1919764
	1875  -  MemoryUsage of job (MB)
	1919764  -  ResidentSetSize of job (KB)
...
006 (44606754.016.000) 2026-01-26 07:11:30 Image size of job updated: 1920580
	1875  -  MemoryUsage of job (MB)
	1919764  -  ResidentSetSize of job (KB)
...
006 (44606754.016.000) 2026-01-26 07:41:34 Image size of job updated: 1920580
	1876  -  MemoryUsage of job (MB)
	1920368  -  ResidentSetSize of job (KB)
...
006 (44606754.016.000) 2026-01-26 07:46:34 Image size of job updated: 1920580
	1876  -  MemoryUsage of job (MB)
	1920372  -  ResidentSetSize of job (KB)
...
006 (44606754.016.000) 2026-01-26 08:06:36 Image size of job updated: 1928420
	1884  -  MemoryUsage of job (MB)
	1928420  -  ResidentSetSize of job (KB)
...
006 (44606754.016.000) 2026-01-26 08:11:37 Image size of job updated: 1928424
	1884  -  MemoryUsage of job (MB)
	1928424  -  ResidentSetSize of job (KB)
...
006 (44606754.016.000) 2026-01-26 08:16:37 Image size of job updated: 1929448
	1885  -  MemoryUsage of job (MB)
	1929448  -  ResidentSetSize of job (KB)
...
006 (44606754.016.000) 2026-01-26 08:21:38 Image size of job updated: 1929452
	1885  -  MemoryUsage of job (MB)
	1929452  -  ResidentSetSize of job (KB)
...
006 (44606754.016.000) 2026-01-26 08:26:39 Image size of job updated: 1929576
	1885  -  MemoryUsage of job (MB)
	1929576  -  ResidentSetSize of job (KB)
...
006 (44606754.016.000) 2026-01-26 08:31:39 Image size of job updated: 1929580
	1885  -  MemoryUsage of job (MB)
	1929580  -  ResidentSetSize of job (KB)
...
006 (44606754.016.000) 2026-01-26 08:36:40 Image size of job updated: 1931480
	1887  -  MemoryUsage of job (MB)
	1931480  -  ResidentSetSize of job (KB)
...
006 (44606754.016.000) 2026-01-26 08:41:41 Image size of job updated: 1931488
	1887  -  MemoryUsage of job (MB)
	1931488  -  ResidentSetSize of job (KB)
...
006 (44606754.016.000) 2026-01-26 08:46:41 Image size of job updated: 1932660
	1888  -  MemoryUsage of job (MB)
	1932660  -  ResidentSetSize of job (KB)
...
006 (44606754.016.000) 2026-01-26 08:51:41 Image size of job updated: 1932664
	1888  -  MemoryUsage of job (MB)
	1932664  -  ResidentSetSize of job (KB)
...
006 (44606754.016.000) 2026-01-26 08:56:42 Image size of job updated: 1939712
	1895  -  MemoryUsage of job (MB)
	1939712  -  ResidentSetSize of job (KB)
...
006 (44606754.016.000) 2026-01-26 09:01:42 Image size of job updated: 1939716
	1895  -  MemoryUsage of job (MB)
	1939716  -  ResidentSetSize of job (KB)
...
006 (44606754.016.000) 2026-01-26 09:06:42 Image size of job updated: 1941496
	1896  -  MemoryUsage of job (MB)
	1940728  -  ResidentSetSize of job (KB)
...
006 (44606754.016.000) 2026-01-26 09:11:43 Image size of job updated: 1941496
	1896  -  MemoryUsage of job (MB)
	1940732  -  ResidentSetSize of job (KB)
...
006 (44606754.016.000) 2026-01-26 09:16:44 Image size of job updated: 1941756
	1897  -  MemoryUsage of job (MB)
	1941756  -  ResidentSetSize of job (KB)
...
006 (44606754.016.000) 2026-01-26 09:21:44 Image size of job updated: 1941760
	1897  -  MemoryUsage of job (MB)
	1941760  -  ResidentSetSize of job (KB)
...
006 (44606754.016.000) 2026-01-26 09:26:45 Image size of job updated: 1941792
	1897  -  MemoryUsage of job (MB)
	1941792  -  ResidentSetSize of job (KB)
...
006 (44606754.016.000) 2026-01-26 09:31:46 Image size of job updated: 1941796
	1897  -  MemoryUsage of job (MB)
	1941796  -  ResidentSetSize of job (KB)
...
006 (44606754.016.000) 2026-01-26 09:36:46 Image size of job updated: 1941800
	1897  -  MemoryUsage of job (MB)
	1941800  -  ResidentSetSize of job (KB)
...
006 (44606754.016.000) 2026-01-26 09:41:47 Image size of job updated: 1943820
	1899  -  MemoryUsage of job (MB)
	1943820  -  ResidentSetSize of job (KB)
...
006 (44606754.016.000) 2026-01-26 09:46:48 Image size of job updated: 1943844
	1899  -  MemoryUsage of job (MB)
	1943844  -  ResidentSetSize of job (KB)
...
006 (44606754.016.000) 2026-01-26 09:51:48 Image size of job updated: 1943848
	1899  -  MemoryUsage of job (MB)
	1943848  -  ResidentSetSize of job (KB)
...
006 (44606754.016.000) 2026-01-26 09:56:48 Image size of job updated: 1943852
	1899  -  MemoryUsage of job (MB)
	1943852  -  ResidentSetSize of job (KB)
...
006 (44606754.016.000) 2026-01-26 10:01:49 Image size of job updated: 1943856
	1899  -  MemoryUsage of job (MB)
	1943856  -  ResidentSetSize of job (KB)
...
006 (44606754.016.000) 2026-01-26 10:11:49 Image size of job updated: 1946376
	1901  -  MemoryUsage of job (MB)
	1946376  -  ResidentSetSize of job (KB)
...
006 (44606754.016.000) 2026-01-26 10:21:51 Image size of job updated: 1946884
	1902  -  MemoryUsage of job (MB)
	1946884  -  ResidentSetSize of job (KB)
...
006 (44606754.016.000) 2026-01-26 10:26:51 Image size of job updated: 1946888
	1902  -  MemoryUsage of job (MB)
	1946888  -  ResidentSetSize of job (KB)
...
006 (44606754.016.000) 2026-01-26 10:31:52 Image size of job updated: 1946892
	1902  -  MemoryUsage of job (MB)
	1946892  -  ResidentSetSize of job (KB)
...
006 (44606754.016.000) 2026-01-26 10:41:53 Image size of job updated: 1946896
	1902  -  MemoryUsage of job (MB)
	1946896  -  ResidentSetSize of job (KB)
...
006 (44606754.016.000) 2026-01-26 10:46:53 Image size of job updated: 1946900
	1902  -  MemoryUsage of job (MB)
	1946900  -  ResidentSetSize of job (KB)
...
006 (44606754.016.000) 2026-01-26 10:51:54 Image size of job updated: 1949932
	1905  -  MemoryUsage of job (MB)
	1949932  -  ResidentSetSize of job (KB)
...
006 (44606754.016.000) 2026-01-26 10:56:54 Image size of job updated: 1949936
	1905  -  MemoryUsage of job (MB)
	1949936  -  ResidentSetSize of job (KB)
...
006 (44606754.016.000) 2026-01-26 11:06:55 Image size of job updated: 1949940
	1905  -  MemoryUsage of job (MB)
	1949940  -  ResidentSetSize of job (KB)
...
006 (44606754.016.000) 2026-01-26 11:11:56 Image size of job updated: 1949944
	1905  -  MemoryUsage of job (MB)
	1949944  -  ResidentSetSize of job (KB)
...
006 (44606754.016.000) 2026-01-26 11:21:57 Image size of job updated: 1949948
	1905  -  MemoryUsage of job (MB)
	1949948  -  ResidentSetSize of job (KB)
...
006 (44606754.016.000) 2026-01-26 11:26:58 Image size of job updated: 1951964
	1907  -  MemoryUsage of job (MB)
	1951964  -  ResidentSetSize of job (KB)
...
006 (44606754.016.000) 2026-01-26 11:31:58 Image size of job updated: 1951968
	1907  -  MemoryUsage of job (MB)
	1951968  -  ResidentSetSize of job (KB)
...
006 (44606754.016.000) 2026-01-26 11:36:58 Image size of job updated: 1954104
	1907  -  MemoryUsage of job (MB)
	1952296  -  ResidentSetSize of job (KB)
...
006 (44606754.016.000) 2026-01-26 11:41:59 Image size of job updated: 1954104
	1907  -  MemoryUsage of job (MB)
	1952300  -  ResidentSetSize of job (KB)
...
006 (44606754.016.000) 2026-01-26 11:46:59 Image size of job updated: 1954104
	1908  -  MemoryUsage of job (MB)
	1953048  -  ResidentSetSize of job (KB)
...
006 (44606754.016.000) 2026-01-26 11:51:59 Image size of job updated: 1954104
	1908  -  MemoryUsage of job (MB)
	1953052  -  ResidentSetSize of job (KB)
...
006 (44606754.016.000) 2026-01-26 11:57:00 Image size of job updated: 1955376
	1910  -  MemoryUsage of job (MB)
	1955376  -  ResidentSetSize of job (KB)
...
006 (44606754.016.000) 2026-01-26 12:02:00 Image size of job updated: 1955380
	1910  -  MemoryUsage of job (MB)
	1955380  -  ResidentSetSize of job (KB)
...
006 (44606754.016.000) 2026-01-26 12:07:00 Image size of job updated: 1956208
	1911  -  MemoryUsage of job (MB)
	1956208  -  ResidentSetSize of job (KB)
...
006 (44606754.016.000) 2026-01-26 12:12:01 Image size of job updated: 1956212
	1911  -  MemoryUsage of job (MB)
	1956212  -  ResidentSetSize of job (KB)
...
006 (44606754.016.000) 2026-01-26 12:17:02 Image size of job updated: 1956216
	1911  -  MemoryUsage of job (MB)
	1956216  -  ResidentSetSize of job (KB)
...
006 (44606754.016.000) 2026-01-26 12:22:02 Image size of job updated: 1956220
	1911  -  MemoryUsage of job (MB)
	1956220  -  ResidentSetSize of job (KB)
...
006 (44606754.016.000) 2026-01-26 12:27:03 Image size of job updated: 1956236
	1911  -  MemoryUsage of job (MB)
	1956236  -  ResidentSetSize of job (KB)
...
006 (44606754.016.000) 2026-01-26 12:32:04 Image size of job updated: 1956624
	1911  -  MemoryUsage of job (MB)
	1956624  -  ResidentSetSize of job (KB)
...
006 (44606754.016.000) 2026-01-26 12:37:04 Image size of job updated: 1956688
	1911  -  MemoryUsage of job (MB)
	1956688  -  ResidentSetSize of job (KB)
...
006 (44606754.016.000) 2026-01-26 12:42:04 Image size of job updated: 1958324
	1913  -  MemoryUsage of job (MB)
	1958324  -  ResidentSetSize of job (KB)
...
006 (44606754.016.000) 2026-01-26 12:47:05 Image size of job updated: 1958328
	1913  -  MemoryUsage of job (MB)
	1958328  -  ResidentSetSize of job (KB)
...
006 (44606754.016.000) 2026-01-26 12:52:05 Image size of job updated: 1958540
	1913  -  MemoryUsage of job (MB)
	1958540  -  ResidentSetSize of job (KB)
...
006 (44606754.016.000) 2026-01-26 12:57:05 Image size of job updated: 1958544
	1913  -  MemoryUsage of job (MB)
	1958544  -  ResidentSetSize of job (KB)
...
006 (44606754.016.000) 2026-01-26 13:02:06 Image size of job updated: 1960412
	1915  -  MemoryUsage of job (MB)
	1960412  -  ResidentSetSize of job (KB)
...
006 (44606754.016.000) 2026-01-26 13:07:07 Image size of job updated: 1960464
	1915  -  MemoryUsage of job (MB)
	1960464  -  ResidentSetSize of job (KB)
...
006 (44606754.016.000) 2026-01-26 13:12:07 Image size of job updated: 1962680
	1916  -  MemoryUsage of job (MB)
	1961472  -  ResidentSetSize of job (KB)
...
006 (44606754.016.000) 2026-01-26 13:17:08 Image size of job updated: 1962680
	1916  -  MemoryUsage of job (MB)
	1961476  -  ResidentSetSize of job (KB)
...
006 (44606754.016.000) 2026-01-26 13:22:09 Image size of job updated: 1962680
	1917  -  MemoryUsage of job (MB)
	1962488  -  ResidentSetSize of job (KB)
...
006 (44606754.016.000) 2026-01-26 13:27:09 Image size of job updated: 1962680
	1917  -  MemoryUsage of job (MB)
	1962496  -  ResidentSetSize of job (KB)
...
006 (44606754.016.000) 2026-01-26 13:32:09 Image size of job updated: 1963504
	1918  -  MemoryUsage of job (MB)
	1963504  -  ResidentSetSize of job (KB)
...
006 (44606754.016.000) 2026-01-26 13:37:10 Image size of job updated: 1963508
	1918  -  MemoryUsage of job (MB)
	1963508  -  ResidentSetSize of job (KB)
...
006 (44606754.016.000) 2026-01-26 13:42:10 Image size of job updated: 1963512
	1918  -  MemoryUsage of job (MB)
	1963512  -  ResidentSetSize of job (KB)
...
006 (44606754.016.000) 2026-01-26 13:47:10 Image size of job updated: 1964524
	1919  -  MemoryUsage of job (MB)
	1964524  -  ResidentSetSize of job (KB)
...
006 (44606754.016.000) 2026-01-26 13:52:11 Image size of job updated: 1964528
	1919  -  MemoryUsage of job (MB)
	1964528  -  ResidentSetSize of job (KB)
...
006 (44606754.016.000) 2026-01-26 13:57:12 Image size of job updated: 1965540
	1920  -  MemoryUsage of job (MB)
	1965540  -  ResidentSetSize of job (KB)
...
006 (44606754.016.000) 2026-01-26 14:02:12 Image size of job updated: 1965544
	1920  -  MemoryUsage of job (MB)
	1965544  -  ResidentSetSize of job (KB)
...
006 (44606754.016.000) 2026-01-26 14:07:13 Image size of job updated: 1966556
	1921  -  MemoryUsage of job (MB)
	1966556  -  ResidentSetSize of job (KB)
...
006 (44606754.016.000) 2026-01-26 14:17:14 Image size of job updated: 1967568
	1922  -  MemoryUsage of job (MB)
	1967568  -  ResidentSetSize of job (KB)
...
006 (44606754.016.000) 2026-01-26 14:22:15 Image size of job updated: 1967572
	1922  -  MemoryUsage of job (MB)
	1967572  -  ResidentSetSize of job (KB)
...
006 (44606754.016.000) 2026-01-26 14:27:16 Image size of job updated: 1968648
	1922  -  MemoryUsage of job (MB)
	1967640  -  ResidentSetSize of job (KB)
...
006 (44606754.016.000) 2026-01-26 14:32:16 Image size of job updated: 1968648
	1922  -  MemoryUsage of job (MB)
	1967644  -  ResidentSetSize of job (KB)
...
006 (44606754.016.000) 2026-01-26 14:37:16 Image size of job updated: 1969236
	1924  -  MemoryUsage of job (MB)
	1969236  -  ResidentSetSize of job (KB)
...
006 (44606754.016.000) 2026-01-26 14:42:17 Image size of job updated: 1969240
	1924  -  MemoryUsage of job (MB)
	1969240  -  ResidentSetSize of job (KB)
...
006 (44606754.016.000) 2026-01-26 14:47:17 Image size of job updated: 1970676
	1925  -  MemoryUsage of job (MB)
	1970676  -  ResidentSetSize of job (KB)
...
006 (44606754.016.000) 2026-01-26 14:52:17 Image size of job updated: 1970680
	1925  -  MemoryUsage of job (MB)
	1970680  -  ResidentSetSize of job (KB)
...
006 (44606754.016.000) 2026-01-26 14:57:18 Image size of job updated: 1971724
	1926  -  MemoryUsage of job (MB)
	1971724  -  ResidentSetSize of job (KB)
...
006 (44606754.016.000) 2026-01-26 15:07:19 Image size of job updated: 1972736
	1927  -  MemoryUsage of job (MB)
	1972736  -  ResidentSetSize of job (KB)
...
006 (44606754.016.000) 2026-01-26 15:12:20 Image size of job updated: 1972792
	1927  -  MemoryUsage of job (MB)
	1972792  -  ResidentSetSize of job (KB)
...
006 (44606754.016.000) 2026-01-26 15:17:21 Image size of job updated: 1973004
	1927  -  MemoryUsage of job (MB)
	1973004  -  ResidentSetSize of job (KB)
...
006 (44606754.016.000) 2026-01-26 15:22:21 Image size of job updated: 1973804
	1928  -  MemoryUsage of job (MB)
	1973804  -  ResidentSetSize of job (KB)
...
006 (44606754.016.000) 2026-01-26 15:27:21 Image size of job updated: 1973808
	1928  -  MemoryUsage of job (MB)
	1973808  -  ResidentSetSize of job (KB)
...
006 (44606754.016.000) 2026-01-26 15:32:22 Image size of job updated: 1974820
	1929  -  MemoryUsage of job (MB)
	1974820  -  ResidentSetSize of job (KB)
...
006 (44606754.016.000) 2026-01-26 15:37:22 Image size of job updated: 1974904
	1929  -  MemoryUsage of job (MB)
	1974904  -  ResidentSetSize of job (KB)
...
006 (44606754.016.000) 2026-01-26 15:42:22 Image size of job updated: 1975916
	1930  -  MemoryUsage of job (MB)
	1975916  -  ResidentSetSize of job (KB)
...
006 (44606754.016.000) 2026-01-26 15:47:23 Image size of job updated: 1975920
	1930  -  MemoryUsage of job (MB)
	1975920  -  ResidentSetSize of job (KB)
...
006 (44606754.016.000) 2026-01-26 15:52:23 Image size of job updated: 1976956
	1931  -  MemoryUsage of job (MB)
	1976956  -  ResidentSetSize of job (KB)
...
006 (44606754.016.000) 2026-01-26 15:57:23 Image size of job updated: 1976960
	1931  -  MemoryUsage of job (MB)
	1976960  -  ResidentSetSize of job (KB)
...
006 (44606754.016.000) 2026-01-26 16:02:24 Image size of job updated: 1977972
	1932  -  MemoryUsage of job (MB)
	1977972  -  ResidentSetSize of job (KB)
...
006 (44606754.016.000) 2026-01-26 16:07:25 Image size of job updated: 1977976
	1932  -  MemoryUsage of job (MB)
	1977976  -  ResidentSetSize of job (KB)
...
006 (44606754.016.000) 2026-01-26 16:12:25 Image size of job updated: 1978984
	1933  -  MemoryUsage of job (MB)
	1978984  -  ResidentSetSize of job (KB)
...
006 (44606754.016.000) 2026-01-26 16:17:26 Image size of job updated: 1978988
	1933  -  MemoryUsage of job (MB)
	1978988  -  ResidentSetSize of job (KB)
...
006 (44606754.016.000) 2026-01-26 16:22:27 Image size of job updated: 1980004
	1934  -  MemoryUsage of job (MB)
	1980004  -  ResidentSetSize of job (KB)
...
006 (44606754.016.000) 2026-01-26 16:27:27 Image size of job updated: 1980012
	1934  -  MemoryUsage of job (MB)
	1980012  -  ResidentSetSize of job (KB)
...
006 (44606754.016.000) 2026-01-26 16:32:28 Image size of job updated: 1981024
	1935  -  MemoryUsage of job (MB)
	1981024  -  ResidentSetSize of job (KB)
...
006 (44606754.016.000) 2026-01-26 16:37:29 Image size of job updated: 1981028
	1935  -  MemoryUsage of job (MB)
	1981028  -  ResidentSetSize of job (KB)
...
006 (44606754.016.000) 2026-01-26 16:42:29 Image size of job updated: 1981032
	1935  -  MemoryUsage of job (MB)
	1981032  -  ResidentSetSize of job (KB)
...
006 (44606754.016.000) 2026-01-26 16:47:29 Image size of job updated: 1982044
	1936  -  MemoryUsage of job (MB)
	1982044  -  ResidentSetSize of job (KB)
...
006 (44606754.016.000) 2026-01-26 16:57:30 Image size of job updated: 1988176
	1942  -  MemoryUsage of job (MB)
	1988176  -  ResidentSetSize of job (KB)
...
006 (44606754.016.000) 2026-01-26 17:07:31 Image size of job updated: 1989188
	1943  -  MemoryUsage of job (MB)
	1989188  -  ResidentSetSize of job (KB)
...
006 (44606754.016.000) 2026-01-26 17:12:32 Image size of job updated: 1989288
	1943  -  MemoryUsage of job (MB)
	1989288  -  ResidentSetSize of job (KB)
...
006 (44606754.016.000) 2026-01-26 17:17:32 Image size of job updated: 1990316
	1944  -  MemoryUsage of job (MB)
	1990316  -  ResidentSetSize of job (KB)
...
006 (44606754.016.000) 2026-01-26 17:22:33 Image size of job updated: 1990328
	1944  -  MemoryUsage of job (MB)
	1990328  -  ResidentSetSize of job (KB)
...
006 (44606754.016.000) 2026-01-26 17:27:34 Image size of job updated: 1991356
	1945  -  MemoryUsage of job (MB)
	1991356  -  ResidentSetSize of job (KB)
...
006 (44606754.016.000) 2026-01-26 17:32:34 Image size of job updated: 1991364
	1945  -  MemoryUsage of job (MB)
	1991364  -  ResidentSetSize of job (KB)
...
006 (44606754.016.000) 2026-01-26 17:37:34 Image size of job updated: 1993400
	1947  -  MemoryUsage of job (MB)
	1993400  -  ResidentSetSize of job (KB)
...
006 (44606754.016.000) 2026-01-26 17:42:35 Image size of job updated: 1994676
	1948  -  MemoryUsage of job (MB)
	1994676  -  ResidentSetSize of job (KB)
...
006 (44606754.016.000) 2026-01-26 17:47:35 Image size of job updated: 1994680
	1948  -  MemoryUsage of job (MB)
	1994680  -  ResidentSetSize of job (KB)
...
006 (44606754.016.000) 2026-01-26 17:52:35 Image size of job updated: 1996732
	1950  -  MemoryUsage of job (MB)
	1996732  -  ResidentSetSize of job (KB)
...
006 (44606754.016.000) 2026-01-26 17:57:36 Image size of job updated: 1996740
	1950  -  MemoryUsage of job (MB)
	1996740  -  ResidentSetSize of job (KB)
...
006 (44606754.016.000) 2026-01-26 18:02:36 Image size of job updated: 1997772
	1951  -  MemoryUsage of job (MB)
	1997772  -  ResidentSetSize of job (KB)
...
006 (44606754.016.000) 2026-01-26 18:07:36 Image size of job updated: 1997896
	1952  -  MemoryUsage of job (MB)
	1997896  -  ResidentSetSize of job (KB)
...
006 (44606754.016.000) 2026-01-26 18:12:37 Image size of job updated: 1998924
	1953  -  MemoryUsage of job (MB)
	1998924  -  ResidentSetSize of job (KB)
...
006 (44606754.016.000) 2026-01-26 18:17:38 Image size of job updated: 1998932
	1953  -  MemoryUsage of job (MB)
	1998932  -  ResidentSetSize of job (KB)
...
006 (44606754.016.000) 2026-01-26 18:22:38 Image size of job updated: 2004160
	1953  -  MemoryUsage of job (MB)
	1998932  -  ResidentSetSize of job (KB)
...
006 (44606754.016.000) 2026-01-26 18:32:40 Image size of job updated: 2005260
	1953  -  MemoryUsage of job (MB)
	1998932  -  ResidentSetSize of job (KB)
...
006 (44606754.016.000) 2026-01-26 18:52:41 Image size of job updated: 2027992
	1953  -  MemoryUsage of job (MB)
	1998932  -  ResidentSetSize of job (KB)
...
006 (44606754.016.000) 2026-01-26 19:01:45 Image size of job updated: 2029180
	1953  -  MemoryUsage of job (MB)
	1998932  -  ResidentSetSize of job (KB)
...
005 (44606754.016.000) 2026-01-26 19:01:46 Job terminated.
	(1) Normal termination (return value 0)
		Usr 12 00:10:28, Sys 0 00:08:17  -  Run Remote Usage
		Usr 0 00:00:00, Sys 0 00:00:00  -  Run Local Usage
		Usr 12 00:10:28, Sys 0 00:08:17  -  Total Remote Usage
		Usr 0 00:00:00, Sys 0 00:00:00  -  Total Local Usage
	0  -  Run Bytes Sent By Job
	0  -  Run Bytes Received By Job
	0  -  Total Bytes Sent By Job
	0  -  Total Bytes Received By Job
	Partitionable Resources :    Usage  Request Allocated 
	   Cpus                 :    12.94        4         4 
	   Disk (KB)            :    10        2000      2048 
	   GPUs                 :                           0 
	   Memory (MB)          :  1953       20000     20096 
	   TimeExecute (s)      : 87699                       
	   TimeSlotBusy (s)     : 87699                       
...
000 (44609834.016.000) 2026-01-29 06:34:03 Job submitted from host: <146.186.150.67:9618?CCBID=10.6.200.15:9618%3fPrivNet%3dGWAVE%26addrs%3d10.6.200.15-9618%26alias%3dligo-ad-01.gwave.ics.psu.edu%26noUDP%26sock%3dcollector#166034&PrivAddr=%3c146.186.150.67:9618%3fsock%3dschedd_323984_a796%3e&PrivNet=GWAVE&addrs=146.186.150.67-9618&alias=ligo-hd-02.gwave.ics.psu.edu&noUDP&sock=schedd_323984_a796>
...
001 (44609834.016.000) 2026-01-29 08:16:55 Job executing on host: <10.136.80.153:9618?alias=comp-ex-0143.gwave.ics.psu.edu&sock=startd_117094_52b1>
	SlotName: slot1_1@comp-ex-0143.gwave.ics.psu.edu
	CondorScratchDir = "/localscratch/condor/execute/dir_3496112"
	Cpus = 4
	Disk = 2048
	GPUs = 0
	Memory = 20096
...
006 (44609834.016.000) 2026-01-29 08:17:03 Image size of job updated: 177292
	174  -  MemoryUsage of job (MB)
	177292  -  ResidentSetSize of job (KB)
...
006 (44609834.016.000) 2026-01-29 08:22:03 Image size of job updated: 372056
	364  -  MemoryUsage of job (MB)
	372056  -  ResidentSetSize of job (KB)
...
006 (44609834.016.000) 2026-01-29 08:27:03 Image size of job updated: 374124
	366  -  MemoryUsage of job (MB)
	374124  -  ResidentSetSize of job (KB)
...
006 (44609834.016.000) 2026-01-29 08:32:04 Image size of job updated: 465812
	455  -  MemoryUsage of job (MB)
	465812  -  ResidentSetSize of job (KB)
...
006 (44609834.016.000) 2026-01-29 08:37:04 Image size of job updated: 466524
	456  -  MemoryUsage of job (MB)
	466524  -  ResidentSetSize of job (KB)
...
006 (44609834.016.000) 2026-01-29 08:42:04 Image size of job updated: 478120
	456  -  MemoryUsage of job (MB)
	466524  -  ResidentSetSize of job (KB)
...
006 (44609834.016.000) 2026-01-29 08:52:06 Image size of job updated: 478120
	463  -  MemoryUsage of job (MB)
	474036  -  ResidentSetSize of job (KB)
...
006 (44609834.016.000) 2026-01-29 08:57:06 Image size of job updated: 478120
	464  -  MemoryUsage of job (MB)
	474776  -  ResidentSetSize of job (KB)
...
006 (44609834.016.000) 2026-01-29 09:02:07 Image size of job updated: 482088
	471  -  MemoryUsage of job (MB)
	482088  -  ResidentSetSize of job (KB)
...
006 (44609834.016.000) 2026-01-29 09:07:08 Image size of job updated: 482292
	471  -  MemoryUsage of job (MB)
	482292  -  ResidentSetSize of job (KB)
...
006 (44609834.016.000) 2026-01-29 09:12:08 Image size of job updated: 494312
	483  -  MemoryUsage of job (MB)
	494312  -  ResidentSetSize of job (KB)
...
006 (44609834.016.000) 2026-01-29 09:17:08 Image size of job updated: 494440
	483  -  MemoryUsage of job (MB)
	494440  -  ResidentSetSize of job (KB)
...
006 (44609834.016.000) 2026-01-29 09:22:09 Image size of job updated: 505896
	495  -  MemoryUsage of job (MB)
	505896  -  ResidentSetSize of job (KB)
...
006 (44609834.016.000) 2026-01-29 09:27:09 Image size of job updated: 505976
	495  -  MemoryUsage of job (MB)
	505976  -  ResidentSetSize of job (KB)
...
006 (44609834.016.000) 2026-01-29 09:32:09 Image size of job updated: 524384
	513  -  MemoryUsage of job (MB)
	524384  -  ResidentSetSize of job (KB)
...
006 (44609834.016.000) 2026-01-29 09:37:10 Image size of job updated: 524524
	513  -  MemoryUsage of job (MB)
	524524  -  ResidentSetSize of job (KB)
...
006 (44609834.016.000) 2026-01-29 09:42:11 Image size of job updated: 526548
	514  -  MemoryUsage of job (MB)
	525612  -  ResidentSetSize of job (KB)
...
006 (44609834.016.000) 2026-01-29 09:47:11 Image size of job updated: 526548
	514  -  MemoryUsage of job (MB)
	525692  -  ResidentSetSize of job (KB)
...
006 (44609834.016.000) 2026-01-29 09:52:12 Image size of job updated: 528744
	517  -  MemoryUsage of job (MB)
	528744  -  ResidentSetSize of job (KB)
...
006 (44609834.016.000) 2026-01-29 09:57:13 Image size of job updated: 528808
	517  -  MemoryUsage of job (MB)
	528808  -  ResidentSetSize of job (KB)
...
006 (44609834.016.000) 2026-01-29 10:02:13 Image size of job updated: 529892
	518  -  MemoryUsage of job (MB)
	529892  -  ResidentSetSize of job (KB)
...
006 (44609834.016.000) 2026-01-29 10:07:13 Image size of job updated: 529912
	518  -  MemoryUsage of job (MB)
	529912  -  ResidentSetSize of job (KB)
...
006 (44609834.016.000) 2026-01-29 10:12:14 Image size of job updated: 531936
	520  -  MemoryUsage of job (MB)
	531936  -  ResidentSetSize of job (KB)
...
006 (44609834.016.000) 2026-01-29 10:17:14 Image size of job updated: 531972
	520  -  MemoryUsage of job (MB)
	531972  -  ResidentSetSize of job (KB)
...
006 (44609834.016.000) 2026-01-29 10:22:14 Image size of job updated: 533040
	521  -  MemoryUsage of job (MB)
	533040  -  ResidentSetSize of job (KB)
...
006 (44609834.016.000) 2026-01-29 10:27:15 Image size of job updated: 533176
	521  -  MemoryUsage of job (MB)
	533176  -  ResidentSetSize of job (KB)
...
006 (44609834.016.000) 2026-01-29 10:32:15 Image size of job updated: 537376
	525  -  MemoryUsage of job (MB)
	537376  -  ResidentSetSize of job (KB)
...
006 (44609834.016.000) 2026-01-29 10:37:15 Image size of job updated: 537520
	525  -  MemoryUsage of job (MB)
	537520  -  ResidentSetSize of job (KB)
...
006 (44609834.016.000) 2026-01-29 10:42:16 Image size of job updated: 540516
	527  -  MemoryUsage of job (MB)
	539508  -  ResidentSetSize of job (KB)
...
006 (44609834.016.000) 2026-01-29 10:47:17 Image size of job updated: 540516
	527  -  MemoryUsage of job (MB)
	539524  -  ResidentSetSize of job (KB)
...
006 (44609834.016.000) 2026-01-29 10:52:17 Image size of job updated: 542044
	530  -  MemoryUsage of job (MB)
	542044  -  ResidentSetSize of job (KB)
...
006 (44609834.016.000) 2026-01-29 10:57:18 Image size of job updated: 542352
	530  -  MemoryUsage of job (MB)
	542352  -  ResidentSetSize of job (KB)
...
006 (44609834.016.000) 2026-01-29 11:02:19 Image size of job updated: 543744
	531  -  MemoryUsage of job (MB)
	543744  -  ResidentSetSize of job (KB)
...
006 (44609834.016.000) 2026-01-29 11:07:19 Image size of job updated: 544388
	532  -  MemoryUsage of job (MB)
	544388  -  ResidentSetSize of job (KB)
...
006 (44609834.016.000) 2026-01-29 11:12:19 Image size of job updated: 544840
	533  -  MemoryUsage of job (MB)
	544840  -  ResidentSetSize of job (KB)
...
006 (44609834.016.000) 2026-01-29 11:17:20 Image size of job updated: 547624
	535  -  MemoryUsage of job (MB)
	547388  -  ResidentSetSize of job (KB)
...
006 (44609834.016.000) 2026-01-29 11:22:20 Image size of job updated: 547792
	535  -  MemoryUsage of job (MB)
	547792  -  ResidentSetSize of job (KB)
...
006 (44609834.016.000) 2026-01-29 11:27:20 Image size of job updated: 550516
	538  -  MemoryUsage of job (MB)
	550516  -  ResidentSetSize of job (KB)
...
006 (44609834.016.000) 2026-01-29 11:32:21 Image size of job updated: 552012
	540  -  MemoryUsage of job (MB)
	552012  -  ResidentSetSize of job (KB)
...
006 (44609834.016.000) 2026-01-29 11:37:22 Image size of job updated: 556136
	544  -  MemoryUsage of job (MB)
	556136  -  ResidentSetSize of job (KB)
...
006 (44609834.016.000) 2026-01-29 11:42:22 Image size of job updated: 556328
	544  -  MemoryUsage of job (MB)
	556328  -  ResidentSetSize of job (KB)
...
006 (44609834.016.000) 2026-01-29 11:47:23 Image size of job updated: 561836
	549  -  MemoryUsage of job (MB)
	561836  -  ResidentSetSize of job (KB)
...
006 (44609834.016.000) 2026-01-29 11:52:24 Image size of job updated: 562176
	549  -  MemoryUsage of job (MB)
	562176  -  ResidentSetSize of job (KB)
...
006 (44609834.016.000) 2026-01-29 11:57:24 Image size of job updated: 565204
	551  -  MemoryUsage of job (MB)
	564212  -  ResidentSetSize of job (KB)
...
006 (44609834.016.000) 2026-01-29 12:02:24 Image size of job updated: 565204
	552  -  MemoryUsage of job (MB)
	564508  -  ResidentSetSize of job (KB)
...
006 (44609834.016.000) 2026-01-29 12:07:25 Image size of job updated: 566620
	554  -  MemoryUsage of job (MB)
	566620  -  ResidentSetSize of job (KB)
...
006 (44609834.016.000) 2026-01-29 12:12:25 Image size of job updated: 566660
	554  -  MemoryUsage of job (MB)
	566660  -  ResidentSetSize of job (KB)
...
006 (44609834.016.000) 2026-01-29 12:17:25 Image size of job updated: 569724
	557  -  MemoryUsage of job (MB)
	569724  -  ResidentSetSize of job (KB)
...
006 (44609834.016.000) 2026-01-29 12:22:26 Image size of job updated: 570084
	557  -  MemoryUsage of job (MB)
	570084  -  ResidentSetSize of job (KB)
...
006 (44609834.016.000) 2026-01-29 12:27:27 Image size of job updated: 577092
	564  -  MemoryUsage of job (MB)
	577092  -  ResidentSetSize of job (KB)
...
006 (44609834.016.000) 2026-01-29 12:32:27 Image size of job updated: 577104
	564  -  MemoryUsage of job (MB)
	577104  -  ResidentSetSize of job (KB)
...
006 (44609834.016.000) 2026-01-29 12:37:28 Image size of job updated: 582272
	569  -  MemoryUsage of job (MB)
	582272  -  ResidentSetSize of job (KB)
...
006 (44609834.016.000) 2026-01-29 12:42:29 Image size of job updated: 582320
	569  -  MemoryUsage of job (MB)
	582320  -  ResidentSetSize of job (KB)
...
006 (44609834.016.000) 2026-01-29 12:47:29 Image size of job updated: 584380
	571  -  MemoryUsage of job (MB)
	584380  -  ResidentSetSize of job (KB)
...
006 (44609834.016.000) 2026-01-29 12:52:30 Image size of job updated: 584420
	571  -  MemoryUsage of job (MB)
	584420  -  ResidentSetSize of job (KB)
...
006 (44609834.016.000) 2026-01-29 12:57:31 Image size of job updated: 586480
	573  -  MemoryUsage of job (MB)
	586480  -  ResidentSetSize of job (KB)
...
006 (44609834.016.000) 2026-01-29 13:02:31 Image size of job updated: 586496
	573  -  MemoryUsage of job (MB)
	586496  -  ResidentSetSize of job (KB)
...
006 (44609834.016.000) 2026-01-29 13:07:31 Image size of job updated: 594216
	578  -  MemoryUsage of job (MB)
	591148  -  ResidentSetSize of job (KB)
...
006 (44609834.016.000) 2026-01-29 13:12:32 Image size of job updated: 594216
	578  -  MemoryUsage of job (MB)
	591312  -  ResidentSetSize of job (KB)
...
006 (44609834.016.000) 2026-01-29 13:17:32 Image size of job updated: 605676
	590  -  MemoryUsage of job (MB)
	603632  -  ResidentSetSize of job (KB)
...
006 (44609834.016.000) 2026-01-29 13:22:32 Image size of job updated: 605676
	590  -  MemoryUsage of job (MB)
	603860  -  ResidentSetSize of job (KB)
...
006 (44609834.016.000) 2026-01-29 13:27:33 Image size of job updated: 616432
	590  -  MemoryUsage of job (MB)
	603860  -  ResidentSetSize of job (KB)
...
006 (44609834.016.000) 2026-01-29 13:37:33 Image size of job updated: 616432
	596  -  MemoryUsage of job (MB)
	610188  -  ResidentSetSize of job (KB)
...
006 (44609834.016.000) 2026-01-29 13:42:34 Image size of job updated: 616432
	596  -  MemoryUsage of job (MB)
	610220  -  ResidentSetSize of job (KB)
...
006 (44609834.016.000) 2026-01-29 13:47:35 Image size of job updated: 616432
	599  -  MemoryUsage of job (MB)
	612508  -  ResidentSetSize of job (KB)
...
006 (44609834.016.000) 2026-01-29 13:52:35 Image size of job updated: 616432
	599  -  MemoryUsage of job (MB)
	612520  -  ResidentSetSize of job (KB)
...
006 (44609834.016.000) 2026-01-29 13:57:36 Image size of job updated: 635876
	621  -  MemoryUsage of job (MB)
	635876  -  ResidentSetSize of job (KB)
...
006 (44609834.016.000) 2026-01-29 14:02:37 Image size of job updated: 635916
	622  -  MemoryUsage of job (MB)
	635916  -  ResidentSetSize of job (KB)
...
006 (44609834.016.000) 2026-01-29 14:07:37 Image size of job updated: 637988
	622  -  MemoryUsage of job (MB)
	635916  -  ResidentSetSize of job (KB)
...
006 (44609834.016.000) 2026-01-29 14:47:41 Image size of job updated: 637988
	622  -  MemoryUsage of job (MB)
	636496  -  ResidentSetSize of job (KB)
...
006 (44609834.016.000) 2026-01-29 14:52:42 Image size of job updated: 637988
	622  -  MemoryUsage of job (MB)
	636548  -  ResidentSetSize of job (KB)
...
006 (44609834.016.000) 2026-01-29 14:57:42 Image size of job updated: 637988
	622  -  MemoryUsage of job (MB)
	636744  -  ResidentSetSize of job (KB)
...
006 (44609834.016.000) 2026-01-29 15:02:42 Image size of job updated: 641808
	626  -  MemoryUsage of job (MB)
	640876  -  ResidentSetSize of job (KB)
...
006 (44609834.016.000) 2026-01-29 15:07:43 Image size of job updated: 641808
	626  -  MemoryUsage of job (MB)
	640888  -  ResidentSetSize of job (KB)
...
006 (44609834.016.000) 2026-01-29 15:12:43 Image size of job updated: 641928
	627  -  MemoryUsage of job (MB)
	641928  -  ResidentSetSize of job (KB)
...
006 (44609834.016.000) 2026-01-29 15:17:43 Image size of job updated: 641940
	627  -  MemoryUsage of job (MB)
	641940  -  ResidentSetSize of job (KB)
...
006 (44609834.016.000) 2026-01-29 15:47:46 Image size of job updated: 642112
	628  -  MemoryUsage of job (MB)
	642112  -  ResidentSetSize of job (KB)
...
006 (44609834.016.000) 2026-01-29 15:52:47 Image size of job updated: 651584
	637  -  MemoryUsage of job (MB)
	651584  -  ResidentSetSize of job (KB)
...
006 (44609834.016.000) 2026-01-29 15:57:48 Image size of job updated: 651660
	637  -  MemoryUsage of job (MB)
	651660  -  ResidentSetSize of job (KB)
...
006 (44609834.016.000) 2026-01-29 16:02:48 Image size of job updated: 651748
	637  -  MemoryUsage of job (MB)
	651676  -  ResidentSetSize of job (KB)
...
006 (44609834.016.000) 2026-01-29 16:07:49 Image size of job updated: 651752
	637  -  MemoryUsage of job (MB)
	651752  -  ResidentSetSize of job (KB)
...
006 (44609834.016.000) 2026-01-29 16:12:50 Image size of job updated: 655144
	640  -  MemoryUsage of job (MB)
	655144  -  ResidentSetSize of job (KB)
...
006 (44609834.016.000) 2026-01-29 16:17:50 Image size of job updated: 655264
	640  -  MemoryUsage of job (MB)
	655264  -  ResidentSetSize of job (KB)
...
006 (44609834.016.000) 2026-01-29 16:22:50 Image size of job updated: 657256
	641  -  MemoryUsage of job (MB)
	656236  -  ResidentSetSize of job (KB)
...
006 (44609834.016.000) 2026-01-29 16:27:51 Image size of job updated: 657256
	641  -  MemoryUsage of job (MB)
	656252  -  ResidentSetSize of job (KB)
...
006 (44609834.016.000) 2026-01-29 16:32:51 Image size of job updated: 659524
	645  -  MemoryUsage of job (MB)
	659524  -  ResidentSetSize of job (KB)
...
006 (44609834.016.000) 2026-01-29 16:37:51 Image size of job updated: 663580
	649  -  MemoryUsage of job (MB)
	663580  -  ResidentSetSize of job (KB)
...
006 (44609834.016.000) 2026-01-29 16:42:52 Image size of job updated: 819828
	801  -  MemoryUsage of job (MB)
	819828  -  ResidentSetSize of job (KB)
...
006 (44609834.016.000) 2026-01-29 16:47:52 Image size of job updated: 1014652
	991  -  MemoryUsage of job (MB)
	1014652  -  ResidentSetSize of job (KB)
...
006 (44609834.016.000) 2026-01-29 16:52:52 Image size of job updated: 1236348
	1208  -  MemoryUsage of job (MB)
	1236348  -  ResidentSetSize of job (KB)
...
006 (44609834.016.000) 2026-01-29 16:57:53 Image size of job updated: 1458852
	1425  -  MemoryUsage of job (MB)
	1458852  -  ResidentSetSize of job (KB)
...
006 (44609834.016.000) 2026-01-29 17:02:54 Image size of job updated: 1677480
	1639  -  MemoryUsage of job (MB)
	1677480  -  ResidentSetSize of job (KB)
...
006 (44609834.016.000) 2026-01-29 17:07:54 Image size of job updated: 1831668
	1789  -  MemoryUsage of job (MB)
	1831668  -  ResidentSetSize of job (KB)
...
006 (44609834.016.000) 2026-01-29 17:12:55 Image size of job updated: 1851400
	1792  -  MemoryUsage of job (MB)
	1834812  -  ResidentSetSize of job (KB)
...
006 (44609834.016.000) 2026-01-29 17:17:56 Image size of job updated: 1851400
	1792  -  MemoryUsage of job (MB)
	1834828  -  ResidentSetSize of job (KB)
...
006 (44609834.016.000) 2026-01-29 17:22:56 Image size of job updated: 1851400
	1795  -  MemoryUsage of job (MB)
	1837144  -  ResidentSetSize of job (KB)
...
006 (44609834.016.000) 2026-01-29 17:27:56 Image size of job updated: 1851400
	1795  -  MemoryUsage of job (MB)
	1837156  -  ResidentSetSize of job (KB)
...
006 (44609834.016.000) 2026-01-29 17:32:57 Image size of job updated: 1851400
	1797  -  MemoryUsage of job (MB)
	1839936  -  ResidentSetSize of job (KB)
...
006 (44609834.016.000) 2026-01-29 17:37:57 Image size of job updated: 1851400
	1797  -  MemoryUsage of job (MB)
	1840076  -  ResidentSetSize of job (KB)
...
006 (44609834.016.000) 2026-01-29 17:42:57 Image size of job updated: 1851400
	1797  -  MemoryUsage of job (MB)
	1840088  -  ResidentSetSize of job (KB)
...
006 (44609834.016.000) 2026-01-29 17:47:58 Image size of job updated: 1851984
	1799  -  MemoryUsage of job (MB)
	1842152  -  ResidentSetSize of job (KB)
...
006 (44609834.016.000) 2026-01-29 17:52:59 Image size of job updated: 1851984
	1799  -  MemoryUsage of job (MB)
	1842168  -  ResidentSetSize of job (KB)
...
006 (44609834.016.000) 2026-01-29 17:57:59 Image size of job updated: 1865544
	1822  -  MemoryUsage of job (MB)
	1865544  -  ResidentSetSize of job (KB)
...
006 (44609834.016.000) 2026-01-29 18:03:00 Image size of job updated: 1865560
	1822  -  MemoryUsage of job (MB)
	1865560  -  ResidentSetSize of job (KB)
...
006 (44609834.016.000) 2026-01-29 18:08:01 Image size of job updated: 1869600
	1822  -  MemoryUsage of job (MB)
	1865560  -  ResidentSetSize of job (KB)
...
006 (44609834.016.000) 2026-01-29 18:18:01 Image size of job updated: 1873772
	1830  -  MemoryUsage of job (MB)
	1873772  -  ResidentSetSize of job (KB)
...
006 (44609834.016.000) 2026-01-29 18:23:02 Image size of job updated: 1873820
	1830  -  MemoryUsage of job (MB)
	1873820  -  ResidentSetSize of job (KB)
...
006 (44609834.016.000) 2026-01-29 18:28:02 Image size of job updated: 1875976
	1833  -  MemoryUsage of job (MB)
	1875976  -  ResidentSetSize of job (KB)
...
006 (44609834.016.000) 2026-01-29 18:33:02 Image size of job updated: 1875996
	1833  -  MemoryUsage of job (MB)
	1875996  -  ResidentSetSize of job (KB)
...
006 (44609834.016.000) 2026-01-29 18:38:03 Image size of job updated: 1883748
	1840  -  MemoryUsage of job (MB)
	1883748  -  ResidentSetSize of job (KB)
...
006 (44609834.016.000) 2026-01-29 18:43:04 Image size of job updated: 1883824
	1840  -  MemoryUsage of job (MB)
	1883824  -  ResidentSetSize of job (KB)
...
006 (44609834.016.000) 2026-01-29 18:48:04 Image size of job updated: 1885932
	1842  -  MemoryUsage of job (MB)
	1885596  -  ResidentSetSize of job (KB)
...
006 (44609834.016.000) 2026-01-29 18:53:05 Image size of job updated: 1885932
	1842  -  MemoryUsage of job (MB)
	1885620  -  ResidentSetSize of job (KB)
...
006 (44609834.016.000) 2026-01-29 18:58:06 Image size of job updated: 1888936
	1845  -  MemoryUsage of job (MB)
	1888936  -  ResidentSetSize of job (KB)
...
006 (44609834.016.000) 2026-01-29 19:03:06 Image size of job updated: 1888956
	1845  -  MemoryUsage of job (MB)
	1888956  -  ResidentSetSize of job (KB)
...
006 (44609834.016.000) 2026-01-29 19:08:06 Image size of job updated: 1947788
	1860  -  MemoryUsage of job (MB)
	1903820  -  ResidentSetSize of job (KB)
...
005 (44609834.016.000) 2026-01-29 19:08:43 Job terminated.
	(1) Normal termination (return value 0)
		Usr 5 15:53:02, Sys 0 00:03:59  -  Run Remote Usage
		Usr 0 00:00:00, Sys 0 00:00:00  -  Run Local Usage
		Usr 5 15:53:02, Sys 0 00:03:59  -  Total Remote Usage
		Usr 0 00:00:00, Sys 0 00:00:00  -  Total Local Usage
	0  -  Run Bytes Sent By Job
	0  -  Run Bytes Received By Job
	0  -  Total Bytes Sent By Job
	0  -  Total Bytes Received By Job
	Partitionable Resources :    Usage  Request Allocated 
	   Cpus                 :    13.95        4         4 
	   Disk (KB)            :    10        2000      2048 
	   GPUs                 :                           0 
	   Memory (MB)          :  1860       20000     20096 
	   TimeExecute (s)      : 39108                       
	   TimeSlotBusy (s)     : 39109                       
...
000 (44646995.016.000) 2026-02-05 14:35:11 Job submitted from host: <146.186.150.67:9618?CCBID=10.6.200.15:9618%3fPrivNet%3dGWAVE%26addrs%3d10.6.200.15-9618%26alias%3dligo-ad-01.gwave.ics.psu.edu%26noUDP%26sock%3dcollector#166034&PrivAddr=%3c146.186.150.67:9618%3fsock%3dschedd_323984_a796%3e&PrivNet=GWAVE&addrs=146.186.150.67-9618&alias=ligo-hd-02.gwave.ics.psu.edu&noUDP&sock=schedd_323984_a796>
...
001 (44646995.016.000) 2026-02-05 14:39:08 Job executing on host: <10.136.80.212:9618?alias=comp-ex-0202.gwave.ics.psu.edu&sock=startd_120776_de67>
	SlotName: slot1_1@comp-ex-0202.gwave.ics.psu.edu
	CondorScratchDir = "/localscratch/condor/execute/dir_1354305"
	Cpus = 4
	Disk = 2048
	GPUs = 0
	Memory = 20096
...
006 (44646995.016.000) 2026-02-05 14:39:16 Image size of job updated: 175900
	172  -  MemoryUsage of job (MB)
	175900  -  ResidentSetSize of job (KB)
...
006 (44646995.016.000) 2026-02-05 14:39:48 Image size of job updated: 477420
	172  -  MemoryUsage of job (MB)
	175900  -  ResidentSetSize of job (KB)
...
005 (44646995.016.000) 2026-02-05 14:39:48 Job terminated.
	(1) Normal termination (return value 0)
		Usr 0 00:00:39, Sys 0 00:00:02  -  Run Remote Usage
		Usr 0 00:00:00, Sys 0 00:00:00  -  Run Local Usage
		Usr 0 00:00:39, Sys 0 00:00:02  -  Total Remote Usage
		Usr 0 00:00:00, Sys 0 00:00:00  -  Total Local Usage
	0  -  Run Bytes Sent By Job
	0  -  Run Bytes Received By Job
	0  -  Total Bytes Sent By Job
	0  -  Total Bytes Received By Job
	Partitionable Resources :    Usage  Request Allocated 
	   Cpus                 :     1.09        4         4 
	   Disk (KB)            :    10        2000      2048 
	   GPUs                 :                           0 
	   Memory (MB)          :   172       20000     20096 
	   TimeExecute (s)      :    40                       
	   TimeSlotBusy (s)     :    41                       
...
000 (44647283.016.000) 2026-02-05 23:40:05 Job submitted from host: <146.186.150.67:9618?CCBID=10.6.200.15:9618%3fPrivNet%3dGWAVE%26addrs%3d10.6.200.15-9618%26alias%3dligo-ad-01.gwave.ics.psu.edu%26noUDP%26sock%3dcollector#166034&PrivAddr=%3c146.186.150.67:9618%3fsock%3dschedd_323984_a796%3e&PrivNet=GWAVE&addrs=146.186.150.67-9618&alias=ligo-hd-02.gwave.ics.psu.edu&noUDP&sock=schedd_323984_a796>
...
009 (44647283.016.000) 2026-02-07 02:17:36 Job was aborted.
	via condor_rm (by user pratyusava.baral)
...
000 (44647698.016.000) 2026-02-07 02:25:57 Job submitted from host: <146.186.150.67:9618?CCBID=10.6.200.15:9618%3fPrivNet%3dGWAVE%26addrs%3d10.6.200.15-9618%26alias%3dligo-ad-01.gwave.ics.psu.edu%26noUDP%26sock%3dcollector#166034&PrivAddr=%3c146.186.150.67:9618%3fsock%3dschedd_323984_a796%3e&PrivNet=GWAVE&addrs=146.186.150.67-9618&alias=ligo-hd-02.gwave.ics.psu.edu&noUDP&sock=schedd_323984_a796>
...
001 (44647698.016.000) 2026-02-08 15:04:09 Job executing on host: <10.136.80.213:9618?alias=comp-ex-0203.gwave.ics.psu.edu&sock=startd_120883_4309>
	SlotName: slot1_8@comp-ex-0203.gwave.ics.psu.edu
	CondorScratchDir = "/localscratch/condor/execute/dir_2871465"
	Cpus = 4
	Disk = 2048
	GPUs = 0
	Memory = 20096
...
006 (44647698.016.000) 2026-02-08 15:04:18 Image size of job updated: 184532
	181  -  MemoryUsage of job (MB)
	184532  -  ResidentSetSize of job (KB)
...
006 (44647698.016.000) 2026-02-08 15:09:19 Image size of job updated: 374012
	366  -  MemoryUsage of job (MB)
	374012  -  ResidentSetSize of job (KB)
...
006 (44647698.016.000) 2026-02-08 15:14:20 Image size of job updated: 375624
	367  -  MemoryUsage of job (MB)
	375624  -  ResidentSetSize of job (KB)
...
006 (44647698.016.000) 2026-02-08 15:19:20 Image size of job updated: 479732
	469  -  MemoryUsage of job (MB)
	479732  -  ResidentSetSize of job (KB)
...
006 (44647698.016.000) 2026-02-08 15:24:21 Image size of job updated: 608748
	595  -  MemoryUsage of job (MB)
	608748  -  ResidentSetSize of job (KB)
...
006 (44647698.016.000) 2026-02-08 15:29:22 Image size of job updated: 854984
	835  -  MemoryUsage of job (MB)
	854984  -  ResidentSetSize of job (KB)
...
006 (44647698.016.000) 2026-02-08 15:34:22 Image size of job updated: 1060280
	1036  -  MemoryUsage of job (MB)
	1060280  -  ResidentSetSize of job (KB)
...
006 (44647698.016.000) 2026-02-08 15:39:23 Image size of job updated: 1199940
	1172  -  MemoryUsage of job (MB)
	1199940  -  ResidentSetSize of job (KB)
...
006 (44647698.016.000) 2026-02-08 15:44:24 Image size of job updated: 1309892
	1280  -  MemoryUsage of job (MB)
	1309892  -  ResidentSetSize of job (KB)
...
006 (44647698.016.000) 2026-02-08 15:49:24 Image size of job updated: 1342676
	1312  -  MemoryUsage of job (MB)
	1342676  -  ResidentSetSize of job (KB)
...
006 (44647698.016.000) 2026-02-08 15:54:25 Image size of job updated: 1565328
	1529  -  MemoryUsage of job (MB)
	1565328  -  ResidentSetSize of job (KB)
...
006 (44647698.016.000) 2026-02-08 15:59:26 Image size of job updated: 1715144
	1675  -  MemoryUsage of job (MB)
	1715144  -  ResidentSetSize of job (KB)
...
006 (44647698.016.000) 2026-02-08 16:04:26 Image size of job updated: 1743768
	1703  -  MemoryUsage of job (MB)
	1743768  -  ResidentSetSize of job (KB)
...
006 (44647698.016.000) 2026-02-08 16:09:27 Image size of job updated: 1743808
	1703  -  MemoryUsage of job (MB)
	1743808  -  ResidentSetSize of job (KB)
...
006 (44647698.016.000) 2026-02-08 16:14:28 Image size of job updated: 1743812
	1703  -  MemoryUsage of job (MB)
	1743812  -  ResidentSetSize of job (KB)
...
006 (44647698.016.000) 2026-02-08 16:19:28 Image size of job updated: 1743816
	1703  -  MemoryUsage of job (MB)
	1743812  -  ResidentSetSize of job (KB)
...
006 (44647698.016.000) 2026-02-08 16:39:31 Image size of job updated: 1745084
	1705  -  MemoryUsage of job (MB)
	1745084  -  ResidentSetSize of job (KB)
...
006 (44647698.016.000) 2026-02-08 16:44:32 Image size of job updated: 1745088
	1705  -  MemoryUsage of job (MB)
	1745088  -  ResidentSetSize of job (KB)
...
006 (44647698.016.000) 2026-02-08 16:49:32 Image size of job updated: 1748020
	1708  -  MemoryUsage of job (MB)
	1748020  -  ResidentSetSize of job (KB)
...
006 (44647698.016.000) 2026-02-08 16:54:33 Image size of job updated: 1748032
	1708  -  MemoryUsage of job (MB)
	1748032  -  ResidentSetSize of job (KB)
...
006 (44647698.016.000) 2026-02-08 16:59:34 Image size of job updated: 1748148
	1708  -  MemoryUsage of job (MB)
	1748148  -  ResidentSetSize of job (KB)
...
006 (44647698.016.000) 2026-02-08 17:04:34 Image size of job updated: 1748156
	1708  -  MemoryUsage of job (MB)
	1748156  -  ResidentSetSize of job (KB)
...
006 (44647698.016.000) 2026-02-08 17:09:34 Image size of job updated: 1763080
	1721  -  MemoryUsage of job (MB)
	1762080  -  ResidentSetSize of job (KB)
...
006 (44647698.016.000) 2026-02-08 17:14:35 Image size of job updated: 1763080
	1721  -  MemoryUsage of job (MB)
	1762096  -  ResidentSetSize of job (KB)
...
006 (44647698.016.000) 2026-02-08 17:19:35 Image size of job updated: 1763628
	1723  -  MemoryUsage of job (MB)
	1763628  -  ResidentSetSize of job (KB)
...
006 (44647698.016.000) 2026-02-08 17:24:35 Image size of job updated: 1763672
	1723  -  MemoryUsage of job (MB)
	1763672  -  ResidentSetSize of job (KB)
...
006 (44647698.016.000) 2026-02-08 17:29:36 Image size of job updated: 1763692
	1723  -  MemoryUsage of job (MB)
	1763692  -  ResidentSetSize of job (KB)
...
006 (44647698.016.000) 2026-02-08 17:34:36 Image size of job updated: 1781372
	1738  -  MemoryUsage of job (MB)
	1779360  -  ResidentSetSize of job (KB)
...
006 (44647698.016.000) 2026-02-08 17:39:36 Image size of job updated: 1781372
	1738  -  MemoryUsage of job (MB)
	1779380  -  ResidentSetSize of job (KB)
...
006 (44647698.016.000) 2026-02-08 17:44:37 Image size of job updated: 1782264
	1740  -  MemoryUsage of job (MB)
	1781304  -  ResidentSetSize of job (KB)
...
006 (44647698.016.000) 2026-02-08 17:49:38 Image size of job updated: 1782264
	1740  -  MemoryUsage of job (MB)
	1781324  -  ResidentSetSize of job (KB)
...
006 (44647698.016.000) 2026-02-08 17:54:38 Image size of job updated: 1782512
	1740  -  MemoryUsage of job (MB)
	1781528  -  ResidentSetSize of job (KB)
...
006 (44647698.016.000) 2026-02-08 17:59:39 Image size of job updated: 1782512
	1740  -  MemoryUsage of job (MB)
	1781556  -  ResidentSetSize of job (KB)
...
006 (44647698.016.000) 2026-02-08 18:04:40 Image size of job updated: 1786188
	1744  -  MemoryUsage of job (MB)
	1785232  -  ResidentSetSize of job (KB)
...
006 (44647698.016.000) 2026-02-08 18:09:40 Image size of job updated: 1786188
	1744  -  MemoryUsage of job (MB)
	1785252  -  ResidentSetSize of job (KB)
...
006 (44647698.016.000) 2026-02-08 18:14:40 Image size of job updated: 1792564
	1751  -  MemoryUsage of job (MB)
	1792564  -  ResidentSetSize of job (KB)
...
006 (44647698.016.000) 2026-02-08 18:19:41 Image size of job updated: 1792580
	1751  -  MemoryUsage of job (MB)
	1792580  -  ResidentSetSize of job (KB)
...
006 (44647698.016.000) 2026-02-08 18:24:41 Image size of job updated: 1797396
	1756  -  MemoryUsage of job (MB)
	1797396  -  ResidentSetSize of job (KB)
...
006 (44647698.016.000) 2026-02-08 18:29:41 Image size of job updated: 1797408
	1756  -  MemoryUsage of job (MB)
	1797408  -  ResidentSetSize of job (KB)
...
006 (44647698.016.000) 2026-02-08 18:34:42 Image size of job updated: 1798480
	1757  -  MemoryUsage of job (MB)
	1798440  -  ResidentSetSize of job (KB)
...
006 (44647698.016.000) 2026-02-08 18:39:42 Image size of job updated: 1798480
	1757  -  MemoryUsage of job (MB)
	1798452  -  ResidentSetSize of job (KB)
...
006 (44647698.016.000) 2026-02-08 18:44:42 Image size of job updated: 1800660
	1759  -  MemoryUsage of job (MB)
	1800660  -  ResidentSetSize of job (KB)
...
006 (44647698.016.000) 2026-02-08 18:49:43 Image size of job updated: 1800708
	1759  -  MemoryUsage of job (MB)
	1800708  -  ResidentSetSize of job (KB)
...
006 (44647698.016.000) 2026-02-08 18:54:43 Image size of job updated: 1803576
	1762  -  MemoryUsage of job (MB)
	1803576  -  ResidentSetSize of job (KB)
...
006 (44647698.016.000) 2026-02-08 18:59:43 Image size of job updated: 1803588
	1762  -  MemoryUsage of job (MB)
	1803588  -  ResidentSetSize of job (KB)
...
006 (44647698.016.000) 2026-02-08 19:04:44 Image size of job updated: 1805616
	1764  -  MemoryUsage of job (MB)
	1805616  -  ResidentSetSize of job (KB)
...
006 (44647698.016.000) 2026-02-08 19:09:45 Image size of job updated: 1805632
	1764  -  MemoryUsage of job (MB)
	1805632  -  ResidentSetSize of job (KB)
...
006 (44647698.016.000) 2026-02-08 19:14:45 Image size of job updated: 1808676
	1767  -  MemoryUsage of job (MB)
	1808676  -  ResidentSetSize of job (KB)
...
006 (44647698.016.000) 2026-02-08 19:19:46 Image size of job updated: 1808688
	1767  -  MemoryUsage of job (MB)
	1808688  -  ResidentSetSize of job (KB)
...
006 (44647698.016.000) 2026-02-08 19:24:47 Image size of job updated: 1826616
	1784  -  MemoryUsage of job (MB)
	1826616  -  ResidentSetSize of job (KB)
...
006 (44647698.016.000) 2026-02-08 19:29:47 Image size of job updated: 1827004
	1785  -  MemoryUsage of job (MB)
	1827004  -  ResidentSetSize of job (KB)
...
006 (44647698.016.000) 2026-02-08 19:34:48 Image size of job updated: 1838388
	1796  -  MemoryUsage of job (MB)
	1838372  -  ResidentSetSize of job (KB)
...
006 (44647698.016.000) 2026-02-08 19:39:49 Image size of job updated: 1838388
	1796  -  MemoryUsage of job (MB)
	1838388  -  ResidentSetSize of job (KB)
...
006 (44647698.016.000) 2026-02-08 19:44:49 Image size of job updated: 1839544
	1797  -  MemoryUsage of job (MB)
	1839544  -  ResidentSetSize of job (KB)
...
006 (44647698.016.000) 2026-02-08 19:49:50 Image size of job updated: 1839560
	1797  -  MemoryUsage of job (MB)
	1839560  -  ResidentSetSize of job (KB)
...
006 (44647698.016.000) 2026-02-08 19:54:51 Image size of job updated: 1841628
	1799  -  MemoryUsage of job (MB)
	1841628  -  ResidentSetSize of job (KB)
...
006 (44647698.016.000) 2026-02-08 19:59:51 Image size of job updated: 1841644
	1799  -  MemoryUsage of job (MB)
	1841644  -  ResidentSetSize of job (KB)
...
006 (44647698.016.000) 2026-02-08 20:04:51 Image size of job updated: 1845524
	1803  -  MemoryUsage of job (MB)
	1845524  -  ResidentSetSize of job (KB)
...
006 (44647698.016.000) 2026-02-08 20:09:52 Image size of job updated: 1845564
	1803  -  MemoryUsage of job (MB)
	1845564  -  ResidentSetSize of job (KB)
...
006 (44647698.016.000) 2026-02-08 20:14:52 Image size of job updated: 1863556
	1820  -  MemoryUsage of job (MB)
	1863556  -  ResidentSetSize of job (KB)
...
006 (44647698.016.000) 2026-02-08 20:19:52 Image size of job updated: 1863572
	1820  -  MemoryUsage of job (MB)
	1863572  -  ResidentSetSize of job (KB)
...
006 (44647698.016.000) 2026-02-08 20:24:53 Image size of job updated: 1866764
	1822  -  MemoryUsage of job (MB)
	1865284  -  ResidentSetSize of job (KB)
...
006 (44647698.016.000) 2026-02-08 20:29:53 Image size of job updated: 1866764
	1822  -  MemoryUsage of job (MB)
	1865328  -  ResidentSetSize of job (KB)
...
006 (44647698.016.000) 2026-02-08 20:34:53 Image size of job updated: 1868200
	1825  -  MemoryUsage of job (MB)
	1868200  -  ResidentSetSize of job (KB)
...
006 (44647698.016.000) 2026-02-08 20:39:54 Image size of job updated: 1868212
	1825  -  MemoryUsage of job (MB)
	1868212  -  ResidentSetSize of job (KB)
...
006 (44647698.016.000) 2026-02-08 20:44:54 Image size of job updated: 1870496
	1827  -  MemoryUsage of job (MB)
	1870496  -  ResidentSetSize of job (KB)
...
006 (44647698.016.000) 2026-02-08 20:49:54 Image size of job updated: 1870512
	1827  -  MemoryUsage of job (MB)
	1870512  -  ResidentSetSize of job (KB)
...
006 (44647698.016.000) 2026-02-08 20:54:55 Image size of job updated: 1873468
	1830  -  MemoryUsage of job (MB)
	1873468  -  ResidentSetSize of job (KB)
...
006 (44647698.016.000) 2026-02-08 20:59:56 Image size of job updated: 1873516
	1830  -  MemoryUsage of job (MB)
	1873516  -  ResidentSetSize of job (KB)
...
006 (44647698.016.000) 2026-02-08 21:04:56 Image size of job updated: 1873532
	1830  -  MemoryUsage of job (MB)
	1873532  -  ResidentSetSize of job (KB)
...
006 (44647698.016.000) 2026-02-08 21:09:57 Image size of job updated: 1875544
	1831  -  MemoryUsage of job (MB)
	1874548  -  ResidentSetSize of job (KB)
...
006 (44647698.016.000) 2026-02-08 21:14:58 Image size of job updated: 1875544
	1831  -  MemoryUsage of job (MB)
	1874564  -  ResidentSetSize of job (KB)
...
006 (44647698.016.000) 2026-02-08 21:19:58 Image size of job updated: 1877652
	1834  -  MemoryUsage of job (MB)
	1877652  -  ResidentSetSize of job (KB)
...
006 (44647698.016.000) 2026-02-08 21:24:59 Image size of job updated: 1877664
	1834  -  MemoryUsage of job (MB)
	1877664  -  ResidentSetSize of job (KB)
...
006 (44647698.016.000) 2026-02-08 21:30:00 Image size of job updated: 1896332
	1852  -  MemoryUsage of job (MB)
	1896332  -  ResidentSetSize of job (KB)
...
006 (44647698.016.000) 2026-02-08 21:35:00 Image size of job updated: 1896440
	1852  -  MemoryUsage of job (MB)
	1896440  -  ResidentSetSize of job (KB)
...
006 (44647698.016.000) 2026-02-08 21:40:01 Image size of job updated: 1898636
	1855  -  MemoryUsage of job (MB)
	1898624  -  ResidentSetSize of job (KB)
...
006 (44647698.016.000) 2026-02-08 21:45:02 Image size of job updated: 1898640
	1855  -  MemoryUsage of job (MB)
	1898640  -  ResidentSetSize of job (KB)
...
006 (44647698.016.000) 2026-02-08 21:50:02 Image size of job updated: 1900736
	1855  -  MemoryUsage of job (MB)
	1898732  -  ResidentSetSize of job (KB)
...
006 (44647698.016.000) 2026-02-08 21:55:02 Image size of job updated: 1900736
	1855  -  MemoryUsage of job (MB)
	1898744  -  ResidentSetSize of job (KB)
...
006 (44647698.016.000) 2026-02-08 22:00:03 Image size of job updated: 1902156
	1858  -  MemoryUsage of job (MB)
	1902156  -  ResidentSetSize of job (KB)
...
006 (44647698.016.000) 2026-02-08 22:05:03 Image size of job updated: 1902168
	1858  -  MemoryUsage of job (MB)
	1902168  -  ResidentSetSize of job (KB)
...
006 (44647698.016.000) 2026-02-08 22:10:03 Image size of job updated: 1905396
	1861  -  MemoryUsage of job (MB)
	1905396  -  ResidentSetSize of job (KB)
...
006 (44647698.016.000) 2026-02-08 22:15:04 Image size of job updated: 1905420
	1861  -  MemoryUsage of job (MB)
	1905420  -  ResidentSetSize of job (KB)
...
006 (44647698.016.000) 2026-02-08 22:20:05 Image size of job updated: 1907616
	1863  -  MemoryUsage of job (MB)
	1907616  -  ResidentSetSize of job (KB)
...
006 (44647698.016.000) 2026-02-08 22:25:05 Image size of job updated: 1907736
	1864  -  MemoryUsage of job (MB)
	1907736  -  ResidentSetSize of job (KB)
...
006 (44647698.016.000) 2026-02-08 22:30:06 Image size of job updated: 1914048
	1870  -  MemoryUsage of job (MB)
	1914048  -  ResidentSetSize of job (KB)
...
006 (44647698.016.000) 2026-02-08 22:35:07 Image size of job updated: 1914060
	1870  -  MemoryUsage of job (MB)
	1914060  -  ResidentSetSize of job (KB)
...
006 (44647698.016.000) 2026-02-08 22:40:07 Image size of job updated: 1916088
	1872  -  MemoryUsage of job (MB)
	1916088  -  ResidentSetSize of job (KB)
...
006 (44647698.016.000) 2026-02-08 22:45:07 Image size of job updated: 1916104
	1872  -  MemoryUsage of job (MB)
	1916104  -  ResidentSetSize of job (KB)
...
006 (44647698.016.000) 2026-02-08 22:50:08 Image size of job updated: 1918260
	1874  -  MemoryUsage of job (MB)
	1918260  -  ResidentSetSize of job (KB)
...
006 (44647698.016.000) 2026-02-08 22:55:08 Image size of job updated: 1918268
	1874  -  MemoryUsage of job (MB)
	1918268  -  ResidentSetSize of job (KB)
...
006 (44647698.016.000) 2026-02-08 23:00:08 Image size of job updated: 1921176
	1877  -  MemoryUsage of job (MB)
	1921176  -  ResidentSetSize of job (KB)
...
006 (44647698.016.000) 2026-02-08 23:05:09 Image size of job updated: 1921192
	1877  -  MemoryUsage of job (MB)
	1921192  -  ResidentSetSize of job (KB)
...
006 (44647698.016.000) 2026-02-08 23:10:10 Image size of job updated: 1923224
	1879  -  MemoryUsage of job (MB)
	1923224  -  ResidentSetSize of job (KB)
...
006 (44647698.016.000) 2026-02-08 23:15:10 Image size of job updated: 1923236
	1879  -  MemoryUsage of job (MB)
	1923236  -  ResidentSetSize of job (KB)
...
006 (44647698.016.000) 2026-02-08 23:20:11 Image size of job updated: 1926380
	1880  -  MemoryUsage of job (MB)
	1924336  -  ResidentSetSize of job (KB)
...
006 (44647698.016.000) 2026-02-08 23:25:12 Image size of job updated: 1926380
	1880  -  MemoryUsage of job (MB)
	1924416  -  ResidentSetSize of job (KB)
...
006 (44647698.016.000) 2026-02-08 23:30:12 Image size of job updated: 1927456
	1883  -  MemoryUsage of job (MB)
	1927456  -  ResidentSetSize of job (KB)
...
006 (44647698.016.000) 2026-02-08 23:35:13 Image size of job updated: 1927468
	1883  -  MemoryUsage of job (MB)
	1927468  -  ResidentSetSize of job (KB)
...
006 (44647698.016.000) 2026-02-08 23:40:14 Image size of job updated: 1930596
	1884  -  MemoryUsage of job (MB)
	1928552  -  ResidentSetSize of job (KB)
...
006 (44647698.016.000) 2026-02-08 23:45:14 Image size of job updated: 1930596
	1884  -  MemoryUsage of job (MB)
	1928564  -  ResidentSetSize of job (KB)
...
006 (44647698.016.000) 2026-02-08 23:50:14 Image size of job updated: 1932164
	1887  -  MemoryUsage of job (MB)
	1932164  -  ResidentSetSize of job (KB)
...
006 (44647698.016.000) 2026-02-08 23:55:15 Image size of job updated: 1932176
	1887  -  MemoryUsage of job (MB)
	1932176  -  ResidentSetSize of job (KB)
...
006 (44647698.016.000) 2026-02-09 00:00:15 Image size of job updated: 1934808
	1889  -  MemoryUsage of job (MB)
	1933780  -  ResidentSetSize of job (KB)
...
006 (44647698.016.000) 2026-02-09 00:05:15 Image size of job updated: 1934808
	1889  -  MemoryUsage of job (MB)
	1933792  -  ResidentSetSize of job (KB)
...
006 (44647698.016.000) 2026-02-09 00:10:16 Image size of job updated: 1937392
	1892  -  MemoryUsage of job (MB)
	1937392  -  ResidentSetSize of job (KB)
...
006 (44647698.016.000) 2026-02-09 00:15:16 Image size of job updated: 1937408
	1892  -  MemoryUsage of job (MB)
	1937408  -  ResidentSetSize of job (KB)
...
006 (44647698.016.000) 2026-02-09 00:20:16 Image size of job updated: 1939036
	1894  -  MemoryUsage of job (MB)
	1939036  -  ResidentSetSize of job (KB)
...
006 (44647698.016.000) 2026-02-09 00:25:17 Image size of job updated: 1939920
	1895  -  MemoryUsage of job (MB)
	1939920  -  ResidentSetSize of job (KB)
...
006 (44647698.016.000) 2026-02-09 00:30:18 Image size of job updated: 1939932
	1895  -  MemoryUsage of job (MB)
	1939932  -  ResidentSetSize of job (KB)
...
006 (44647698.016.000) 2026-02-09 00:35:18 Image size of job updated: 1941400
	1896  -  MemoryUsage of job (MB)
	1941400  -  ResidentSetSize of job (KB)
...
006 (44647698.016.000) 2026-02-09 00:40:19 Image size of job updated: 1941412
	1896  -  MemoryUsage of job (MB)
	1941412  -  ResidentSetSize of job (KB)
...
006 (44647698.016.000) 2026-02-09 00:45:20 Image size of job updated: 1944928
	1899  -  MemoryUsage of job (MB)
	1943916  -  ResidentSetSize of job (KB)
...
006 (44647698.016.000) 2026-02-09 00:50:20 Image size of job updated: 1944928
	1899  -  MemoryUsage of job (MB)
	1943928  -  ResidentSetSize of job (KB)
...
006 (44647698.016.000) 2026-02-09 00:55:21 Image size of job updated: 1946288
	1901  -  MemoryUsage of job (MB)
	1946096  -  ResidentSetSize of job (KB)
...
006 (44647698.016.000) 2026-02-09 01:00:22 Image size of job updated: 1946288
	1901  -  MemoryUsage of job (MB)
	1946104  -  ResidentSetSize of job (KB)
...
006 (44647698.016.000) 2026-02-09 01:05:22 Image size of job updated: 1949652
	1904  -  MemoryUsage of job (MB)
	1949652  -  ResidentSetSize of job (KB)
...
006 (44647698.016.000) 2026-02-09 01:10:23 Image size of job updated: 1949664
	1904  -  MemoryUsage of job (MB)
	1949664  -  ResidentSetSize of job (KB)
...
006 (44647698.016.000) 2026-02-09 01:15:24 Image size of job updated: 1952096
	1907  -  MemoryUsage of job (MB)
	1952096  -  ResidentSetSize of job (KB)
...
006 (44647698.016.000) 2026-02-09 01:20:24 Image size of job updated: 1952112
	1907  -  MemoryUsage of job (MB)
	1952112  -  ResidentSetSize of job (KB)
...
006 (44647698.016.000) 2026-02-09 01:25:24 Image size of job updated: 1959548
	1912  -  MemoryUsage of job (MB)
	1957544  -  ResidentSetSize of job (KB)
...
006 (44647698.016.000) 2026-02-09 01:30:25 Image size of job updated: 1959548
	1912  -  MemoryUsage of job (MB)
	1957564  -  ResidentSetSize of job (KB)
...
006 (44647698.016.000) 2026-02-09 01:35:25 Image size of job updated: 1961216
	1916  -  MemoryUsage of job (MB)
	1961216  -  ResidentSetSize of job (KB)
...
006 (44647698.016.000) 2026-02-09 01:38:55 Image size of job updated: 1964148
	1916  -  MemoryUsage of job (MB)
	1961216  -  ResidentSetSize of job (KB)
...
005 (44647698.016.000) 2026-02-09 01:38:55 Job terminated.
	(1) Normal termination (return value 0)
		Usr 5 09:21:09, Sys 0 00:02:13  -  Run Remote Usage
		Usr 0 00:00:00, Sys 0 00:00:00  -  Run Local Usage
		Usr 5 09:21:09, Sys 0 00:02:13  -  Total Remote Usage
		Usr 0 00:00:00, Sys 0 00:00:00  -  Total Local Usage
	0  -  Run Bytes Sent By Job
	0  -  Run Bytes Received By Job
	0  -  Total Bytes Sent By Job
	0  -  Total Bytes Received By Job
	Partitionable Resources :    Usage  Request Allocated 
	   Cpus                 :    14.56        4         4 
	   Disk (KB)            :    10        2000      2048 
	   GPUs                 :                           0 
	   Memory (MB)          :  1916       20000     20096 
	   TimeExecute (s)      : 38086                       
	   TimeSlotBusy (s)     : 38086                       
...
